/index.php
/controller/app load fail.
2017-09-13 00:02:28
42.236.99.86

/index.php
/controller/services load fail.
2017-09-13 00:02:28
42.236.99.58

/index.php
/controller/faq load fail.
2017-09-13 00:03:05
180.153.234.145

/index.php
/controller/services load fail.
2017-09-13 00:03:11
180.153.236.35

/index.php
/controller/services load fail.
2017-09-13 00:03:16
180.153.236.35

/index.php
/controller/services load fail.
2017-09-13 00:03:20
42.236.54.42

/index.php
/controller/services load fail.
2017-09-13 00:03:20
180.153.236.165

/index.php
/controller/services load fail.
2017-09-13 00:03:21
180.153.236.51

/index.php
/controller/services load fail.
2017-09-13 00:03:21
180.153.236.149

/index.php
/controller/faq load fail.
2017-09-13 00:03:27
180.153.236.181

/index.php
/controller/services load fail.
2017-09-13 00:03:33
42.236.99.58

/index.php
/controller/services load fail.
2017-09-13 00:03:37
180.153.236.101

/index.php
/controller/faq load fail.
2017-09-13 00:03:38
180.153.236.125

/index.php
/controller/customercenter load fail.
2017-09-13 00:03:41
180.153.236.59

/index.php
/controller/services load fail.
2017-09-13 00:03:42
180.153.236.157

/index.php
/controller/hwi load fail.
2017-09-13 00:03:53
140.205.201.43

/index.php
/controller/services load fail.
2017-09-13 00:03:53
180.153.236.149

/index.php
/controller/services load fail.
2017-09-13 00:04:04
180.153.236.181

/index.php
/controller/services load fail.
2017-09-13 00:04:05
42.236.101.194

/index.php
/controller/faq load fail.
2017-09-13 00:04:09
180.153.236.59

/index.php
/controller/services load fail.
2017-09-13 00:04:12
180.153.236.117

/index.php
/controller/faq load fail.
2017-09-13 00:04:13
180.153.236.67

/index.php
/controller/faq load fail.
2017-09-13 00:04:15
180.153.236.43

/index.php
/controller/services load fail.
2017-09-13 00:04:15
180.153.236.43

/index.php
/controller/faq load fail.
2017-09-13 00:04:16
42.236.99.206

/index.php
/controller/faq load fail.
2017-09-13 00:04:16
42.236.101.194

/index.php
/controller/faq load fail.
2017-09-13 00:04:17
42.236.101.194

/index.php
/controller/services load fail.
2017-09-13 00:04:18
180.153.236.117

/index.php
/controller/faq load fail.
2017-09-13 00:04:18
42.236.12.170

/index.php
/controller/customercenter load fail.
2017-09-13 00:04:18
180.153.236.125

/index.php
/controller/faq load fail.
2017-09-13 00:04:20
42.236.54.42

/index.php
/controller/faq load fail.
2017-09-13 00:04:22
42.236.12.130

/index.php
/controller/services load fail.
2017-09-13 00:04:33
180.153.236.125

/index.php
/controller/services load fail.
2017-09-13 00:04:37
180.153.236.181

/index.php
/controller/a load fail.
2017-09-13 00:04:41
180.153.236.101

/index.php
/controller/faq load fail.
2017-09-13 00:04:44
180.153.236.19

/index.php
/controller/faq load fail.
2017-09-13 00:04:44
180.153.236.173

/index.php
/controller/faq load fail.
2017-09-13 00:04:46
180.153.236.157

/index.php
/controller/faq load fail.
2017-09-13 00:04:47
180.153.232.170

/index.php
/controller/services load fail.
2017-09-13 00:04:47
180.153.236.133

/index.php
/controller/faq load fail.
2017-09-13 00:04:47
180.153.236.51

/index.php
/controller/services load fail.
2017-09-13 00:05:15
42.236.99.37

/index.php
/controller/qmfewbcxltzy load fail.
2017-09-13 00:06:31
140.205.225.206

/index.php
/controller/T load fail.
2017-09-13 00:08:20
14.17.37.123

/index.php
/controller/services load fail.
2017-09-13 00:13:50
180.153.236.59

/index.php
/controller/script load fail.
2017-09-13 00:22:38
117.136.67.133

/index.php
/controller/supportbox load fail.
2017-09-13 00:22:39
117.136.67.133

/index.php
/controller/bbs load fail.
2017-09-13 00:27:40
111.194.242.12

/index.php
/controller/T load fail.
2017-09-13 00:32:01
61.242.42.103

/index.php
/controller/info load fail.
2017-09-13 00:35:49
140.205.201.43

/index.php
/controller/hwi load fail.
2017-09-13 00:42:03
140.205.225.206

/index.php
/controller/english load fail.
2017-09-13 00:46:56
122.96.130.161

/index.php
/controller/jenkins load fail.
2017-09-13 00:50:29
140.205.201.43

/index.php
/controller/zabbix load fail.
2017-09-13 00:50:42
140.205.201.43

/index.php
/controller/solr load fail.
2017-09-13 00:50:47
140.205.201.43

/index.php
/controller/T load fail.
2017-09-13 00:54:50
14.17.3.122

/index.php
/controller/warning load fail.
2017-09-13 01:11:58
140.205.201.43

/index.php
/controller/pleasereadthis load fail.
2017-09-13 01:15:01
140.205.201.43

/index.php
/controller/info load fail.
2017-09-13 01:18:28
140.205.225.206

/index.php
/controller/script load fail.
2017-09-13 01:21:17
119.136.113.206

/index.php
/controller/supportbox load fail.
2017-09-13 01:21:18
119.136.113.206

/index.php
/controller/static load fail.
2017-09-13 01:21:40
119.136.113.206

/index.php
/controller/static load fail.
2017-09-13 01:22:45
119.136.113.206

/index.php
/controller/script load fail.
2017-09-13 01:23:41
119.136.113.206

/index.php
/controller/supportbox load fail.
2017-09-13 01:23:42
119.136.113.206

/index.php
/controller/demo load fail.
2017-09-13 01:23:50
119.136.113.206

/index.php
/controller/please_read load fail.
2017-09-13 01:33:46
140.205.201.43

/index.php
/controller/T load fail.
2017-09-13 01:37:59
61.242.42.43

/index.php
/controller/jenkins load fail.
2017-09-13 01:39:41
140.205.225.206

/index.php
/controller/hadoop load fail.
2017-09-13 01:48:09
140.205.201.43

/index.php
/controller/zabbix load fail.
2017-09-13 01:52:58
140.205.225.206

/index.php
/controller/solr load fail.
2017-09-13 01:54:55
140.205.225.206

/index.php
/controller/script load fail.
2017-09-13 01:55:15
106.39.190.200

/index.php
/controller/warning load fail.
2017-09-13 01:55:54
140.205.225.206

/index.php
/controller/pleasereadthis load fail.
2017-09-13 01:55:59
140.205.225.206

/index.php
/controller/please_read load fail.
2017-09-13 01:56:07
140.205.225.206

/index.php
/controller/static load fail.
2017-09-13 01:56:10
171.10.205.242

/index.php
/controller/hadoop load fail.
2017-09-13 01:56:14
140.205.225.206

/index.php
/controller/script load fail.
2017-09-13 02:31:43
171.95.83.181

/index.php
/controller/supportbox load fail.
2017-09-13 02:31:44
171.95.83.181

/index.php
/controller/script load fail.
2017-09-13 02:32:06
117.151.53.171

/index.php
/controller/supportbox load fail.
2017-09-13 02:32:07
117.151.53.171

/index.php
/controller/script load fail.
2017-09-13 02:32:14
42.156.251.208

/index.php
/controller/demo load fail.
2017-09-13 02:32:23
117.151.53.171

/index.php
/controller/script load fail.
2017-09-13 03:41:01
60.222.254.169

/index.php
/controller/supportbox load fail.
2017-09-13 03:41:02
60.222.254.169

/index.php
/controller/l load fail.
2017-09-13 03:41:09
220.181.108.99

/index.php
/controller/script load fail.
2017-09-13 03:51:42
211.97.129.248

/index.php
/controller/l load fail.
2017-09-13 03:53:35
220.181.108.95

/index.php
/controller/script load fail.
2017-09-13 03:59:09
222.74.23.122

/index.php
/controller/supportbox load fail.
2017-09-13 03:59:10
222.74.23.122

/index.php
/controller/script load fail.
2017-09-13 03:59:36
222.74.23.122

/index.php
/controller/supportbox load fail.
2017-09-13 03:59:36
222.74.23.122

/index.php
/controller/newimages load fail.
2017-09-13 04:43:01
220.181.108.186

/index.php
/controller/l load fail.
2017-09-13 05:28:48
220.181.108.99

/index.php
/controller/script load fail.
2017-09-13 05:44:55
58.211.119.70

/index.php
/controller/supportbox load fail.
2017-09-13 05:44:56
58.211.119.70

/index.php
/controller/newimages load fail.
2017-09-13 06:40:48
123.125.71.45

/index.php
/controller/l load fail.
2017-09-13 06:41:09
123.125.71.50

/index.php
/controller/script load fail.
2017-09-13 06:51:12
110.72.183.249

/index.php
/controller/supportbox load fail.
2017-09-13 06:51:14
110.72.183.249

/index.php
/controller/demo load fail.
2017-09-13 06:51:19
110.72.183.249

/index.php
/controller/demo load fail.
2017-09-13 06:51:24
110.72.183.249

/index.php
/controller/demo load fail.
2017-09-13 06:51:25
110.72.183.249

/index.php
/controller/T load fail.
2017-09-13 07:33:08
117.136.79.218

/index.php
/controller/T load fail.
2017-09-13 07:33:21
117.185.27.115

/index.php
/controller/newimages load fail.
2017-09-13 07:44:00
220.181.108.120

/index.php
/controller/newimages load fail.
2017-09-13 08:06:53
123.125.71.77

/index.php
/controller/newimages load fail.
2017-09-13 08:11:51
123.125.71.55

/index.php
/controller/T load fail.
2017-09-13 08:19:50
117.136.79.218

/index.php
/controller/blog load fail.
2017-09-13 08:29:04
178.137.88.27

/index.php
/controller/blog load fail.
2017-09-13 08:29:04
178.137.88.27

/index.php
/controller/wordpress load fail.
2017-09-13 08:29:04
178.137.88.27

/index.php
/controller/wp load fail.
2017-09-13 08:29:04
178.137.88.27

/index.php
/controller/static load fail.
2017-09-13 08:37:00
182.244.197.202

/index.php
/controller/supportbox load fail.
2017-09-13 09:10:31
203.208.60.236

/index.php
/controller/script load fail.
2017-09-13 09:23:04
60.177.24.246

/index.php
/controller/supportbox load fail.
2017-09-13 09:23:05
60.177.24.246

/index.php
/controller/script load fail.
2017-09-13 09:23:26
125.32.96.150

/index.php
/controller/supportbox load fail.
2017-09-13 09:23:29
125.32.96.150

/index.php
/controller/script load fail.
2017-09-13 09:24:06
117.136.41.59

/index.php
/controller/script load fail.
2017-09-13 09:24:27
125.32.96.150

/index.php
/controller/supportbox load fail.
2017-09-13 09:24:28
125.32.96.150

/index.php
/controller/static load fail.
2017-09-13 09:24:48
125.32.96.150

/index.php
/controller/static load fail.
2017-09-13 09:25:16
125.32.96.150

/index.php
/controller/static load fail.
2017-09-13 09:25:26
125.32.96.150

/index.php
/controller/static load fail.
2017-09-13 09:26:18
125.32.96.150

/index.php
/controller/static load fail.
2017-09-13 09:27:15
125.32.96.150

/index.php
/controller/static load fail.
2017-09-13 09:27:25
125.32.96.150

/index.php
/controller/static load fail.
2017-09-13 09:27:28
218.19.98.208

/index.php
/controller/static load fail.
2017-09-13 09:27:32
218.19.98.208

/index.php
/controller/static load fail.
2017-09-13 09:27:53
218.19.98.208

/index.php
/controller/static load fail.
2017-09-13 09:29:41
218.19.98.208

/index.php
/controller/static load fail.
2017-09-13 09:29:44
218.19.98.208

/index.php
/controller/static load fail.
2017-09-13 09:30:25
218.19.98.208

/index.php
/controller/static load fail.
2017-09-13 09:31:07
218.19.98.208

/index.php
/controller/static load fail.
2017-09-13 09:31:12
218.19.98.208

/index.php
/controller/static load fail.
2017-09-13 09:31:26
218.19.98.208

/index.php
/controller/static load fail.
2017-09-13 09:31:28
218.19.98.208

/index.php
/controller/static load fail.
2017-09-13 09:31:34
218.19.98.208

/index.php
/controller/T load fail.
2017-09-13 09:34:10
123.151.138.57

/index.php
/controller/T load fail.
2017-09-13 09:34:50
183.61.51.191

/index.php
/controller/T load fail.
2017-09-13 09:34:58
183.61.51.191

/index.php
/controller/script load fail.
2017-09-13 09:36:53
182.130.212.62

/index.php
/controller/supportbox load fail.
2017-09-13 09:36:54
182.130.212.62

/index.php
/controller/demo load fail.
2017-09-13 09:37:22
182.130.212.62

/index.php
/controller/demo load fail.
2017-09-13 09:37:44
182.130.212.62

/index.php
/controller/demo load fail.
2017-09-13 09:37:49
182.130.212.62

/index.php
/controller/demo load fail.
2017-09-13 09:38:01
182.130.212.62

/index.php
/controller/demo load fail.
2017-09-13 09:38:03
182.130.212.62

/index.php
/controller/demo load fail.
2017-09-13 09:38:05
182.130.212.62

/index.php
/controller/static load fail.
2017-09-13 09:38:46
61.242.42.103

/index.php
/controller/T load fail.
2017-09-13 09:39:29
101.226.33.240

/index.php
/controller/static load fail.
2017-09-13 09:40:16
61.242.42.103

/index.php
/controller/script load fail.
2017-09-13 09:40:21
182.130.212.62

/index.php
/controller/supportbox load fail.
2017-09-13 09:40:22
182.130.212.62

/index.php
/controller/script load fail.
2017-09-13 09:40:28
182.130.212.62

/index.php
/controller/supportbox load fail.
2017-09-13 09:40:29
182.130.212.62

/index.php
/controller/script load fail.
2017-09-13 09:41:36
125.32.96.150

/index.php
/controller/supportbox load fail.
2017-09-13 09:41:39
125.32.96.150

/index.php
/controller/static load fail.
2017-09-13 09:42:00
125.32.96.150

/index.php
/controller/static load fail.
2017-09-13 09:42:05
125.32.96.150

/index.php
/controller/static load fail.
2017-09-13 09:42:13
125.32.96.150

/index.php
/controller/static load fail.
2017-09-13 09:44:20
125.32.96.150

/index.php
/controller/static load fail.
2017-09-13 09:44:23
125.32.96.150

/index.php
/controller/static load fail.
2017-09-13 09:44:45
125.32.96.150

/index.php
/controller/static load fail.
2017-09-13 09:45:20
125.32.96.150

/index.php
/controller/static load fail.
2017-09-13 09:45:27
125.32.96.150

/index.php
/controller/static load fail.
2017-09-13 09:45:35
182.244.193.217

/index.php
/controller/static load fail.
2017-09-13 09:50:10
125.32.96.150

/index.php
/controller/static load fail.
2017-09-13 09:50:12
125.32.96.150

/index.php
/controller/static load fail.
2017-09-13 09:50:19
125.32.96.150

/index.php
/controller/static load fail.
2017-09-13 09:51:10
125.32.96.150

/index.php
/controller/static load fail.
2017-09-13 09:51:35
125.32.96.150

/index.php
/controller/static load fail.
2017-09-13 09:51:40
125.32.96.150

/index.php
/controller/static load fail.
2017-09-13 09:51:42
125.32.96.150

/index.php
/controller/static load fail.
2017-09-13 09:52:16
125.32.96.150

/index.php
/controller/l load fail.
2017-09-13 09:52:22
220.181.108.116

/index.php
/controller/script load fail.
2017-09-13 09:52:24
182.130.212.62

/index.php
/controller/static load fail.
2017-09-13 09:52:25
125.32.96.150

/index.php
/controller/supportbox load fail.
2017-09-13 09:52:25
182.130.212.62

/index.php
/controller/static load fail.
2017-09-13 09:52:35
125.32.96.150

/index.php
/controller/script load fail.
2017-09-13 09:56:26
182.130.212.62

/index.php
/controller/css load fail.
2017-09-13 09:56:26
182.130.212.62

/index.php
/controller/supportbox load fail.
2017-09-13 09:56:27
182.130.212.62

/index.php
/controller/script load fail.
2017-09-13 09:57:23
101.199.108.53

/index.php
/controller/supportbox load fail.
2017-09-13 09:57:24
101.199.108.53

/index.php
/controller/script load fail.
2017-09-13 10:01:04
182.130.212.62

/index.php
/controller/supportbox load fail.
2017-09-13 10:01:04
182.130.212.62

/index.php
/controller/script load fail.
2017-09-13 10:02:40
220.112.121.99

/index.php
/controller/supportbox load fail.
2017-09-13 10:02:42
220.112.121.99

/index.php
/controller/script load fail.
2017-09-13 10:06:13
223.104.108.31

/index.php
/controller/supportbox load fail.
2017-09-13 10:06:14
223.104.108.31

/index.php
/controller/phpMyStudy load fail.
2017-09-13 10:18:59
::1

/index.php
/controller/script load fail.
2017-09-13 10:22:02
::1

/index.php
/controller/supportbox load fail.
2017-09-13 10:22:02
::1

/index.php
/controller/script load fail.
2017-09-13 10:28:17
::1

/index.php
/controller/supportbox load fail.
2017-09-13 10:28:17
::1

/index.php
/controller/script load fail.
2017-09-13 10:29:38
::1

/index.php
/controller/supportbox load fail.
2017-09-13 10:29:38
::1

/index.php
/controller/script load fail.
2017-09-13 10:29:54
::1

/index.php
/controller/supportbox load fail.
2017-09-13 10:29:54
::1

/index.php
/controller/script load fail.
2017-09-13 10:44:35
::1

/index.php
/controller/supportbox load fail.
2017-09-13 10:44:35
::1

/index.php
/controller/script load fail.
2017-09-13 10:45:46
::1

/index.php
/controller/supportbox load fail.
2017-09-13 10:45:46
::1

/index.php
/controller/script load fail.
2017-09-13 10:46:12
::1

/index.php
/controller/supportbox load fail.
2017-09-13 10:46:12
::1

/index.php
/controller/script load fail.
2017-09-13 10:46:31
::1

/index.php
/controller/supportbox load fail.
2017-09-13 10:46:31
::1

/index.php
/controller/script load fail.
2017-09-13 10:48:02
::1

/index.php
/controller/supportbox load fail.
2017-09-13 10:48:02
::1

/index.php
/controller/script load fail.
2017-09-13 10:48:26
::1

/index.php
/controller/supportbox load fail.
2017-09-13 10:48:27
::1

/index.php
/controller/script load fail.
2017-09-13 10:48:28
::1

/index.php
/controller/supportbox load fail.
2017-09-13 10:48:28
::1

/index.php
/controller/script load fail.
2017-09-13 10:49:30
::1

/index.php
/controller/supportbox load fail.
2017-09-13 10:49:32
::1

/index.php
/controller/script load fail.
2017-09-13 10:58:06
::1

/index.php
/controller/supportbox load fail.
2017-09-13 10:58:06
::1

/index.php
/controller/script load fail.
2017-09-13 11:01:56
::1

/index.php
/controller/supportbox load fail.
2017-09-13 11:01:57
::1

/index.php
/controller/script load fail.
2017-09-13 11:03:24
::1

/index.php
/controller/supportbox load fail.
2017-09-13 11:03:24
::1

/index.php
/controller/script load fail.
2017-09-13 11:04:06
::1

/index.php
/controller/supportbox load fail.
2017-09-13 11:04:06
::1

/index.php
/controller/script load fail.
2017-09-13 11:04:09
::1

/index.php
/controller/supportbox load fail.
2017-09-13 11:04:09
::1

/index.php
/controller/script load fail.
2017-09-13 11:04:44
::1

/index.php
/controller/supportbox load fail.
2017-09-13 11:04:45
::1

/index.php
/controller/script load fail.
2017-09-13 11:05:45
::1

/index.php
/controller/supportbox load fail.
2017-09-13 11:05:46
::1

/index.php
/controller/script load fail.
2017-09-13 11:06:20
::1

/index.php
/controller/supportbox load fail.
2017-09-13 11:06:20
::1

/index.php
/controller/script load fail.
2017-09-13 11:06:24
::1

/index.php
/controller/supportbox load fail.
2017-09-13 11:06:24
::1

/index.php
/controller/script load fail.
2017-09-13 11:13:38
::1

/index.php
/controller/script load fail.
2017-09-13 11:14:22
::1

/index.php
/controller/script load fail.
2017-09-13 11:18:05
::1

/index.php
/controller/supportbox load fail.
2017-09-13 11:18:05
::1

/index.php
/controller/script load fail.
2017-09-13 11:19:37
::1

/index.php
/controller/supportbox load fail.
2017-09-13 11:19:37
::1

/index.php
/controller/script load fail.
2017-09-13 11:21:25
::1

/index.php
/controller/supportbox load fail.
2017-09-13 11:21:25
::1

/index.php
/controller/script load fail.
2017-09-13 11:22:29
::1

/index.php
/controller/supportbox load fail.
2017-09-13 11:22:29
::1

/index.php
/controller/script load fail.
2017-09-13 11:22:33
::1

/index.php
/controller/supportbox load fail.
2017-09-13 11:22:33
::1

/index.php
/controller/script load fail.
2017-09-13 11:23:24
::1

/index.php
/controller/supportbox load fail.
2017-09-13 11:23:24
::1

/index.php
/controller/script load fail.
2017-09-13 11:24:56
::1

/index.php
/controller/supportbox load fail.
2017-09-13 11:24:56
::1

/index.php
/controller/script load fail.
2017-09-13 11:25:32
::1

/index.php
/controller/supportbox load fail.
2017-09-13 11:25:32
::1

/index.php
/controller/script load fail.
2017-09-13 11:25:48
::1

/index.php
/controller/supportbox load fail.
2017-09-13 11:25:49
::1

/index.php
/controller/script load fail.
2017-09-13 11:29:55
::1

/index.php
/controller/supportbox load fail.
2017-09-13 11:29:55
::1

/index.php
/controller/script load fail.
2017-09-13 11:30:29
::1

/index.php
/controller/supportbox load fail.
2017-09-13 11:30:29
::1

/index.php
/controller/script load fail.
2017-09-13 11:33:44
::1

/index.php
/controller/supportbox load fail.
2017-09-13 11:33:44
::1

/index.php
/controller/script load fail.
2017-09-13 11:36:14
::1

/index.php
/controller/supportbox load fail.
2017-09-13 11:36:14
::1

/index.php
/controller/script load fail.
2017-09-13 11:36:59
::1

/index.php
/controller/supportbox load fail.
2017-09-13 11:36:59
::1

/index.php
/controller/script load fail.
2017-09-13 11:38:18
::1

/index.php
/controller/supportbox load fail.
2017-09-13 11:38:19
::1

/index.php
/controller/script load fail.
2017-09-13 11:38:40
::1

/index.php
/controller/supportbox load fail.
2017-09-13 11:38:40
::1

/index.php
/controller/script load fail.
2017-09-13 11:39:02
::1

/index.php
/controller/supportbox load fail.
2017-09-13 11:39:02
::1

/index.php
/controller/script load fail.
2017-09-13 11:40:12
::1

/index.php
/controller/supportbox load fail.
2017-09-13 11:40:13
::1

/index.php
/controller/script load fail.
2017-09-13 11:42:11
::1

/index.php
/controller/supportbox load fail.
2017-09-13 11:42:11
::1

/index.php
/controller/script load fail.
2017-09-13 11:43:02
::1

/index.php
/controller/supportbox load fail.
2017-09-13 11:43:02
::1

/index.php
/controller/script load fail.
2017-09-13 11:44:05
::1

/index.php
/controller/supportbox load fail.
2017-09-13 11:44:05
::1

/index.php
/controller/script load fail.
2017-09-13 11:44:52
::1

/index.php
/controller/supportbox load fail.
2017-09-13 11:44:52
::1

/index.php
/controller/script load fail.
2017-09-13 11:45:26
::1

/index.php
/controller/supportbox load fail.
2017-09-13 11:45:26
::1

/index.php
/controller/script load fail.
2017-09-13 11:47:00
::1

/index.php
/controller/supportbox load fail.
2017-09-13 11:47:01
::1

/index.php
/controller/script load fail.
2017-09-13 11:48:37
::1

/index.php
/controller/supportbox load fail.
2017-09-13 11:48:37
::1

/index.php
/controller/script load fail.
2017-09-13 11:55:40
::1

/index.php
/controller/supportbox load fail.
2017-09-13 11:55:40
::1

/index.php
/controller/script load fail.
2017-09-13 11:56:48
::1

/index.php
/controller/supportbox load fail.
2017-09-13 11:56:48
::1

/index.php
/controller/imagesles load fail.
2017-09-13 11:58:53
::1

/index.php
/controller/imagesles load fail.
2017-09-13 11:58:53
::1

/index.php
/controller/imagesles load fail.
2017-09-13 11:58:53
::1

/index.php
/controller/imagesles load fail.
2017-09-13 11:58:53
::1

/index.php
/controller/imagesles load fail.
2017-09-13 11:58:53
::1

/index.php
/controller/script load fail.
2017-09-13 11:58:53
::1

/index.php
/controller/imagesles load fail.
2017-09-13 11:58:53
::1

/index.php
/controller/imagesles load fail.
2017-09-13 11:58:53
::1

/index.php
/controller/imagesles load fail.
2017-09-13 11:58:53
::1

/index.php
/controller/imagesles load fail.
2017-09-13 11:58:53
::1

/index.php
/controller/imagesles load fail.
2017-09-13 11:58:53
::1

/index.php
/controller/supportbox load fail.
2017-09-13 11:58:53
::1

/index.php
/controller/imagesles load fail.
2017-09-13 12:00:19
::1

/index.php
/controller/imagesles load fail.
2017-09-13 12:00:19
::1

/index.php
/controller/script load fail.
2017-09-13 12:00:19
::1

/index.php
/controller/imagesles load fail.
2017-09-13 12:00:19
::1

/index.php
/controller/imagesles load fail.
2017-09-13 12:00:19
::1

/index.php
/controller/imagesles load fail.
2017-09-13 12:00:19
::1

/index.php
/controller/imagesles load fail.
2017-09-13 12:00:19
::1

/index.php
/controller/imagesles load fail.
2017-09-13 12:00:19
::1

/index.php
/controller/imagesles load fail.
2017-09-13 12:00:19
::1

/index.php
/controller/imagesles load fail.
2017-09-13 12:00:19
::1

/index.php
/controller/imagesles load fail.
2017-09-13 12:00:19
::1

/index.php
/controller/supportbox load fail.
2017-09-13 12:00:19
::1

/index.php
/controller/script load fail.
2017-09-13 12:01:56
::1

/index.php
/controller/imagesles load fail.
2017-09-13 12:01:56
::1

/index.php
/controller/imagesles load fail.
2017-09-13 12:01:56
::1

/index.php
/controller/imagesles load fail.
2017-09-13 12:01:56
::1

/index.php
/controller/imagesles load fail.
2017-09-13 12:01:56
::1

/index.php
/controller/imagesles load fail.
2017-09-13 12:01:56
::1

/index.php
/controller/imagesles load fail.
2017-09-13 12:01:56
::1

/index.php
/controller/supportbox load fail.
2017-09-13 12:01:56
::1

/index.php
/controller/script load fail.
2017-09-13 12:03:03
::1

/index.php
/controller/imagesles load fail.
2017-09-13 12:03:03
::1

/index.php
/controller/imagesles load fail.
2017-09-13 12:03:03
::1

/index.php
/controller/imagesles load fail.
2017-09-13 12:03:03
::1

/index.php
/controller/imagesles load fail.
2017-09-13 12:03:03
::1

/index.php
/controller/imagesles load fail.
2017-09-13 12:03:03
::1

/index.php
/controller/imagesles load fail.
2017-09-13 12:03:03
::1

/index.php
/controller/imagesles load fail.
2017-09-13 12:03:03
::1

/index.php
/controller/imagesles load fail.
2017-09-13 12:03:03
::1

/index.php
/controller/imagesles load fail.
2017-09-13 12:03:03
::1

/index.php
/controller/supportbox load fail.
2017-09-13 12:03:03
::1

/index.php
/controller/imagesles load fail.
2017-09-13 12:04:57
::1

/index.php
/controller/script load fail.
2017-09-13 12:04:57
::1

/index.php
/controller/imagesles load fail.
2017-09-13 12:04:57
::1

/index.php
/controller/imagesles load fail.
2017-09-13 12:04:57
::1

/index.php
/controller/imagesles load fail.
2017-09-13 12:04:57
::1

/index.php
/controller/imagesles load fail.
2017-09-13 12:04:57
::1

/index.php
/controller/imagesles load fail.
2017-09-13 12:04:57
::1

/index.php
/controller/imagesles load fail.
2017-09-13 12:04:57
::1

/index.php
/controller/imagesles load fail.
2017-09-13 12:04:57
::1

/index.php
/controller/imagesles load fail.
2017-09-13 12:04:57
::1

/index.php
/controller/imagesles load fail.
2017-09-13 12:04:57
::1

/index.php
/controller/supportbox load fail.
2017-09-13 12:04:57
::1

/index.php
/controller/imagesles load fail.
2017-09-13 12:06:21
::1

/index.php
/controller/script load fail.
2017-09-13 12:06:21
::1

/index.php
/controller/imagesles load fail.
2017-09-13 12:06:21
::1

/index.php
/controller/imagesles load fail.
2017-09-13 12:06:21
::1

/index.php
/controller/imagesles load fail.
2017-09-13 12:06:21
::1

/index.php
/controller/imagesles load fail.
2017-09-13 12:06:21
::1

/index.php
/controller/imagesles load fail.
2017-09-13 12:06:21
::1

/index.php
/controller/imagesles load fail.
2017-09-13 12:06:21
::1

/index.php
/controller/imagesles load fail.
2017-09-13 12:06:21
::1

/index.php
/controller/imagesles load fail.
2017-09-13 12:06:21
::1

/index.php
/controller/imagesles load fail.
2017-09-13 12:06:21
::1

/index.php
/controller/supportbox load fail.
2017-09-13 12:06:21
::1

/index.php
/controller/imagesles load fail.
2017-09-13 12:10:07
::1

/index.php
/controller/imagesles load fail.
2017-09-13 12:10:07
::1

/index.php
/controller/script load fail.
2017-09-13 12:10:07
::1

/index.php
/controller/imagesles load fail.
2017-09-13 12:10:07
::1

/index.php
/controller/imagesles load fail.
2017-09-13 12:10:07
::1

/index.php
/controller/imagesles load fail.
2017-09-13 12:10:07
::1

/index.php
/controller/imagesles load fail.
2017-09-13 12:10:07
::1

/index.php
/controller/imagesles load fail.
2017-09-13 12:10:07
::1

/index.php
/controller/supportbox load fail.
2017-09-13 12:10:07
::1

/index.php
/controller/imagesles load fail.
2017-09-13 12:10:58
::1

/index.php
/controller/imagesles load fail.
2017-09-13 12:10:58
::1

/index.php
/controller/script load fail.
2017-09-13 12:10:58
::1

/index.php
/controller/imagesles load fail.
2017-09-13 12:10:58
::1

/index.php
/controller/imagesles load fail.
2017-09-13 12:10:58
::1

/index.php
/controller/imagesles load fail.
2017-09-13 12:10:58
::1

/index.php
/controller/imagesles load fail.
2017-09-13 12:10:58
::1

/index.php
/controller/imagesles load fail.
2017-09-13 12:10:58
::1

/index.php
/controller/supportbox load fail.
2017-09-13 12:10:58
::1

/index.php
/controller/script load fail.
2017-09-13 12:12:23
::1

/index.php
/controller/imagesles load fail.
2017-09-13 12:12:23
::1

/index.php
/controller/imagesles load fail.
2017-09-13 12:12:23
::1

/index.php
/controller/imagesles load fail.
2017-09-13 12:12:23
::1

/index.php
/controller/imagesles load fail.
2017-09-13 12:12:23
::1

/index.php
/controller/imagesles load fail.
2017-09-13 12:12:23
::1

/index.php
/controller/imagesles load fail.
2017-09-13 12:12:23
::1

/index.php
/controller/imagesles load fail.
2017-09-13 12:12:23
::1

/index.php
/controller/imagesles load fail.
2017-09-13 12:12:23
::1

/index.php
/controller/supportbox load fail.
2017-09-13 12:12:23
::1

/index.php
/controller/imagesles load fail.
2017-09-13 12:13:12
::1

/index.php
/controller/script load fail.
2017-09-13 12:13:12
::1

/index.php
/controller/imagesles load fail.
2017-09-13 12:13:12
::1

/index.php
/controller/imagesles load fail.
2017-09-13 12:13:12
::1

/index.php
/controller/imagesles load fail.
2017-09-13 12:13:12
::1

/index.php
/controller/imagesles load fail.
2017-09-13 12:13:12
::1

/index.php
/controller/imagesles load fail.
2017-09-13 12:13:12
::1

/index.php
/controller/supportbox load fail.
2017-09-13 12:13:12
::1

/index.php
/controller/imagesles load fail.
2017-09-13 12:13:44
::1

/index.php
/controller/imagesles load fail.
2017-09-13 12:13:44
::1

/index.php
/controller/imagesles load fail.
2017-09-13 12:13:44
::1

/index.php
/controller/script load fail.
2017-09-13 12:13:44
::1

/index.php
/controller/imagesles load fail.
2017-09-13 12:13:44
::1

/index.php
/controller/imagesles load fail.
2017-09-13 12:13:44
::1

/index.php
/controller/imagesles load fail.
2017-09-13 12:13:44
::1

/index.php
/controller/imagesles load fail.
2017-09-13 12:13:44
::1

/index.php
/controller/imagesles load fail.
2017-09-13 12:13:44
::1

/index.php
/controller/supportbox load fail.
2017-09-13 12:13:44
::1

/index.php
/controller/imagesles load fail.
2017-09-13 12:14:54
::1

/index.php
/controller/imagesles load fail.
2017-09-13 12:14:54
::1

/index.php
/controller/imagesles load fail.
2017-09-13 12:14:54
::1

/index.php
/controller/script load fail.
2017-09-13 12:14:54
::1

/index.php
/controller/imagesles load fail.
2017-09-13 12:14:54
::1

/index.php
/controller/imagesles load fail.
2017-09-13 12:14:54
::1

/index.php
/controller/imagesles load fail.
2017-09-13 12:14:54
::1

/index.php
/controller/imagesles load fail.
2017-09-13 12:14:54
::1

/index.php
/controller/imagesles load fail.
2017-09-13 12:14:54
::1

/index.php
/controller/supportbox load fail.
2017-09-13 12:14:54
::1

/index.php
/controller/imagesles load fail.
2017-09-13 12:15:22
::1

/index.php
/controller/imagesles load fail.
2017-09-13 12:15:22
::1

/index.php
/controller/script load fail.
2017-09-13 12:15:22
::1

/index.php
/controller/imagesles load fail.
2017-09-13 12:15:22
::1

/index.php
/controller/imagesles load fail.
2017-09-13 12:15:22
::1

/index.php
/controller/imagesles load fail.
2017-09-13 12:15:22
::1

/index.php
/controller/imagesles load fail.
2017-09-13 12:15:22
::1

/index.php
/controller/imagesles load fail.
2017-09-13 12:15:22
::1

/index.php
/controller/supportbox load fail.
2017-09-13 12:15:22
::1

/index.php
/controller/imagesles load fail.
2017-09-13 12:15:47
::1

/index.php
/controller/script load fail.
2017-09-13 12:15:47
::1

/index.php
/controller/imagesles load fail.
2017-09-13 12:15:47
::1

/index.php
/controller/imagesles load fail.
2017-09-13 12:15:47
::1

/index.php
/controller/imagesles load fail.
2017-09-13 12:15:47
::1

/index.php
/controller/imagesles load fail.
2017-09-13 12:15:47
::1

/index.php
/controller/imagesles load fail.
2017-09-13 12:15:47
::1

/index.php
/controller/supportbox load fail.
2017-09-13 12:15:47
::1

/index.php
/controller/imagesles load fail.
2017-09-13 12:17:08
::1

/index.php
/controller/imagesles load fail.
2017-09-13 12:17:08
::1

/index.php
/controller/script load fail.
2017-09-13 12:17:08
::1

/index.php
/controller/imagesles load fail.
2017-09-13 12:17:08
::1

/index.php
/controller/imagesles load fail.
2017-09-13 12:17:08
::1

/index.php
/controller/imagesles load fail.
2017-09-13 12:17:08
::1

/index.php
/controller/imagesles load fail.
2017-09-13 12:17:08
::1

/index.php
/controller/imagesles load fail.
2017-09-13 12:17:08
::1

/index.php
/controller/supportbox load fail.
2017-09-13 12:17:08
::1

/index.php
/controller/script load fail.
2017-09-13 12:18:09
::1

/index.php
/controller/imagesles load fail.
2017-09-13 12:18:09
::1

/index.php
/controller/imagesles load fail.
2017-09-13 12:18:09
::1

/index.php
/controller/imagesles load fail.
2017-09-13 12:18:09
::1

/index.php
/controller/imagesles load fail.
2017-09-13 12:18:09
::1

/index.php
/controller/imagesles load fail.
2017-09-13 12:18:09
::1

/index.php
/controller/supportbox load fail.
2017-09-13 12:18:09
::1

/index.php
/controller/imagesles load fail.
2017-09-13 12:18:41
::1

/index.php
/controller/script load fail.
2017-09-13 12:18:41
::1

/index.php
/controller/imagesles load fail.
2017-09-13 12:18:41
::1

/index.php
/controller/imagesles load fail.
2017-09-13 12:18:41
::1

/index.php
/controller/imagesles load fail.
2017-09-13 12:18:41
::1

/index.php
/controller/imagesles load fail.
2017-09-13 12:18:41
::1

/index.php
/controller/imagesles load fail.
2017-09-13 12:18:41
::1

/index.php
/controller/supportbox load fail.
2017-09-13 12:18:41
::1

/index.php
/controller/script load fail.
2017-09-13 12:19:21
::1

/index.php
/controller/imagesles load fail.
2017-09-13 12:19:21
::1

/index.php
/controller/imagesles load fail.
2017-09-13 12:19:21
::1

/index.php
/controller/imagesles load fail.
2017-09-13 12:19:21
::1

/index.php
/controller/imagesles load fail.
2017-09-13 12:19:21
::1

/index.php
/controller/imagesles load fail.
2017-09-13 12:19:21
::1

/index.php
/controller/supportbox load fail.
2017-09-13 12:19:21
::1

/index.php
/controller/script load fail.
2017-09-13 12:21:43
::1

/index.php
/controller/imagesles load fail.
2017-09-13 12:21:43
::1

/index.php
/controller/imagesles load fail.
2017-09-13 12:21:43
::1

/index.php
/controller/imagesles load fail.
2017-09-13 12:21:43
::1

/index.php
/controller/imagesles load fail.
2017-09-13 12:21:43
::1

/index.php
/controller/imagesles load fail.
2017-09-13 12:21:43
::1

/index.php
/controller/supportbox load fail.
2017-09-13 12:21:43
::1

/index.php
/controller/imagesles load fail.
2017-09-13 12:23:39
::1

/index.php
/controller/script load fail.
2017-09-13 12:23:39
::1

/index.php
/controller/imagesles load fail.
2017-09-13 12:23:39
::1

/index.php
/controller/imagesles load fail.
2017-09-13 12:23:39
::1

/index.php
/controller/imagesles load fail.
2017-09-13 12:23:39
::1

/index.php
/controller/imagesles load fail.
2017-09-13 12:23:39
::1

/index.php
/controller/imagesles load fail.
2017-09-13 12:23:39
::1

/index.php
/controller/supportbox load fail.
2017-09-13 12:23:39
::1

/index.php
/controller/imagesles load fail.
2017-09-13 12:25:27
::1

/index.php
/controller/imagesles load fail.
2017-09-13 12:25:27
::1

/index.php
/controller/script load fail.
2017-09-13 12:25:27
::1

/index.php
/controller/imagesles load fail.
2017-09-13 12:25:27
::1

/index.php
/controller/imagesles load fail.
2017-09-13 12:25:27
::1

/index.php
/controller/imagesles load fail.
2017-09-13 12:25:27
::1

/index.php
/controller/imagesles load fail.
2017-09-13 12:25:27
::1

/index.php
/controller/imagesles load fail.
2017-09-13 12:25:27
::1

/index.php
/controller/supportbox load fail.
2017-09-13 12:25:27
::1

/index.php
/controller/imagesles load fail.
2017-09-13 12:26:27
::1

/index.php
/controller/imagesles load fail.
2017-09-13 12:26:27
::1

/index.php
/controller/imagesles load fail.
2017-09-13 12:26:27
::1

/index.php
/controller/imagesles load fail.
2017-09-13 12:26:27
::1

/index.php
/controller/script load fail.
2017-09-13 12:26:27
::1

/index.php
/controller/imagesles load fail.
2017-09-13 12:26:27
::1

/index.php
/controller/imagesles load fail.
2017-09-13 12:26:27
::1

/index.php
/controller/imagesles load fail.
2017-09-13 12:26:27
::1

/index.php
/controller/imagesles load fail.
2017-09-13 12:26:27
::1

/index.php
/controller/imagesles load fail.
2017-09-13 12:26:27
::1

/index.php
/controller/supportbox load fail.
2017-09-13 12:26:27
::1

/index.php
/controller/script load fail.
2017-09-13 12:27:52
::1

/index.php
/controller/supportbox load fail.
2017-09-13 12:27:52
::1

/index.php
/controller/script load fail.
2017-09-13 12:29:38
::1

/index.php
/controller/supportbox load fail.
2017-09-13 12:29:39
::1

/index.php
/controller/script load fail.
2017-09-13 12:30:26
::1

/index.php
/controller/supportbox load fail.
2017-09-13 12:30:26
::1

/index.php
/controller/script load fail.
2017-09-13 12:31:09
::1

/index.php
/controller/supportbox load fail.
2017-09-13 12:31:09
::1

/index.php
/controller/script load fail.
2017-09-13 12:31:28
::1

/index.php
/controller/supportbox load fail.
2017-09-13 12:31:28
::1

/index.php
/controller/script load fail.
2017-09-13 12:32:19
::1

/index.php
/controller/supportbox load fail.
2017-09-13 12:32:19
::1

/index.php
/controller/script load fail.
2017-09-13 12:32:41
::1

/index.php
/controller/supportbox load fail.
2017-09-13 12:32:41
::1

/index.php
/controller/script load fail.
2017-09-13 12:34:39
::1

/index.php
/controller/supportbox load fail.
2017-09-13 12:34:40
::1

/index.php
/controller/script load fail.
2017-09-13 12:35:19
::1

/index.php
/controller/supportbox load fail.
2017-09-13 12:35:19
::1

/index.php
/controller/script load fail.
2017-09-13 12:36:08
::1

/index.php
/controller/supportbox load fail.
2017-09-13 12:36:08
::1

/index.php
/controller/script load fail.
2017-09-13 12:38:24
::1

/index.php
/controller/supportbox load fail.
2017-09-13 12:38:24
::1

/index.php
/controller/script load fail.
2017-09-13 12:39:07
::1

/index.php
/controller/supportbox load fail.
2017-09-13 12:39:08
::1

/index.php
/controller/script load fail.
2017-09-13 12:39:48
::1

/index.php
/controller/supportbox load fail.
2017-09-13 12:39:48
::1

/index.php
/controller/script load fail.
2017-09-13 12:40:35
::1

/index.php
/controller/supportbox load fail.
2017-09-13 12:40:35
::1

/index.php
/controller/script load fail.
2017-09-13 12:40:56
::1

/index.php
/controller/supportbox load fail.
2017-09-13 12:40:57
::1

/index.php
/controller/script load fail.
2017-09-13 12:41:18
::1

/index.php
/controller/supportbox load fail.
2017-09-13 12:41:18
::1

/index.php
/controller/script load fail.
2017-09-13 13:08:08
::1

/index.php
/controller/supportbox load fail.
2017-09-13 13:08:08
::1

/index.php
/controller/script load fail.
2017-09-13 13:09:35
::1

/index.php
/controller/supportbox load fail.
2017-09-13 13:09:35
::1

/index.php
/controller/script load fail.
2017-09-13 13:10:27
::1

/index.php
/controller/supportbox load fail.
2017-09-13 13:10:27
::1

/index.php
/controller/script load fail.
2017-09-13 13:11:13
::1

/index.php
/controller/supportbox load fail.
2017-09-13 13:11:14
::1

/index.php
/controller/script load fail.
2017-09-13 13:12:26
::1

/index.php
/controller/supportbox load fail.
2017-09-13 13:12:26
::1

/index.php
/controller/script load fail.
2017-09-13 13:12:51
::1

/index.php
/controller/supportbox load fail.
2017-09-13 13:12:53
::1

/index.php
/controller/script load fail.
2017-09-13 13:13:17
::1

/index.php
/controller/supportbox load fail.
2017-09-13 13:13:17
::1

/index.php
/controller/script load fail.
2017-09-13 13:15:35
::1

/index.php
/controller/supportbox load fail.
2017-09-13 13:15:36
::1

/index.php
/controller/script load fail.
2017-09-13 13:16:21
::1

/index.php
/controller/supportbox load fail.
2017-09-13 13:16:22
::1

/index.php
/controller/script load fail.
2017-09-13 13:16:45
::1

/index.php
/controller/supportbox load fail.
2017-09-13 13:16:45
::1

/index.php
/controller/script load fail.
2017-09-13 13:17:21
::1

/index.php
/controller/supportbox load fail.
2017-09-13 13:17:22
::1

/index.php
/controller/script load fail.
2017-09-13 13:18:53
::1

/index.php
/controller/supportbox load fail.
2017-09-13 13:18:53
::1

/index.php
/controller/script load fail.
2017-09-13 13:19:23
::1

/index.php
/controller/supportbox load fail.
2017-09-13 13:19:23
::1

/index.php
/controller/script load fail.
2017-09-13 13:20:26
::1

/index.php
/controller/supportbox load fail.
2017-09-13 13:20:26
::1

/index.php
/controller/script load fail.
2017-09-13 13:20:46
::1

/index.php
/controller/supportbox load fail.
2017-09-13 13:20:46
::1

/index.php
/controller/script load fail.
2017-09-13 13:21:08
::1

/index.php
/controller/supportbox load fail.
2017-09-13 13:21:08
::1

/index.php
/controller/script load fail.
2017-09-13 13:22:47
::1

/index.php
/controller/supportbox load fail.
2017-09-13 13:22:47
::1

/index.php
/controller/script load fail.
2017-09-13 13:53:33
::1

/index.php
/controller/supportbox load fail.
2017-09-13 13:53:34
::1

/index.php
/controller/static load fail.
2017-09-13 14:19:21
::1

/index.php
/controller/static load fail.
2017-09-13 14:19:27
::1

