/index.php
/controller/l load fail.
2017-09-20 00:15:00
106.11.156.249

/index.php
/controller/script load fail.
2017-09-20 00:19:20
115.60.106.142

/index.php
/controller/supportbox load fail.
2017-09-20 00:19:21
115.60.106.142

/index.php
/controller/supportbox load fail.
2017-09-20 00:19:22
115.60.106.142

/index.php
/controller/script load fail.
2017-09-20 00:20:05
115.60.106.142

/index.php
/controller/supportbox load fail.
2017-09-20 00:20:05
115.60.106.142

/index.php
/controller/script load fail.
2017-09-20 00:21:33
115.60.106.142

/index.php
/controller/supportbox load fail.
2017-09-20 00:21:33
115.60.106.142

/index.php
/controller/demo load fail.
2017-09-20 00:21:46
115.60.106.142

/index.php
/controller/script load fail.
2017-09-20 00:23:57
223.104.11.246

/index.php
/controller/supportbox load fail.
2017-09-20 00:23:59
223.104.11.246

/index.php
/controller/pay load fail.
2017-09-20 00:24:42
223.104.11.246

/index.php
/controller/newimages load fail.
2017-09-20 00:57:04
123.125.71.34

/index.php
/controller/newimages load fail.
2017-09-20 01:04:43
123.125.71.39

/index.php
/controller/script load fail.
2017-09-20 01:13:30
112.193.233.170

/index.php
/controller/supportbox load fail.
2017-09-20 01:13:31
112.193.233.170

/index.php
/controller/newimages load fail.
2017-09-20 01:20:10
220.181.108.145

/index.php
/controller/script load fail.
2017-09-20 02:11:34
223.8.175.222

/index.php
/controller/supportbox load fail.
2017-09-20 02:11:34
223.8.175.222

/index.php
/controller/demo load fail.
2017-09-20 02:11:43
223.8.175.222

/index.php
/controller/bbs load fail.
2017-09-20 02:33:40
111.201.193.233

/index.php
/controller/script load fail.
2017-09-20 02:52:35
59.57.84.44

/index.php
/controller/supportbox load fail.
2017-09-20 02:52:37
59.57.84.44

/index.php
/controller/script load fail.
2017-09-20 02:56:10
59.57.84.44

/index.php
/controller/supportbox load fail.
2017-09-20 02:56:11
59.57.84.44

/index.php
/controller/demo load fail.
2017-09-20 02:56:16
59.57.84.44

/index.php
/controller/script load fail.
2017-09-20 02:56:18
59.57.84.44

/index.php
/controller/supportbox load fail.
2017-09-20 02:56:18
59.57.84.44

/index.php
/controller/demo load fail.
2017-09-20 02:56:20
59.57.84.44

/index.php
/controller/script load fail.
2017-09-20 02:57:00
59.57.84.44

/index.php
/controller/supportbox load fail.
2017-09-20 02:57:00
59.57.84.44

/index.php
/controller/demo load fail.
2017-09-20 02:57:18
59.57.84.44

/index.php
/controller/demo load fail.
2017-09-20 02:58:00
59.57.84.44

/index.php
/controller/demo load fail.
2017-09-20 02:58:01
59.57.84.44

/index.php
/controller/demo load fail.
2017-09-20 02:58:02
59.57.84.44

/index.php
/controller/demo load fail.
2017-09-20 02:58:10
59.57.84.44

/index.php
/controller/demo load fail.
2017-09-20 02:58:11
59.57.84.44

/index.php
/controller/demo load fail.
2017-09-20 02:58:13
59.57.84.44

/index.php
/controller/demo load fail.
2017-09-20 02:58:14
59.57.84.44

/index.php
/controller/demo load fail.
2017-09-20 02:58:14
59.57.84.44

/index.php
/controller/demo load fail.
2017-09-20 02:58:15
59.57.84.44

/index.php
/controller/demo load fail.
2017-09-20 02:58:20
59.57.84.44

/index.php
/controller/script load fail.
2017-09-20 03:12:38
123.161.20.157

/index.php
/controller/supportbox load fail.
2017-09-20 03:12:38
123.161.20.157

/index.php
/controller/script load fail.
2017-09-20 03:12:48
123.161.20.157

/index.php
/controller/supportbox load fail.
2017-09-20 03:12:48
123.161.20.157

/index.php
/controller/manager load fail.
2017-09-20 03:39:13
101.200.74.78

/index.php
/controller/script load fail.
2017-09-20 03:45:19
117.135.225.42

/index.php
/controller/supportbox load fail.
2017-09-20 03:45:20
117.135.225.42

/index.php
/controller/newimages load fail.
2017-09-20 04:00:39
123.125.71.95

/index.php
/controller/v load fail.
2017-09-20 04:17:11
220.181.108.120

/index.php
/controller/cache load fail.
2017-09-20 04:52:49
80.82.78.38

/index.php
/controller/script load fail.
2017-09-20 05:27:01
115.217.116.95

/index.php
/controller/supportbox load fail.
2017-09-20 05:27:01
115.217.116.95

/index.php
/controller/script load fail.
2017-09-20 05:52:08
183.62.197.98

/index.php
/controller/supportbox load fail.
2017-09-20 05:52:09
183.62.197.98

/index.php
/controller/appcenter load fail.
2017-09-20 06:42:01
78.46.128.204

/index.php
/controller/static load fail.
2017-09-20 07:13:04
113.66.105.98

/index.php
/controller/static load fail.
2017-09-20 07:13:04
113.66.105.98

/index.php
/controller/static load fail.
2017-09-20 07:13:04
113.66.105.98

/index.php
/controller/static load fail.
2017-09-20 07:13:11
113.66.105.98

/index.php
/controller/static load fail.
2017-09-20 07:13:11
113.66.105.98

/index.php
/controller/static load fail.
2017-09-20 07:13:11
113.66.105.98

/index.php
/controller/static load fail.
2017-09-20 07:13:22
113.66.105.98

/index.php
/controller/static load fail.
2017-09-20 07:13:22
113.66.105.98

/index.php
/controller/static load fail.
2017-09-20 07:13:23
113.66.105.98

/index.php
/controller/static load fail.
2017-09-20 07:13:50
113.66.105.98

/index.php
/controller/static load fail.
2017-09-20 07:13:50
113.66.105.98

/index.php
/controller/static load fail.
2017-09-20 07:13:50
113.66.105.98

/index.php
/controller/static load fail.
2017-09-20 07:14:22
113.66.105.98

/index.php
/controller/static load fail.
2017-09-20 07:14:22
113.66.105.98

/index.php
/controller/static load fail.
2017-09-20 07:14:22
113.66.105.98

/index.php
/controller/static load fail.
2017-09-20 07:17:34
113.66.105.98

/index.php
/controller/7njij load fail.
2017-09-20 07:17:34
180.153.232.170

/index.php
/controller/static load fail.
2017-09-20 07:17:34
113.66.105.98

/index.php
/controller/static load fail.
2017-09-20 07:17:34
113.66.105.98

/index.php
/controller/l load fail.
2017-09-20 07:17:35
42.236.12.150

/index.php
/controller/l load fail.
2017-09-20 07:17:35
42.236.12.170

/index.php
/controller/static load fail.
2017-09-20 07:20:08
113.66.105.98

/index.php
/controller/static load fail.
2017-09-20 07:20:09
113.66.105.98

/index.php
/controller/static load fail.
2017-09-20 07:20:09
113.66.105.98

/index.php
/controller/static load fail.
2017-09-20 07:20:39
113.66.105.98

/index.php
/controller/static load fail.
2017-09-20 07:20:39
113.66.105.98

/index.php
/controller/static load fail.
2017-09-20 07:20:39
113.66.105.98

/index.php
/controller/script load fail.
2017-09-20 07:28:45
123.151.138.83

/index.php
/controller/script load fail.
2017-09-20 07:29:26
219.154.200.46

/index.php
/controller/supportbox load fail.
2017-09-20 07:29:27
219.154.200.46

/index.php
/controller/static load fail.
2017-09-20 07:29:47
219.154.200.46

/index.php
/controller/static load fail.
2017-09-20 07:29:47
219.154.200.46

/index.php
/controller/static load fail.
2017-09-20 07:29:47
219.154.200.46

/index.php
/controller/static load fail.
2017-09-20 07:30:15
219.154.200.46

/index.php
/controller/static load fail.
2017-09-20 07:30:15
219.154.200.46

/index.php
/controller/static load fail.
2017-09-20 07:30:15
219.154.200.46

/index.php
/controller/static load fail.
2017-09-20 07:30:29
219.154.200.46

/index.php
/controller/static load fail.
2017-09-20 07:30:30
219.154.200.46

/index.php
/controller/static load fail.
2017-09-20 07:30:30
219.154.200.46

/index.php
/controller/static load fail.
2017-09-20 07:30:30
219.154.200.46

/index.php
/controller/static load fail.
2017-09-20 07:30:30
219.154.200.46

/index.php
/controller/static load fail.
2017-09-20 07:30:30
219.154.200.46

/index.php
/controller/static load fail.
2017-09-20 07:30:31
219.154.200.46

/index.php
/controller/static load fail.
2017-09-20 07:30:31
219.154.200.46

/index.php
/controller/static load fail.
2017-09-20 07:30:31
219.154.200.46

/index.php
/controller/static load fail.
2017-09-20 07:30:31
219.154.200.46

/index.php
/controller/static load fail.
2017-09-20 07:30:31
219.154.200.46

/index.php
/controller/static load fail.
2017-09-20 07:30:31
219.154.200.46

/index.php
/controller/static load fail.
2017-09-20 07:30:32
219.154.200.46

/index.php
/controller/member/truename load fail.
2017-09-20 07:30:34
219.154.200.46

/index.php
/controller/member/truename load fail.
2017-09-20 07:30:34
219.154.200.46

/index.php
/controller/static load fail.
2017-09-20 08:22:52
211.148.102.175

/index.php
/controller/static load fail.
2017-09-20 08:22:52
211.148.102.175

/index.php
/controller/static load fail.
2017-09-20 08:22:52
211.148.102.175

/index.php
/controller/static load fail.
2017-09-20 08:23:02
101.226.125.100

/index.php
/controller/static load fail.
2017-09-20 08:23:04
101.226.33.225

/index.php
/controller/static load fail.
2017-09-20 08:23:04
101.226.66.187

/index.php
/controller/phpmyadmin load fail.
2017-09-20 08:43:50
140.205.225.206

/index.php
/controller/phpmyadmin load fail.
2017-09-20 08:43:51
140.205.225.206

/index.php
/controller/phpmyadmin load fail.
2017-09-20 08:43:52
140.205.225.206

/index.php
/controller/phpmyadmin load fail.
2017-09-20 08:43:52
140.205.225.206

/index.php
/controller/phpmyadmin load fail.
2017-09-20 08:43:53
140.205.225.206

/index.php
/controller/phpmyadmin load fail.
2017-09-20 08:43:53
140.205.225.206

/index.php
/controller/phpmyadmin load fail.
2017-09-20 08:43:54
140.205.225.206

/index.php
/controller/phpmyadmin load fail.
2017-09-20 08:43:55
140.205.225.206

/index.php
/controller/phpmyadmin load fail.
2017-09-20 08:43:56
140.205.225.206

/index.php
/controller/phpmyadmin load fail.
2017-09-20 08:43:56
140.205.225.206

/index.php
/controller/phpmyadmin load fail.
2017-09-20 08:43:57
140.205.225.206

/index.php
/controller/phpmyadmin load fail.
2017-09-20 08:43:57
140.205.225.206

/index.php
/controller/phpmyadmin load fail.
2017-09-20 08:43:58
140.205.225.206

/index.php
/controller/phpmyadmin load fail.
2017-09-20 08:43:59
140.205.225.206

/index.php
/controller/phpmyadmin load fail.
2017-09-20 08:44:00
140.205.225.206

/index.php
/controller/phpmyadmin load fail.
2017-09-20 08:44:00
140.205.225.206

/index.php
/controller/phpmyadmin load fail.
2017-09-20 08:44:01
140.205.225.206

/index.php
/controller/phpmyadmin load fail.
2017-09-20 08:44:01
140.205.225.206

/index.php
/controller/phpmyadmin load fail.
2017-09-20 08:44:02
140.205.225.206

/index.php
/controller/phpmyadmin load fail.
2017-09-20 08:44:03
140.205.225.206

/index.php
/controller/cgi load fail.
2017-09-20 09:01:23
187.183.97.139

/index.php
/controller/static load fail.
2017-09-20 09:02:32
106.58.69.179

/index.php
/controller/static load fail.
2017-09-20 09:02:33
106.58.69.179

/index.php
/controller/static load fail.
2017-09-20 09:02:33
106.58.69.179

/index.php
/controller/static load fail.
2017-09-20 09:02:41
106.58.69.179

/index.php
/controller/static load fail.
2017-09-20 09:02:42
106.58.69.179

/index.php
/controller/static load fail.
2017-09-20 09:02:42
106.58.69.179

/index.php
/controller/static load fail.
2017-09-20 09:03:12
106.58.69.179

/index.php
/controller/static load fail.
2017-09-20 09:03:13
106.58.69.179

/index.php
/controller/static load fail.
2017-09-20 09:03:13
106.58.69.179

/index.php
/controller/static load fail.
2017-09-20 09:03:16
106.58.69.179

/index.php
/controller/static load fail.
2017-09-20 09:03:22
106.58.69.179

/index.php
/controller/static load fail.
2017-09-20 09:03:22
106.58.69.179

/index.php
/controller/showcase load fail.
2017-09-20 09:14:03
140.205.225.206

/index.php
/controller/integration load fail.
2017-09-20 09:14:03
140.205.225.206

/index.php
/controller/l load fail.
2017-09-20 09:16:24
61.151.218.118

/index.php
/controller/l load fail.
2017-09-20 09:18:32
115.215.119.82

/index.php
/controller/v load fail.
2017-09-20 09:19:04
115.215.119.82

/index.php
/controller/v load fail.
2017-09-20 09:19:21
115.215.119.82

/index.php
/controller/ganglia load fail.
2017-09-20 09:33:16
140.205.225.206

/index.php
/controller/yxphimbfutjk load fail.
2017-09-20 09:46:45
140.205.225.206

/index.php
/controller/script load fail.
2017-09-20 09:55:50
61.148.242.53

/index.php
/controller/supportbox load fail.
2017-09-20 09:55:51
61.148.242.53

/index.php
/controller/hwi load fail.
2017-09-20 10:19:21
140.205.225.206

/index.php
/controller/script load fail.
2017-09-20 10:21:20
218.21.215.17

/index.php
/controller/supportbox load fail.
2017-09-20 10:21:21
218.21.215.17

/index.php
/controller/demo load fail.
2017-09-20 10:21:22
218.21.215.17

/index.php
/controller/static load fail.
2017-09-20 10:21:46
111.11.6.71

/index.php
/controller/static load fail.
2017-09-20 10:21:46
111.11.6.71

/index.php
/controller/static load fail.
2017-09-20 10:21:46
111.11.6.71

/index.php
/controller/static load fail.
2017-09-20 10:23:32
218.21.215.17

/index.php
/controller/static load fail.
2017-09-20 10:23:32
218.21.215.17

/index.php
/controller/static load fail.
2017-09-20 10:23:32
218.21.215.17

/index.php
/controller/static load fail.
2017-09-20 10:23:45
218.21.215.17

/index.php
/controller/static load fail.
2017-09-20 10:23:45
218.21.215.17

/index.php
/controller/static load fail.
2017-09-20 10:23:45
218.21.215.17

/index.php
/controller/static load fail.
2017-09-20 10:30:09
220.181.108.142

/index.php
/controller/script load fail.
2017-09-20 10:31:19
110.186.51.149

/index.php
/controller/script load fail.
2017-09-20 10:38:47
114.245.226.0

/index.php
/controller/supportbox load fail.
2017-09-20 10:38:50
114.245.226.0

/index.php
/controller/app load fail.
2017-09-20 10:40:29
43.249.131.170

/index.php
/controller/app load fail.
2017-09-20 10:40:36
43.249.131.170

/index.php
/controller/script load fail.
2017-09-20 10:41:43
124.192.28.59

/index.php
/controller/supportbox load fail.
2017-09-20 10:41:46
124.192.28.59

/index.php
/controller/script load fail.
2017-09-20 10:43:02
124.192.28.59

/index.php
/controller/supportbox load fail.
2017-09-20 10:43:02
124.192.28.59

/index.php
/controller/info load fail.
2017-09-20 10:49:48
140.205.225.206

/index.php
/controller/jenkins load fail.
2017-09-20 10:50:31
140.205.225.206

/index.php
/controller/zabbix load fail.
2017-09-20 10:50:42
140.205.225.206

/index.php
/controller/solr load fail.
2017-09-20 10:50:47
140.205.225.206

/index.php
/controller/static load fail.
2017-09-20 10:51:22
106.58.71.79

/index.php
/controller/static load fail.
2017-09-20 10:51:23
106.58.71.79

/index.php
/controller/static load fail.
2017-09-20 10:51:24
106.58.71.79

/index.php
/controller/warning load fail.
2017-09-20 10:51:47
140.205.225.206

/index.php
/controller/script load fail.
2017-09-20 10:52:49
95.108.181.84

/index.php
/controller/supportbox load fail.
2017-09-20 10:52:51
95.108.181.84

/index.php
/controller/script load fail.
2017-09-20 11:01:02
121.27.239.58

/index.php
/controller/supportbox load fail.
2017-09-20 11:01:04
121.27.239.58

/index.php
/controller/pleasereadthis load fail.
2017-09-20 11:03:48
140.205.225.206

/index.php
/controller/please_read load fail.
2017-09-20 11:12:06
140.205.225.206

/index.php
/controller/script load fail.
2017-09-20 11:14:19
101.226.114.166

/index.php
/controller/register1001用户注册 load fail.
2017-09-20 11:15:37
117.136.45.205

/index.php
/controller/hadoop load fail.
2017-09-20 11:17:34
140.205.225.206

/index.php
/controller/plus load fail.
2017-09-20 11:29:00
103.243.24.92

/index.php
/controller/plus load fail.
2017-09-20 11:29:00
103.243.24.92

/index.php
/controller/script load fail.
2017-09-20 11:42:56
42.224.104.12

/index.php
/controller/supportbox load fail.
2017-09-20 11:42:57
42.224.104.12

/index.php
/controller/static load fail.
2017-09-20 11:43:13
42.224.104.12

/index.php
/controller/static load fail.
2017-09-20 11:43:13
42.224.104.12

/index.php
/controller/static load fail.
2017-09-20 11:43:14
42.224.104.12

/index.php
/controller/script load fail.
2017-09-20 11:43:44
101.226.114.166

/index.php
/controller/demo load fail.
2017-09-20 11:45:57
117.136.45.196

/index.php
/controller/script load fail.
2017-09-20 11:46:19
101.226.114.166

/index.php
/controller/script load fail.
2017-09-20 11:46:44
101.226.114.166

/index.php
/controller/register1003用户注册 load fail.
2017-09-20 11:47:05
117.136.45.196

/index.php
/controller/script load fail.
2017-09-20 11:49:46
117.136.45.196

/index.php
/controller/demo load fail.
2017-09-20 11:50:46
220.181.132.199

/index.php
/controller/script load fail.
2017-09-20 11:52:35
115.60.130.82

/index.php
/controller/supportbox load fail.
2017-09-20 11:52:38
115.60.130.82

/index.php
/controller/phpmyadmin load fail.
2017-09-20 11:57:07
140.205.201.34

/index.php
/controller/phpmyadmin load fail.
2017-09-20 11:57:08
140.205.201.34

/index.php
/controller/phpmyadmin load fail.
2017-09-20 11:57:09
140.205.201.34

/index.php
/controller/phpmyadmin load fail.
2017-09-20 11:57:09
140.205.201.34

/index.php
/controller/phpmyadmin load fail.
2017-09-20 11:57:10
140.205.201.34

/index.php
/controller/phpmyadmin load fail.
2017-09-20 11:57:10
140.205.201.34

/index.php
/controller/phpmyadmin load fail.
2017-09-20 11:57:11
140.205.201.34

/index.php
/controller/phpmyadmin load fail.
2017-09-20 11:57:12
140.205.201.34

/index.php
/controller/phpmyadmin load fail.
2017-09-20 11:57:13
140.205.201.34

/index.php
/controller/phpmyadmin load fail.
2017-09-20 11:57:13
140.205.201.34

/index.php
/controller/phpmyadmin load fail.
2017-09-20 11:57:14
140.205.201.34

/index.php
/controller/phpmyadmin load fail.
2017-09-20 11:57:14
140.205.201.34

/index.php
/controller/phpmyadmin load fail.
2017-09-20 11:57:16
140.205.201.34

/index.php
/controller/phpmyadmin load fail.
2017-09-20 11:57:16
140.205.201.34

/index.php
/controller/phpmyadmin load fail.
2017-09-20 11:57:17
140.205.201.34

/index.php
/controller/phpmyadmin load fail.
2017-09-20 11:57:17
140.205.201.34

/index.php
/controller/phpmyadmin load fail.
2017-09-20 11:57:18
140.205.201.34

/index.php
/controller/phpmyadmin load fail.
2017-09-20 11:57:18
140.205.201.34

/index.php
/controller/phpmyadmin load fail.
2017-09-20 11:57:20
140.205.201.34

/index.php
/controller/phpmyadmin load fail.
2017-09-20 11:57:20
140.205.201.34

/index.php
/controller/script load fail.
2017-09-20 11:59:54
218.71.0.79

/index.php
/controller/app load fail.
2017-09-20 12:02:31
183.94.24.138

/index.php
/controller/app load fail.
2017-09-20 12:02:31
183.94.24.138

/index.php
/controller/app load fail.
2017-09-20 12:03:44
183.94.24.138

/index.php
/controller/app load fail.
2017-09-20 12:03:44
183.94.24.138

/index.php
/controller/showcase load fail.
2017-09-20 12:09:53
140.205.201.34

/index.php
/controller/integration load fail.
2017-09-20 12:09:54
140.205.201.34

/index.php
/controller/script load fail.
2017-09-20 12:14:51
222.211.195.48

/index.php
/controller/script load fail.
2017-09-20 12:14:53
42.156.250.242

/index.php
/controller/supportbox load fail.
2017-09-20 12:14:56
222.211.195.48

/index.php
/controller/supportbox load fail.
2017-09-20 12:14:56
222.211.195.48

/index.php
/controller/static load fail.
2017-09-20 12:15:01
222.211.195.48

/index.php
/controller/script load fail.
2017-09-20 12:15:02
222.211.195.48

/index.php
/controller/supportbox load fail.
2017-09-20 12:15:02
222.211.195.48

/index.php
/controller/supportbox load fail.
2017-09-20 12:15:03
222.211.195.48

/index.php
/controller/demo load fail.
2017-09-20 12:15:07
222.211.195.48

/index.php
/controller/demo load fail.
2017-09-20 12:15:13
222.211.195.48

/index.php
/controller/script load fail.
2017-09-20 12:16:56
116.1.58.38

/index.php
/controller/static load fail.
2017-09-20 12:17:30
116.1.58.38

/index.php
/controller/static load fail.
2017-09-20 12:17:30
116.1.58.38

/index.php
/controller/static load fail.
2017-09-20 12:17:30
116.1.58.38

/index.php
/controller/static load fail.
2017-09-20 12:17:40
101.226.65.105

/index.php
/controller/static load fail.
2017-09-20 12:17:40
101.226.66.181

/index.php
/controller/static load fail.
2017-09-20 12:17:40
101.226.33.208

/index.php
/controller/static load fail.
2017-09-20 12:18:15
116.1.58.38

/index.php
/controller/static load fail.
2017-09-20 12:18:16
116.1.58.38

/index.php
/controller/static load fail.
2017-09-20 12:18:16
116.1.58.38

/index.php
/controller/static load fail.
2017-09-20 12:18:18
116.1.58.38

/index.php
/controller/static load fail.
2017-09-20 12:18:19
116.1.58.38

/index.php
/controller/static load fail.
2017-09-20 12:18:21
116.1.58.38

/index.php
/controller/ganglia load fail.
2017-09-20 12:20:21
140.205.201.34

/index.php
/controller/s load fail.
2017-09-20 12:24:34
61.160.207.19

/index.php
/controller/v load fail.
2017-09-20 12:29:48
115.239.138.179

/index.php
/controller/script load fail.
2017-09-20 12:30:46
111.2.100.78

/index.php
/controller/supportbox load fail.
2017-09-20 12:30:47
111.2.100.78

/index.php
/controller/jacdewyzvubh load fail.
2017-09-20 12:30:47
140.205.201.34

/index.php
/controller/script load fail.
2017-09-20 12:42:14
101.226.66.180

/index.php
/controller/script load fail.
2017-09-20 12:42:14
101.226.66.180

/index.php
/controller/script load fail.
2017-09-20 12:42:25
183.197.227.143

/index.php
/controller/supportbox load fail.
2017-09-20 12:42:27
183.197.227.143

/index.php
/controller/script load fail.
2017-09-20 12:43:14
111.227.76.184

/index.php
/controller/supportbox load fail.
2017-09-20 12:43:21
111.227.76.184

/index.php
/controller/script load fail.
2017-09-20 12:54:56
222.160.174.34

/index.php
/controller/supportbox load fail.
2017-09-20 12:54:58
222.160.174.34

/index.php
/controller/l load fail.
2017-09-20 13:02:14
115.239.138.179

/index.php
/controller/script load fail.
2017-09-20 13:18:41
117.140.172.157

/index.php
/controller/supportbox load fail.
2017-09-20 13:18:43
117.140.172.157

/index.php
/controller/demo load fail.
2017-09-20 13:18:48
117.140.172.157

/index.php
/controller/hwi load fail.
2017-09-20 13:18:57
140.205.201.34

/index.php
/controller/script load fail.
2017-09-20 13:18:58
117.140.172.157

/index.php
/controller/supportbox load fail.
2017-09-20 13:18:58
117.140.172.157

/index.php
/controller/static load fail.
2017-09-20 13:28:46
106.58.68.49

/index.php
/controller/static load fail.
2017-09-20 13:28:46
106.58.68.49

/index.php
/controller/static load fail.
2017-09-20 13:28:46
106.58.68.49

/index.php
/controller/info load fail.
2017-09-20 13:44:50
140.205.201.34

/index.php
/controller/script load fail.
2017-09-20 14:04:30
219.152.103.190

/index.php
/controller/supportbox load fail.
2017-09-20 14:04:32
219.152.103.190

/index.php
/controller/demo load fail.
2017-09-20 14:04:38
219.152.103.190

/index.php
/controller/jenkins load fail.
2017-09-20 14:12:20
140.205.201.34

/index.php
/controller/zabbix load fail.
2017-09-20 14:13:06
140.205.201.34

/index.php
/controller/solr load fail.
2017-09-20 14:13:48
140.205.201.34

/index.php
/controller/warning load fail.
2017-09-20 14:16:30
140.205.201.34

/index.php
/controller/pleasereadthis load fail.
2017-09-20 14:16:53
140.205.201.34

/index.php
/controller/please_read load fail.
2017-09-20 14:18:07
140.205.201.34

/index.php
/controller/script load fail.
2017-09-20 14:18:13
113.120.86.11

/index.php
/controller/css load fail.
2017-09-20 14:18:13
113.120.86.11

/index.php
/controller/supportbox load fail.
2017-09-20 14:18:16
113.120.86.11

/index.php
/controller/css load fail.
2017-09-20 14:20:26
61.151.218.119

/index.php
/controller/hadoop load fail.
2017-09-20 14:21:30
140.205.201.34

/index.php
/controller/script load fail.
2017-09-20 14:21:43
183.134.2.166

/index.php
/controller/supportbox load fail.
2017-09-20 14:21:46
183.134.2.166

/index.php
/controller/script load fail.
2017-09-20 14:35:05
113.229.121.237

/index.php
/controller/supportbox load fail.
2017-09-20 14:35:06
113.229.121.237

/index.php
/controller/script load fail.
2017-09-20 14:35:49
14.215.161.202

/index.php
/controller/supportbox load fail.
2017-09-20 14:35:51
14.215.161.202

/index.php
/controller/script load fail.
2017-09-20 14:38:17
14.120.108.21

/index.php
/controller/supportbox load fail.
2017-09-20 14:38:18
14.120.108.21

/index.php
/controller/script load fail.
2017-09-20 14:48:00
210.4.125.10

/index.php
/controller/supportbox load fail.
2017-09-20 14:48:01
210.4.125.10

/index.php
/controller/css load fail.
2017-09-20 14:50:26
121.42.241.68

/index.php
/controller/script load fail.
2017-09-20 14:50:49
210.4.125.10

/index.php
/controller/supportbox load fail.
2017-09-20 14:50:49
210.4.125.10

/index.php
/controller/script load fail.
2017-09-20 14:51:47
210.4.125.10

/index.php
/controller/supportbox load fail.
2017-09-20 14:51:47
210.4.125.10

/index.php
/controller/demo load fail.
2017-09-20 14:52:07
210.4.125.10

/index.php
/controller/demo load fail.
2017-09-20 14:52:33
210.4.125.10

/index.php
/controller/demo load fail.
2017-09-20 14:52:34
210.4.125.10

/index.php
/controller/script load fail.
2017-09-20 14:52:37
210.4.125.10

/index.php
/controller/supportbox load fail.
2017-09-20 14:52:37
210.4.125.10

/index.php
/controller/script load fail.
2017-09-20 14:53:53
210.4.125.10

/index.php
/controller/supportbox load fail.
2017-09-20 14:53:54
210.4.125.10

/index.php
/controller/demo load fail.
2017-09-20 14:53:55
210.4.125.10

/index.php
/controller/script load fail.
2017-09-20 14:53:57
210.4.125.10

/index.php
/controller/supportbox load fail.
2017-09-20 14:53:57
210.4.125.10

/index.php
/controller/supportbox load fail.
2017-09-20 14:56:28
210.4.125.10

/index.php
/controller/faq load fail.
2017-09-20 15:04:00
180.153.236.149

/index.php
/controller/demo load fail.
2017-09-20 15:18:23
219.72.203.250

/index.php
/controller/css load fail.
2017-09-20 15:31:08
14.116.140.11

/index.php
/controller/css load fail.
2017-09-20 15:31:08
14.116.140.11

/index.php
/controller/css load fail.
2017-09-20 15:31:08
14.116.140.11

/index.php
/controller/script load fail.
2017-09-20 15:31:08
14.116.140.11

/index.php
/controller/css load fail.
2017-09-20 15:31:08
14.116.140.11

/index.php
/controller/css load fail.
2017-09-20 15:31:08
14.116.140.11

/index.php
/controller/css load fail.
2017-09-20 15:31:08
14.116.140.11

/index.php
/controller/css load fail.
2017-09-20 15:31:08
14.116.140.11

/index.php
/controller/css load fail.
2017-09-20 15:31:08
14.116.140.11

/index.php
/controller/css load fail.
2017-09-20 15:31:08
14.116.140.11

/index.php
/controller/css load fail.
2017-09-20 15:31:08
14.116.140.11

/index.php
/controller/css load fail.
2017-09-20 15:31:36
14.116.140.4

/index.php
/controller/script load fail.
2017-09-20 15:31:36
14.116.140.4

/index.php
/controller/css load fail.
2017-09-20 15:31:36
14.116.140.4

/index.php
/controller/css load fail.
2017-09-20 15:31:36
14.116.140.4

/index.php
/controller/css load fail.
2017-09-20 15:31:36
14.116.140.4

/index.php
/controller/css load fail.
2017-09-20 15:31:36
14.116.140.4

/index.php
/controller/css load fail.
2017-09-20 15:31:36
14.116.140.4

/index.php
/controller/css load fail.
2017-09-20 15:31:36
14.116.140.4

/index.php
/controller/css load fail.
2017-09-20 15:31:36
14.116.140.4

/index.php
/controller/css load fail.
2017-09-20 15:31:36
14.116.140.4

/index.php
/controller/css load fail.
2017-09-20 15:31:36
14.116.140.4

/index.php
/controller/static load fail.
2017-09-20 15:31:53
120.37.149.149

/index.php
/controller/static load fail.
2017-09-20 15:31:53
120.37.149.149

/index.php
/controller/static load fail.
2017-09-20 15:32:02
120.37.149.149

/index.php
/controller/static load fail.
2017-09-20 15:32:02
120.37.149.149

/index.php
/controller/static load fail.
2017-09-20 15:32:17
120.37.149.149

/index.php
/controller/static load fail.
2017-09-20 15:32:17
120.37.149.149

/index.php
/controller/static load fail.
2017-09-20 15:32:24
120.37.149.149

/index.php
/controller/static load fail.
2017-09-20 15:32:24
120.37.149.149

/index.php
/controller/static load fail.
2017-09-20 15:32:39
120.37.149.149

/index.php
/controller/static load fail.
2017-09-20 15:32:39
120.37.149.149

/index.php
/controller/script load fail.
2017-09-20 15:32:51
120.37.149.149

/index.php
/controller/supportbox load fail.
2017-09-20 15:32:53
120.37.149.149

/index.php
/controller/static load fail.
2017-09-20 15:32:55
120.37.149.149

/index.php
/controller/static load fail.
2017-09-20 15:32:55
120.37.149.149

/index.php
/controller/script load fail.
2017-09-20 15:42:22
14.25.52.55

/index.php
/controller/supportbox load fail.
2017-09-20 15:42:24
14.25.52.55

/index.php
/controller/static load fail.
2017-09-20 15:42:37
14.25.52.55

/index.php
/controller/static load fail.
2017-09-20 15:42:37
14.25.52.55

/index.php
/controller/static load fail.
2017-09-20 15:42:38
14.25.52.55

/index.php
/controller/static load fail.
2017-09-20 15:42:46
14.25.52.55

/index.php
/controller/static load fail.
2017-09-20 15:42:46
14.25.52.55

/index.php
/controller/static load fail.
2017-09-20 15:42:46
14.25.52.55

/index.php
/controller/static load fail.
2017-09-20 15:42:49
14.25.52.55

/index.php
/controller/static load fail.
2017-09-20 15:42:49
14.25.52.55

/index.php
/controller/static load fail.
2017-09-20 15:42:49
14.25.52.55

/index.php
/controller/static load fail.
2017-09-20 15:42:51
14.25.52.55

/index.php
/controller/static load fail.
2017-09-20 15:42:51
14.25.52.55

/index.php
/controller/static load fail.
2017-09-20 15:42:51
14.25.52.55

/index.php
/controller/static load fail.
2017-09-20 15:42:53
14.25.52.55

/index.php
/controller/static load fail.
2017-09-20 15:42:53
14.25.52.55

/index.php
/controller/static load fail.
2017-09-20 15:42:53
14.25.52.55

/index.php
/controller/static load fail.
2017-09-20 15:42:55
14.25.52.55

/index.php
/controller/static load fail.
2017-09-20 15:42:55
14.25.52.55

/index.php
/controller/static load fail.
2017-09-20 15:42:55
14.25.52.55

/index.php
/controller/static load fail.
2017-09-20 15:42:55
14.25.52.55

/index.php
/controller/static load fail.
2017-09-20 15:42:55
14.25.52.55

/index.php
/controller/static load fail.
2017-09-20 15:42:55
14.25.52.55

/index.php
/controller/static load fail.
2017-09-20 15:42:56
14.25.52.55

/index.php
/controller/static load fail.
2017-09-20 15:42:56
14.25.52.55

/index.php
/controller/static load fail.
2017-09-20 15:42:56
14.25.52.55

/index.php
/controller/member/truename load fail.
2017-09-20 15:43:07
14.25.52.55

/index.php
/controller/english load fail.
2017-09-20 15:43:09
106.114.70.135

/index.php
/controller/phpmyadmin load fail.
2017-09-20 16:02:35
140.205.201.41

/index.php
/controller/phpmyadmin load fail.
2017-09-20 16:02:35
140.205.201.41

/index.php
/controller/phpmyadmin load fail.
2017-09-20 16:02:36
140.205.201.41

/index.php
/controller/phpmyadmin load fail.
2017-09-20 16:02:37
140.205.201.41

/index.php
/controller/phpmyadmin load fail.
2017-09-20 16:02:38
140.205.201.41

/index.php
/controller/phpmyadmin load fail.
2017-09-20 16:02:38
140.205.201.41

/index.php
/controller/phpmyadmin load fail.
2017-09-20 16:02:39
140.205.201.41

/index.php
/controller/phpmyadmin load fail.
2017-09-20 16:02:39
140.205.201.41

/index.php
/controller/phpmyadmin load fail.
2017-09-20 16:02:40
140.205.201.41

/index.php
/controller/phpmyadmin load fail.
2017-09-20 16:02:41
140.205.201.41

/index.php
/controller/phpmyadmin load fail.
2017-09-20 16:02:42
140.205.201.41

/index.php
/controller/phpmyadmin load fail.
2017-09-20 16:02:42
140.205.201.41

/index.php
/controller/phpmyadmin load fail.
2017-09-20 16:02:43
140.205.201.41

/index.php
/controller/phpmyadmin load fail.
2017-09-20 16:02:43
140.205.201.41

/index.php
/controller/phpmyadmin load fail.
2017-09-20 16:02:44
140.205.201.41

/index.php
/controller/phpmyadmin load fail.
2017-09-20 16:02:45
140.205.201.41

/index.php
/controller/phpmyadmin load fail.
2017-09-20 16:02:46
140.205.201.41

/index.php
/controller/phpmyadmin load fail.
2017-09-20 16:02:46
140.205.201.41

/index.php
/controller/phpmyadmin load fail.
2017-09-20 16:02:47
140.205.201.41

/index.php
/controller/phpmyadmin load fail.
2017-09-20 16:02:47
140.205.201.41

/index.php
/controller/script load fail.
2017-09-20 16:08:56
116.226.91.156

/index.php
/controller/supportbox load fail.
2017-09-20 16:08:57
116.226.91.156

/index.php
/controller/showcase load fail.
2017-09-20 16:09:31
140.205.201.41

/index.php
/controller/integration load fail.
2017-09-20 16:09:32
140.205.201.41

/index.php
/controller/l load fail.
2017-09-20 16:10:27
140.224.170.176

/index.php
/controller/script load fail.
2017-09-20 16:10:44
125.82.183.63

/index.php
/controller/supportbox load fail.
2017-09-20 16:10:46
125.82.183.63

/index.php
/controller/demo load fail.
2017-09-20 16:10:54
125.82.183.63

/index.php
/controller/script load fail.
2017-09-20 16:11:21
125.82.183.63

/index.php
/controller/supportbox load fail.
2017-09-20 16:11:21
125.82.183.63

/index.php
/controller/script load fail.
2017-09-20 16:14:05
125.82.183.63

/index.php
/controller/supportbox load fail.
2017-09-20 16:14:06
125.82.183.63

/index.php
/controller/ganglia load fail.
2017-09-20 16:15:10
140.205.201.41

/index.php
/controller/script load fail.
2017-09-20 16:16:11
125.82.183.63

/index.php
/controller/supportbox load fail.
2017-09-20 16:16:11
125.82.183.63

/index.php
/controller/demo load fail.
2017-09-20 16:16:13
125.82.183.63

/index.php
/controller/script load fail.
2017-09-20 16:16:29
125.82.183.63

/index.php
/controller/supportbox load fail.
2017-09-20 16:16:29
125.82.183.63

/index.php
/controller/manager load fail.
2017-09-20 16:16:37
101.200.74.78

/index.php
/controller/l load fail.
2017-09-20 16:22:26
123.85.184.62

/index.php
/controller/script load fail.
2017-09-20 16:22:45
14.17.37.161

/index.php
/controller/login1001用户登录 load fail.
2017-09-20 16:25:05
120.197.249.53

/index.php
/controller/register1001用户注册 load fail.
2017-09-20 16:27:17
120.197.249.53

/index.php
/controller/script load fail.
2017-09-20 16:37:10
14.119.197.92

/index.php
/controller/supportbox load fail.
2017-09-20 16:37:11
14.119.197.92

/index.php
/controller/script load fail.
2017-09-20 16:37:26
117.139.70.152

/index.php
/controller/supportbox load fail.
2017-09-20 16:37:28
117.139.70.152

/index.php
/controller/static load fail.
2017-09-20 16:37:33
14.119.197.92

/index.php
/controller/static load fail.
2017-09-20 16:37:33
14.119.197.92

/index.php
/controller/static load fail.
2017-09-20 16:37:33
14.119.197.92

/index.php
/controller/static load fail.
2017-09-20 16:37:38
14.119.197.92

/index.php
/controller/static load fail.
2017-09-20 16:37:38
14.119.197.92

/index.php
/controller/static load fail.
2017-09-20 16:37:38
14.119.197.92

/index.php
/controller/demo load fail.
2017-09-20 16:37:51
117.139.70.152

/index.php
/controller/static load fail.
2017-09-20 16:37:52
14.119.197.92

/index.php
/controller/static load fail.
2017-09-20 16:37:52
14.119.197.92

/index.php
/controller/static load fail.
2017-09-20 16:37:52
14.119.197.92

/index.php
/controller/demo load fail.
2017-09-20 16:37:55
117.139.70.152

/index.php
/controller/script load fail.
2017-09-20 16:37:57
117.139.70.152

/index.php
/controller/supportbox load fail.
2017-09-20 16:37:58
117.139.70.152

/index.php
/controller/static load fail.
2017-09-20 16:37:59
14.119.197.92

/index.php
/controller/static load fail.
2017-09-20 16:37:59
14.119.197.92

/index.php
/controller/static load fail.
2017-09-20 16:37:59
14.119.197.92

/index.php
/controller/jxinzvbgkayf load fail.
2017-09-20 16:38:05
140.205.201.41

/index.php
/controller/script load fail.
2017-09-20 16:42:03
223.86.240.110

/index.php
/controller/supportbox load fail.
2017-09-20 16:42:05
223.86.240.110

/index.php
/controller/script load fail.
2017-09-20 16:45:21
36.5.156.218

/index.php
/controller/supportbox load fail.
2017-09-20 16:45:22
36.5.156.218

/index.php
/controller/static load fail.
2017-09-20 16:48:46
117.65.58.121

/index.php
/controller/static load fail.
2017-09-20 16:48:46
117.65.58.121

/index.php
/controller/static load fail.
2017-09-20 16:48:46
117.65.58.121

/index.php
/controller/static load fail.
2017-09-20 16:48:48
117.65.58.121

/index.php
/controller/static load fail.
2017-09-20 16:48:48
117.65.58.121

/index.php
/controller/static load fail.
2017-09-20 16:48:48
117.65.58.121

/index.php
/controller/static load fail.
2017-09-20 16:48:56
101.226.33.225

/index.php
/controller/script load fail.
2017-09-20 16:48:56
14.119.197.92

/index.php
/controller/supportbox load fail.
2017-09-20 16:48:56
14.119.197.92

/index.php
/controller/static load fail.
2017-09-20 16:49:12
14.119.197.92

/index.php
/controller/static load fail.
2017-09-20 16:49:12
14.119.197.92

/index.php
/controller/static load fail.
2017-09-20 16:49:12
14.119.197.92

/index.php
/controller/static load fail.
2017-09-20 16:49:14
117.65.58.121

/index.php
/controller/static load fail.
2017-09-20 16:49:14
117.65.58.121

/index.php
/controller/static load fail.
2017-09-20 16:49:14
117.65.58.121

/index.php
/controller/static load fail.
2017-09-20 16:49:15
14.119.197.92

/index.php
/controller/static load fail.
2017-09-20 16:49:15
14.119.197.92

/index.php
/controller/static load fail.
2017-09-20 16:49:15
14.119.197.92

/index.php
/controller/static load fail.
2017-09-20 16:49:16
14.119.197.92

/index.php
/controller/static load fail.
2017-09-20 16:49:16
14.119.197.92

/index.php
/controller/static load fail.
2017-09-20 16:49:16
14.119.197.92

/index.php
/controller/static load fail.
2017-09-20 16:49:40
14.119.197.92

/index.php
/controller/static load fail.
2017-09-20 16:49:40
14.119.197.92

/index.php
/controller/static load fail.
2017-09-20 16:49:40
14.119.197.92

/index.php
/controller/member/truename load fail.
2017-09-20 16:49:41
14.119.197.92

/index.php
/controller/script load fail.
2017-09-20 16:50:33
14.119.197.92

/index.php
/controller/supportbox load fail.
2017-09-20 16:50:33
14.119.197.92

/index.php
/controller/static load fail.
2017-09-20 16:50:48
14.119.197.92

/index.php
/controller/static load fail.
2017-09-20 16:50:48
14.119.197.92

/index.php
/controller/static load fail.
2017-09-20 16:50:48
14.119.197.92

/index.php
/controller/static load fail.
2017-09-20 16:51:34
101.226.66.178

/index.php
/controller/static load fail.
2017-09-20 16:52:05
14.119.197.92

/index.php
/controller/static load fail.
2017-09-20 16:52:05
14.119.197.92

/index.php
/controller/static load fail.
2017-09-20 16:52:05
14.119.197.92

/index.php
/controller/static load fail.
2017-09-20 16:52:22
117.65.58.121

/index.php
/controller/static load fail.
2017-09-20 16:52:22
117.65.58.121

/index.php
/controller/static load fail.
2017-09-20 16:52:22
117.65.58.121

/index.php
/controller/script load fail.
2017-09-20 16:53:41
60.181.167.60

/index.php
/controller/supportbox load fail.
2017-09-20 16:53:42
60.181.167.60

/index.php
/controller/register1002用户注册 load fail.
2017-09-20 16:54:10
120.197.249.53

/index.php
/controller/static load fail.
2017-09-20 16:54:36
14.119.197.92

/index.php
/controller/static load fail.
2017-09-20 16:54:36
14.119.197.92

/index.php
/controller/static load fail.
2017-09-20 16:54:36
14.119.197.92

/index.php
/controller/static load fail.
2017-09-20 16:56:50
14.119.197.92

/index.php
/controller/static load fail.
2017-09-20 16:56:50
14.119.197.92

/index.php
/controller/static load fail.
2017-09-20 16:56:50
14.119.197.92

/index.php
/controller/member/truename load fail.
2017-09-20 16:56:55
14.119.197.92

/index.php
/controller/script load fail.
2017-09-20 17:01:13
14.119.197.92

/index.php
/controller/supportbox load fail.
2017-09-20 17:01:14
14.119.197.92

/index.php
/controller/static load fail.
2017-09-20 17:01:27
14.119.197.92

/index.php
/controller/static load fail.
2017-09-20 17:01:27
14.119.197.92

/index.php
/controller/static load fail.
2017-09-20 17:01:27
14.119.197.92

/index.php
/controller/static load fail.
2017-09-20 17:01:29
14.119.197.92

/index.php
/controller/static load fail.
2017-09-20 17:01:29
14.119.197.92

/index.php
/controller/static load fail.
2017-09-20 17:01:29
14.119.197.92

/index.php
/controller/static load fail.
2017-09-20 17:01:36
14.119.197.92

/index.php
/controller/static load fail.
2017-09-20 17:01:36
14.119.197.92

/index.php
/controller/static load fail.
2017-09-20 17:01:36
14.119.197.92

/index.php
/controller/static load fail.
2017-09-20 17:01:36
14.119.197.92

/index.php
/controller/static load fail.
2017-09-20 17:01:37
14.119.197.92

/index.php
/controller/static load fail.
2017-09-20 17:01:37
14.119.197.92

/index.php
/controller/member/truename load fail.
2017-09-20 17:01:43
14.119.197.92

/index.php
/controller/static load fail.
2017-09-20 17:01:44
117.65.58.121

/index.php
/controller/static load fail.
2017-09-20 17:01:44
117.65.58.121

/index.php
/controller/static load fail.
2017-09-20 17:01:44
117.65.58.121

/index.php
/controller/static load fail.
2017-09-20 17:01:46
117.65.58.121

/index.php
/controller/static load fail.
2017-09-20 17:01:46
117.65.58.121

/index.php
/controller/static load fail.
2017-09-20 17:01:46
117.65.58.121

/index.php
/controller/static load fail.
2017-09-20 17:01:47
14.119.197.92

/index.php
/controller/static load fail.
2017-09-20 17:01:47
14.119.197.92

/index.php
/controller/static load fail.
2017-09-20 17:01:47
14.119.197.92

/index.php
/controller/static load fail.
2017-09-20 17:02:43
117.65.58.121

/index.php
/controller/static load fail.
2017-09-20 17:02:43
117.65.58.121

/index.php
/controller/static load fail.
2017-09-20 17:02:43
117.65.58.121

/index.php
/controller/static load fail.
2017-09-20 17:02:46
117.65.58.121

/index.php
/controller/static load fail.
2017-09-20 17:02:46
117.65.58.121

/index.php
/controller/static load fail.
2017-09-20 17:02:46
117.65.58.121

/index.php
/controller/member/truename load fail.
2017-09-20 17:02:49
14.119.197.92

/index.php
/controller/static load fail.
2017-09-20 17:02:52
14.119.197.92

/index.php
/controller/static load fail.
2017-09-20 17:02:52
14.119.197.92

/index.php
/controller/static load fail.
2017-09-20 17:02:52
14.119.197.92

/index.php
/controller/static load fail.
2017-09-20 17:03:08
117.65.58.121

/index.php
/controller/static load fail.
2017-09-20 17:03:08
117.65.58.121

/index.php
/controller/static load fail.
2017-09-20 17:03:08
117.65.58.121

/index.php
/controller/static load fail.
2017-09-20 17:03:09
117.65.58.121

/index.php
/controller/static load fail.
2017-09-20 17:03:09
117.65.58.121

/index.php
/controller/static load fail.
2017-09-20 17:03:09
117.65.58.121

/index.php
/controller/static load fail.
2017-09-20 17:03:28
117.65.58.121

/index.php
/controller/static load fail.
2017-09-20 17:03:28
117.65.58.121

/index.php
/controller/static load fail.
2017-09-20 17:03:28
117.65.58.121

/index.php
/controller/static load fail.
2017-09-20 17:03:32
117.65.58.121

/index.php
/controller/static load fail.
2017-09-20 17:03:32
117.65.58.121

/index.php
/controller/static load fail.
2017-09-20 17:03:32
117.65.58.121

/index.php
/controller/static load fail.
2017-09-20 17:03:35
117.65.58.121

/index.php
/controller/static load fail.
2017-09-20 17:03:35
117.65.58.121

/index.php
/controller/static load fail.
2017-09-20 17:03:35
117.65.58.121

/index.php
/controller/static load fail.
2017-09-20 17:03:36
117.65.58.121

/index.php
/controller/static load fail.
2017-09-20 17:03:36
117.65.58.121

/index.php
/controller/static load fail.
2017-09-20 17:03:36
117.65.58.121

/index.php
/controller/static load fail.
2017-09-20 17:03:38
117.65.58.121

/index.php
/controller/static load fail.
2017-09-20 17:03:38
117.65.58.121

/index.php
/controller/static load fail.
2017-09-20 17:03:38
117.65.58.121

/index.php
/controller/static load fail.
2017-09-20 17:03:40
14.119.197.92

/index.php
/controller/static load fail.
2017-09-20 17:03:40
14.119.197.92

/index.php
/controller/static load fail.
2017-09-20 17:03:40
14.119.197.92

/index.php
/controller/static load fail.
2017-09-20 17:03:44
14.119.197.92

/index.php
/controller/static load fail.
2017-09-20 17:03:45
14.119.197.92

/index.php
/controller/static load fail.
2017-09-20 17:03:45
14.119.197.92

/index.php
/controller/static load fail.
2017-09-20 17:03:46
14.119.197.92

/index.php
/controller/static load fail.
2017-09-20 17:03:46
14.119.197.92

/index.php
/controller/static load fail.
2017-09-20 17:03:46
14.119.197.92

/index.php
/controller/static load fail.
2017-09-20 17:04:31
117.65.58.121

/index.php
/controller/static load fail.
2017-09-20 17:04:31
117.65.58.121

/index.php
/controller/static load fail.
2017-09-20 17:04:31
117.65.58.121

/index.php
/controller/static load fail.
2017-09-20 17:04:33
117.65.58.121

/index.php
/controller/static load fail.
2017-09-20 17:04:33
117.65.58.121

/index.php
/controller/static load fail.
2017-09-20 17:04:33
117.65.58.121

/index.php
/controller/static load fail.
2017-09-20 17:04:41
117.65.58.121

/index.php
/controller/static load fail.
2017-09-20 17:04:41
117.65.58.121

/index.php
/controller/static load fail.
2017-09-20 17:04:41
117.65.58.121

/index.php
/controller/static load fail.
2017-09-20 17:04:42
117.65.58.121

/index.php
/controller/static load fail.
2017-09-20 17:04:42
117.65.58.121

/index.php
/controller/static load fail.
2017-09-20 17:04:42
117.65.58.121

/index.php
/controller/static load fail.
2017-09-20 17:04:45
117.65.58.121

/index.php
/controller/static load fail.
2017-09-20 17:04:45
117.65.58.121

/index.php
/controller/static load fail.
2017-09-20 17:04:46
117.65.58.121

/index.php
/controller/static load fail.
2017-09-20 17:04:47
117.65.58.121

/index.php
/controller/static load fail.
2017-09-20 17:04:47
117.65.58.121

/index.php
/controller/static load fail.
2017-09-20 17:04:47
117.65.58.121

/index.php
/controller/static load fail.
2017-09-20 17:04:47
117.65.58.121

/index.php
/controller/static load fail.
2017-09-20 17:04:48
117.65.58.121

/index.php
/controller/static load fail.
2017-09-20 17:04:48
117.65.58.121

/index.php
/controller/static load fail.
2017-09-20 17:04:49
117.65.58.121

/index.php
/controller/static load fail.
2017-09-20 17:04:49
117.65.58.121

/index.php
/controller/static load fail.
2017-09-20 17:04:49
117.65.58.121

/index.php
/controller/script load fail.
2017-09-20 17:05:58
61.242.42.210

/index.php
/controller/supportbox load fail.
2017-09-20 17:05:58
61.242.42.210

/index.php
/controller/static load fail.
2017-09-20 17:06:01
61.242.42.210

/index.php
/controller/static load fail.
2017-09-20 17:06:04
61.242.42.210

/index.php
/controller/script load fail.
2017-09-20 17:07:55
61.242.42.210

/index.php
/controller/supportbox load fail.
2017-09-20 17:07:55
61.242.42.210

/index.php
/controller/static load fail.
2017-09-20 17:08:00
14.119.197.92

/index.php
/controller/static load fail.
2017-09-20 17:08:00
14.119.197.92

/index.php
/controller/static load fail.
2017-09-20 17:08:00
14.119.197.92

/index.php
/controller/static load fail.
2017-09-20 17:08:03
14.119.197.92

/index.php
/controller/static load fail.
2017-09-20 17:08:03
14.119.197.92

/index.php
/controller/static load fail.
2017-09-20 17:08:03
14.119.197.92

/index.php
/controller/static load fail.
2017-09-20 17:08:05
14.119.197.92

/index.php
/controller/static load fail.
2017-09-20 17:08:05
14.119.197.92

/index.php
/controller/static load fail.
2017-09-20 17:08:05
14.119.197.92

/index.php
/controller/member/truename load fail.
2017-09-20 17:08:08
14.119.197.92

/index.php
/controller/static load fail.
2017-09-20 17:08:11
14.119.197.92

/index.php
/controller/static load fail.
2017-09-20 17:08:11
14.119.197.92

/index.php
/controller/static load fail.
2017-09-20 17:08:11
14.119.197.92

/index.php
/controller/static load fail.
2017-09-20 17:08:13
14.119.197.92

/index.php
/controller/static load fail.
2017-09-20 17:08:13
14.119.197.92

/index.php
/controller/static load fail.
2017-09-20 17:08:13
14.119.197.92

/index.php
/controller/static load fail.
2017-09-20 17:08:15
14.119.197.92

/index.php
/controller/static load fail.
2017-09-20 17:08:15
14.119.197.92

/index.php
/controller/static load fail.
2017-09-20 17:08:15
14.119.197.92

/index.php
/controller/static load fail.
2017-09-20 17:08:17
14.119.197.92

/index.php
/controller/static load fail.
2017-09-20 17:08:17
14.119.197.92

/index.php
/controller/static load fail.
2017-09-20 17:08:17
14.119.197.92

/index.php
/controller/static load fail.
2017-09-20 17:08:18
14.119.197.92

/index.php
/controller/static load fail.
2017-09-20 17:08:18
14.119.197.92

/index.php
/controller/static load fail.
2017-09-20 17:08:18
61.242.42.210

/index.php
/controller/static load fail.
2017-09-20 17:08:19
14.119.197.92

/index.php
/controller/static load fail.
2017-09-20 17:08:19
61.242.42.210

/index.php
/controller/static load fail.
2017-09-20 17:08:19
61.242.42.210

/index.php
/controller/static load fail.
2017-09-20 17:08:21
14.119.197.92

/index.php
/controller/static load fail.
2017-09-20 17:08:21
14.119.197.92

/index.php
/controller/static load fail.
2017-09-20 17:08:21
14.119.197.92

/index.php
/controller/static load fail.
2017-09-20 17:08:22
14.119.197.92

/index.php
/controller/static load fail.
2017-09-20 17:08:23
61.242.42.210

/index.php
/controller/static load fail.
2017-09-20 17:08:23
14.119.197.92

/index.php
/controller/static load fail.
2017-09-20 17:08:23
14.119.197.92

/index.php
/controller/static load fail.
2017-09-20 17:08:23
61.242.42.210

/index.php
/controller/static load fail.
2017-09-20 17:08:23
61.242.42.210

/index.php
/controller/static load fail.
2017-09-20 17:08:25
14.119.197.92

/index.php
/controller/static load fail.
2017-09-20 17:08:25
14.119.197.92

/index.php
/controller/static load fail.
2017-09-20 17:08:25
14.119.197.92

/index.php
/controller/static load fail.
2017-09-20 17:09:22
14.119.197.92

/index.php
/controller/static load fail.
2017-09-20 17:09:22
14.119.197.92

/index.php
/controller/static load fail.
2017-09-20 17:09:22
14.119.197.92

/index.php
/controller/static load fail.
2017-09-20 17:09:23
14.119.197.92

/index.php
/controller/static load fail.
2017-09-20 17:09:23
14.119.197.92

/index.php
/controller/static load fail.
2017-09-20 17:09:23
14.119.197.92

/index.php
/controller/static load fail.
2017-09-20 17:09:49
14.119.197.92

/index.php
/controller/static load fail.
2017-09-20 17:09:49
14.119.197.92

/index.php
/controller/static load fail.
2017-09-20 17:09:49
14.119.197.92

/index.php
/controller/static load fail.
2017-09-20 17:09:50
14.119.197.92

/index.php
/controller/static load fail.
2017-09-20 17:09:50
14.119.197.92

/index.php
/controller/static load fail.
2017-09-20 17:09:50
14.119.197.92

/index.php
/controller/static load fail.
2017-09-20 17:10:32
14.119.197.92

/index.php
/controller/static load fail.
2017-09-20 17:10:32
14.119.197.92

/index.php
/controller/static load fail.
2017-09-20 17:10:32
14.119.197.92

/index.php
/controller/static load fail.
2017-09-20 17:10:39
14.119.197.92

/index.php
/controller/static load fail.
2017-09-20 17:10:39
14.119.197.92

/index.php
/controller/static load fail.
2017-09-20 17:10:39
14.119.197.92

/index.php
/controller/static load fail.
2017-09-20 17:10:42
14.119.197.92

/index.php
/controller/static load fail.
2017-09-20 17:10:42
14.119.197.92

/index.php
/controller/static load fail.
2017-09-20 17:10:42
14.119.197.92

/index.php
/controller/static load fail.
2017-09-20 17:10:45
14.119.197.92

/index.php
/controller/static load fail.
2017-09-20 17:10:45
14.119.197.92

/index.php
/controller/static load fail.
2017-09-20 17:10:45
14.119.197.92

/index.php
/controller/member/truename load fail.
2017-09-20 17:10:45
14.119.197.92

/index.php
/controller/static load fail.
2017-09-20 17:10:48
14.119.197.92

/index.php
/controller/static load fail.
2017-09-20 17:10:48
14.119.197.92

/index.php
/controller/static load fail.
2017-09-20 17:10:48
14.119.197.92

/index.php
/controller/static load fail.
2017-09-20 17:10:53
14.119.197.92

/index.php
/controller/static load fail.
2017-09-20 17:10:53
14.119.197.92

/index.php
/controller/static load fail.
2017-09-20 17:10:53
14.119.197.92

/index.php
/controller/static load fail.
2017-09-20 17:10:57
14.119.197.92

/index.php
/controller/static load fail.
2017-09-20 17:10:57
14.119.197.92

/index.php
/controller/static load fail.
2017-09-20 17:10:57
14.119.197.92

/index.php
/controller/static load fail.
2017-09-20 17:11:00
14.119.197.92

/index.php
/controller/static load fail.
2017-09-20 17:11:00
14.119.197.92

/index.php
/controller/static load fail.
2017-09-20 17:11:00
14.119.197.92

/index.php
/controller/static load fail.
2017-09-20 17:11:01
14.119.197.92

/index.php
/controller/static load fail.
2017-09-20 17:11:01
14.119.197.92

/index.php
/controller/static load fail.
2017-09-20 17:11:01
14.119.197.92

/index.php
/controller/static load fail.
2017-09-20 17:11:02
14.119.197.92

/index.php
/controller/static load fail.
2017-09-20 17:11:02
14.119.197.92

/index.php
/controller/static load fail.
2017-09-20 17:11:02
14.119.197.92

/index.php
/controller/static load fail.
2017-09-20 17:11:03
14.119.197.92

/index.php
/controller/static load fail.
2017-09-20 17:11:03
14.119.197.92

/index.php
/controller/static load fail.
2017-09-20 17:11:03
14.119.197.92

/index.php
/controller/static load fail.
2017-09-20 17:11:10
14.119.197.92

/index.php
/controller/static load fail.
2017-09-20 17:11:10
14.119.197.92

/index.php
/controller/static load fail.
2017-09-20 17:11:10
14.119.197.92

/index.php
/controller/static load fail.
2017-09-20 17:12:55
14.119.197.92

/index.php
/controller/static load fail.
2017-09-20 17:12:55
14.119.197.92

/index.php
/controller/static load fail.
2017-09-20 17:12:55
14.119.197.92

/index.php
/controller/static load fail.
2017-09-20 17:13:11
14.119.197.92

/index.php
/controller/static load fail.
2017-09-20 17:13:11
14.119.197.92

/index.php
/controller/static load fail.
2017-09-20 17:13:11
14.119.197.92

/index.php
/controller/static load fail.
2017-09-20 17:13:11
14.119.197.92

/index.php
/controller/static load fail.
2017-09-20 17:13:11
14.119.197.92

/index.php
/controller/static load fail.
2017-09-20 17:13:12
14.119.197.92

/index.php
/controller/static load fail.
2017-09-20 17:13:24
14.119.197.92

/index.php
/controller/static load fail.
2017-09-20 17:13:24
14.119.197.92

/index.php
/controller/static load fail.
2017-09-20 17:13:25
14.119.197.92

/index.php
/controller/static load fail.
2017-09-20 17:13:30
14.119.197.92

/index.php
/controller/static load fail.
2017-09-20 17:13:30
14.119.197.92

/index.php
/controller/static load fail.
2017-09-20 17:13:30
14.119.197.92

/index.php
/controller/hwi load fail.
2017-09-20 17:21:57
140.205.201.41

/index.php
/controller/static load fail.
2017-09-20 17:22:13
14.119.197.92

/index.php
/controller/static load fail.
2017-09-20 17:22:13
14.119.197.92

/index.php
/controller/static load fail.
2017-09-20 17:22:13
14.119.197.92

/index.php
/controller/static load fail.
2017-09-20 17:22:15
14.119.197.92

/index.php
/controller/static load fail.
2017-09-20 17:22:15
14.119.197.92

/index.php
/controller/static load fail.
2017-09-20 17:22:15
14.119.197.92

/index.php
/controller/static load fail.
2017-09-20 17:22:26
14.119.197.92

/index.php
/controller/static load fail.
2017-09-20 17:22:26
14.119.197.92

/index.php
/controller/static load fail.
2017-09-20 17:22:26
14.119.197.92

/index.php
/controller/static load fail.
2017-09-20 17:22:27
14.119.197.92

/index.php
/controller/static load fail.
2017-09-20 17:22:27
14.119.197.92

/index.php
/controller/static load fail.
2017-09-20 17:22:28
14.119.197.92

/index.php
/controller/static load fail.
2017-09-20 17:22:29
14.119.197.92

/index.php
/controller/static load fail.
2017-09-20 17:22:29
14.119.197.92

/index.php
/controller/static load fail.
2017-09-20 17:22:29
14.119.197.92

/index.php
/controller/member/truename load fail.
2017-09-20 17:22:30
14.119.197.92

/index.php
/controller/static load fail.
2017-09-20 17:22:32
14.119.197.92

/index.php
/controller/static load fail.
2017-09-20 17:22:32
14.119.197.92

/index.php
/controller/static load fail.
2017-09-20 17:22:32
14.119.197.92

/index.php
/controller/static load fail.
2017-09-20 17:22:34
14.119.197.92

/index.php
/controller/static load fail.
2017-09-20 17:22:35
14.119.197.92

/index.php
/controller/static load fail.
2017-09-20 17:22:36
14.119.197.92

/index.php
/controller/static load fail.
2017-09-20 17:22:37
14.119.197.92

/index.php
/controller/static load fail.
2017-09-20 17:22:38
14.119.197.92

/index.php
/controller/static load fail.
2017-09-20 17:22:38
14.119.197.92

/index.php
/controller/static load fail.
2017-09-20 17:22:38
14.119.197.92

/index.php
/controller/script load fail.
2017-09-20 17:22:49
182.83.163.244

/index.php
/controller/supportbox load fail.
2017-09-20 17:22:52
182.83.163.244

/index.php
/controller/static load fail.
2017-09-20 17:25:23
14.119.197.92

/index.php
/controller/static load fail.
2017-09-20 17:25:23
14.119.197.92

/index.php
/controller/static load fail.
2017-09-20 17:25:23
14.119.197.92

/index.php
/controller/member/truename load fail.
2017-09-20 17:25:41
14.119.197.92

/index.php
/controller/static load fail.
2017-09-20 17:25:44
14.119.197.92

/index.php
/controller/static load fail.
2017-09-20 17:25:45
14.119.197.92

/index.php
/controller/static load fail.
2017-09-20 17:25:45
14.119.197.92

/index.php
/controller/member/truename load fail.
2017-09-20 17:25:46
14.119.197.92

/index.php
/controller/static load fail.
2017-09-20 17:25:49
14.119.197.92

/index.php
/controller/static load fail.
2017-09-20 17:25:49
14.119.197.92

/index.php
/controller/static load fail.
2017-09-20 17:25:49
14.119.197.92

/index.php
/controller/script load fail.
2017-09-20 17:29:32
119.129.227.212

/index.php
/controller/supportbox load fail.
2017-09-20 17:29:35
119.129.227.212

/index.php
/controller/l load fail.
2017-09-20 17:35:25
220.181.51.109

/index.php
/controller/static load fail.
2017-09-20 17:41:28
61.242.42.210

/index.php
/controller/static load fail.
2017-09-20 17:41:28
61.242.42.210

/index.php
/controller/static load fail.
2017-09-20 17:41:29
61.242.42.210

/index.php
/controller/script load fail.
2017-09-20 17:41:45
14.119.197.92

/index.php
/controller/supportbox load fail.
2017-09-20 17:41:45
14.119.197.92

/index.php
/controller/static load fail.
2017-09-20 17:42:04
14.119.197.92

/index.php
/controller/static load fail.
2017-09-20 17:42:05
14.119.197.92

/index.php
/controller/static load fail.
2017-09-20 17:42:05
14.119.197.92

/index.php
/controller/static load fail.
2017-09-20 17:42:06
14.119.197.92

/index.php
/controller/static load fail.
2017-09-20 17:42:07
14.119.197.92

/index.php
/controller/static load fail.
2017-09-20 17:42:07
14.119.197.92

/index.php
/controller/member/truename load fail.
2017-09-20 17:42:32
61.242.42.210

/index.php
/controller/static load fail.
2017-09-20 17:42:35
61.242.42.210

/index.php
/controller/static load fail.
2017-09-20 17:42:35
61.242.42.210

/index.php
/controller/static load fail.
2017-09-20 17:42:35
61.242.42.210

/index.php
/controller/static load fail.
2017-09-20 17:43:30
14.119.197.92

/index.php
/controller/static load fail.
2017-09-20 17:43:30
14.119.197.92

/index.php
/controller/static load fail.
2017-09-20 17:43:31
14.119.197.92

/index.php
/controller/static load fail.
2017-09-20 17:43:32
14.119.197.92

/index.php
/controller/static load fail.
2017-09-20 17:43:32
14.119.197.92

/index.php
/controller/static load fail.
2017-09-20 17:43:32
14.119.197.92

/index.php
/controller/static load fail.
2017-09-20 17:44:23
14.119.197.92

/index.php
/controller/static load fail.
2017-09-20 17:44:23
14.119.197.92

/index.php
/controller/static load fail.
2017-09-20 17:44:24
14.119.197.92

/index.php
/controller/static load fail.
2017-09-20 17:49:06
61.242.42.210

/index.php
/controller/static load fail.
2017-09-20 17:49:07
61.242.42.210

/index.php
/controller/static load fail.
2017-09-20 17:49:07
61.242.42.210

/index.php
/controller/static load fail.
2017-09-20 17:49:28
61.242.42.210

/index.php
/controller/static load fail.
2017-09-20 17:49:33
61.242.42.210

/index.php
/controller/static load fail.
2017-09-20 17:49:37
61.242.42.210

/index.php
/controller/static load fail.
2017-09-20 17:49:45
61.242.42.210

/index.php
/controller/static load fail.
2017-09-20 17:49:51
61.242.42.210

/index.php
/controller/static load fail.
2017-09-20 17:49:55
61.242.42.210

/index.php
/controller/static load fail.
2017-09-20 17:51:14
14.119.197.92

/index.php
/controller/static load fail.
2017-09-20 17:51:14
14.119.197.92

/index.php
/controller/static load fail.
2017-09-20 17:51:14
14.119.197.92

/index.php
/controller/static load fail.
2017-09-20 17:51:22
14.119.197.92

/index.php
/controller/static load fail.
2017-09-20 17:51:22
14.119.197.92

/index.php
/controller/static load fail.
2017-09-20 17:51:22
14.119.197.92

/index.php
/controller/static load fail.
2017-09-20 17:51:54
14.119.197.92

/index.php
/controller/static load fail.
2017-09-20 17:51:54
14.119.197.92

/index.php
/controller/static load fail.
2017-09-20 17:51:54
14.119.197.92

/index.php
/controller/static load fail.
2017-09-20 17:51:56
14.119.197.92

/index.php
/controller/static load fail.
2017-09-20 17:51:56
14.119.197.92

/index.php
/controller/static load fail.
2017-09-20 17:51:56
14.119.197.92

/index.php
/controller/member/truename load fail.
2017-09-20 17:51:57
14.119.197.92

/index.php
/controller/static load fail.
2017-09-20 17:52:03
14.119.197.92

/index.php
/controller/static load fail.
2017-09-20 17:52:03
14.119.197.92

/index.php
/controller/static load fail.
2017-09-20 17:52:03
14.119.197.92

/index.php
/controller/static load fail.
2017-09-20 17:52:28
14.119.197.92

/index.php
/controller/static load fail.
2017-09-20 17:52:28
14.119.197.92

/index.php
/controller/static load fail.
2017-09-20 17:52:28
14.119.197.92

/index.php
/controller/static load fail.
2017-09-20 17:52:40
106.58.70.52

/index.php
/controller/static load fail.
2017-09-20 17:52:41
106.58.70.52

/index.php
/controller/static load fail.
2017-09-20 17:52:41
106.58.70.52

/index.php
/controller/member/truename load fail.
2017-09-20 17:54:51
14.119.197.92

/index.php
/controller/static load fail.
2017-09-20 17:54:55
14.119.197.92

/index.php
/controller/static load fail.
2017-09-20 17:54:55
14.119.197.92

/index.php
/controller/static load fail.
2017-09-20 17:54:55
14.119.197.92

/index.php
/controller/static load fail.
2017-09-20 17:55:39
119.131.77.185

/index.php
/controller/static load fail.
2017-09-20 17:55:39
119.131.77.185

/index.php
/controller/static load fail.
2017-09-20 17:55:39
119.131.77.185

/index.php
/controller/static load fail.
2017-09-20 17:57:15
223.104.63.4

/index.php
/controller/static load fail.
2017-09-20 17:57:15
223.104.63.4

/index.php
/controller/static load fail.
2017-09-20 17:57:16
223.104.63.4

/index.php
/controller/static load fail.
2017-09-20 18:01:36
61.242.42.210

/index.php
/controller/static load fail.
2017-09-20 18:02:41
106.58.70.52

/index.php
/controller/static load fail.
2017-09-20 18:02:44
106.58.70.52

/index.php
/controller/static load fail.
2017-09-20 18:02:44
106.58.70.52

/index.php
/controller/static load fail.
2017-09-20 18:05:36
106.58.70.52

/index.php
/controller/static load fail.
2017-09-20 18:05:36
106.58.70.52

/index.php
/controller/static load fail.
2017-09-20 18:05:36
106.58.70.52

/index.php
/controller/supportbox load fail.
2017-09-20 18:22:37
203.208.60.246

/index.php
/controller/static load fail.
2017-09-20 18:23:15
119.131.77.185

/index.php
/controller/static load fail.
2017-09-20 18:23:15
119.131.77.185

/index.php
/controller/static load fail.
2017-09-20 18:23:15
119.131.77.185

/index.php
/controller/static load fail.
2017-09-20 18:23:17
119.131.77.185

/index.php
/controller/static load fail.
2017-09-20 18:23:17
119.131.77.185

/index.php
/controller/static load fail.
2017-09-20 18:23:17
119.131.77.185

/index.php
/controller/member/truename load fail.
2017-09-20 18:23:22
119.131.77.185

/index.php
/controller/static load fail.
2017-09-20 18:23:41
119.131.77.185

/index.php
/controller/static load fail.
2017-09-20 18:23:41
119.131.77.185

/index.php
/controller/static load fail.
2017-09-20 18:23:41
119.131.77.185

/index.php
/controller/static load fail.
2017-09-20 18:23:45
119.131.77.185

/index.php
/controller/static load fail.
2017-09-20 18:23:45
119.131.77.185

/index.php
/controller/static load fail.
2017-09-20 18:23:45
119.131.77.185

/index.php
/controller/static load fail.
2017-09-20 18:23:53
119.131.77.185

/index.php
/controller/static load fail.
2017-09-20 18:23:53
119.131.77.185

/index.php
/controller/static load fail.
2017-09-20 18:23:53
119.131.77.185

/index.php
/controller/info load fail.
2017-09-20 18:34:20
140.205.201.41

/index.php
/controller/jenkins load fail.
2017-09-20 18:54:36
140.205.201.41

/index.php
/controller/static load fail.
2017-09-20 18:56:45
119.131.77.185

/index.php
/controller/static load fail.
2017-09-20 18:56:45
119.131.77.185

/index.php
/controller/static load fail.
2017-09-20 18:56:45
119.131.77.185

/index.php
/controller/static load fail.
2017-09-20 18:56:48
119.131.77.185

/index.php
/controller/static load fail.
2017-09-20 18:56:48
119.131.77.185

/index.php
/controller/static load fail.
2017-09-20 18:56:48
119.131.77.185

/index.php
/controller/static load fail.
2017-09-20 18:56:49
119.131.77.185

/index.php
/controller/static load fail.
2017-09-20 18:56:49
119.131.77.185

/index.php
/controller/static load fail.
2017-09-20 18:56:49
119.131.77.185

/index.php
/controller/zabbix load fail.
2017-09-20 19:06:54
140.205.201.41

/index.php
/controller/script load fail.
2017-09-20 19:07:53
219.133.40.14

/index.php
/controller/solr load fail.
2017-09-20 19:09:24
140.205.201.41

/index.php
/controller/warning load fail.
2017-09-20 19:09:55
140.205.201.41

/index.php
/controller/script load fail.
2017-09-20 19:09:58
219.133.40.14

/index.php
/controller/pleasereadthis load fail.
2017-09-20 19:10:02
140.205.201.41

/index.php
/controller/please_read load fail.
2017-09-20 19:10:09
140.205.201.41

/index.php
/controller/static load fail.
2017-09-20 19:14:27
119.131.77.185

/index.php
/controller/static load fail.
2017-09-20 19:14:27
119.131.77.185

/index.php
/controller/static load fail.
2017-09-20 19:14:27
119.131.77.185

/index.php
/controller/script load fail.
2017-09-20 19:19:10
123.52.74.60

/index.php
/controller/static load fail.
2017-09-20 19:22:07
117.65.58.121

/index.php
/controller/static load fail.
2017-09-20 19:22:07
117.65.58.121

/index.php
/controller/static load fail.
2017-09-20 19:22:07
117.65.58.121

/index.php
/controller/script load fail.
2017-09-20 19:24:52
14.204.175.20

/index.php
/controller/supportbox load fail.
2017-09-20 19:24:54
14.204.175.20

/index.php
/controller/demo load fail.
2017-09-20 19:25:52
14.204.175.20

/index.php
/controller/script load fail.
2017-09-20 19:28:26
117.151.50.202

/index.php
/controller/supportbox load fail.
2017-09-20 19:28:28
117.151.50.202

/index.php
/controller/static load fail.
2017-09-20 19:28:35
117.151.50.202

/index.php
/controller/static load fail.
2017-09-20 19:28:36
117.151.50.202

/index.php
/controller/static load fail.
2017-09-20 19:28:36
117.151.50.202

/index.php
/controller/hadoop load fail.
2017-09-20 19:28:42
140.205.201.41

/index.php
/controller/static load fail.
2017-09-20 19:28:53
117.151.50.202

/index.php
/controller/static load fail.
2017-09-20 19:28:53
117.151.50.202

/index.php
/controller/static load fail.
2017-09-20 19:28:53
117.151.50.202

/index.php
/controller/member/truename load fail.
2017-09-20 19:29:01
117.151.50.202

/index.php
/controller/static load fail.
2017-09-20 19:29:10
117.151.50.202

/index.php
/controller/static load fail.
2017-09-20 19:29:10
117.151.50.202

/index.php
/controller/static load fail.
2017-09-20 19:29:10
117.151.50.202

/index.php
/controller/member/truename load fail.
2017-09-20 19:34:31
112.65.193.15

/index.php
/controller/phpmyadmin load fail.
2017-09-20 19:36:15
140.205.201.44

/index.php
/controller/phpmyadmin load fail.
2017-09-20 19:36:15
140.205.201.44

/index.php
/controller/phpmyadmin load fail.
2017-09-20 19:36:17
140.205.201.44

/index.php
/controller/phpmyadmin load fail.
2017-09-20 19:36:17
140.205.201.44

/index.php
/controller/phpmyadmin load fail.
2017-09-20 19:36:18
140.205.201.44

/index.php
/controller/phpmyadmin load fail.
2017-09-20 19:36:18
140.205.201.44

/index.php
/controller/phpmyadmin load fail.
2017-09-20 19:36:19
140.205.201.44

/index.php
/controller/phpmyadmin load fail.
2017-09-20 19:36:19
140.205.201.44

/index.php
/controller/phpmyadmin load fail.
2017-09-20 19:36:21
140.205.201.44

/index.php
/controller/phpmyadmin load fail.
2017-09-20 19:36:21
140.205.201.44

/index.php
/controller/phpmyadmin load fail.
2017-09-20 19:36:22
140.205.201.44

/index.php
/controller/phpmyadmin load fail.
2017-09-20 19:36:22
140.205.201.44

/index.php
/controller/phpmyadmin load fail.
2017-09-20 19:36:23
140.205.201.44

/index.php
/controller/phpmyadmin load fail.
2017-09-20 19:36:24
140.205.201.44

/index.php
/controller/phpmyadmin load fail.
2017-09-20 19:36:25
140.205.201.44

/index.php
/controller/phpmyadmin load fail.
2017-09-20 19:36:25
140.205.201.44

/index.php
/controller/phpmyadmin load fail.
2017-09-20 19:36:26
140.205.201.44

/index.php
/controller/phpmyadmin load fail.
2017-09-20 19:36:26
140.205.201.44

/index.php
/controller/phpmyadmin load fail.
2017-09-20 19:36:27
140.205.201.44

/index.php
/controller/phpmyadmin load fail.
2017-09-20 19:36:28
140.205.201.44

/index.php
/controller/script load fail.
2017-09-20 19:41:03
120.24.159.169

/index.php
/controller/showcase load fail.
2017-09-20 19:51:01
140.205.201.44

/index.php
/controller/integration load fail.
2017-09-20 19:51:02
140.205.201.44

/index.php
/controller/css load fail.
2017-09-20 20:00:17
123.150.183.87

/index.php
/controller/css load fail.
2017-09-20 20:00:17
123.150.183.87

/index.php
/controller/css load fail.
2017-09-20 20:00:17
123.150.183.87

/index.php
/controller/css load fail.
2017-09-20 20:00:17
123.150.183.87

/index.php
/controller/css load fail.
2017-09-20 20:00:17
123.150.183.87

/index.php
/controller/css load fail.
2017-09-20 20:00:17
123.150.183.87

/index.php
/controller/css load fail.
2017-09-20 20:00:17
123.150.183.87

/index.php
/controller/css load fail.
2017-09-20 20:00:17
123.150.183.87

/index.php
/controller/css load fail.
2017-09-20 20:00:17
123.150.183.87

/index.php
/controller/css load fail.
2017-09-20 20:00:17
123.150.183.87

/index.php
/controller/script load fail.
2017-09-20 20:00:17
123.150.183.87

/index.php
/controller/script load fail.
2017-09-20 20:12:10
122.5.181.224

/index.php
/controller/supportbox load fail.
2017-09-20 20:12:13
122.5.181.224

/index.php
/controller/ganglia load fail.
2017-09-20 20:12:27
140.205.201.44

/index.php
/controller/script load fail.
2017-09-20 20:13:23
122.5.181.224

/index.php
/controller/supportbox load fail.
2017-09-20 20:13:24
122.5.181.224

/index.php
/controller/hidtawyjplqo load fail.
2017-09-20 20:29:26
140.205.201.44

/index.php
/controller/script load fail.
2017-09-20 20:31:59
111.53.240.18

/index.php
/controller/supportbox load fail.
2017-09-20 20:31:59
111.53.240.18

/index.php
/controller/demo load fail.
2017-09-20 20:32:29
111.53.240.18

/index.php
/controller/script load fail.
2017-09-20 20:45:52
14.215.161.115

/index.php
/controller/supportbox load fail.
2017-09-20 20:45:54
14.215.161.115

/index.php
/controller/hwi load fail.
2017-09-20 20:48:44
140.205.201.44

/index.php
/controller/info load fail.
2017-09-20 20:59:49
140.205.201.44

/index.php
/controller/jenkins load fail.
2017-09-20 21:00:28
140.205.201.44

/index.php
/controller/zabbix load fail.
2017-09-20 21:00:41
140.205.201.44

/index.php
/controller/solr load fail.
2017-09-20 21:01:14
140.205.201.44

/index.php
/controller/script load fail.
2017-09-20 21:14:22
117.61.14.77

/index.php
/controller/supportbox load fail.
2017-09-20 21:14:23
117.61.14.77

/index.php
/controller/script load fail.
2017-09-20 21:14:30
58.20.238.33

/index.php
/controller/supportbox load fail.
2017-09-20 21:14:31
58.20.238.33

/index.php
/controller/demo load fail.
2017-09-20 21:14:40
58.20.238.33

/index.php
/controller/warning load fail.
2017-09-20 21:37:13
140.205.201.44

/index.php
/controller/phpmyadmin load fail.
2017-09-20 21:37:21
140.205.201.43

/index.php
/controller/phpmyadmin load fail.
2017-09-20 21:37:22
140.205.201.43

/index.php
/controller/phpmyadmin load fail.
2017-09-20 21:37:23
140.205.201.43

/index.php
/controller/phpmyadmin load fail.
2017-09-20 21:37:23
140.205.201.43

/index.php
/controller/phpmyadmin load fail.
2017-09-20 21:37:24
140.205.201.43

/index.php
/controller/phpmyadmin load fail.
2017-09-20 21:37:24
140.205.201.43

/index.php
/controller/phpmyadmin load fail.
2017-09-20 21:37:25
140.205.201.43

/index.php
/controller/phpmyadmin load fail.
2017-09-20 21:37:26
140.205.201.43

/index.php
/controller/script load fail.
2017-09-20 21:37:26
106.39.189.165

/index.php
/controller/phpmyadmin load fail.
2017-09-20 21:37:27
140.205.201.43

/index.php
/controller/phpmyadmin load fail.
2017-09-20 21:37:28
140.205.201.43

/index.php
/controller/phpmyadmin load fail.
2017-09-20 21:37:29
140.205.201.43

/index.php
/controller/phpmyadmin load fail.
2017-09-20 21:37:29
140.205.201.43

/index.php
/controller/phpmyadmin load fail.
2017-09-20 21:37:30
140.205.201.43

/index.php
/controller/phpmyadmin load fail.
2017-09-20 21:37:30
140.205.201.43

/index.php
/controller/phpmyadmin load fail.
2017-09-20 21:37:31
140.205.201.43

/index.php
/controller/phpmyadmin load fail.
2017-09-20 21:37:32
140.205.201.43

/index.php
/controller/phpmyadmin load fail.
2017-09-20 21:37:33
140.205.201.43

/index.php
/controller/phpmyadmin load fail.
2017-09-20 21:37:33
140.205.201.43

/index.php
/controller/phpmyadmin load fail.
2017-09-20 21:37:34
140.205.201.43

/index.php
/controller/phpmyadmin load fail.
2017-09-20 21:37:34
140.205.201.43

/index.php
/controller/static load fail.
2017-09-20 21:37:58
119.131.77.185

/index.php
/controller/static load fail.
2017-09-20 21:37:58
119.131.77.185

/index.php
/controller/static load fail.
2017-09-20 21:37:58
119.131.77.185

/index.php
/controller/static load fail.
2017-09-20 21:38:00
119.131.77.185

/index.php
/controller/static load fail.
2017-09-20 21:38:00
119.131.77.185

/index.php
/controller/static load fail.
2017-09-20 21:38:00
119.131.77.185

/index.php
/controller/static load fail.
2017-09-20 21:38:38
119.131.77.185

/index.php
/controller/static load fail.
2017-09-20 21:38:38
119.131.77.185

/index.php
/controller/static load fail.
2017-09-20 21:38:38
119.131.77.185

/index.php
/controller/static load fail.
2017-09-20 21:38:40
119.131.77.185

/index.php
/controller/static load fail.
2017-09-20 21:38:40
119.131.77.185

/index.php
/controller/static load fail.
2017-09-20 21:38:40
119.131.77.185

/index.php
/controller/static load fail.
2017-09-20 21:38:49
119.131.77.185

/index.php
/controller/static load fail.
2017-09-20 21:38:49
119.131.77.185

/index.php
/controller/static load fail.
2017-09-20 21:38:50
119.131.77.185

/index.php
/controller/static load fail.
2017-09-20 21:38:52
119.131.77.185

/index.php
/controller/static load fail.
2017-09-20 21:38:53
119.131.77.185

/index.php
/controller/static load fail.
2017-09-20 21:38:53
119.131.77.185

/index.php
/controller/static load fail.
2017-09-20 21:39:48
119.131.77.185

/index.php
/controller/static load fail.
2017-09-20 21:39:48
119.131.77.185

/index.php
/controller/static load fail.
2017-09-20 21:39:48
119.131.77.185

/index.php
/controller/static load fail.
2017-09-20 21:39:51
119.131.77.185

/index.php
/controller/static load fail.
2017-09-20 21:39:51
119.131.77.185

/index.php
/controller/static load fail.
2017-09-20 21:39:51
119.131.77.185

/index.php
/controller/static load fail.
2017-09-20 21:39:56
119.131.77.185

/index.php
/controller/static load fail.
2017-09-20 21:39:57
119.131.77.185

/index.php
/controller/static load fail.
2017-09-20 21:39:57
119.131.77.185

/index.php
/controller/static load fail.
2017-09-20 21:40:05
119.131.77.185

/index.php
/controller/static load fail.
2017-09-20 21:40:05
119.131.77.185

/index.php
/controller/static load fail.
2017-09-20 21:40:05
119.131.77.185

/index.php
/controller/static load fail.
2017-09-20 21:40:24
119.131.77.185

/index.php
/controller/static load fail.
2017-09-20 21:40:24
119.131.77.185

/index.php
/controller/static load fail.
2017-09-20 21:40:24
119.131.77.185

/index.php
/controller/static load fail.
2017-09-20 21:40:29
119.131.77.185

/index.php
/controller/static load fail.
2017-09-20 21:40:29
119.131.77.185

/index.php
/controller/static load fail.
2017-09-20 21:40:30
119.131.77.185

/index.php
/controller/static load fail.
2017-09-20 21:40:36
119.131.77.185

/index.php
/controller/static load fail.
2017-09-20 21:40:36
119.131.77.185

/index.php
/controller/static load fail.
2017-09-20 21:40:36
119.131.77.185

/index.php
/controller/static load fail.
2017-09-20 21:40:43
119.131.77.185

/index.php
/controller/static load fail.
2017-09-20 21:40:43
119.131.77.185

/index.php
/controller/static load fail.
2017-09-20 21:40:43
119.131.77.185

/index.php
/controller/static load fail.
2017-09-20 21:40:59
119.131.77.185

/index.php
/controller/static load fail.
2017-09-20 21:40:59
119.131.77.185

/index.php
/controller/static load fail.
2017-09-20 21:40:59
119.131.77.185

/index.php
/controller/static load fail.
2017-09-20 21:41:05
119.131.77.185

/index.php
/controller/static load fail.
2017-09-20 21:41:06
119.131.77.185

/index.php
/controller/static load fail.
2017-09-20 21:41:06
119.131.77.185

/index.php
/controller/pleasereadthis load fail.
2017-09-20 21:49:08
140.205.201.44

/index.php
/controller/showcase load fail.
2017-09-20 21:51:05
140.205.201.43

/index.php
/controller/integration load fail.
2017-09-20 21:51:06
140.205.201.43

/index.php
/controller/please_read load fail.
2017-09-20 21:56:21
140.205.201.44

/index.php
/controller/script load fail.
2017-09-20 21:56:37
112.97.60.188

/index.php
/controller/supportbox load fail.
2017-09-20 21:56:39
112.97.60.188

/index.php
/controller/ganglia load fail.
2017-09-20 21:58:48
140.205.201.43

/index.php
/controller/hadoop load fail.
2017-09-20 22:13:41
140.205.201.44

/index.php
/controller/cjxhiuezdstq load fail.
2017-09-20 22:25:01
140.205.201.43

/index.php
/controller/l load fail.
2017-09-20 22:36:36
123.139.23.41

/index.php
/controller/l load fail.
2017-09-20 22:36:39
123.139.23.41

/index.php
/controller/script load fail.
2017-09-20 22:38:09
222.160.198.40

/index.php
/controller/supportbox load fail.
2017-09-20 22:38:09
222.160.198.40

/index.php
/controller/demo load fail.
2017-09-20 22:38:15
222.160.198.40

/index.php
/controller/hwi load fail.
2017-09-20 22:39:19
140.205.201.43

/index.php
/controller/script load fail.
2017-09-20 22:40:06
42.156.136.30

/index.php
/controller/script load fail.
2017-09-20 22:40:06
42.156.136.30

/index.php
/controller/admin load fail.
2017-09-20 22:43:37
222.160.198.40

/index.php
/controller/script load fail.
2017-09-20 22:49:01
112.12.133.255

/index.php
/controller/supportbox load fail.
2017-09-20 22:49:02
112.12.133.255

/index.php
/controller/script load fail.
2017-09-20 23:01:05
124.90.51.84

/index.php
/controller/supportbox load fail.
2017-09-20 23:01:07
124.90.51.84

/index.php
/controller/demo load fail.
2017-09-20 23:01:30
124.90.51.84

/index.php
/controller/script load fail.
2017-09-20 23:11:53
183.48.20.134

/index.php
/controller/supportbox load fail.
2017-09-20 23:11:56
183.48.20.134

/index.php
/controller/script load fail.
2017-09-20 23:14:35
124.104.211.221

/index.php
/controller/supportbox load fail.
2017-09-20 23:14:37
124.104.211.221

/index.php
/controller/info load fail.
2017-09-20 23:18:20
140.205.201.43

/index.php
/controller/script load fail.
2017-09-20 23:27:15
123.151.43.126

/index.php
/controller/jenkins load fail.
2017-09-20 23:44:31
140.205.201.43

/index.php
/controller/zabbix load fail.
2017-09-20 23:48:04
140.205.201.43

/index.php
/controller/solr load fail.
2017-09-20 23:49:18
140.205.201.43

/index.php
/controller/warning load fail.
2017-09-20 23:57:41
140.205.201.43

