/index.php
/controller/css load fail.
2018-01-21 10:34:26
117.34.13.12

/index.php
/controller/css load fail.
2018-01-21 12:02:26
122.190.2.60

/index.php
/controller/demo load fail.
2018-01-21 12:03:04
122.190.2.30

/index.php
/controller/demo load fail.
2018-01-21 12:03:32
122.190.2.30

/index.php
/controller/demo load fail.
2018-01-21 12:04:40
122.190.2.30

/index.php
/controller/demo load fail.
2018-01-21 12:08:45
122.190.2.30

/index.php
/controller/css load fail.
2018-01-21 12:19:58
117.34.13.12

/index.php
/controller/css load fail.
2018-01-21 12:20:25
117.34.13.12

/index.php
/controller/css load fail.
2018-01-21 12:20:41
117.34.13.12

/index.php
/controller/static load fail.
2018-01-21 12:21:01
117.34.13.36

/index.php
/controller/static load fail.
2018-01-21 12:21:01
117.34.13.60

/index.php
/controller/static load fail.
2018-01-21 12:21:01
117.34.13.54

/index.php
/controller/static load fail.
2018-01-21 12:21:15
117.34.13.36

/index.php
/controller/static load fail.
2018-01-21 12:21:15
117.34.13.60

/index.php
/controller/static load fail.
2018-01-21 12:21:15
117.34.13.54

/index.php
/controller/static load fail.
2018-01-21 12:22:43
117.34.13.36

/index.php
/controller/static load fail.
2018-01-21 12:22:43
117.34.13.60

/index.php
/controller/static load fail.
2018-01-21 12:22:43
117.34.13.54

/index.php
/controller/static load fail.
2018-01-21 12:22:46
117.34.13.36

/index.php
/controller/static load fail.
2018-01-21 12:22:46
117.34.13.60

/index.php
/controller/static load fail.
2018-01-21 12:22:46
117.34.13.54

/index.php
/controller/static load fail.
2018-01-21 12:23:28
117.34.13.36

/index.php
/controller/static load fail.
2018-01-21 12:23:28
117.34.13.60

/index.php
/controller/static load fail.
2018-01-21 12:23:28
117.34.13.54

/index.php
/controller/static load fail.
2018-01-21 12:23:30
117.34.13.36

/index.php
/controller/static load fail.
2018-01-21 12:23:30
117.34.13.60

/index.php
/controller/static load fail.
2018-01-21 12:23:30
117.34.13.54

/index.php
/controller/static load fail.
2018-01-21 12:23:36
117.34.13.36

/index.php
/controller/static load fail.
2018-01-21 12:23:36
117.34.13.60

/index.php
/controller/static load fail.
2018-01-21 12:23:36
117.34.13.54

/index.php
/controller/static load fail.
2018-01-21 12:23:38
117.34.13.36

/index.php
/controller/static load fail.
2018-01-21 12:23:38
117.34.13.60

/index.php
/controller/static load fail.
2018-01-21 12:23:38
117.34.13.54

/index.php
/controller/static load fail.
2018-01-21 12:24:41
117.34.13.36

/index.php
/controller/static load fail.
2018-01-21 12:24:41
117.34.13.60

/index.php
/controller/static load fail.
2018-01-21 12:24:41
117.34.13.54

/index.php
/controller/static load fail.
2018-01-21 12:24:47
117.34.13.36

/index.php
/controller/static load fail.
2018-01-21 12:24:47
117.34.13.60

/index.php
/controller/static load fail.
2018-01-21 12:24:47
117.34.13.54

/index.php
/controller/static load fail.
2018-01-21 12:25:26
117.34.13.36

/index.php
/controller/static load fail.
2018-01-21 12:25:26
117.34.13.60

/index.php
/controller/static load fail.
2018-01-21 12:25:26
117.34.13.54

/index.php
/controller/static load fail.
2018-01-21 12:25:31
117.34.13.36

/index.php
/controller/static load fail.
2018-01-21 12:25:32
117.34.13.60

/index.php
/controller/static load fail.
2018-01-21 12:25:32
117.34.13.54

/index.php
/controller/static load fail.
2018-01-21 12:25:34
117.34.13.36

/index.php
/controller/static load fail.
2018-01-21 12:25:34
117.34.13.60

/index.php
/controller/static load fail.
2018-01-21 12:25:34
117.34.13.54

/index.php
/controller/static load fail.
2018-01-21 12:41:13
117.34.13.36

/index.php
/controller/static load fail.
2018-01-21 12:41:13
117.34.13.60

/index.php
/controller/static load fail.
2018-01-21 12:41:13
117.34.13.54

/index.php
/controller/static load fail.
2018-01-21 13:24:59
117.34.13.36

/index.php
/controller/static load fail.
2018-01-21 13:24:59
117.34.13.60

/index.php
/controller/static load fail.
2018-01-21 13:24:59
117.34.13.54

/index.php
/controller/css load fail.
2018-01-21 14:44:47
108.162.246.82

/index.php
/controller/static load fail.
2018-01-21 15:06:48
117.34.13.36

/index.php
/controller/static load fail.
2018-01-21 15:06:49
117.34.13.60

/index.php
/controller/static load fail.
2018-01-21 15:06:49
117.34.13.54

/index.php
/controller/static load fail.
2018-01-21 15:06:54
117.34.13.36

/index.php
/controller/static load fail.
2018-01-21 15:06:54
117.34.13.60

/index.php
/controller/static load fail.
2018-01-21 15:06:54
117.34.13.54

/index.php
/controller/static load fail.
2018-01-21 15:08:03
117.34.13.36

/index.php
/controller/static load fail.
2018-01-21 15:08:04
117.34.13.60

/index.php
/controller/static load fail.
2018-01-21 15:08:04
117.34.13.54

/index.php
/controller/static load fail.
2018-01-21 15:08:05
117.34.13.36

/index.php
/controller/static load fail.
2018-01-21 15:08:05
117.34.13.60

/index.php
/controller/static load fail.
2018-01-21 15:08:06
117.34.13.54

/index.php
/controller/static load fail.
2018-01-21 15:08:08
117.34.13.36

/index.php
/controller/static load fail.
2018-01-21 15:08:08
117.34.13.60

/index.php
/controller/static load fail.
2018-01-21 15:08:08
117.34.13.54

/index.php
/controller/static load fail.
2018-01-21 15:08:10
117.34.13.36

/index.php
/controller/static load fail.
2018-01-21 15:08:10
117.34.13.60

/index.php
/controller/static load fail.
2018-01-21 15:08:10
117.34.13.54

/index.php
/controller/static load fail.
2018-01-21 15:08:14
117.34.13.36

/index.php
/controller/static load fail.
2018-01-21 15:08:14
117.34.13.60

/index.php
/controller/static load fail.
2018-01-21 15:08:14
117.34.13.54

/index.php
/controller/static load fail.
2018-01-21 15:08:40
117.34.13.36

/index.php
/controller/static load fail.
2018-01-21 15:08:40
117.34.13.60

/index.php
/controller/static load fail.
2018-01-21 15:08:40
117.34.13.54

/index.php
/controller/static load fail.
2018-01-21 15:08:42
117.34.13.36

/index.php
/controller/static load fail.
2018-01-21 15:08:42
117.34.13.60

/index.php
/controller/static load fail.
2018-01-21 15:08:42
117.34.13.54

/index.php
/controller/static load fail.
2018-01-21 15:08:44
117.34.13.36

/index.php
/controller/static load fail.
2018-01-21 15:08:44
117.34.13.60

/index.php
/controller/static load fail.
2018-01-21 15:08:44
117.34.13.54

/index.php
/controller/static load fail.
2018-01-21 15:08:48
117.34.13.36

/index.php
/controller/static load fail.
2018-01-21 15:08:48
117.34.13.60

/index.php
/controller/static load fail.
2018-01-21 15:08:48
117.34.13.54

/index.php
/controller/static load fail.
2018-01-21 15:08:51
117.34.13.36

/index.php
/controller/static load fail.
2018-01-21 15:08:51
117.34.13.60

/index.php
/controller/static load fail.
2018-01-21 15:08:51
117.34.13.54

/index.php
/controller/static load fail.
2018-01-21 15:09:06
117.34.13.36

/index.php
/controller/static load fail.
2018-01-21 15:09:06
117.34.13.60

/index.php
/controller/static load fail.
2018-01-21 15:09:06
117.34.13.54

/index.php
/controller/static load fail.
2018-01-21 15:09:08
117.34.13.36

/index.php
/controller/static load fail.
2018-01-21 15:09:08
117.34.13.60

/index.php
/controller/static load fail.
2018-01-21 15:09:08
117.34.13.54

/index.php
/controller/static load fail.
2018-01-21 15:09:11
117.34.13.36

/index.php
/controller/static load fail.
2018-01-21 15:09:11
117.34.13.60

/index.php
/controller/static load fail.
2018-01-21 15:09:11
117.34.13.54

/index.php
/controller/static load fail.
2018-01-21 15:09:13
117.34.13.36

/index.php
/controller/static load fail.
2018-01-21 15:09:13
117.34.13.60

/index.php
/controller/static load fail.
2018-01-21 15:09:13
117.34.13.54

/index.php
/controller/static load fail.
2018-01-21 15:09:15
117.34.13.36

/index.php
/controller/static load fail.
2018-01-21 15:09:15
117.34.13.60

/index.php
/controller/static load fail.
2018-01-21 15:09:15
117.34.13.54

/index.php
/controller/static load fail.
2018-01-21 15:10:40
117.34.13.36

/index.php
/controller/static load fail.
2018-01-21 15:10:40
117.34.13.60

/index.php
/controller/static load fail.
2018-01-21 15:10:40
117.34.13.54

/index.php
/controller/static load fail.
2018-01-21 15:10:55
117.34.13.36

/index.php
/controller/static load fail.
2018-01-21 15:10:55
117.34.13.60

/index.php
/controller/static load fail.
2018-01-21 15:10:55
117.34.13.54

/index.php
/controller/static load fail.
2018-01-21 15:11:16
117.34.13.36

/index.php
/controller/static load fail.
2018-01-21 15:11:16
117.34.13.60

/index.php
/controller/static load fail.
2018-01-21 15:11:16
117.34.13.54

/index.php
/controller/static load fail.
2018-01-21 15:28:17
117.34.13.36

/index.php
/controller/static load fail.
2018-01-21 15:28:18
117.34.13.60

/index.php
/controller/static load fail.
2018-01-21 15:28:18
117.34.13.54

/index.php
/controller/demo load fail.
2018-01-21 15:31:36
122.190.2.30

/index.php
/controller/static load fail.
2018-01-21 15:45:54
117.34.13.36

/index.php
/controller/static load fail.
2018-01-21 15:45:54
117.34.13.60

/index.php
/controller/static load fail.
2018-01-21 15:45:54
117.34.13.54

/index.php
/controller/static load fail.
2018-01-21 15:46:03
117.34.13.36

/index.php
/controller/static load fail.
2018-01-21 15:46:03
117.34.13.60

/index.php
/controller/static load fail.
2018-01-21 15:46:03
117.34.13.54

/index.php
/controller/static load fail.
2018-01-21 15:46:30
117.34.13.36

/index.php
/controller/static load fail.
2018-01-21 15:46:30
117.34.13.60

/index.php
/controller/static load fail.
2018-01-21 15:46:30
117.34.13.54

/index.php
/controller/static load fail.
2018-01-21 15:47:27
117.34.13.36

/index.php
/controller/static load fail.
2018-01-21 15:47:27
117.34.13.60

/index.php
/controller/static load fail.
2018-01-21 15:47:28
117.34.13.54

/index.php
/controller/demo load fail.
2018-01-21 15:53:36
117.34.13.36

/index.php
/controller/static load fail.
2018-01-21 15:59:45
117.34.13.36

/index.php
/controller/static load fail.
2018-01-21 15:59:45
117.34.13.60

/index.php
/controller/static load fail.
2018-01-21 15:59:45
117.34.13.54

/index.php
/controller/css load fail.
2018-01-21 16:30:14
122.190.2.60

/index.php
/controller/css load fail.
2018-01-21 16:31:43
122.190.2.60

/index.php
/controller/css load fail.
2018-01-21 16:32:18
122.190.2.60

/index.php
/controller/static load fail.
2018-01-21 16:32:48
117.34.13.36

/index.php
/controller/static load fail.
2018-01-21 16:32:48
117.34.13.60

/index.php
/controller/static load fail.
2018-01-21 16:32:48
117.34.13.54

/index.php
/controller/static load fail.
2018-01-21 16:33:31
117.34.13.36

/index.php
/controller/static load fail.
2018-01-21 16:33:31
117.34.13.60

/index.php
/controller/static load fail.
2018-01-21 16:33:31
117.34.13.54

/index.php
/controller/static load fail.
2018-01-21 16:33:33
117.34.13.36

/index.php
/controller/static load fail.
2018-01-21 16:33:33
117.34.13.60

/index.php
/controller/static load fail.
2018-01-21 16:33:33
117.34.13.54

/index.php
/controller/static load fail.
2018-01-21 16:33:39
117.34.13.36

/index.php
/controller/static load fail.
2018-01-21 16:33:39
117.34.13.60

/index.php
/controller/static load fail.
2018-01-21 16:33:39
117.34.13.54

/index.php
/controller/static load fail.
2018-01-21 16:33:40
117.34.13.36

/index.php
/controller/static load fail.
2018-01-21 16:33:40
117.34.13.60

/index.php
/controller/static load fail.
2018-01-21 16:33:40
117.34.13.54

/index.php
/controller/static load fail.
2018-01-21 16:33:41
117.34.13.36

/index.php
/controller/static load fail.
2018-01-21 16:33:41
117.34.13.60

/index.php
/controller/static load fail.
2018-01-21 16:33:41
117.34.13.54

/index.php
/controller/static load fail.
2018-01-21 16:33:44
117.34.13.36

/index.php
/controller/static load fail.
2018-01-21 16:33:44
117.34.13.60

/index.php
/controller/static load fail.
2018-01-21 16:33:44
117.34.13.54

/index.php
/controller/static load fail.
2018-01-21 16:33:45
117.34.13.36

/index.php
/controller/static load fail.
2018-01-21 16:33:45
117.34.13.60

/index.php
/controller/static load fail.
2018-01-21 16:33:45
117.34.13.54

/index.php
/controller/static load fail.
2018-01-21 16:33:55
117.34.13.36

/index.php
/controller/static load fail.
2018-01-21 16:33:55
117.34.13.60

/index.php
/controller/static load fail.
2018-01-21 16:33:55
117.34.13.54

/index.php
/controller/static load fail.
2018-01-21 16:33:56
117.34.13.36

/index.php
/controller/static load fail.
2018-01-21 16:33:56
117.34.13.60

/index.php
/controller/static load fail.
2018-01-21 16:33:56
117.34.13.54

/index.php
/controller/static load fail.
2018-01-21 16:33:57
117.34.13.36

/index.php
/controller/static load fail.
2018-01-21 16:33:57
117.34.13.60

/index.php
/controller/static load fail.
2018-01-21 16:33:58
117.34.13.54

/index.php
/controller/static load fail.
2018-01-21 16:33:59
117.34.13.36

/index.php
/controller/static load fail.
2018-01-21 16:33:59
117.34.13.60

/index.php
/controller/static load fail.
2018-01-21 16:33:59
117.34.13.54

/index.php
/controller/static load fail.
2018-01-21 16:34:03
117.34.13.36

/index.php
/controller/static load fail.
2018-01-21 16:34:03
117.34.13.60

/index.php
/controller/static load fail.
2018-01-21 16:34:03
117.34.13.54

/index.php
/controller/css load fail.
2018-01-21 16:34:58
117.34.13.12

/index.php
/controller/static load fail.
2018-01-21 16:35:28
117.34.13.36

/index.php
/controller/static load fail.
2018-01-21 16:35:28
117.34.13.60

/index.php
/controller/static load fail.
2018-01-21 16:35:28
117.34.13.54

/index.php
/controller/static load fail.
2018-01-21 16:35:35
117.34.13.36

/index.php
/controller/static load fail.
2018-01-21 16:35:35
117.34.13.60

/index.php
/controller/static load fail.
2018-01-21 16:35:35
117.34.13.54

/index.php
/controller/static load fail.
2018-01-21 16:35:37
117.34.13.36

/index.php
/controller/static load fail.
2018-01-21 16:35:37
117.34.13.60

/index.php
/controller/static load fail.
2018-01-21 16:35:37
117.34.13.54

/index.php
/controller/css load fail.
2018-01-21 16:48:03
172.68.255.103

/index.php
/controller/css load fail.
2018-01-21 16:52:40
117.34.13.12

/index.php
/controller/demo load fail.
2018-01-21 16:52:42
117.34.13.36

/index.php
/controller/static load fail.
2018-01-21 17:00:03
117.34.13.36

/index.php
/controller/static load fail.
2018-01-21 17:00:04
117.34.13.60

/index.php
/controller/static load fail.
2018-01-21 17:00:04
117.34.13.54

/index.php
/controller/css load fail.
2018-01-21 17:03:48
122.190.2.60

/index.php
/controller/demo load fail.
2018-01-21 17:03:49
122.190.2.30

/index.php
/controller/static load fail.
2018-01-21 17:28:33
117.34.13.36

/index.php
/controller/static load fail.
2018-01-21 17:28:33
117.34.13.60

/index.php
/controller/static load fail.
2018-01-21 17:28:33
117.34.13.54

/index.php
/controller/static load fail.
2018-01-21 17:28:35
117.34.13.36

/index.php
/controller/static load fail.
2018-01-21 17:28:35
117.34.13.60

/index.php
/controller/static load fail.
2018-01-21 17:28:35
117.34.13.54

/index.php
/controller/static load fail.
2018-01-21 17:28:43
117.34.13.36

/index.php
/controller/static load fail.
2018-01-21 17:28:43
117.34.13.60

/index.php
/controller/static load fail.
2018-01-21 17:28:45
117.34.13.54

/index.php
/controller/static load fail.
2018-01-21 17:28:48
117.34.13.36

/index.php
/controller/static load fail.
2018-01-21 17:28:48
117.34.13.60

/index.php
/controller/static load fail.
2018-01-21 17:28:48
117.34.13.54

/index.php
/controller/static load fail.
2018-01-21 17:28:54
117.34.13.36

/index.php
/controller/static load fail.
2018-01-21 17:28:54
117.34.13.60

/index.php
/controller/static load fail.
2018-01-21 17:28:54
117.34.13.54

/index.php
/controller/static load fail.
2018-01-21 17:29:07
117.34.13.36

/index.php
/controller/static load fail.
2018-01-21 17:29:07
117.34.13.60

/index.php
/controller/static load fail.
2018-01-21 17:29:09
117.34.13.54

/index.php
/controller/static load fail.
2018-01-21 17:30:21
117.34.13.36

/index.php
/controller/static load fail.
2018-01-21 17:30:21
117.34.13.60

/index.php
/controller/static load fail.
2018-01-21 17:30:21
117.34.13.54

/index.php
/controller/static load fail.
2018-01-21 18:36:11
117.34.13.36

/index.php
/controller/static load fail.
2018-01-21 18:36:11
117.34.13.60

/index.php
/controller/static load fail.
2018-01-21 18:36:11
117.34.13.54

/index.php
/controller/static load fail.
2018-01-21 18:36:22
117.34.13.36

/index.php
/controller/static load fail.
2018-01-21 18:36:22
117.34.13.60

/index.php
/controller/static load fail.
2018-01-21 18:36:22
117.34.13.54

/index.php
/controller/static load fail.
2018-01-21 18:36:26
117.34.13.36

/index.php
/controller/static load fail.
2018-01-21 18:36:26
117.34.13.60

/index.php
/controller/static load fail.
2018-01-21 18:36:26
117.34.13.54

/index.php
/controller/static load fail.
2018-01-21 18:36:28
117.34.13.36

/index.php
/controller/static load fail.
2018-01-21 18:36:28
117.34.13.60

/index.php
/controller/static load fail.
2018-01-21 18:36:28
117.34.13.54

/index.php
/controller/static load fail.
2018-01-21 18:36:29
117.34.13.36

/index.php
/controller/static load fail.
2018-01-21 18:36:29
117.34.13.60

/index.php
/controller/static load fail.
2018-01-21 18:36:29
117.34.13.54

/index.php
/controller/static load fail.
2018-01-21 18:36:35
117.34.13.36

/index.php
/controller/static load fail.
2018-01-21 18:36:35
117.34.13.60

/index.php
/controller/static load fail.
2018-01-21 18:36:35
117.34.13.54

/index.php
/controller/static load fail.
2018-01-21 18:37:10
117.34.13.36

/index.php
/controller/static load fail.
2018-01-21 18:37:10
117.34.13.60

/index.php
/controller/static load fail.
2018-01-21 18:37:10
117.34.13.54

/index.php
/controller/static load fail.
2018-01-21 18:38:28
117.34.13.36

/index.php
/controller/static load fail.
2018-01-21 18:38:28
117.34.13.60

/index.php
/controller/static load fail.
2018-01-21 18:38:28
117.34.13.54

/index.php
/controller/static load fail.
2018-01-21 18:38:31
117.34.13.36

/index.php
/controller/static load fail.
2018-01-21 18:38:31
117.34.13.60

/index.php
/controller/static load fail.
2018-01-21 18:38:31
117.34.13.54

/index.php
/controller/static load fail.
2018-01-21 18:38:33
117.34.13.36

/index.php
/controller/static load fail.
2018-01-21 18:38:33
117.34.13.60

/index.php
/controller/static load fail.
2018-01-21 18:38:33
117.34.13.54

/index.php
/controller/static load fail.
2018-01-21 18:39:07
117.34.13.36

/index.php
/controller/static load fail.
2018-01-21 18:39:08
117.34.13.60

/index.php
/controller/static load fail.
2018-01-21 18:39:08
117.34.13.54

/index.php
/controller/static load fail.
2018-01-21 18:39:10
117.34.13.36

/index.php
/controller/static load fail.
2018-01-21 18:39:10
117.34.13.60

/index.php
/controller/static load fail.
2018-01-21 18:39:10
117.34.13.54

/index.php
/controller/static load fail.
2018-01-21 18:40:43
117.34.13.36

/index.php
/controller/static load fail.
2018-01-21 18:40:43
117.34.13.60

/index.php
/controller/static load fail.
2018-01-21 18:40:43
117.34.13.54

/index.php
/controller/static load fail.
2018-01-21 18:40:45
117.34.13.36

/index.php
/controller/static load fail.
2018-01-21 18:40:45
117.34.13.60

/index.php
/controller/static load fail.
2018-01-21 18:40:45
117.34.13.54

/index.php
/controller/static load fail.
2018-01-21 18:41:57
117.34.13.36

/index.php
/controller/static load fail.
2018-01-21 18:41:57
117.34.13.60

/index.php
/controller/static load fail.
2018-01-21 18:41:57
117.34.13.54

/index.php
/controller/static load fail.
2018-01-21 18:42:14
117.34.13.36

/index.php
/controller/static load fail.
2018-01-21 18:42:14
117.34.13.60

/index.php
/controller/static load fail.
2018-01-21 18:42:14
117.34.13.54

/index.php
/controller/static load fail.
2018-01-21 18:42:17
117.34.13.36

/index.php
/controller/static load fail.
2018-01-21 18:42:17
117.34.13.60

/index.php
/controller/static load fail.
2018-01-21 18:42:17
117.34.13.54

/index.php
/controller/static load fail.
2018-01-21 18:42:22
117.34.13.36

/index.php
/controller/static load fail.
2018-01-21 18:42:22
117.34.13.60

/index.php
/controller/static load fail.
2018-01-21 18:42:23
117.34.13.54

/index.php
/controller/static load fail.
2018-01-21 18:42:25
117.34.13.36

/index.php
/controller/static load fail.
2018-01-21 18:42:25
117.34.13.60

/index.php
/controller/static load fail.
2018-01-21 18:42:25
117.34.13.54

/index.php
/controller/static load fail.
2018-01-21 18:52:10
117.34.13.36

/index.php
/controller/static load fail.
2018-01-21 18:52:10
117.34.13.60

/index.php
/controller/static load fail.
2018-01-21 18:52:10
117.34.13.54

/index.php
/controller/static load fail.
2018-01-21 18:52:12
117.34.13.36

/index.php
/controller/static load fail.
2018-01-21 18:52:12
117.34.13.60

/index.php
/controller/static load fail.
2018-01-21 18:52:12
117.34.13.54

/index.php
/controller/static load fail.
2018-01-21 18:54:02
117.34.13.36

/index.php
/controller/static load fail.
2018-01-21 18:54:02
117.34.13.60

/index.php
/controller/static load fail.
2018-01-21 18:54:02
117.34.13.54

/index.php
/controller/static load fail.
2018-01-21 18:54:12
117.34.13.36

/index.php
/controller/static load fail.
2018-01-21 18:54:12
117.34.13.60

/index.php
/controller/static load fail.
2018-01-21 18:54:12
117.34.13.54

/index.php
/controller/static load fail.
2018-01-21 18:54:15
117.34.13.36

/index.php
/controller/static load fail.
2018-01-21 18:54:15
117.34.13.60

/index.php
/controller/static load fail.
2018-01-21 18:54:15
117.34.13.54

/index.php
/controller/static load fail.
2018-01-21 18:54:34
117.34.13.36

/index.php
/controller/static load fail.
2018-01-21 18:54:35
117.34.13.60

/index.php
/controller/static load fail.
2018-01-21 18:54:35
117.34.13.54

/index.php
/controller/static load fail.
2018-01-21 18:54:56
117.34.13.36

/index.php
/controller/static load fail.
2018-01-21 18:54:56
117.34.13.60

/index.php
/controller/static load fail.
2018-01-21 18:54:56
117.34.13.54

/index.php
/controller/static load fail.
2018-01-21 18:58:07
117.34.13.36

/index.php
/controller/static load fail.
2018-01-21 18:58:08
117.34.13.60

/index.php
/controller/static load fail.
2018-01-21 18:58:08
117.34.13.54

/index.php
/controller/css load fail.
2018-01-21 19:00:13
122.190.2.60

/index.php
/controller/demo load fail.
2018-01-21 19:00:16
122.190.2.30

/index.php
/controller/demo load fail.
2018-01-21 19:01:55
122.190.2.30

/index.php
/controller/static load fail.
2018-01-21 19:03:16
117.34.13.36

/index.php
/controller/static load fail.
2018-01-21 19:03:17
117.34.13.60

/index.php
/controller/static load fail.
2018-01-21 19:03:17
117.34.13.54

/index.php
/controller/static load fail.
2018-01-21 19:03:18
117.34.13.36

/index.php
/controller/static load fail.
2018-01-21 19:03:18
117.34.13.60

/index.php
/controller/static load fail.
2018-01-21 19:03:18
117.34.13.54

/index.php
/controller/static load fail.
2018-01-21 19:03:20
117.34.13.36

/index.php
/controller/static load fail.
2018-01-21 19:03:20
117.34.13.60

/index.php
/controller/static load fail.
2018-01-21 19:03:20
117.34.13.54

/index.php
/controller/demo load fail.
2018-01-21 19:05:06
122.190.2.30

/index.php
/controller/demo load fail.
2018-01-21 19:05:33
122.190.2.30

/index.php
/controller/static load fail.
2018-01-21 19:16:33
117.34.13.36

/index.php
/controller/static load fail.
2018-01-21 19:16:33
117.34.13.60

/index.php
/controller/static load fail.
2018-01-21 19:16:33
117.34.13.54

/index.php
/controller/static load fail.
2018-01-21 19:36:11
117.34.13.36

/index.php
/controller/static load fail.
2018-01-21 19:36:11
117.34.13.60

/index.php
/controller/static load fail.
2018-01-21 19:36:11
117.34.13.54

/index.php
/controller/static load fail.
2018-01-21 19:36:14
117.34.13.36

/index.php
/controller/static load fail.
2018-01-21 19:36:15
117.34.13.60

/index.php
/controller/static load fail.
2018-01-21 19:36:15
117.34.13.54

/index.php
/controller/static load fail.
2018-01-21 19:36:24
117.34.13.36

/index.php
/controller/static load fail.
2018-01-21 19:36:24
117.34.13.60

/index.php
/controller/static load fail.
2018-01-21 19:36:24
117.34.13.54

/index.php
/controller/static load fail.
2018-01-21 19:36:32
117.34.13.36

/index.php
/controller/static load fail.
2018-01-21 19:36:32
117.34.13.60

/index.php
/controller/static load fail.
2018-01-21 19:36:32
117.34.13.54

/index.php
/controller/static load fail.
2018-01-21 19:36:35
117.34.13.36

/index.php
/controller/static load fail.
2018-01-21 19:36:35
117.34.13.60

/index.php
/controller/static load fail.
2018-01-21 19:36:35
117.34.13.54

/index.php
/controller/static load fail.
2018-01-21 19:36:37
117.34.13.36

/index.php
/controller/static load fail.
2018-01-21 19:36:38
117.34.13.60

/index.php
/controller/static load fail.
2018-01-21 19:36:38
117.34.13.54

/index.php
/controller/static load fail.
2018-01-21 19:36:41
117.34.13.36

/index.php
/controller/static load fail.
2018-01-21 19:36:41
117.34.13.60

/index.php
/controller/static load fail.
2018-01-21 19:36:41
117.34.13.54

/index.php
/controller/static load fail.
2018-01-21 19:38:16
117.34.13.36

/index.php
/controller/static load fail.
2018-01-21 19:38:16
117.34.13.60

/index.php
/controller/static load fail.
2018-01-21 19:38:16
117.34.13.54

/index.php
/controller/static load fail.
2018-01-21 19:39:01
117.34.13.36

/index.php
/controller/static load fail.
2018-01-21 19:39:01
117.34.13.60

/index.php
/controller/static load fail.
2018-01-21 19:39:01
117.34.13.54

/index.php
/controller/static load fail.
2018-01-21 19:39:06
117.34.13.36

/index.php
/controller/static load fail.
2018-01-21 19:39:06
117.34.13.60

/index.php
/controller/static load fail.
2018-01-21 19:39:06
117.34.13.54

/index.php
/controller/css load fail.
2018-01-21 19:44:40
117.34.13.12

/index.php
/controller/css load fail.
2018-01-21 19:44:50
122.190.2.60

/index.php
/controller/static load fail.
2018-01-21 19:44:57
117.34.13.36

/index.php
/controller/static load fail.
2018-01-21 19:44:57
117.34.13.60

/index.php
/controller/static load fail.
2018-01-21 19:44:57
117.34.13.54

/index.php
/controller/static load fail.
2018-01-21 19:45:04
117.34.13.36

/index.php
/controller/static load fail.
2018-01-21 19:45:04
117.34.13.60

/index.php
/controller/static load fail.
2018-01-21 19:45:04
117.34.13.54

/index.php
/controller/static load fail.
2018-01-21 19:45:09
117.34.13.36

/index.php
/controller/static load fail.
2018-01-21 19:45:09
117.34.13.60

/index.php
/controller/static load fail.
2018-01-21 19:45:09
117.34.13.54

/index.php
/controller/static load fail.
2018-01-21 19:45:13
117.34.13.36

/index.php
/controller/static load fail.
2018-01-21 19:45:13
117.34.13.60

/index.php
/controller/static load fail.
2018-01-21 19:45:13
117.34.13.54

/index.php
/controller/static load fail.
2018-01-21 19:45:25
122.190.2.42

/index.php
/controller/static load fail.
2018-01-21 19:45:26
122.190.2.78

/index.php
/controller/static load fail.
2018-01-21 19:45:26
122.190.2.18

/index.php
/controller/static load fail.
2018-01-21 19:45:45
117.34.13.36

/index.php
/controller/static load fail.
2018-01-21 19:45:45
117.34.13.60

/index.php
/controller/static load fail.
2018-01-21 19:45:45
117.34.13.54

/index.php
/controller/static load fail.
2018-01-21 19:46:25
117.34.13.36

/index.php
/controller/static load fail.
2018-01-21 19:46:25
117.34.13.60

/index.php
/controller/static load fail.
2018-01-21 19:46:25
117.34.13.54

/index.php
/controller/static load fail.
2018-01-21 19:46:36
117.34.13.36

/index.php
/controller/static load fail.
2018-01-21 19:46:36
117.34.13.60

/index.php
/controller/static load fail.
2018-01-21 19:46:36
117.34.13.54

/index.php
/controller/static load fail.
2018-01-21 19:46:38
117.34.13.36

/index.php
/controller/static load fail.
2018-01-21 19:46:38
117.34.13.60

/index.php
/controller/static load fail.
2018-01-21 19:46:38
117.34.13.54

/index.php
/controller/static load fail.
2018-01-21 19:46:41
117.34.13.36

/index.php
/controller/static load fail.
2018-01-21 19:46:41
117.34.13.60

/index.php
/controller/static load fail.
2018-01-21 19:46:42
117.34.13.54

/index.php
/controller/static load fail.
2018-01-21 19:46:56
122.190.2.42

/index.php
/controller/static load fail.
2018-01-21 19:46:56
122.190.2.78

/index.php
/controller/static load fail.
2018-01-21 19:46:56
122.190.2.18

/index.php
/controller/static load fail.
2018-01-21 19:46:59
122.190.2.42

/index.php
/controller/static load fail.
2018-01-21 19:46:59
122.190.2.78

/index.php
/controller/static load fail.
2018-01-21 19:46:59
122.190.2.18

/index.php
/controller/static load fail.
2018-01-21 19:47:00
122.190.2.42

/index.php
/controller/static load fail.
2018-01-21 19:47:00
122.190.2.78

/index.php
/controller/static load fail.
2018-01-21 19:47:00
122.190.2.18

/index.php
/controller/static load fail.
2018-01-21 19:47:01
122.190.2.42

/index.php
/controller/static load fail.
2018-01-21 19:47:01
122.190.2.78

/index.php
/controller/static load fail.
2018-01-21 19:47:02
122.190.2.18

/index.php
/controller/static load fail.
2018-01-21 19:47:12
117.34.13.36

/index.php
/controller/static load fail.
2018-01-21 19:47:12
117.34.13.60

/index.php
/controller/static load fail.
2018-01-21 19:47:12
117.34.13.54

/index.php
/controller/static load fail.
2018-01-21 19:47:17
117.34.13.36

/index.php
/controller/static load fail.
2018-01-21 19:47:17
117.34.13.60

/index.php
/controller/static load fail.
2018-01-21 19:47:17
117.34.13.54

/index.php
/controller/static load fail.
2018-01-21 19:47:35
117.34.13.36

/index.php
/controller/static load fail.
2018-01-21 19:47:35
117.34.13.60

/index.php
/controller/static load fail.
2018-01-21 19:47:35
117.34.13.54

/index.php
/controller/static load fail.
2018-01-21 19:48:12
117.34.13.36

/index.php
/controller/static load fail.
2018-01-21 19:48:12
117.34.13.60

/index.php
/controller/static load fail.
2018-01-21 19:48:12
117.34.13.54

/index.php
/controller/static load fail.
2018-01-21 19:48:19
117.34.13.36

/index.php
/controller/static load fail.
2018-01-21 19:48:19
117.34.13.60

/index.php
/controller/static load fail.
2018-01-21 19:48:19
117.34.13.54

/index.php
/controller/static load fail.
2018-01-21 19:48:21
117.34.13.36

/index.php
/controller/static load fail.
2018-01-21 19:48:21
117.34.13.60

/index.php
/controller/static load fail.
2018-01-21 19:48:21
117.34.13.54

/index.php
/controller/static load fail.
2018-01-21 19:48:23
117.34.13.36

/index.php
/controller/static load fail.
2018-01-21 19:48:23
117.34.13.60

/index.php
/controller/static load fail.
2018-01-21 19:48:23
117.34.13.54

/index.php
/controller/static load fail.
2018-01-21 19:48:25
117.34.13.36

/index.php
/controller/static load fail.
2018-01-21 19:48:26
117.34.13.60

/index.php
/controller/static load fail.
2018-01-21 19:48:26
117.34.13.54

/index.php
/controller/static load fail.
2018-01-21 19:48:31
117.34.13.36

/index.php
/controller/static load fail.
2018-01-21 19:48:31
117.34.13.60

/index.php
/controller/static load fail.
2018-01-21 19:48:31
117.34.13.54

/index.php
/controller/static load fail.
2018-01-21 19:48:49
117.34.13.36

/index.php
/controller/static load fail.
2018-01-21 19:48:49
117.34.13.60

/index.php
/controller/static load fail.
2018-01-21 19:48:49
117.34.13.54

/index.php
/controller/static load fail.
2018-01-21 19:48:57
117.34.13.36

/index.php
/controller/static load fail.
2018-01-21 19:48:58
117.34.13.60

/index.php
/controller/static load fail.
2018-01-21 19:48:58
117.34.13.54

/index.php
/controller/static load fail.
2018-01-21 19:49:00
122.190.2.42

/index.php
/controller/static load fail.
2018-01-21 19:49:00
122.190.2.78

/index.php
/controller/static load fail.
2018-01-21 19:49:00
122.190.2.18

/index.php
/controller/static load fail.
2018-01-21 19:49:15
117.34.13.36

/index.php
/controller/static load fail.
2018-01-21 19:49:15
117.34.13.60

/index.php
/controller/static load fail.
2018-01-21 19:49:15
117.34.13.54

/index.php
/controller/static load fail.
2018-01-21 19:52:09
117.34.13.36

/index.php
/controller/static load fail.
2018-01-21 19:52:09
117.34.13.60

/index.php
/controller/static load fail.
2018-01-21 19:52:09
117.34.13.54

/index.php
/controller/static load fail.
2018-01-21 19:52:16
117.34.13.36

/index.php
/controller/static load fail.
2018-01-21 19:52:16
117.34.13.60

/index.php
/controller/static load fail.
2018-01-21 19:52:16
117.34.13.54

/index.php
/controller/static load fail.
2018-01-21 19:52:23
117.34.13.36

/index.php
/controller/static load fail.
2018-01-21 19:52:23
117.34.13.60

/index.php
/controller/static load fail.
2018-01-21 19:52:24
117.34.13.54

/index.php
/controller/static load fail.
2018-01-21 19:52:26
117.34.13.36

/index.php
/controller/static load fail.
2018-01-21 19:52:26
117.34.13.60

/index.php
/controller/static load fail.
2018-01-21 19:52:26
117.34.13.54

/index.php
/controller/static load fail.
2018-01-21 19:52:32
117.34.13.36

/index.php
/controller/static load fail.
2018-01-21 19:52:32
117.34.13.60

/index.php
/controller/static load fail.
2018-01-21 19:52:32
117.34.13.54

/index.php
/controller/static load fail.
2018-01-21 19:52:38
117.34.13.36

/index.php
/controller/static load fail.
2018-01-21 19:52:38
117.34.13.60

/index.php
/controller/static load fail.
2018-01-21 19:52:38
117.34.13.54

/index.php
/controller/static load fail.
2018-01-21 19:54:44
117.34.13.36

/index.php
/controller/static load fail.
2018-01-21 19:54:44
117.34.13.60

/index.php
/controller/static load fail.
2018-01-21 19:54:44
117.34.13.54

/index.php
/controller/static load fail.
2018-01-21 19:54:48
117.34.13.36

/index.php
/controller/static load fail.
2018-01-21 19:54:48
117.34.13.60

/index.php
/controller/static load fail.
2018-01-21 19:54:48
117.34.13.54

/index.php
/controller/static load fail.
2018-01-21 19:54:51
117.34.13.36

/index.php
/controller/static load fail.
2018-01-21 19:54:51
117.34.13.60

/index.php
/controller/static load fail.
2018-01-21 19:54:51
117.34.13.54

/index.php
/controller/static load fail.
2018-01-21 19:54:55
117.34.13.36

/index.php
/controller/static load fail.
2018-01-21 19:54:55
117.34.13.60

/index.php
/controller/static load fail.
2018-01-21 19:54:55
117.34.13.54

/index.php
/controller/static load fail.
2018-01-21 19:55:42
117.34.13.36

/index.php
/controller/static load fail.
2018-01-21 19:55:43
117.34.13.60

/index.php
/controller/static load fail.
2018-01-21 19:55:43
117.34.13.54

/index.php
/controller/static load fail.
2018-01-21 19:55:43
117.34.13.36

/index.php
/controller/static load fail.
2018-01-21 19:55:43
117.34.13.60

/index.php
/controller/static load fail.
2018-01-21 19:55:43
117.34.13.54

/index.php
/controller/static load fail.
2018-01-21 19:56:16
117.34.13.36

/index.php
/controller/static load fail.
2018-01-21 19:56:16
117.34.13.60

/index.php
/controller/static load fail.
2018-01-21 19:56:16
117.34.13.54

/index.php
/controller/static load fail.
2018-01-21 19:56:38
117.34.13.36

/index.php
/controller/static load fail.
2018-01-21 19:56:38
117.34.13.60

/index.php
/controller/static load fail.
2018-01-21 19:56:38
117.34.13.54

/index.php
/controller/static load fail.
2018-01-21 19:58:01
117.34.13.36

/index.php
/controller/static load fail.
2018-01-21 19:58:01
117.34.13.60

/index.php
/controller/static load fail.
2018-01-21 19:58:01
117.34.13.54

/index.php
/controller/static load fail.
2018-01-21 19:58:03
117.34.13.36

/index.php
/controller/static load fail.
2018-01-21 19:58:03
117.34.13.60

/index.php
/controller/static load fail.
2018-01-21 19:58:03
117.34.13.54

/index.php
/controller/static load fail.
2018-01-21 19:58:44
122.190.2.42

/index.php
/controller/static load fail.
2018-01-21 19:58:44
122.190.2.78

/index.php
/controller/static load fail.
2018-01-21 19:58:45
122.190.2.18

/index.php
/controller/static load fail.
2018-01-21 19:59:00
122.190.2.42

/index.php
/controller/static load fail.
2018-01-21 19:59:00
122.190.2.78

/index.php
/controller/static load fail.
2018-01-21 19:59:00
122.190.2.18

/index.php
/controller/static load fail.
2018-01-21 19:59:04
122.190.2.42

/index.php
/controller/static load fail.
2018-01-21 19:59:05
122.190.2.78

/index.php
/controller/static load fail.
2018-01-21 19:59:05
122.190.2.18

/index.php
/controller/static load fail.
2018-01-21 19:59:09
122.190.2.42

/index.php
/controller/static load fail.
2018-01-21 19:59:09
122.190.2.78

/index.php
/controller/static load fail.
2018-01-21 19:59:09
122.190.2.18

/index.php
/controller/static load fail.
2018-01-21 19:59:10
122.190.2.42

/index.php
/controller/static load fail.
2018-01-21 19:59:10
122.190.2.78

/index.php
/controller/static load fail.
2018-01-21 19:59:10
122.190.2.18

/index.php
/controller/static load fail.
2018-01-21 19:59:11
122.190.2.42

/index.php
/controller/static load fail.
2018-01-21 19:59:12
122.190.2.78

/index.php
/controller/static load fail.
2018-01-21 19:59:12
122.190.2.18

/index.php
/controller/static load fail.
2018-01-21 19:59:17
122.190.2.42

/index.php
/controller/static load fail.
2018-01-21 19:59:17
122.190.2.78

/index.php
/controller/static load fail.
2018-01-21 19:59:18
122.190.2.18

/index.php
/controller/static load fail.
2018-01-21 19:59:24
122.190.2.42

/index.php
/controller/static load fail.
2018-01-21 19:59:25
122.190.2.78

/index.php
/controller/static load fail.
2018-01-21 19:59:25
122.190.2.18

/index.php
/controller/static load fail.
2018-01-21 19:59:44
122.190.2.42

/index.php
/controller/static load fail.
2018-01-21 19:59:45
122.190.2.78

/index.php
/controller/static load fail.
2018-01-21 19:59:45
122.190.2.18

/index.php
/controller/static load fail.
2018-01-21 19:59:46
122.190.2.42

/index.php
/controller/static load fail.
2018-01-21 19:59:46
122.190.2.78

/index.php
/controller/static load fail.
2018-01-21 19:59:47
122.190.2.18

/index.php
/controller/static load fail.
2018-01-21 19:59:49
122.190.2.42

/index.php
/controller/static load fail.
2018-01-21 19:59:50
122.190.2.78

/index.php
/controller/static load fail.
2018-01-21 19:59:51
122.190.2.18

/index.php
/controller/static load fail.
2018-01-21 19:59:56
122.190.2.42

/index.php
/controller/static load fail.
2018-01-21 19:59:57
122.190.2.78

/index.php
/controller/static load fail.
2018-01-21 19:59:57
122.190.2.18

/index.php
/controller/static load fail.
2018-01-21 20:00:02
122.190.2.42

/index.php
/controller/static load fail.
2018-01-21 20:00:02
122.190.2.78

/index.php
/controller/static load fail.
2018-01-21 20:00:02
122.190.2.18

/index.php
/controller/static load fail.
2018-01-21 20:00:04
122.190.2.42

/index.php
/controller/static load fail.
2018-01-21 20:00:04
122.190.2.78

/index.php
/controller/static load fail.
2018-01-21 20:00:04
122.190.2.18

/index.php
/controller/static load fail.
2018-01-21 20:00:48
117.34.13.36

/index.php
/controller/static load fail.
2018-01-21 20:00:48
117.34.13.60

/index.php
/controller/static load fail.
2018-01-21 20:00:48
117.34.13.54

/index.php
/controller/static load fail.
2018-01-21 20:02:22
117.34.13.36

/index.php
/controller/static load fail.
2018-01-21 20:02:22
117.34.13.60

/index.php
/controller/static load fail.
2018-01-21 20:02:22
117.34.13.54

/index.php
/controller/static load fail.
2018-01-21 20:02:42
122.190.2.42

/index.php
/controller/static load fail.
2018-01-21 20:02:42
122.190.2.78

/index.php
/controller/static load fail.
2018-01-21 20:02:43
122.190.2.18

/index.php
/controller/static load fail.
2018-01-21 20:02:51
122.190.2.42

/index.php
/controller/static load fail.
2018-01-21 20:02:51
122.190.2.78

/index.php
/controller/static load fail.
2018-01-21 20:02:51
122.190.2.18

/index.php
/controller/static load fail.
2018-01-21 20:02:58
117.34.13.36

/index.php
/controller/static load fail.
2018-01-21 20:02:58
117.34.13.60

/index.php
/controller/static load fail.
2018-01-21 20:02:58
117.34.13.54

/index.php
/controller/static load fail.
2018-01-21 20:03:01
117.34.13.36

/index.php
/controller/static load fail.
2018-01-21 20:03:01
117.34.13.60

/index.php
/controller/static load fail.
2018-01-21 20:03:01
117.34.13.54

/index.php
/controller/static load fail.
2018-01-21 20:03:03
117.34.13.36

/index.php
/controller/static load fail.
2018-01-21 20:03:03
117.34.13.60

/index.php
/controller/static load fail.
2018-01-21 20:03:03
117.34.13.54

/index.php
/controller/static load fail.
2018-01-21 20:03:10
117.34.13.36

/index.php
/controller/static load fail.
2018-01-21 20:03:10
117.34.13.60

/index.php
/controller/static load fail.
2018-01-21 20:03:10
117.34.13.54

/index.php
/controller/static load fail.
2018-01-21 20:03:16
122.190.2.42

/index.php
/controller/static load fail.
2018-01-21 20:03:16
122.190.2.78

/index.php
/controller/static load fail.
2018-01-21 20:03:16
122.190.2.18

/index.php
/controller/static load fail.
2018-01-21 20:03:18
122.190.2.42

/index.php
/controller/static load fail.
2018-01-21 20:03:18
122.190.2.78

/index.php
/controller/static load fail.
2018-01-21 20:03:18
122.190.2.18

/index.php
/controller/static load fail.
2018-01-21 20:03:19
122.190.2.42

/index.php
/controller/static load fail.
2018-01-21 20:03:19
122.190.2.78

/index.php
/controller/static load fail.
2018-01-21 20:03:20
122.190.2.18

/index.php
/controller/static load fail.
2018-01-21 20:03:22
122.190.2.42

/index.php
/controller/static load fail.
2018-01-21 20:03:22
122.190.2.78

/index.php
/controller/static load fail.
2018-01-21 20:03:22
122.190.2.18

/index.php
/controller/static load fail.
2018-01-21 20:03:25
122.190.2.42

/index.php
/controller/static load fail.
2018-01-21 20:03:25
122.190.2.78

/index.php
/controller/static load fail.
2018-01-21 20:03:25
122.190.2.18

/index.php
/controller/static load fail.
2018-01-21 20:03:27
117.34.13.36

/index.php
/controller/static load fail.
2018-01-21 20:03:28
117.34.13.60

/index.php
/controller/static load fail.
2018-01-21 20:03:28
117.34.13.54

/index.php
/controller/static load fail.
2018-01-21 20:03:28
122.190.2.42

/index.php
/controller/static load fail.
2018-01-21 20:03:28
122.190.2.78

/index.php
/controller/static load fail.
2018-01-21 20:03:28
122.190.2.18

/index.php
/controller/static load fail.
2018-01-21 20:03:29
117.34.13.36

/index.php
/controller/static load fail.
2018-01-21 20:03:29
117.34.13.60

/index.php
/controller/static load fail.
2018-01-21 20:03:29
117.34.13.54

/index.php
/controller/static load fail.
2018-01-21 20:03:30
122.190.2.42

/index.php
/controller/static load fail.
2018-01-21 20:03:30
122.190.2.78

/index.php
/controller/static load fail.
2018-01-21 20:03:30
122.190.2.18

/index.php
/controller/static load fail.
2018-01-21 20:03:30
117.34.13.36

/index.php
/controller/static load fail.
2018-01-21 20:03:30
117.34.13.60

/index.php
/controller/static load fail.
2018-01-21 20:03:30
117.34.13.54

/index.php
/controller/static load fail.
2018-01-21 20:03:31
117.34.13.36

/index.php
/controller/static load fail.
2018-01-21 20:03:31
117.34.13.60

/index.php
/controller/static load fail.
2018-01-21 20:03:31
117.34.13.54

/index.php
/controller/static load fail.
2018-01-21 20:03:33
122.190.2.42

/index.php
/controller/static load fail.
2018-01-21 20:03:33
122.190.2.78

/index.php
/controller/static load fail.
2018-01-21 20:03:33
122.190.2.18

/index.php
/controller/static load fail.
2018-01-21 20:03:34
122.190.2.42

/index.php
/controller/static load fail.
2018-01-21 20:03:35
122.190.2.78

/index.php
/controller/static load fail.
2018-01-21 20:03:35
122.190.2.18

/index.php
/controller/static load fail.
2018-01-21 20:03:39
117.34.13.36

/index.php
/controller/static load fail.
2018-01-21 20:03:39
117.34.13.60

/index.php
/controller/static load fail.
2018-01-21 20:03:39
117.34.13.54

/index.php
/controller/static load fail.
2018-01-21 20:03:48
117.34.13.36

/index.php
/controller/static load fail.
2018-01-21 20:03:48
117.34.13.60

/index.php
/controller/static load fail.
2018-01-21 20:03:48
117.34.13.54

/index.php
/controller/static load fail.
2018-01-21 20:03:50
122.190.2.42

/index.php
/controller/static load fail.
2018-01-21 20:03:51
122.190.2.78

/index.php
/controller/static load fail.
2018-01-21 20:03:51
122.190.2.18

/index.php
/controller/static load fail.
2018-01-21 20:04:13
122.190.2.42

/index.php
/controller/static load fail.
2018-01-21 20:04:14
122.190.2.78

/index.php
/controller/static load fail.
2018-01-21 20:04:14
122.190.2.18

/index.php
/controller/static load fail.
2018-01-21 20:04:23
122.190.2.42

/index.php
/controller/static load fail.
2018-01-21 20:04:23
122.190.2.78

/index.php
/controller/static load fail.
2018-01-21 20:04:23
122.190.2.18

/index.php
/controller/static load fail.
2018-01-21 20:04:29
122.190.2.42

/index.php
/controller/static load fail.
2018-01-21 20:04:30
122.190.2.78

/index.php
/controller/static load fail.
2018-01-21 20:04:30
122.190.2.18

/index.php
/controller/static load fail.
2018-01-21 20:05:37
117.34.13.36

/index.php
/controller/static load fail.
2018-01-21 20:05:37
117.34.13.60

/index.php
/controller/static load fail.
2018-01-21 20:05:37
117.34.13.54

/index.php
/controller/static load fail.
2018-01-21 20:05:41
117.34.13.36

/index.php
/controller/static load fail.
2018-01-21 20:05:41
117.34.13.60

/index.php
/controller/static load fail.
2018-01-21 20:05:41
117.34.13.54

/index.php
/controller/static load fail.
2018-01-21 20:05:45
117.34.13.36

/index.php
/controller/static load fail.
2018-01-21 20:05:45
117.34.13.60

/index.php
/controller/static load fail.
2018-01-21 20:05:45
117.34.13.54

/index.php
/controller/static load fail.
2018-01-21 20:05:46
117.34.13.36

/index.php
/controller/static load fail.
2018-01-21 20:05:46
117.34.13.60

/index.php
/controller/static load fail.
2018-01-21 20:05:46
117.34.13.54

/index.php
/controller/static load fail.
2018-01-21 20:05:48
117.34.13.36

/index.php
/controller/static load fail.
2018-01-21 20:05:49
117.34.13.60

/index.php
/controller/static load fail.
2018-01-21 20:05:49
117.34.13.54

/index.php
/controller/static load fail.
2018-01-21 20:15:36
117.34.13.36

/index.php
/controller/static load fail.
2018-01-21 20:15:36
117.34.13.60

/index.php
/controller/static load fail.
2018-01-21 20:15:36
117.34.13.54

/index.php
/controller/static load fail.
2018-01-21 20:17:55
117.34.13.36

/index.php
/controller/static load fail.
2018-01-21 20:17:56
117.34.13.60

/index.php
/controller/static load fail.
2018-01-21 20:17:56
117.34.13.54

/index.php
/controller/css load fail.
2018-01-21 20:19:48
117.34.13.12

/index.php
/controller/demo load fail.
2018-01-21 20:19:50
117.34.13.36

/index.php
/controller/pay load fail.
2018-01-21 20:26:32
122.190.2.78

/index.php
/controller/demo load fail.
2018-01-21 20:36:03
117.34.13.36

/index.php
/controller/css load fail.
2018-01-21 20:39:07
122.190.2.60

/index.php
/controller/demo load fail.
2018-01-21 20:39:10
122.190.2.30

/index.php
/controller/css load fail.
2018-01-21 21:22:32
117.34.13.12

/index.php
/controller/css load fail.
2018-01-21 22:17:45
172.68.245.84

