/index.php
/controller/script load fail.
2017-09-15 10:30:07
::1

/index.php
/controller/supportbox load fail.
2017-09-15 10:30:07
::1

/index.php
/controller/css load fail.
2017-09-15 10:35:39
::1

/index.php
/controller/css load fail.
2017-09-15 10:35:39
::1

/index.php
/controller/js load fail.
2017-09-15 10:35:39
::1

/index.php
/controller/css load fail.
2017-09-15 10:35:39
::1

/index.php
/controller/js load fail.
2017-09-15 10:35:39
::1

/index.php
/controller/js load fail.
2017-09-15 10:35:40
::1

/index.php
/controller/js load fail.
2017-09-15 10:35:40
::1

/index.php
/controller/js load fail.
2017-09-15 10:35:40
::1

/index.php
/controller/js load fail.
2017-09-15 10:35:40
::1

/index.php
/controller/css load fail.
2017-09-15 10:37:22
::1

/index.php
/controller/js load fail.
2017-09-15 10:37:22
::1

/index.php
/controller/css load fail.
2017-09-15 10:37:22
::1

/index.php
/controller/css load fail.
2017-09-15 10:37:22
::1

/index.php
/controller/js load fail.
2017-09-15 10:37:22
::1

/index.php
/controller/js load fail.
2017-09-15 10:37:22
::1

/index.php
/controller/js load fail.
2017-09-15 10:37:22
::1

/index.php
/controller/js load fail.
2017-09-15 10:37:22
::1

/index.php
/controller/js load fail.
2017-09-15 10:37:22
::1

/index.php
/controller/css load fail.
2017-09-15 10:37:24
::1

/index.php
/controller/css load fail.
2017-09-15 10:37:24
::1

/index.php
/controller/js load fail.
2017-09-15 10:37:24
::1

/index.php
/controller/css load fail.
2017-09-15 10:37:24
::1

/index.php
/controller/js load fail.
2017-09-15 10:37:24
::1

/index.php
/controller/js load fail.
2017-09-15 10:37:24
::1

/index.php
/controller/js load fail.
2017-09-15 10:37:24
::1

/index.php
/controller/js load fail.
2017-09-15 10:37:24
::1

/index.php
/controller/js load fail.
2017-09-15 10:37:24
::1

/index.php
/controller/css load fail.
2017-09-15 10:37:28
::1

/index.php
/controller/css load fail.
2017-09-15 10:37:28
::1

/index.php
/controller/css load fail.
2017-09-15 10:37:28
::1

/index.php
/controller/css load fail.
2017-09-15 10:37:51
::1

/index.php
/controller/css load fail.
2017-09-15 10:37:51
::1

/index.php
/controller/css load fail.
2017-09-15 10:37:51
::1

/index.php
/controller/js load fail.
2017-09-15 10:37:51
::1

/index.php
/controller/js load fail.
2017-09-15 10:37:51
::1

/index.php
/controller/js load fail.
2017-09-15 10:37:51
::1

/index.php
/controller/js load fail.
2017-09-15 10:37:51
::1

/index.php
/controller/js load fail.
2017-09-15 10:37:51
::1

/index.php
/controller/js load fail.
2017-09-15 10:37:51
::1

/index.php
/controller/css load fail.
2017-09-15 10:37:52
::1

/index.php
/controller/css load fail.
2017-09-15 10:37:52
::1

/index.php
/controller/js load fail.
2017-09-15 10:37:52
::1

/index.php
/controller/css load fail.
2017-09-15 10:37:52
::1

/index.php
/controller/js load fail.
2017-09-15 10:37:52
::1

/index.php
/controller/js load fail.
2017-09-15 10:37:52
::1

/index.php
/controller/js load fail.
2017-09-15 10:37:52
::1

/index.php
/controller/js load fail.
2017-09-15 10:37:52
::1

/index.php
/controller/js load fail.
2017-09-15 10:37:52
::1

/index.php
/controller/js load fail.
2017-09-15 10:38:07
::1

/index.php
/controller/css load fail.
2017-09-15 10:38:07
::1

/index.php
/controller/css load fail.
2017-09-15 10:38:07
::1

/index.php
/controller/css load fail.
2017-09-15 10:38:07
::1

/index.php
/controller/js load fail.
2017-09-15 10:38:07
::1

/index.php
/controller/js load fail.
2017-09-15 10:38:07
::1

/index.php
/controller/js load fail.
2017-09-15 10:38:07
::1

/index.php
/controller/js load fail.
2017-09-15 10:38:07
::1

/index.php
/controller/js load fail.
2017-09-15 10:38:07
::1

/index.php
/controller/css load fail.
2017-09-15 10:38:10
::1

/index.php
/controller/css load fail.
2017-09-15 10:38:10
::1

/index.php
/controller/css load fail.
2017-09-15 10:38:10
::1

/index.php
/controller/js load fail.
2017-09-15 10:38:41
::1

/index.php
/controller/js load fail.
2017-09-15 10:38:41
::1

/index.php
/controller/js load fail.
2017-09-15 10:38:41
::1

/index.php
/controller/js load fail.
2017-09-15 10:38:41
::1

/index.php
/controller/js load fail.
2017-09-15 10:38:41
::1

/index.php
/controller/js load fail.
2017-09-15 10:38:41
::1

/index.php
/controller/static load fail.
2017-09-15 10:38:41
::1

/index.php
/controller/js load fail.
2017-09-15 10:40:37
::1

/index.php
/controller/js load fail.
2017-09-15 10:40:37
::1

/index.php
/controller/js load fail.
2017-09-15 10:40:37
::1

/index.php
/controller/js load fail.
2017-09-15 10:40:37
::1

/index.php
/controller/js load fail.
2017-09-15 10:40:37
::1

/index.php
/controller/js load fail.
2017-09-15 10:40:37
::1

/index.php
/controller/static load fail.
2017-09-15 10:40:37
::1

/index.php
/controller/js load fail.
2017-09-15 10:45:56
::1

/index.php
/controller/js load fail.
2017-09-15 10:45:56
::1

/index.php
/controller/js load fail.
2017-09-15 10:45:56
::1

/index.php
/controller/js load fail.
2017-09-15 10:45:56
::1

/index.php
/controller/js load fail.
2017-09-15 10:45:56
::1

/index.php
/controller/js load fail.
2017-09-15 10:45:56
::1

/index.php
/controller/script load fail.
2017-09-15 10:46:40
::1

/index.php
/controller/supportbox load fail.
2017-09-15 10:46:40
::1

/index.php
/controller/js load fail.
2017-09-15 10:46:41
::1

/index.php
/controller/js load fail.
2017-09-15 10:46:41
::1

/index.php
/controller/js load fail.
2017-09-15 10:46:41
::1

/index.php
/controller/js load fail.
2017-09-15 10:46:41
::1

/index.php
/controller/js load fail.
2017-09-15 10:46:41
::1

/index.php
/controller/js load fail.
2017-09-15 10:46:41
::1

/index.php
/controller/js load fail.
2017-09-15 10:48:45
::1

/index.php
/controller/js load fail.
2017-09-15 10:48:45
::1

/index.php
/controller/js load fail.
2017-09-15 10:48:45
::1

/index.php
/controller/js load fail.
2017-09-15 10:48:45
::1

/index.php
/controller/js load fail.
2017-09-15 10:48:45
::1

/index.php
/controller/js load fail.
2017-09-15 10:48:45
::1

/index.php
/controller/static load fail.
2017-09-15 10:49:15
::1

/index.php
/controller/js load fail.
2017-09-15 10:52:47
::1

/index.php
/controller/js load fail.
2017-09-15 10:52:47
::1

/index.php
/controller/js load fail.
2017-09-15 10:52:47
::1

/index.php
/controller/js load fail.
2017-09-15 10:52:47
::1

/index.php
/controller/js load fail.
2017-09-15 10:52:47
::1

/index.php
/controller/js load fail.
2017-09-15 10:52:47
::1

/index.php
/controller/static load fail.
2017-09-15 10:53:21
::1

/index.php
/controller/js load fail.
2017-09-15 10:54:56
::1

/index.php
/controller/js load fail.
2017-09-15 10:54:56
::1

/index.php
/controller/js load fail.
2017-09-15 10:54:56
::1

/index.php
/controller/js load fail.
2017-09-15 10:54:56
::1

/index.php
/controller/js load fail.
2017-09-15 10:54:56
::1

/index.php
/controller/js load fail.
2017-09-15 10:54:56
::1

/index.php
/controller/js load fail.
2017-09-15 10:55:00
::1

/index.php
/controller/js load fail.
2017-09-15 10:55:00
::1

/index.php
/controller/js load fail.
2017-09-15 10:55:00
::1

/index.php
/controller/js load fail.
2017-09-15 10:55:00
::1

/index.php
/controller/js load fail.
2017-09-15 10:55:00
::1

/index.php
/controller/js load fail.
2017-09-15 10:55:00
::1

/index.php
/controller/js load fail.
2017-09-15 10:58:47
::1

/index.php
/controller/js load fail.
2017-09-15 10:58:47
::1

/index.php
/controller/js load fail.
2017-09-15 10:58:47
::1

/index.php
/controller/js load fail.
2017-09-15 10:58:47
::1

/index.php
/controller/js load fail.
2017-09-15 10:58:47
::1

/index.php
/controller/js load fail.
2017-09-15 10:58:47
::1

/index.php
/controller/js load fail.
2017-09-15 10:58:58
::1

/index.php
/controller/js load fail.
2017-09-15 10:58:58
::1

/index.php
/controller/js load fail.
2017-09-15 10:58:59
::1

/index.php
/controller/js load fail.
2017-09-15 10:58:59
::1

/index.php
/controller/js load fail.
2017-09-15 10:58:59
::1

/index.php
/controller/js load fail.
2017-09-15 10:58:59
::1

/index.php
/controller/js load fail.
2017-09-15 10:59:05
::1

/index.php
/controller/js load fail.
2017-09-15 10:59:05
::1

/index.php
/controller/js load fail.
2017-09-15 10:59:05
::1

/index.php
/controller/js load fail.
2017-09-15 10:59:05
::1

/index.php
/controller/js load fail.
2017-09-15 10:59:05
::1

/index.php
/controller/js load fail.
2017-09-15 10:59:05
::1

/index.php
/controller/static load fail.
2017-09-15 10:59:10
::1

/index.php
/controller/js load fail.
2017-09-15 11:00:49
::1

/index.php
/controller/js load fail.
2017-09-15 11:00:49
::1

/index.php
/controller/js load fail.
2017-09-15 11:00:49
::1

/index.php
/controller/js load fail.
2017-09-15 11:00:49
::1

/index.php
/controller/js load fail.
2017-09-15 11:00:49
::1

/index.php
/controller/js load fail.
2017-09-15 11:00:49
::1

/index.php
/controller/static load fail.
2017-09-15 11:00:49
::1

/index.php
/controller/js load fail.
2017-09-15 11:01:31
::1

/index.php
/controller/js load fail.
2017-09-15 11:01:31
::1

/index.php
/controller/js load fail.
2017-09-15 11:01:31
::1

/index.php
/controller/js load fail.
2017-09-15 11:01:31
::1

/index.php
/controller/js load fail.
2017-09-15 11:01:31
::1

/index.php
/controller/static load fail.
2017-09-15 11:01:31
::1

/index.php
/controller/js load fail.
2017-09-15 11:01:31
::1

/index.php
/controller/js load fail.
2017-09-15 11:02:11
::1

/index.php
/controller/js load fail.
2017-09-15 11:02:11
::1

/index.php
/controller/js load fail.
2017-09-15 11:02:11
::1

/index.php
/controller/js load fail.
2017-09-15 11:02:11
::1

/index.php
/controller/js load fail.
2017-09-15 11:02:11
::1

/index.php
/controller/js load fail.
2017-09-15 11:02:11
::1

/index.php
/controller/js load fail.
2017-09-15 11:04:52
::1

/index.php
/controller/js load fail.
2017-09-15 11:04:52
::1

/index.php
/controller/js load fail.
2017-09-15 11:04:52
::1

/index.php
/controller/js load fail.
2017-09-15 11:04:52
::1

/index.php
/controller/js load fail.
2017-09-15 11:04:52
::1

/index.php
/controller/js load fail.
2017-09-15 11:04:52
::1

/index.php
/controller/js load fail.
2017-09-15 11:04:53
::1

/index.php
/controller/js load fail.
2017-09-15 11:04:53
::1

/index.php
/controller/js load fail.
2017-09-15 11:04:53
::1

/index.php
/controller/js load fail.
2017-09-15 11:04:53
::1

/index.php
/controller/js load fail.
2017-09-15 11:04:53
::1

/index.php
/controller/js load fail.
2017-09-15 11:04:53
::1

/index.php
/controller/js load fail.
2017-09-15 11:05:39
::1

/index.php
/controller/js load fail.
2017-09-15 11:05:39
::1

/index.php
/controller/js load fail.
2017-09-15 11:05:39
::1

/index.php
/controller/js load fail.
2017-09-15 11:05:39
::1

/index.php
/controller/js load fail.
2017-09-15 11:05:39
::1

/index.php
/controller/js load fail.
2017-09-15 11:05:39
::1

/index.php
/controller/js load fail.
2017-09-15 11:07:04
::1

/index.php
/controller/js load fail.
2017-09-15 11:07:04
::1

/index.php
/controller/js load fail.
2017-09-15 11:07:04
::1

/index.php
/controller/js load fail.
2017-09-15 11:07:04
::1

/index.php
/controller/js load fail.
2017-09-15 11:07:04
::1

/index.php
/controller/js load fail.
2017-09-15 11:07:04
::1

/index.php
/controller/js load fail.
2017-09-15 11:08:23
::1

/index.php
/controller/js load fail.
2017-09-15 11:08:23
::1

/index.php
/controller/js load fail.
2017-09-15 11:08:23
::1

/index.php
/controller/js load fail.
2017-09-15 11:08:23
::1

/index.php
/controller/js load fail.
2017-09-15 11:08:23
::1

/index.php
/controller/js load fail.
2017-09-15 11:08:23
::1

/index.php
/controller/js load fail.
2017-09-15 11:09:49
::1

/index.php
/controller/js load fail.
2017-09-15 11:09:49
::1

/index.php
/controller/js load fail.
2017-09-15 11:09:49
::1

/index.php
/controller/js load fail.
2017-09-15 11:09:49
::1

/index.php
/controller/js load fail.
2017-09-15 11:09:49
::1

/index.php
/controller/js load fail.
2017-09-15 11:09:49
::1

/index.php
/controller/js load fail.
2017-09-15 11:09:50
::1

/index.php
/controller/js load fail.
2017-09-15 11:09:50
::1

/index.php
/controller/js load fail.
2017-09-15 11:09:50
::1

/index.php
/controller/js load fail.
2017-09-15 11:09:50
::1

/index.php
/controller/js load fail.
2017-09-15 11:09:50
::1

/index.php
/controller/js load fail.
2017-09-15 11:09:50
::1

/index.php
/controller/js load fail.
2017-09-15 11:09:50
::1

/index.php
/controller/js load fail.
2017-09-15 11:09:50
::1

/index.php
/controller/js load fail.
2017-09-15 11:09:50
::1

/index.php
/controller/js load fail.
2017-09-15 11:09:50
::1

/index.php
/controller/js load fail.
2017-09-15 11:09:50
::1

/index.php
/controller/js load fail.
2017-09-15 11:09:50
::1

/index.php
/controller/js load fail.
2017-09-15 11:29:54
::1

/index.php
/controller/js load fail.
2017-09-15 11:29:54
::1

/index.php
/controller/js load fail.
2017-09-15 11:29:54
::1

/index.php
/controller/js load fail.
2017-09-15 11:29:54
::1

/index.php
/controller/js load fail.
2017-09-15 11:29:54
::1

/index.php
/controller/js load fail.
2017-09-15 11:29:54
::1

/index.php
/controller/js load fail.
2017-09-15 11:29:57
::1

/index.php
/controller/js load fail.
2017-09-15 11:29:57
::1

/index.php
/controller/js load fail.
2017-09-15 11:29:57
::1

/index.php
/controller/js load fail.
2017-09-15 11:29:57
::1

/index.php
/controller/js load fail.
2017-09-15 11:29:57
::1

/index.php
/controller/js load fail.
2017-09-15 11:29:57
::1

/index.php
/controller/script load fail.
2017-09-15 13:02:22
127.0.0.1

/index.php
/controller/supportbox load fail.
2017-09-15 13:02:22
127.0.0.1

/index.php
/controller/js load fail.
2017-09-15 13:02:26
127.0.0.1

/index.php
/controller/js load fail.
2017-09-15 13:02:26
127.0.0.1

/index.php
/controller/js load fail.
2017-09-15 13:02:26
127.0.0.1

/index.php
/controller/js load fail.
2017-09-15 13:02:26
127.0.0.1

/index.php
/controller/js load fail.
2017-09-15 13:02:26
127.0.0.1

/index.php
/controller/js load fail.
2017-09-15 13:02:26
127.0.0.1

/index.php
/controller/productCenter load fail.
2017-09-15 13:02:31
127.0.0.1

/index.php
/controller/js load fail.
2017-09-15 13:02:35
127.0.0.1

/index.php
/controller/js load fail.
2017-09-15 13:02:35
127.0.0.1

/index.php
/controller/js load fail.
2017-09-15 13:02:35
127.0.0.1

/index.php
/controller/js load fail.
2017-09-15 13:02:35
127.0.0.1

/index.php
/controller/js load fail.
2017-09-15 13:02:35
127.0.0.1

/index.php
/controller/js load fail.
2017-09-15 13:02:35
127.0.0.1

