/index.php
/controller/v load fail.
2017-09-23 00:00:03
42.238.149.209

/index.php
/controller/script load fail.
2017-09-23 00:00:06
42.156.251.206

/index.php
/controller/v load fail.
2017-09-23 00:07:24
101.226.125.105

/index.php
/controller/script load fail.
2017-09-23 00:13:43
14.17.37.123

/index.php
/controller/script load fail.
2017-09-23 00:18:53
219.156.134.40

/index.php
/controller/supportbox load fail.
2017-09-23 00:18:53
219.156.134.40

/index.php
/controller/demo load fail.
2017-09-23 00:18:59
219.156.134.40

/index.php
/controller/demo load fail.
2017-09-23 00:19:46
219.156.134.40

/index.php
/controller/demo load fail.
2017-09-23 00:19:50
219.156.134.40

/index.php
/controller/demo load fail.
2017-09-23 00:19:51
219.156.134.40

/index.php
/controller/demo load fail.
2017-09-23 00:20:38
219.156.134.40

/index.php
/controller/demo load fail.
2017-09-23 00:20:40
219.156.134.40

/index.php
/controller/demo load fail.
2017-09-23 00:20:42
219.156.134.40

/index.php
/controller/cache load fail.
2017-09-23 00:26:44
80.82.78.38

/index.php
/controller/script load fail.
2017-09-23 01:19:20
110.73.135.235

/index.php
/controller/supportbox load fail.
2017-09-23 01:19:21
110.73.135.235

/index.php
/controller/newimages load fail.
2017-09-23 01:23:44
123.125.71.106

/index.php
/controller/s load fail.
2017-09-23 01:46:05
123.123.219.52

/index.php
/controller/HNAP1 load fail.
2017-09-23 02:08:42
71.15.162.109

/index.php
/controller/newimages load fail.
2017-09-23 02:21:34
220.181.108.180

/index.php
/controller/script load fail.
2017-09-23 02:23:50
119.0.181.156

/index.php
/controller/supportbox load fail.
2017-09-23 02:23:52
119.0.181.156

/index.php
/controller/s load fail.
2017-09-23 02:25:41
61.160.207.19

/index.php
/controller/plus load fail.
2017-09-23 02:43:20
103.243.24.92

/index.php
/controller/plus load fail.
2017-09-23 02:43:20
103.243.24.92

/index.php
/controller/services load fail.
2017-09-23 02:58:33
123.125.71.44

/index.php
/controller/script load fail.
2017-09-23 03:12:40
183.30.88.27

/index.php
/controller/supportbox load fail.
2017-09-23 03:12:40
183.30.88.27

/index.php
/controller/services load fail.
2017-09-23 03:28:11
220.181.108.146

/index.php
/controller/newimages load fail.
2017-09-23 03:50:50
220.181.108.109

/index.php
/controller/services load fail.
2017-09-23 03:57:49
123.125.71.46

/index.php
/controller/services load fail.
2017-09-23 04:27:27
220.181.108.104

/index.php
/controller/services load fail.
2017-09-23 05:26:42
220.181.108.178

/index.php
/controller/HNAP1 load fail.
2017-09-23 05:38:16
62.210.162.182

/index.php
/controller/script load fail.
2017-09-23 05:44:41
14.110.18.175

/index.php
/controller/supportbox load fail.
2017-09-23 05:44:42
14.110.18.175

/index.php
/controller/newimages load fail.
2017-09-23 06:24:16
220.181.108.119

/index.php
/controller/script load fail.
2017-09-23 06:50:18
103.25.28.27

/index.php
/controller/static load fail.
2017-09-23 06:50:41
103.25.28.27

/index.php
/controller/static load fail.
2017-09-23 06:50:41
103.25.28.27

/index.php
/controller/static load fail.
2017-09-23 06:50:41
103.25.28.27

/index.php
/controller/l load fail.
2017-09-23 06:57:30
117.136.67.190

/index.php
/controller/l load fail.
2017-09-23 06:57:40
117.185.27.115

/index.php
/controller/l load fail.
2017-09-23 06:57:40
117.185.27.113

/index.php
/controller/l load fail.
2017-09-23 07:01:47
101.226.64.177

/index.php
/controller/script load fail.
2017-09-23 07:22:12
121.12.248.171

/index.php
/controller/supportbox load fail.
2017-09-23 07:22:13
121.12.248.171

/index.php
/controller/script load fail.
2017-09-23 07:23:40
121.12.248.171

/index.php
/controller/supportbox load fail.
2017-09-23 07:23:40
121.12.248.171

/index.php
/controller/app load fail.
2017-09-23 07:40:09
117.185.27.114

/index.php
/controller/l load fail.
2017-09-23 08:25:00
60.30.184.249

/index.php
/controller/script load fail.
2017-09-23 08:25:25
60.30.184.249

/index.php
/controller/supportbox load fail.
2017-09-23 08:25:28
60.30.184.249

/index.php
/controller/demo load fail.
2017-09-23 08:26:02
60.30.184.249

/index.php
/controller/demo load fail.
2017-09-23 08:26:17
60.30.184.249

/index.php
/controller/demo load fail.
2017-09-23 08:26:21
60.30.184.249

/index.php
/controller/demo load fail.
2017-09-23 08:26:25
60.30.184.249

/index.php
/controller/demo load fail.
2017-09-23 08:26:27
60.30.184.249

/index.php
/controller/demo load fail.
2017-09-23 08:26:32
60.30.184.249

/index.php
/controller/script load fail.
2017-09-23 08:26:34
60.30.184.249

/index.php
/controller/supportbox load fail.
2017-09-23 08:26:34
60.30.184.249

/index.php
/controller/script load fail.
2017-09-23 08:26:47
60.30.184.249

/index.php
/controller/supportbox load fail.
2017-09-23 08:26:47
60.30.184.249

/index.php
/controller/demo load fail.
2017-09-23 08:27:01
60.30.184.249

/index.php
/controller/static load fail.
2017-09-23 08:33:12
211.148.102.175

/index.php
/controller/static load fail.
2017-09-23 08:33:12
211.148.102.175

/index.php
/controller/static load fail.
2017-09-23 08:33:12
211.148.102.175

/index.php
/controller/static load fail.
2017-09-23 08:33:22
101.226.89.122

/index.php
/controller/static load fail.
2017-09-23 08:33:22
123.151.64.201

/index.php
/controller/moo load fail.
2017-09-23 08:54:27
177.81.106.157

/index.php
/controller/demo load fail.
2017-09-23 08:58:36
218.66.96.121

/index.php
/controller/static load fail.
2017-09-23 09:01:46
103.25.28.27

/index.php
/controller/static load fail.
2017-09-23 09:01:46
103.25.28.27

/index.php
/controller/static load fail.
2017-09-23 09:01:49
103.25.28.27

/index.php
/controller/static load fail.
2017-09-23 09:01:49
103.25.28.27

/index.php
/controller/static load fail.
2017-09-23 09:02:43
103.25.28.27

/index.php
/controller/static load fail.
2017-09-23 09:02:43
103.25.28.27

/index.php
/controller/static load fail.
2017-09-23 09:12:45
103.25.28.27

/index.php
/controller/static load fail.
2017-09-23 09:12:45
103.25.28.27

/index.php
/controller/script load fail.
2017-09-23 10:23:07
124.104.211.221

/index.php
/controller/supportbox load fail.
2017-09-23 10:23:11
124.104.211.221

/index.php
/controller/Template load fail.
2017-09-23 10:25:12
220.181.108.112

/index.php
/controller/script load fail.
2017-09-23 10:46:43
221.193.210.25

/index.php
/controller/supportbox load fail.
2017-09-23 10:46:45
221.193.210.25

/index.php
/controller/phpmyadmin load fail.
2017-09-23 10:46:59
140.205.201.41

/index.php
/controller/phpmyadmin load fail.
2017-09-23 10:47:00
140.205.201.41

/index.php
/controller/phpmyadmin load fail.
2017-09-23 10:47:01
140.205.201.41

/index.php
/controller/phpmyadmin load fail.
2017-09-23 10:47:01
140.205.201.41

/index.php
/controller/phpmyadmin load fail.
2017-09-23 10:47:02
140.205.201.41

/index.php
/controller/phpmyadmin load fail.
2017-09-23 10:47:02
140.205.201.41

/index.php
/controller/phpmyadmin load fail.
2017-09-23 10:47:04
140.205.201.41

/index.php
/controller/phpmyadmin load fail.
2017-09-23 10:47:04
140.205.201.41

/index.php
/controller/phpmyadmin load fail.
2017-09-23 10:47:05
140.205.201.41

/index.php
/controller/phpmyadmin load fail.
2017-09-23 10:47:05
140.205.201.41

/index.php
/controller/phpmyadmin load fail.
2017-09-23 10:47:06
140.205.201.41

/index.php
/controller/phpmyadmin load fail.
2017-09-23 10:47:06
140.205.201.41

/index.php
/controller/phpmyadmin load fail.
2017-09-23 10:47:08
140.205.201.41

/index.php
/controller/phpmyadmin load fail.
2017-09-23 10:47:08
140.205.201.41

/index.php
/controller/phpmyadmin load fail.
2017-09-23 10:47:09
140.205.201.41

/index.php
/controller/phpmyadmin load fail.
2017-09-23 10:47:09
140.205.201.41

/index.php
/controller/phpmyadmin load fail.
2017-09-23 10:47:10
140.205.201.41

/index.php
/controller/phpmyadmin load fail.
2017-09-23 10:47:11
140.205.201.41

/index.php
/controller/phpmyadmin load fail.
2017-09-23 10:47:12
140.205.201.41

/index.php
/controller/phpmyadmin load fail.
2017-09-23 10:47:12
140.205.201.41

/index.php
/controller/script load fail.
2017-09-23 10:48:04
221.193.210.25

/index.php
/controller/supportbox load fail.
2017-09-23 10:48:04
221.193.210.25

/index.php
/controller/script load fail.
2017-09-23 10:51:13
140.207.185.111

/index.php
/controller/script load fail.
2017-09-23 10:51:13
140.207.185.111

/index.php
/controller/script load fail.
2017-09-23 10:52:42
221.193.210.25

/index.php
/controller/supportbox load fail.
2017-09-23 10:52:42
221.193.210.25

/index.php
/controller/script load fail.
2017-09-23 10:55:20
221.193.210.25

/index.php
/controller/supportbox load fail.
2017-09-23 10:55:20
221.193.210.25

/index.php
/controller/showcase load fail.
2017-09-23 10:56:39
140.205.201.41

/index.php
/controller/integration load fail.
2017-09-23 10:56:39
140.205.201.41

/index.php
/controller/ganglia load fail.
2017-09-23 11:05:14
140.205.201.41

/index.php
/controller/vnwxjpegfidz load fail.
2017-09-23 11:20:24
140.205.201.41

/index.php
/controller/static load fail.
2017-09-23 11:28:08
223.104.6.15

/index.php
/controller/static load fail.
2017-09-23 11:28:08
223.104.6.15

/index.php
/controller/static load fail.
2017-09-23 11:28:08
223.104.6.15

/index.php
/controller/script load fail.
2017-09-23 11:28:14
123.151.176.198

/index.php
/controller/static load fail.
2017-09-23 11:28:30
223.104.6.15

/index.php
/controller/static load fail.
2017-09-23 11:28:31
223.104.6.15

/index.php
/controller/static load fail.
2017-09-23 11:28:31
223.104.6.15

/index.php
/controller/hwi load fail.
2017-09-23 11:43:09
140.205.201.41

/index.php
/controller/script load fail.
2017-09-23 11:46:49
110.182.31.242

/index.php
/controller/script load fail.
2017-09-23 11:47:00
110.182.31.242

/index.php
/controller/supportbox load fail.
2017-09-23 11:47:00
110.182.31.242

/index.php
/controller/script load fail.
2017-09-23 11:47:21
110.182.31.242

/index.php
/controller/supportbox load fail.
2017-09-23 11:47:21
110.182.31.242

/index.php
/controller/static load fail.
2017-09-23 11:47:45
110.182.31.242

/index.php
/controller/static load fail.
2017-09-23 11:47:45
110.182.31.242

/index.php
/controller/static load fail.
2017-09-23 11:47:45
110.182.31.242

/index.php
/controller/static load fail.
2017-09-23 11:47:50
110.182.31.242

/index.php
/controller/static load fail.
2017-09-23 11:47:50
110.182.31.242

/index.php
/controller/static load fail.
2017-09-23 11:47:50
110.182.31.242

/index.php
/controller/static load fail.
2017-09-23 11:47:52
110.182.31.242

/index.php
/controller/static load fail.
2017-09-23 11:47:52
110.182.31.242

/index.php
/controller/static load fail.
2017-09-23 11:47:52
110.182.31.242

/index.php
/controller/static load fail.
2017-09-23 11:47:54
101.226.66.172

/index.php
/controller/static load fail.
2017-09-23 11:47:55
110.182.31.242

/index.php
/controller/static load fail.
2017-09-23 11:47:55
110.182.31.242

/index.php
/controller/static load fail.
2017-09-23 11:47:55
110.182.31.242

/index.php
/controller/static load fail.
2017-09-23 11:47:55
101.226.33.240

/index.php
/controller/static load fail.
2017-09-23 11:47:59
110.182.31.242

/index.php
/controller/static load fail.
2017-09-23 11:47:59
110.182.31.242

/index.php
/controller/static load fail.
2017-09-23 11:47:59
110.182.31.242

/index.php
/controller/member/truename load fail.
2017-09-23 11:48:01
110.182.31.242

/index.php
/controller/static load fail.
2017-09-23 11:48:09
110.182.31.242

/index.php
/controller/static load fail.
2017-09-23 11:48:09
110.182.31.242

/index.php
/controller/static load fail.
2017-09-23 11:48:09
110.182.31.242

/index.php
/controller/member/truename load fail.
2017-09-23 11:48:11
101.226.125.16

/index.php
/controller/static load fail.
2017-09-23 11:48:33
110.182.31.242

/index.php
/controller/static load fail.
2017-09-23 11:48:33
110.182.31.242

/index.php
/controller/static load fail.
2017-09-23 11:48:33
110.182.31.242

/index.php
/controller/static load fail.
2017-09-23 11:48:41
110.182.31.242

/index.php
/controller/static load fail.
2017-09-23 11:48:42
110.182.31.242

/index.php
/controller/static load fail.
2017-09-23 11:48:42
110.182.31.242

/index.php
/controller/static load fail.
2017-09-23 11:48:43
110.182.31.242

/index.php
/controller/static load fail.
2017-09-23 11:48:43
110.182.31.242

/index.php
/controller/static load fail.
2017-09-23 11:48:43
110.182.31.242

/index.php
/controller/static load fail.
2017-09-23 11:48:44
110.182.31.242

/index.php
/controller/static load fail.
2017-09-23 11:48:45
110.182.31.242

/index.php
/controller/static load fail.
2017-09-23 11:48:45
110.182.31.242

/index.php
/controller/static load fail.
2017-09-23 11:48:45
110.182.31.242

/index.php
/controller/static load fail.
2017-09-23 11:48:46
110.182.31.242

/index.php
/controller/static load fail.
2017-09-23 11:48:46
110.182.31.242

/index.php
/controller/static load fail.
2017-09-23 11:48:46
110.182.31.242

/index.php
/controller/static load fail.
2017-09-23 11:48:46
110.182.31.242

/index.php
/controller/static load fail.
2017-09-23 11:48:46
110.182.31.242

/index.php
/controller/static load fail.
2017-09-23 11:48:47
110.182.31.242

/index.php
/controller/static load fail.
2017-09-23 11:48:47
110.182.31.242

/index.php
/controller/static load fail.
2017-09-23 11:48:48
110.182.31.242

/index.php
/controller/member/truename load fail.
2017-09-23 11:48:49
110.182.31.242

/index.php
/controller/static load fail.
2017-09-23 11:48:52
110.182.31.242

/index.php
/controller/static load fail.
2017-09-23 11:48:52
110.182.31.242

/index.php
/controller/static load fail.
2017-09-23 11:48:53
110.182.31.242

/index.php
/controller/static load fail.
2017-09-23 11:49:01
110.182.31.242

/index.php
/controller/static load fail.
2017-09-23 11:49:01
110.182.31.242

/index.php
/controller/static load fail.
2017-09-23 11:49:01
110.182.31.242

/index.php
/controller/static load fail.
2017-09-23 11:49:03
110.182.31.242

/index.php
/controller/static load fail.
2017-09-23 11:49:03
110.182.31.242

/index.php
/controller/static load fail.
2017-09-23 11:49:03
110.182.31.242

/index.php
/controller/static load fail.
2017-09-23 11:49:04
110.182.31.242

/index.php
/controller/static load fail.
2017-09-23 11:49:04
110.182.31.242

/index.php
/controller/static load fail.
2017-09-23 11:49:04
110.182.31.242

/index.php
/controller/static load fail.
2017-09-23 11:49:06
110.182.31.242

/index.php
/controller/static load fail.
2017-09-23 11:49:06
110.182.31.242

/index.php
/controller/static load fail.
2017-09-23 11:49:06
110.182.31.242

/index.php
/controller/static load fail.
2017-09-23 11:49:53
110.182.31.242

/index.php
/controller/static load fail.
2017-09-23 11:49:53
110.182.31.242

/index.php
/controller/static load fail.
2017-09-23 11:49:53
110.182.31.242

/index.php
/controller/static load fail.
2017-09-23 11:49:54
110.182.31.242

/index.php
/controller/static load fail.
2017-09-23 11:49:54
110.182.31.242

/index.php
/controller/static load fail.
2017-09-23 11:49:55
110.182.31.242

/index.php
/controller/static load fail.
2017-09-23 11:49:57
110.182.31.242

/index.php
/controller/static load fail.
2017-09-23 11:49:58
110.182.31.242

/index.php
/controller/static load fail.
2017-09-23 11:49:58
110.182.31.242

/index.php
/controller/static load fail.
2017-09-23 11:50:00
110.182.31.242

/index.php
/controller/static load fail.
2017-09-23 11:50:00
110.182.31.242

/index.php
/controller/static load fail.
2017-09-23 11:50:00
110.182.31.242

/index.php
/controller/static load fail.
2017-09-23 11:50:01
110.182.31.242

/index.php
/controller/static load fail.
2017-09-23 11:50:01
110.182.31.242

/index.php
/controller/static load fail.
2017-09-23 11:50:01
110.182.31.242

/index.php
/controller/static load fail.
2017-09-23 11:50:06
110.182.31.242

/index.php
/controller/static load fail.
2017-09-23 11:50:06
110.182.31.242

/index.php
/controller/static load fail.
2017-09-23 11:50:06
110.182.31.242

/index.php
/controller/info load fail.
2017-09-23 11:51:03
140.205.201.41

/index.php
/controller/jenkins load fail.
2017-09-23 11:51:40
140.205.201.41

/index.php
/controller/zabbix load fail.
2017-09-23 11:51:49
140.205.201.41

/index.php
/controller/solr load fail.
2017-09-23 11:51:51
140.205.201.41

/index.php
/controller/warning load fail.
2017-09-23 11:52:12
140.205.201.41

/index.php
/controller/pleasereadthis load fail.
2017-09-23 11:52:18
140.205.201.41

/index.php
/controller/please_read load fail.
2017-09-23 11:52:23
140.205.201.41

/index.php
/controller/hadoop load fail.
2017-09-23 11:52:28
140.205.201.41

/index.php
/controller/script load fail.
2017-09-23 11:53:42
42.228.115.229

/index.php
/controller/script load fail.
2017-09-23 12:38:34
223.73.10.198

/index.php
/controller/supportbox load fail.
2017-09-23 12:38:36
223.73.10.198

/index.php
/controller/script load fail.
2017-09-23 12:40:58
112.28.161.1

/index.php
/controller/supportbox load fail.
2017-09-23 12:40:58
112.28.161.1

/index.php
/controller/static load fail.
2017-09-23 12:41:55
112.28.161.1

/index.php
/controller/static load fail.
2017-09-23 12:41:55
112.28.161.1

/index.php
/controller/static load fail.
2017-09-23 12:41:55
112.28.161.1

/index.php
/controller/static load fail.
2017-09-23 12:42:00
112.28.161.1

/index.php
/controller/static load fail.
2017-09-23 12:42:00
112.28.161.1

/index.php
/controller/static load fail.
2017-09-23 12:42:00
112.28.161.1

/index.php
/controller/static load fail.
2017-09-23 12:42:03
112.28.161.1

/index.php
/controller/static load fail.
2017-09-23 12:42:03
112.28.161.1

/index.php
/controller/static load fail.
2017-09-23 12:42:03
112.28.161.1

/index.php
/controller/static load fail.
2017-09-23 12:42:10
112.28.161.1

/index.php
/controller/static load fail.
2017-09-23 12:42:10
112.28.161.1

/index.php
/controller/static load fail.
2017-09-23 12:42:10
112.28.161.1

/index.php
/controller/static load fail.
2017-09-23 12:42:15
112.28.161.1

/index.php
/controller/static load fail.
2017-09-23 12:42:15
112.28.161.1

/index.php
/controller/static load fail.
2017-09-23 12:42:15
112.28.161.1

/index.php
/controller/static load fail.
2017-09-23 12:42:18
112.28.161.1

/index.php
/controller/static load fail.
2017-09-23 12:42:18
112.28.161.1

/index.php
/controller/static load fail.
2017-09-23 12:42:18
112.28.161.1

/index.php
/controller/script load fail.
2017-09-23 13:01:01
123.151.42.144

/index.php
/controller/login1001 load fail.
2017-09-23 13:01:08
221.1.217.115

/index.php
/controller/login1001 load fail.
2017-09-23 13:01:09
221.1.217.115

/index.php
/controller/login1001 load fail.
2017-09-23 13:01:09
221.1.217.115

/index.php
/controller/login1001 load fail.
2017-09-23 13:01:21
221.1.217.115

/index.php
/controller/login1001 load fail.
2017-09-23 13:01:21
221.1.217.115

/index.php
/controller/login1001 load fail.
2017-09-23 13:01:30
221.1.217.115

/index.php
/controller/register1001 load fail.
2017-09-23 13:01:40
221.1.217.115

/index.php
/controller/register1001 load fail.
2017-09-23 13:01:40
221.1.217.115

/index.php
/controller/static load fail.
2017-09-23 13:01:54
220.181.108.113

/index.php
/controller/register1001 load fail.
2017-09-23 13:02:35
221.1.217.115

/index.php
/controller/register1001 load fail.
2017-09-23 13:02:35
221.1.217.115

/index.php
/controller/register1001 load fail.
2017-09-23 13:02:36
221.1.217.115

/index.php
/controller/register1001 load fail.
2017-09-23 13:02:51
221.1.217.115

/index.php
/controller/register1001 load fail.
2017-09-23 13:02:51
221.1.217.115

/index.php
/controller/register1001 load fail.
2017-09-23 13:03:19
221.1.217.115

/index.php
/controller/register1001 load fail.
2017-09-23 13:03:20
221.1.217.115

/index.php
/controller/script load fail.
2017-09-23 13:12:57
106.5.102.220

/index.php
/controller/supportbox load fail.
2017-09-23 13:12:58
106.5.102.220

/index.php
/controller/script load fail.
2017-09-23 13:13:04
42.156.251.194

/index.php
/controller/script load fail.
2017-09-23 13:39:03
175.4.218.4

/index.php
/controller/supportbox load fail.
2017-09-23 13:39:04
175.4.218.4

/index.php
/controller/supportbox load fail.
2017-09-23 13:39:05
175.4.218.4

/index.php
/controller/css load fail.
2017-09-23 13:39:05
175.4.218.4

/index.php
/controller/css load fail.
2017-09-23 13:39:15
101.226.85.67

/index.php
/controller/script load fail.
2017-09-23 13:39:17
175.4.218.4

/index.php
/controller/supportbox load fail.
2017-09-23 13:39:17
175.4.218.4

/index.php
/controller/static load fail.
2017-09-23 13:39:32
175.4.218.4

/index.php
/controller/static load fail.
2017-09-23 13:39:33
175.4.218.4

/index.php
/controller/static load fail.
2017-09-23 13:39:33
175.4.218.4

/index.php
/controller/member/truename load fail.
2017-09-23 13:39:36
175.4.218.4

/index.php
/controller/static load fail.
2017-09-23 13:39:42
175.4.218.4

/index.php
/controller/static load fail.
2017-09-23 13:39:42
175.4.218.4

/index.php
/controller/static load fail.
2017-09-23 13:39:43
175.4.218.4

/index.php
/controller/static load fail.
2017-09-23 13:39:44
101.226.66.172

/index.php
/controller/static load fail.
2017-09-23 13:39:46
175.4.218.4

/index.php
/controller/static load fail.
2017-09-23 13:39:46
175.4.218.4

/index.php
/controller/static load fail.
2017-09-23 13:39:46
175.4.218.4

/index.php
/controller/member/truename load fail.
2017-09-23 13:39:46
101.226.65.104

/index.php
/controller/static load fail.
2017-09-23 13:39:53
175.4.218.4

/index.php
/controller/static load fail.
2017-09-23 13:39:53
175.4.218.4

/index.php
/controller/static load fail.
2017-09-23 13:39:53
175.4.218.4

/index.php
/controller/static load fail.
2017-09-23 13:40:16
175.4.218.4

/index.php
/controller/static load fail.
2017-09-23 13:40:16
175.4.218.4

/index.php
/controller/static load fail.
2017-09-23 13:40:16
175.4.218.4

/index.php
/controller/static load fail.
2017-09-23 13:40:20
175.4.218.4

/index.php
/controller/static load fail.
2017-09-23 13:40:20
175.4.218.4

/index.php
/controller/static load fail.
2017-09-23 13:40:20
175.4.218.4

/index.php
/controller/static load fail.
2017-09-23 13:40:21
175.4.218.4

/index.php
/controller/static load fail.
2017-09-23 13:40:21
175.4.218.4

/index.php
/controller/static load fail.
2017-09-23 13:40:21
175.4.218.4

/index.php
/controller/static load fail.
2017-09-23 13:40:45
175.4.218.4

/index.php
/controller/static load fail.
2017-09-23 13:40:45
175.4.218.4

/index.php
/controller/static load fail.
2017-09-23 13:40:45
175.4.218.4

/index.php
/controller/static load fail.
2017-09-23 13:42:42
175.4.218.4

/index.php
/controller/static load fail.
2017-09-23 13:42:42
175.4.218.4

/index.php
/controller/static load fail.
2017-09-23 13:42:42
175.4.218.4

/index.php
/controller/static load fail.
2017-09-23 13:42:43
175.4.218.4

/index.php
/controller/static load fail.
2017-09-23 13:42:43
175.4.218.4

/index.php
/controller/static load fail.
2017-09-23 13:42:43
175.4.218.4

/index.php
/controller/static load fail.
2017-09-23 13:42:44
175.4.218.4

/index.php
/controller/static load fail.
2017-09-23 13:42:44
175.4.218.4

/index.php
/controller/static load fail.
2017-09-23 13:42:44
175.4.218.4

/index.php
/controller/static load fail.
2017-09-23 13:42:44
175.4.218.4

/index.php
/controller/static load fail.
2017-09-23 13:42:53
175.4.218.4

/index.php
/controller/static load fail.
2017-09-23 13:42:53
175.4.218.4

/index.php
/controller/static load fail.
2017-09-23 13:42:53
175.4.218.4

/index.php
/controller/static load fail.
2017-09-23 13:44:13
175.4.218.4

/index.php
/controller/static load fail.
2017-09-23 13:44:13
175.4.218.4

/index.php
/controller/static load fail.
2017-09-23 13:44:13
175.4.218.4

/index.php
/controller/member/truename load fail.
2017-09-23 13:44:17
175.4.218.4

/index.php
/controller/static load fail.
2017-09-23 13:44:20
175.4.218.4

/index.php
/controller/static load fail.
2017-09-23 13:44:20
175.4.218.4

/index.php
/controller/static load fail.
2017-09-23 13:44:20
175.4.218.4

/index.php
/controller/static load fail.
2017-09-23 13:44:23
175.4.218.4

/index.php
/controller/static load fail.
2017-09-23 13:44:23
175.4.218.4

/index.php
/controller/static load fail.
2017-09-23 13:44:23
175.4.218.4

/index.php
/controller/static load fail.
2017-09-23 13:44:23
175.4.218.4

/index.php
/controller/static load fail.
2017-09-23 13:44:23
175.4.218.4

/index.php
/controller/static load fail.
2017-09-23 13:44:23
175.4.218.4

/index.php
/controller/static load fail.
2017-09-23 13:44:24
175.4.218.4

/index.php
/controller/static load fail.
2017-09-23 13:44:24
175.4.218.4

/index.php
/controller/static load fail.
2017-09-23 13:44:24
175.4.218.4

/index.php
/controller/static load fail.
2017-09-23 13:44:26
175.4.218.4

/index.php
/controller/static load fail.
2017-09-23 13:44:26
175.4.218.4

/index.php
/controller/static load fail.
2017-09-23 13:44:26
175.4.218.4

/index.php
/controller/static load fail.
2017-09-23 13:44:27
175.4.218.4

/index.php
/controller/static load fail.
2017-09-23 13:44:27
175.4.218.4

/index.php
/controller/static load fail.
2017-09-23 13:44:27
175.4.218.4

/index.php
/controller/static load fail.
2017-09-23 13:44:28
175.4.218.4

/index.php
/controller/static load fail.
2017-09-23 13:44:28
175.4.218.4

/index.php
/controller/static load fail.
2017-09-23 13:44:28
175.4.218.4

/index.php
/controller/static load fail.
2017-09-23 13:44:30
175.4.218.4

/index.php
/controller/static load fail.
2017-09-23 13:44:30
175.4.218.4

/index.php
/controller/static load fail.
2017-09-23 13:44:30
175.4.218.4

/index.php
/controller/static load fail.
2017-09-23 13:44:30
175.4.218.4

/index.php
/controller/static load fail.
2017-09-23 13:44:31
175.4.218.4

/index.php
/controller/static load fail.
2017-09-23 13:44:31
175.4.218.4

/index.php
/controller/static load fail.
2017-09-23 13:44:31
175.4.218.4

/index.php
/controller/static load fail.
2017-09-23 13:44:31
175.4.218.4

/index.php
/controller/static load fail.
2017-09-23 13:44:31
175.4.218.4

/index.php
/controller/static load fail.
2017-09-23 13:44:32
175.4.218.4

/index.php
/controller/static load fail.
2017-09-23 13:44:32
175.4.218.4

/index.php
/controller/static load fail.
2017-09-23 13:44:32
175.4.218.4

/index.php
/controller/script load fail.
2017-09-23 13:54:56
120.43.188.206

/index.php
/controller/supportbox load fail.
2017-09-23 13:54:58
120.43.188.206

/index.php
/controller/supportbox load fail.
2017-09-23 13:54:58
120.43.188.206

/index.php
/controller/script load fail.
2017-09-23 13:55:23
120.43.188.206

/index.php
/controller/supportbox load fail.
2017-09-23 13:55:24
120.43.188.206

/index.php
/controller/supportbox load fail.
2017-09-23 13:55:24
120.43.188.206

/index.php
/controller/demo load fail.
2017-09-23 13:56:14
120.43.188.206

/index.php
/controller/demo load fail.
2017-09-23 13:56:28
120.43.188.206

/index.php
/controller/demo load fail.
2017-09-23 13:56:33
120.43.188.206

/index.php
/controller/demo load fail.
2017-09-23 13:56:36
120.43.188.206

/index.php
/controller/demo load fail.
2017-09-23 13:56:37
120.43.188.206

/index.php
/controller/demo load fail.
2017-09-23 13:56:47
120.43.188.206

/index.php
/controller/script load fail.
2017-09-23 14:10:47
59.42.25.215

/index.php
/controller/supportbox load fail.
2017-09-23 14:10:50
59.42.25.215

/index.php
/controller/demo load fail.
2017-09-23 14:15:49
59.42.25.215

/index.php
/controller/static load fail.
2017-09-23 14:27:31
175.4.218.4

/index.php
/controller/static load fail.
2017-09-23 14:27:31
175.4.218.4

/index.php
/controller/static load fail.
2017-09-23 14:27:31
175.4.218.4

/index.php
/controller/script load fail.
2017-09-23 14:41:20
113.251.47.161

/index.php
/controller/supportbox load fail.
2017-09-23 14:41:21
113.251.47.161

/index.php
/controller/demo load fail.
2017-09-23 14:41:34
113.251.47.161

/index.php
/controller/script load fail.
2017-09-23 15:03:50
117.150.122.238

/index.php
/controller/supportbox load fail.
2017-09-23 15:03:53
117.150.122.238

/index.php
/controller/demo load fail.
2017-09-23 15:04:08
117.150.122.238

/index.php
/controller/demo load fail.
2017-09-23 15:04:10
117.150.122.238

/index.php
/controller/script load fail.
2017-09-23 15:04:30
117.150.122.238

/index.php
/controller/supportbox load fail.
2017-09-23 15:04:32
117.150.122.238

/index.php
/controller/css load fail.
2017-09-23 15:04:32
117.150.122.238

/index.php
/controller/script load fail.
2017-09-23 15:18:12
110.82.20.196

/index.php
/controller/supportbox load fail.
2017-09-23 15:18:14
110.82.20.196

/index.php
/controller/script load fail.
2017-09-23 15:18:18
42.156.251.194

/index.php
/controller/demo load fail.
2017-09-23 15:34:52
14.204.163.105

/index.php
/controller/script load fail.
2017-09-23 15:36:39
14.17.44.106

/index.php
/controller/script load fail.
2017-09-23 15:36:48
120.14.146.184

/index.php
/controller/supportbox load fail.
2017-09-23 15:36:50
120.14.146.184

/index.php
/controller/script load fail.
2017-09-23 15:37:20
14.17.44.106

/index.php
/controller/static load fail.
2017-09-23 15:41:54
61.146.201.2

/index.php
/controller/static load fail.
2017-09-23 15:41:55
61.146.201.2

/index.php
/controller/static load fail.
2017-09-23 15:41:55
61.146.201.2

/index.php
/controller/script load fail.
2017-09-23 15:46:27
120.239.124.88

/index.php
/controller/supportbox load fail.
2017-09-23 15:46:28
120.239.124.88

/index.php
/controller/script load fail.
2017-09-23 15:46:31
120.239.124.88

/index.php
/controller/supportbox load fail.
2017-09-23 15:46:31
120.239.124.88

/index.php
/controller/script load fail.
2017-09-23 16:04:14
27.211.13.115

/index.php
/controller/supportbox load fail.
2017-09-23 16:04:17
27.211.13.115

/index.php
/controller/script load fail.
2017-09-23 16:06:13
27.211.13.115

/index.php
/controller/supportbox load fail.
2017-09-23 16:06:15
27.211.13.115

/index.php
/controller/script load fail.
2017-09-23 16:07:58
123.151.138.57

/index.php
/controller/supportbox load fail.
2017-09-23 16:08:01
123.151.138.57

/index.php
/controller/script load fail.
2017-09-23 16:23:37
117.92.8.223

/index.php
/controller/supportbox load fail.
2017-09-23 16:23:38
117.92.8.223

/index.php
/controller/demo load fail.
2017-09-23 16:23:52
117.92.8.223

/index.php
/controller/script load fail.
2017-09-23 16:24:42
117.92.8.223

/index.php
/controller/supportbox load fail.
2017-09-23 16:24:44
117.92.8.223

/index.php
/controller/script load fail.
2017-09-23 16:28:54
117.92.8.223

/index.php
/controller/supportbox load fail.
2017-09-23 16:28:55
117.92.8.223

/index.php
/controller/script load fail.
2017-09-23 16:29:01
117.92.8.223

/index.php
/controller/supportbox load fail.
2017-09-23 16:29:01
117.92.8.223

/index.php
/controller/s load fail.
2017-09-23 16:34:12
101.226.125.103

/index.php
/controller/phpmyadmin load fail.
2017-09-23 16:48:38
140.205.225.189

/index.php
/controller/phpmyadmin load fail.
2017-09-23 16:48:38
140.205.225.189

/index.php
/controller/phpmyadmin load fail.
2017-09-23 16:48:39
140.205.225.189

/index.php
/controller/phpmyadmin load fail.
2017-09-23 16:48:39
140.205.225.189

/index.php
/controller/phpmyadmin load fail.
2017-09-23 16:48:41
140.205.225.189

/index.php
/controller/phpmyadmin load fail.
2017-09-23 16:48:41
140.205.225.189

/index.php
/controller/phpmyadmin load fail.
2017-09-23 16:48:42
140.205.225.189

/index.php
/controller/phpmyadmin load fail.
2017-09-23 16:48:42
140.205.225.189

/index.php
/controller/phpmyadmin load fail.
2017-09-23 16:48:43
140.205.225.189

/index.php
/controller/phpmyadmin load fail.
2017-09-23 16:48:43
140.205.225.189

/index.php
/controller/phpmyadmin load fail.
2017-09-23 16:48:45
140.205.225.189

/index.php
/controller/phpmyadmin load fail.
2017-09-23 16:48:45
140.205.225.189

/index.php
/controller/phpmyadmin load fail.
2017-09-23 16:48:46
140.205.225.189

/index.php
/controller/phpmyadmin load fail.
2017-09-23 16:48:46
140.205.225.189

/index.php
/controller/phpmyadmin load fail.
2017-09-23 16:48:47
140.205.225.189

/index.php
/controller/phpmyadmin load fail.
2017-09-23 16:48:48
140.205.225.189

/index.php
/controller/phpmyadmin load fail.
2017-09-23 16:48:49
140.205.225.189

/index.php
/controller/phpmyadmin load fail.
2017-09-23 16:48:49
140.205.225.189

/index.php
/controller/phpmyadmin load fail.
2017-09-23 16:48:50
140.205.225.189

/index.php
/controller/phpmyadmin load fail.
2017-09-23 16:48:50
140.205.225.189

/index.php
/controller/showcase load fail.
2017-09-23 16:54:22
140.205.225.189

/index.php
/controller/integration load fail.
2017-09-23 16:54:23
140.205.225.189

/index.php
/controller/ganglia load fail.
2017-09-23 17:02:40
140.205.225.189

/index.php
/controller/hpliaudrmbgw load fail.
2017-09-23 17:11:48
140.205.225.189

/index.php
/controller/script load fail.
2017-09-23 17:12:12
111.53.70.144

/index.php
/controller/supportbox load fail.
2017-09-23 17:12:13
111.53.70.144

/index.php
/controller/script load fail.
2017-09-23 17:12:38
111.53.70.144

/index.php
/controller/supportbox load fail.
2017-09-23 17:12:38
111.53.70.144

/index.php
/controller/script load fail.
2017-09-23 17:12:58
111.53.70.144

/index.php
/controller/supportbox load fail.
2017-09-23 17:12:58
111.53.70.144

/index.php
/controller/demo load fail.
2017-09-23 17:12:59
111.53.70.144

/index.php
/controller/script load fail.
2017-09-23 17:13:17
111.53.70.144

/index.php
/controller/supportbox load fail.
2017-09-23 17:13:17
111.53.70.144

/index.php
/controller/demo load fail.
2017-09-23 17:13:18
111.53.70.144

/index.php
/controller/script load fail.
2017-09-23 17:13:46
111.53.70.144

/index.php
/controller/supportbox load fail.
2017-09-23 17:13:46
111.53.70.144

/index.php
/controller/demo load fail.
2017-09-23 17:13:47
111.53.70.144

/index.php
/controller/script load fail.
2017-09-23 17:15:26
111.53.70.144

/index.php
/controller/supportbox load fail.
2017-09-23 17:15:26
111.53.70.144

/index.php
/controller/static load fail.
2017-09-23 17:15:56
111.53.70.144

/index.php
/controller/static load fail.
2017-09-23 17:15:56
111.53.70.144

/index.php
/controller/static load fail.
2017-09-23 17:15:56
111.53.70.144

/index.php
/controller/static load fail.
2017-09-23 17:16:02
111.53.70.144

/index.php
/controller/static load fail.
2017-09-23 17:16:02
111.53.70.144

/index.php
/controller/static load fail.
2017-09-23 17:16:02
111.53.70.144

/index.php
/controller/static load fail.
2017-09-23 17:16:03
111.53.70.144

/index.php
/controller/static load fail.
2017-09-23 17:16:03
111.53.70.144

/index.php
/controller/static load fail.
2017-09-23 17:16:03
111.53.70.144

/index.php
/controller/static load fail.
2017-09-23 17:17:47
111.53.70.144

/index.php
/controller/static load fail.
2017-09-23 17:17:47
111.53.70.144

/index.php
/controller/static load fail.
2017-09-23 17:17:47
111.53.70.144

/index.php
/controller/static load fail.
2017-09-23 17:17:48
111.53.70.144

/index.php
/controller/static load fail.
2017-09-23 17:17:48
111.53.70.144

/index.php
/controller/static load fail.
2017-09-23 17:17:48
111.53.70.144

/index.php
/controller/hwi load fail.
2017-09-23 17:22:48
140.205.225.189

/index.php
/controller/script load fail.
2017-09-23 17:23:24
183.0.226.150

/index.php
/controller/supportbox load fail.
2017-09-23 17:23:25
183.0.226.150

/index.php
/controller/info load fail.
2017-09-23 17:29:10
140.205.225.189

/index.php
/controller/jenkins load fail.
2017-09-23 17:29:46
140.205.225.189

/index.php
/controller/zabbix load fail.
2017-09-23 17:29:55
140.205.225.189

/index.php
/controller/solr load fail.
2017-09-23 17:30:00
140.205.225.189

/index.php
/controller/warning load fail.
2017-09-23 17:30:16
140.205.225.189

/index.php
/controller/pleasereadthis load fail.
2017-09-23 17:30:20
140.205.225.189

/index.php
/controller/please_read load fail.
2017-09-23 17:30:23
140.205.225.189

/index.php
/controller/hadoop load fail.
2017-09-23 17:30:27
140.205.225.189

/index.php
/controller/phpmyadmin load fail.
2017-09-23 18:20:42
140.205.201.47

/index.php
/controller/phpmyadmin load fail.
2017-09-23 18:20:42
140.205.201.47

/index.php
/controller/phpmyadmin load fail.
2017-09-23 18:20:43
140.205.201.47

/index.php
/controller/phpmyadmin load fail.
2017-09-23 18:20:44
140.205.201.47

/index.php
/controller/phpmyadmin load fail.
2017-09-23 18:20:45
140.205.201.47

/index.php
/controller/phpmyadmin load fail.
2017-09-23 18:20:45
140.205.201.47

/index.php
/controller/phpmyadmin load fail.
2017-09-23 18:20:46
140.205.201.47

/index.php
/controller/phpmyadmin load fail.
2017-09-23 18:20:46
140.205.201.47

/index.php
/controller/phpmyadmin load fail.
2017-09-23 18:20:46
140.205.201.47

/index.php
/controller/phpmyadmin load fail.
2017-09-23 18:20:46
140.205.201.47

/index.php
/controller/phpmyadmin load fail.
2017-09-23 18:20:47
140.205.201.47

/index.php
/controller/phpmyadmin load fail.
2017-09-23 18:20:47
140.205.201.47

/index.php
/controller/phpmyadmin load fail.
2017-09-23 18:20:47
140.205.201.47

/index.php
/controller/phpmyadmin load fail.
2017-09-23 18:20:48
140.205.201.47

/index.php
/controller/phpmyadmin load fail.
2017-09-23 18:20:48
140.205.201.47

/index.php
/controller/phpmyadmin load fail.
2017-09-23 18:20:49
140.205.201.47

/index.php
/controller/phpmyadmin load fail.
2017-09-23 18:20:49
140.205.201.47

/index.php
/controller/phpmyadmin load fail.
2017-09-23 18:20:49
140.205.201.47

/index.php
/controller/phpmyadmin load fail.
2017-09-23 18:20:50
140.205.201.47

/index.php
/controller/phpmyadmin load fail.
2017-09-23 18:20:50
140.205.201.47

/index.php
/controller/phpmyadmin load fail.
2017-09-23 18:20:50
140.205.201.47

/index.php
/controller/phpmyadmin load fail.
2017-09-23 18:20:50
140.205.201.47

/index.php
/controller/phpmyadmin load fail.
2017-09-23 18:20:50
140.205.201.47

/index.php
/controller/phpmyadmin load fail.
2017-09-23 18:20:50
140.205.201.47

/index.php
/controller/phpmyadmin load fail.
2017-09-23 18:20:51
140.205.201.47

/index.php
/controller/phpmyadmin load fail.
2017-09-23 18:20:51
140.205.201.47

/index.php
/controller/phpmyadmin load fail.
2017-09-23 18:20:51
140.205.201.47

/index.php
/controller/phpmyadmin load fail.
2017-09-23 18:20:51
140.205.201.47

/index.php
/controller/phpmyadmin load fail.
2017-09-23 18:20:51
140.205.201.47

/index.php
/controller/phpmyadmin load fail.
2017-09-23 18:20:52
140.205.201.47

/index.php
/controller/phpmyadmin load fail.
2017-09-23 18:20:52
140.205.201.47

/index.php
/controller/phpmyadmin load fail.
2017-09-23 18:20:53
140.205.201.47

/index.php
/controller/phpmyadmin load fail.
2017-09-23 18:20:53
140.205.201.47

/index.php
/controller/phpmyadmin load fail.
2017-09-23 18:20:53
140.205.201.47

/index.php
/controller/phpmyadmin load fail.
2017-09-23 18:20:53
140.205.201.47

/index.php
/controller/phpmyadmin load fail.
2017-09-23 18:20:53
140.205.201.47

/index.php
/controller/phpmyadmin load fail.
2017-09-23 18:20:54
140.205.201.47

/index.php
/controller/phpmyadmin load fail.
2017-09-23 18:20:54
140.205.201.47

/index.php
/controller/phpmyadmin load fail.
2017-09-23 18:20:54
140.205.201.47

/index.php
/controller/phpmyadmin load fail.
2017-09-23 18:20:54
140.205.201.47

/index.php
/controller/phpmyadmin load fail.
2017-09-23 18:20:54
140.205.201.47

/index.php
/controller/phpmyadmin load fail.
2017-09-23 18:20:54
140.205.201.47

/index.php
/controller/phpmyadmin load fail.
2017-09-23 18:20:55
140.205.201.47

/index.php
/controller/phpmyadmin load fail.
2017-09-23 18:20:55
140.205.201.47

/index.php
/controller/phpmyadmin load fail.
2017-09-23 18:20:55
140.205.201.47

/index.php
/controller/phpmyadmin load fail.
2017-09-23 18:20:55
140.205.201.47

/index.php
/controller/phpmyadmin load fail.
2017-09-23 18:20:56
140.205.201.47

/index.php
/controller/phpmyadmin load fail.
2017-09-23 18:20:57
140.205.201.47

/index.php
/controller/phpmyadmin load fail.
2017-09-23 18:20:57
140.205.201.47

/index.php
/controller/phpmyadmin load fail.
2017-09-23 18:20:57
140.205.201.47

/index.php
/controller/phpmyadmin load fail.
2017-09-23 18:20:58
140.205.201.47

/index.php
/controller/phpmyadmin load fail.
2017-09-23 18:20:58
140.205.201.47

/index.php
/controller/phpmyadmin load fail.
2017-09-23 18:20:58
140.205.201.47

/index.php
/controller/phpmyadmin load fail.
2017-09-23 18:20:58
140.205.201.47

/index.php
/controller/phpmyadmin load fail.
2017-09-23 18:20:59
140.205.201.47

/index.php
/controller/phpmyadmin load fail.
2017-09-23 18:21:00
140.205.201.47

/index.php
/controller/phpmyadmin load fail.
2017-09-23 18:21:01
140.205.201.47

/index.php
/controller/phpmyadmin load fail.
2017-09-23 18:21:01
140.205.201.47

/index.php
/controller/phpmyadmin load fail.
2017-09-23 18:21:02
140.205.201.47

/index.php
/controller/phpmyadmin load fail.
2017-09-23 18:21:02
140.205.201.47

/index.php
/controller/hwi load fail.
2017-09-23 18:28:19
140.205.201.47

/index.php
/controller/hwi load fail.
2017-09-23 18:28:23
140.205.201.47

/index.php
/controller/hwi load fail.
2017-09-23 18:28:29
140.205.201.47

/index.php
/controller/phpmyadmin load fail.
2017-09-23 18:29:38
14.152.78.16

/index.php
/controller/mpytcufjwkzo load fail.
2017-09-23 18:37:03
140.205.201.47

/index.php
/controller/usnvlkpwqryi load fail.
2017-09-23 18:37:29
140.205.201.47

/index.php
/controller/zpneydqiahjc load fail.
2017-09-23 18:37:40
140.205.201.47

/index.php
/controller/install load fail.
2017-09-23 18:42:19
140.205.201.47

/index.php
/controller/install load fail.
2017-09-23 18:42:29
140.205.201.47

/index.php
/controller/install load fail.
2017-09-23 18:42:38
140.205.201.47

/index.php
/controller/uddiexplorer load fail.
2017-09-23 18:43:42
140.205.201.47

/index.php
/controller/uddiexplorer load fail.
2017-09-23 18:43:45
140.205.201.47

/index.php
/controller/uddiexplorer load fail.
2017-09-23 18:43:49
140.205.201.47

/index.php
/controller/ganglia load fail.
2017-09-23 18:45:01
140.205.201.47

/index.php
/controller/ganglia load fail.
2017-09-23 18:45:04
140.205.201.47

/index.php
/controller/ganglia load fail.
2017-09-23 18:45:12
140.205.201.47

/index.php
/controller/plugins load fail.
2017-09-23 18:45:30
140.205.201.47

/index.php
/controller/plugins load fail.
2017-09-23 18:45:33
140.205.201.47

/index.php
/controller/plugins load fail.
2017-09-23 18:45:33
140.205.201.47

/index.php
/controller/hadoop load fail.
2017-09-23 18:45:55
140.205.201.47

/index.php
/controller/script load fail.
2017-09-23 18:46:12
140.205.201.18

/index.php
/controller/supportbox load fail.
2017-09-23 18:46:13
140.205.201.18

/index.php
/controller/hadoop load fail.
2017-09-23 18:46:44
140.205.201.47

/index.php
/controller/script load fail.
2017-09-23 18:46:48
140.205.201.17

/index.php
/controller/supportbox load fail.
2017-09-23 18:46:49
140.205.201.17

/index.php
/controller/hadoop load fail.
2017-09-23 18:47:21
140.205.201.47

/index.php
/controller/script load fail.
2017-09-23 18:47:23
140.205.201.4

/index.php
/controller/supportbox load fail.
2017-09-23 18:47:24
140.205.201.4

/index.php
/controller/script load fail.
2017-09-23 19:11:57
119.248.88.73

/index.php
/controller/supportbox load fail.
2017-09-23 19:12:01
119.248.88.73

/index.php
/controller/product load fail.
2017-09-23 19:47:15
220.181.108.110

/index.php
/controller/script load fail.
2017-09-23 20:48:39
106.5.131.183

/index.php
/controller/supportbox load fail.
2017-09-23 20:48:40
106.5.131.183

/index.php
/controller/demo load fail.
2017-09-23 20:48:45
106.5.131.183

/index.php
/controller/script load fail.
2017-09-23 20:49:21
106.5.131.183

/index.php
/controller/supportbox load fail.
2017-09-23 20:49:21
106.5.131.183

/index.php
/controller/demo load fail.
2017-09-23 20:49:26
106.5.131.183

/index.php
/controller/upload load fail.
2017-09-23 21:41:53
118.193.158.17

/index.php
/controller/script load fail.
2017-09-23 22:45:30
222.41.60.242

/index.php
/controller/supportbox load fail.
2017-09-23 22:45:37
222.41.60.242

/index.php
/controller/bbs load fail.
2017-09-23 22:52:31
123.114.4.32

/index.php
/controller/script load fail.
2017-09-23 22:52:48
222.41.60.242

/index.php
/controller/supportbox load fail.
2017-09-23 22:52:50
222.41.60.242

/index.php
/controller/cache load fail.
2017-09-23 23:25:51
80.82.78.38

