/index.php
/controller/script load fail.
2017-08-30 09:09:47
117.174.158.83

/index.php
/controller/script load fail.
2017-08-30 09:10:18
101.226.102.97

/index.php
/controller/script load fail.
2017-08-30 09:10:18
101.226.102.97

/index.php
/controller/script load fail.
2017-08-30 09:10:19
101.226.102.97

/index.php
/controller/script load fail.
2017-08-30 09:10:19
101.226.102.97

/index.php
/controller/css load fail.
2017-08-30 09:10:23
101.226.102.97

/index.php
/controller/script load fail.
2017-08-30 09:10:28
101.226.66.174

/index.php
/controller/script load fail.
2017-08-30 09:10:29
101.226.66.174

/index.php
/controller/script load fail.
2017-08-30 09:10:29
101.226.66.174

/index.php
/controller/script load fail.
2017-08-30 09:10:30
101.226.66.174

/index.php
/controller/css load fail.
2017-08-30 09:10:34
101.226.66.174

/index.php
/controller/script load fail.
2017-08-30 09:10:50
101.226.99.197

/index.php
/controller/script load fail.
2017-08-30 09:10:51
101.226.99.197

/index.php
/controller/script load fail.
2017-08-30 09:10:51
101.226.99.197

/index.php
/controller/script load fail.
2017-08-30 09:10:52
101.226.99.197

/index.php
/controller/css load fail.
2017-08-30 09:10:56
101.226.99.197

/index.php
/controller/demo load fail.
2017-08-30 09:11:12
117.174.158.83

/index.php
/controller/script load fail.
2017-08-30 09:12:38
101.226.66.181

/index.php
/controller/script load fail.
2017-08-30 09:12:38
101.226.66.181

/index.php
/controller/script load fail.
2017-08-30 09:12:38
101.226.66.181

/index.php
/controller/script load fail.
2017-08-30 09:12:38
101.226.66.181

/index.php
/controller/css load fail.
2017-08-30 09:12:42
101.226.66.181

/index.php
/controller/script load fail.
2017-08-30 09:14:37
124.160.71.42

/index.php
/controller/script load fail.
2017-08-30 09:19:29
117.174.158.83

/index.php
/controller/demo load fail.
2017-08-30 09:20:47
117.174.158.83

/index.php
/controller/demo load fail.
2017-08-30 09:21:07
117.174.158.83

/index.php
/controller/script load fail.
2017-08-30 09:27:14
117.174.158.83

/index.php
/controller/script load fail.
2017-08-30 09:27:18
117.174.158.83

/index.php
/controller/script load fail.
2017-08-30 09:27:23
117.174.158.83

/index.php
/controller/script load fail.
2017-08-30 09:28:25
117.174.158.83

/index.php
/controller/script load fail.
2017-08-30 09:33:37
117.174.158.83

/index.php
/controller/css load fail.
2017-08-30 09:33:39
117.174.158.83

/index.php
/controller/script load fail.
2017-08-30 09:47:04
117.174.158.83

/index.php
/controller/script load fail.
2017-08-30 09:47:32
117.174.158.83

/index.php
/controller/static load fail.
2017-08-30 09:48:19
117.174.158.83

/index.php
/controller/static load fail.
2017-08-30 09:48:27
117.174.158.83

/index.php
/controller/static load fail.
2017-08-30 09:48:39
117.174.158.83

/index.php
/controller/static load fail.
2017-08-30 09:58:29
117.174.158.83

/index.php
/controller/pay load fail.
2017-08-30 10:02:08
117.174.158.83

/index.php
/controller/static load fail.
2017-08-30 10:11:21
117.174.158.83

/index.php
/controller/static load fail.
2017-08-30 10:11:23
117.174.158.83

/index.php
/controller/static load fail.
2017-08-30 10:11:24
117.174.158.83

/index.php
/controller/static load fail.
2017-08-30 10:11:40
117.174.158.83

/index.php
/controller/static load fail.
2017-08-30 10:11:40
117.174.158.83

/index.php
/controller/static load fail.
2017-08-30 10:11:42
117.174.158.83

/index.php
/controller/script load fail.
2017-08-30 10:17:50
101.226.99.196

/index.php
/controller/script load fail.
2017-08-30 10:17:50
101.226.99.196

/index.php
/controller/script load fail.
2017-08-30 10:17:51
101.226.99.196

/index.php
/controller/script load fail.
2017-08-30 10:17:51
101.226.99.196

/index.php
/controller/css load fail.
2017-08-30 10:17:55
101.226.99.196

/index.php
/controller/script load fail.
2017-08-30 10:18:12
182.129.140.77

/index.php
/controller/script load fail.
2017-08-30 10:18:12
182.129.140.77

/index.php
/controller/script load fail.
2017-08-30 10:18:19
182.129.140.77

/index.php
/controller/js load fail.
2017-08-30 10:18:22
182.129.140.77

/index.php
/controller/css load fail.
2017-08-30 10:18:25
182.129.140.77

/index.php
/controller/css load fail.
2017-08-30 10:18:25
182.129.140.77

/index.php
/controller/script load fail.
2017-08-30 10:18:38
182.129.140.77

/index.php
/controller/js load fail.
2017-08-30 10:18:38
182.129.140.77

/index.php
/controller/css load fail.
2017-08-30 10:18:38
182.129.140.77

/index.php
/controller/css load fail.
2017-08-30 10:18:38
182.129.140.77

/index.php
/controller/script load fail.
2017-08-30 10:20:21
223.104.15.253

/index.php
/controller/script load fail.
2017-08-30 10:20:22
223.104.15.253

/index.php
/controller/js load fail.
2017-08-30 10:20:31
223.104.15.253

/index.php
/controller/css load fail.
2017-08-30 10:20:35
223.104.15.253

/index.php
/controller/css load fail.
2017-08-30 10:20:35
223.104.15.253

/index.php
/controller/script load fail.
2017-08-30 10:21:14
117.174.158.83

/index.php
/controller/script load fail.
2017-08-30 10:26:11
223.104.15.253

/index.php
/controller/js load fail.
2017-08-30 10:26:12
223.104.15.253

/index.php
/controller/css load fail.
2017-08-30 10:26:12
223.104.15.253

/index.php
/controller/css load fail.
2017-08-30 10:26:12
223.104.15.253

/index.php
/controller/pay load fail.
2017-08-30 10:39:09
117.174.158.83

/index.php
/controller/script load fail.
2017-08-30 10:40:53
117.174.158.83

/index.php
/controller/script load fail.
2017-08-30 10:41:05
117.174.158.83

/index.php
/controller/pay load fail.
2017-08-30 10:49:31
117.174.158.83

/index.php
/controller/alipay_bank load fail.
2017-08-30 10:51:58
117.174.158.83

/index.php
/controller/alipay_bank load fail.
2017-08-30 10:52:00
117.174.158.83

/index.php
/controller/alipay_bank load fail.
2017-08-30 10:53:20
117.185.27.113

/index.php
/controller/pay load fail.
2017-08-30 10:55:47
117.174.158.83

/index.php
/controller/script load fail.
2017-08-30 10:55:52
117.174.158.83

/index.php
/controller/demo load fail.
2017-08-30 10:55:57
117.174.158.83

/index.php
/controller/demo load fail.
2017-08-30 10:57:44
117.174.158.83

/index.php
/controller/demo load fail.
2017-08-30 10:57:44
117.174.158.83

/index.php
/controller/demo load fail.
2017-08-30 10:57:45
117.174.158.83

/index.php
/controller/pay load fail.
2017-08-30 10:57:48
117.174.158.83

/index.php
/controller/static load fail.
2017-08-30 10:58:47
117.174.158.83

/index.php
/controller/static load fail.
2017-08-30 10:59:28
117.174.158.83

/index.php
/controller/script load fail.
2017-08-30 10:59:53
117.174.158.83

/index.php
/controller/script load fail.
2017-08-30 10:59:58
117.174.158.83

/index.php
/controller/static load fail.
2017-08-30 11:01:16
117.174.158.83

/index.php
/controller/static load fail.
2017-08-30 11:01:17
117.174.158.83

/index.php
/controller/static load fail.
2017-08-30 11:02:36
117.174.158.83

/index.php
/controller/static load fail.
2017-08-30 11:03:10
117.174.158.83

/index.php
/controller/static load fail.
2017-08-30 11:03:22
117.174.158.83

/index.php
/controller/static load fail.
2017-08-30 11:03:22
117.174.158.83

/index.php
/controller/pay load fail.
2017-08-30 11:05:41
117.174.158.83

/index.php
/controller/pay load fail.
2017-08-30 11:06:16
117.174.158.83

/index.php
/controller/view load fail.
2017-08-30 11:08:23
117.174.158.83

/index.php
/controller/view load fail.
2017-08-30 11:08:23
117.174.158.83

/index.php
/controller/view load fail.
2017-08-30 11:08:28
117.174.158.83

/index.php
/controller/view load fail.
2017-08-30 11:08:28
117.174.158.83

/index.php
/controller/script load fail.
2017-08-30 11:15:42
117.174.158.83

/index.php
/controller/script load fail.
2017-08-30 11:15:43
117.174.158.83

/index.php
/controller/script load fail.
2017-08-30 12:15:41
182.129.140.77

/index.php
/controller/js load fail.
2017-08-30 12:15:41
182.129.140.77

/index.php
/controller/css load fail.
2017-08-30 12:15:41
182.129.140.77

/index.php
/controller/css load fail.
2017-08-30 12:15:41
182.129.140.77

/index.php
/controller/css load fail.
2017-08-30 12:15:46
182.129.140.77

/index.php
/controller/css load fail.
2017-08-30 12:15:46
182.129.140.77

/index.php
/controller/script load fail.
2017-08-30 12:16:08
182.129.140.77

/index.php
/controller/js load fail.
2017-08-30 12:16:08
182.129.140.77

/index.php
/controller/css load fail.
2017-08-30 12:16:08
182.129.140.77

/index.php
/controller/css load fail.
2017-08-30 12:16:08
182.129.140.77

/index.php
/controller/static load fail.
2017-08-30 12:16:24
182.129.140.77

/index.php
/controller/static load fail.
2017-08-30 12:16:52
182.129.140.77

/index.php
/controller/script load fail.
2017-08-30 12:17:58
182.129.140.77

/index.php
/controller/js load fail.
2017-08-30 12:17:59
182.129.140.77

/index.php
/controller/css load fail.
2017-08-30 12:17:59
182.129.140.77

/index.php
/controller/css load fail.
2017-08-30 12:17:59
182.129.140.77

/index.php
/controller/static load fail.
2017-08-30 12:18:02
182.129.140.77

/index.php
/controller/script load fail.
2017-08-30 12:18:08
182.129.140.77

/index.php
/controller/css load fail.
2017-08-30 12:18:08
182.129.140.77

/index.php
/controller/js load fail.
2017-08-30 12:18:08
182.129.140.77

/index.php
/controller/css load fail.
2017-08-30 12:18:08
182.129.140.77

/index.php
/controller/demo load fail.
2017-08-30 12:18:12
182.129.140.77

/index.php
/controller/demo load fail.
2017-08-30 12:18:24
182.129.140.77

/index.php
/controller/script load fail.
2017-08-30 12:43:52
101.226.33.221

/index.php
/controller/script load fail.
2017-08-30 12:43:52
101.226.33.221

/index.php
/controller/script load fail.
2017-08-30 12:43:53
101.226.33.221

/index.php
/controller/script load fail.
2017-08-30 12:43:53
101.226.33.221

/index.php
/controller/css load fail.
2017-08-30 12:43:56
101.226.33.221

/index.php
/controller/script load fail.
2017-08-30 12:44:18
27.17.202.40

/index.php
/controller/script load fail.
2017-08-30 12:56:11
223.71.219.244

/index.php
/controller/script load fail.
2017-08-30 13:24:00
223.104.15.253

/index.php
/controller/script load fail.
2017-08-30 13:24:01
223.104.15.253

/index.php
/controller/js load fail.
2017-08-30 13:24:05
223.104.15.253

/index.php
/controller/css load fail.
2017-08-30 13:24:07
223.104.15.253

/index.php
/controller/css load fail.
2017-08-30 13:24:08
223.104.15.253

/index.php
/controller/script load fail.
2017-08-30 13:24:09
223.104.15.253

/index.php
/controller/js load fail.
2017-08-30 13:24:12
223.104.15.253

/index.php
/controller/css load fail.
2017-08-30 13:24:12
223.104.15.253

/index.php
/controller/css load fail.
2017-08-30 13:24:12
223.104.15.253

/index.php
/controller/script load fail.
2017-08-30 13:24:13
223.104.15.253

/index.php
/controller/js load fail.
2017-08-30 13:24:13
223.104.15.253

/index.php
/controller/css load fail.
2017-08-30 13:24:13
223.104.15.253

/index.php
/controller/css load fail.
2017-08-30 13:24:13
223.104.15.253

/index.php
/controller/script load fail.
2017-08-30 13:24:14
223.104.15.253

/index.php
/controller/js load fail.
2017-08-30 13:24:17
223.104.15.253

/index.php
/controller/css load fail.
2017-08-30 13:24:17
223.104.15.253

/index.php
/controller/css load fail.
2017-08-30 13:24:17
223.104.15.253

/index.php
/controller/js load fail.
2017-08-30 13:24:18
223.104.15.253

/index.php
/controller/css load fail.
2017-08-30 13:24:18
223.104.15.253

/index.php
/controller/css load fail.
2017-08-30 13:24:18
223.104.15.253

/index.php
/controller/css load fail.
2017-08-30 13:24:37
223.104.15.253

/index.php
/controller/css load fail.
2017-08-30 13:24:37
223.104.15.253

/index.php
/controller/css load fail.
2017-08-30 13:24:56
223.104.15.253

/index.php
/controller/l load fail.
2017-08-30 13:24:56
223.104.15.253

/index.php
/controller/css load fail.
2017-08-30 13:24:57
223.104.15.253

/index.php
/controller/css load fail.
2017-08-30 13:24:58
223.104.15.253

/index.php
/controller/css load fail.
2017-08-30 13:24:58
223.104.15.253

/index.php
/controller/css load fail.
2017-08-30 13:24:59
223.104.15.253

/index.php
/controller/css load fail.
2017-08-30 13:24:59
223.104.15.253

/index.php
/controller/script load fail.
2017-08-30 13:24:59
223.104.15.253

/index.php
/controller/js load fail.
2017-08-30 13:25:00
223.104.15.253

/index.php
/controller/css load fail.
2017-08-30 13:25:00
223.104.15.253

/index.php
/controller/css load fail.
2017-08-30 13:25:01
223.104.15.253

/index.php
/controller/script load fail.
2017-08-30 13:25:03
223.104.15.253

/index.php
/controller/js load fail.
2017-08-30 13:25:05
223.104.15.253

/index.php
/controller/css load fail.
2017-08-30 13:25:06
223.104.15.253

/index.php
/controller/css load fail.
2017-08-30 13:25:06
223.104.15.253

/index.php
/controller/css load fail.
2017-08-30 13:25:06
223.104.15.253

/index.php
/controller/script load fail.
2017-08-30 13:25:06
223.104.15.253

/index.php
/controller/js load fail.
2017-08-30 13:25:06
223.104.15.253

/index.php
/controller/css load fail.
2017-08-30 13:25:06
223.104.15.253

/index.php
/controller/css load fail.
2017-08-30 13:25:06
223.104.15.253

/index.php
/controller/css load fail.
2017-08-30 13:25:07
223.104.15.253

/index.php
/controller/script load fail.
2017-08-30 13:26:49
223.104.15.253

/index.php
/controller/script load fail.
2017-08-30 13:26:50
223.104.15.253

/index.php
/controller/js load fail.
2017-08-30 13:26:51
223.104.15.253

/index.php
/controller/css load fail.
2017-08-30 13:26:51
223.104.15.253

/index.php
/controller/css load fail.
2017-08-30 13:26:51
223.104.15.253

/index.php
/controller/script load fail.
2017-08-30 13:26:53
223.104.15.253

/index.php
/controller/js load fail.
2017-08-30 13:26:54
223.104.15.253

/index.php
/controller/css load fail.
2017-08-30 13:26:54
223.104.15.253

/index.php
/controller/css load fail.
2017-08-30 13:26:54
223.104.15.253

/index.php
/controller/css load fail.
2017-08-30 13:27:14
223.104.15.253

/index.php
/controller/css load fail.
2017-08-30 13:27:14
223.104.15.253

/index.php
/controller/css load fail.
2017-08-30 13:27:25
223.104.15.253

/index.php
/controller/css load fail.
2017-08-30 13:27:26
223.104.15.253

/index.php
/controller/css load fail.
2017-08-30 13:27:53
223.104.15.253

/index.php
/controller/css load fail.
2017-08-30 13:27:53
223.104.15.253

/index.php
/controller/script load fail.
2017-08-30 13:28:22
223.104.15.253

/index.php
/controller/script load fail.
2017-08-30 13:28:22
223.104.15.253

/index.php
/controller/js load fail.
2017-08-30 13:28:23
223.104.15.253

/index.php
/controller/css load fail.
2017-08-30 13:28:23
223.104.15.253

/index.php
/controller/css load fail.
2017-08-30 13:28:24
223.104.15.253

/index.php
/controller/css load fail.
2017-08-30 13:28:25
223.104.15.253

/index.php
/controller/css load fail.
2017-08-30 13:28:25
223.104.15.253

/index.php
/controller/l load fail.
2017-08-30 13:28:25
223.104.15.253

/index.php
/controller/css load fail.
2017-08-30 13:28:27
223.104.15.253

/index.php
/controller/css load fail.
2017-08-30 13:28:27
223.104.15.253

/index.php
/controller/css load fail.
2017-08-30 13:28:29
223.104.15.253

/index.php
/controller/css load fail.
2017-08-30 13:28:29
223.104.15.253

/index.php
/controller/css load fail.
2017-08-30 13:28:33
223.104.15.253

/index.php
/controller/script load fail.
2017-08-30 13:28:53
223.104.15.253

/index.php
/controller/script load fail.
2017-08-30 13:28:54
223.104.15.253

/index.php
/controller/js load fail.
2017-08-30 13:28:56
223.104.15.253

/index.php
/controller/css load fail.
2017-08-30 13:28:56
223.104.15.253

/index.php
/controller/css load fail.
2017-08-30 13:28:56
223.104.15.253

/index.php
/controller/script load fail.
2017-08-30 13:29:40
223.104.15.253

/index.php
/controller/script load fail.
2017-08-30 13:29:41
223.104.15.253

/index.php
/controller/js load fail.
2017-08-30 13:29:42
223.104.15.253

/index.php
/controller/css load fail.
2017-08-30 13:29:42
223.104.15.253

/index.php
/controller/css load fail.
2017-08-30 13:29:42
223.104.15.253

/index.php
/controller/script load fail.
2017-08-30 13:29:44
223.104.15.253

/index.php
/controller/js load fail.
2017-08-30 13:29:48
223.104.15.253

/index.php
/controller/css load fail.
2017-08-30 13:29:48
223.104.15.253

/index.php
/controller/css load fail.
2017-08-30 13:29:48
223.104.15.253

/index.php
/controller/css load fail.
2017-08-30 13:29:48
223.104.15.253

/index.php
/controller/css load fail.
2017-08-30 13:29:49
223.104.15.253

/index.php
/controller/script load fail.
2017-08-30 13:29:50
223.104.15.253

/index.php
/controller/js load fail.
2017-08-30 13:29:51
223.104.15.253

/index.php
/controller/css load fail.
2017-08-30 13:29:51
223.104.15.253

/index.php
/controller/css load fail.
2017-08-30 13:29:51
223.104.15.253

/index.php
/controller/script load fail.
2017-08-30 13:29:52
223.104.15.253

/index.php
/controller/js load fail.
2017-08-30 13:29:52
223.104.15.253

/index.php
/controller/css load fail.
2017-08-30 13:29:52
223.104.15.253

/index.php
/controller/script load fail.
2017-08-30 13:29:53
223.104.15.253

/index.php
/controller/js load fail.
2017-08-30 13:29:53
223.104.15.253

/index.php
/controller/css load fail.
2017-08-30 13:29:53
223.104.15.253

/index.php
/controller/css load fail.
2017-08-30 13:29:53
223.104.15.253

/index.php
/controller/css load fail.
2017-08-30 13:29:53
223.104.15.253

/index.php
/controller/script load fail.
2017-08-30 13:29:54
223.104.15.253

/index.php
/controller/js load fail.
2017-08-30 13:29:54
223.104.15.253

/index.php
/controller/css load fail.
2017-08-30 13:29:54
223.104.15.253

/index.php
/controller/css load fail.
2017-08-30 13:29:55
223.104.15.253

/index.php
/controller/css load fail.
2017-08-30 13:30:00
223.104.15.253

/index.php
/controller/css load fail.
2017-08-30 13:30:00
223.104.15.253

/index.php
/controller/script load fail.
2017-08-30 13:30:01
223.104.15.253

/index.php
/controller/js load fail.
2017-08-30 13:30:02
223.104.15.253

/index.php
/controller/l load fail.
2017-08-30 13:30:03
223.104.15.253

/index.php
/controller/css load fail.
2017-08-30 13:30:06
223.104.15.253

/index.php
/controller/css load fail.
2017-08-30 13:30:06
223.104.15.253

/index.php
/controller/css load fail.
2017-08-30 13:30:07
223.104.15.253

/index.php
/controller/css load fail.
2017-08-30 13:30:07
223.104.15.253

/index.php
/controller/l load fail.
2017-08-30 13:41:54
123.125.67.151

/index.php
/controller/script load fail.
2017-08-30 14:09:27
117.174.158.83

/index.php
/controller/static load fail.
2017-08-30 14:09:44
117.174.158.83

/index.php
/controller/static load fail.
2017-08-30 14:09:49
117.174.158.83

/index.php
/controller/static load fail.
2017-08-30 14:09:50
117.174.158.83

/index.php
/controller/customercenter load fail.
2017-08-30 14:10:05
123.125.71.44

/index.php
/controller/script load fail.
2017-08-30 14:38:15
117.174.158.83

/index.php
/controller/script load fail.
2017-08-30 14:38:32
140.207.185.107

/index.php
/controller/script load fail.
2017-08-30 14:38:32
140.207.185.107

/index.php
/controller/script load fail.
2017-08-30 14:38:33
140.207.185.107

/index.php
/controller/script load fail.
2017-08-30 14:38:33
140.207.185.107

/index.php
/controller/css load fail.
2017-08-30 14:38:36
140.207.185.107

/index.php
/controller/services load fail.
2017-08-30 14:43:22
220.181.108.99

/index.php
/controller/l load fail.
2017-08-30 15:14:08
106.11.158.155

/index.php
/controller/aboutus load fail.
2017-08-30 15:16:38
123.125.71.86

/index.php
/controller/static load fail.
2017-08-30 16:58:55
117.174.158.83

/index.php
/controller/script load fail.
2017-08-30 16:58:56
117.174.158.83

/index.php
/controller/static load fail.
2017-08-30 17:04:28
117.174.158.83

/index.php
/controller/static load fail.
2017-08-30 17:04:31
117.174.158.83

/index.php
/controller/static load fail.
2017-08-30 17:04:31
117.174.158.83

/index.php
/controller/static load fail.
2017-08-30 17:04:32
117.174.158.83

/index.php
/controller/static load fail.
2017-08-30 17:04:41
117.174.158.83

/index.php
/controller/static load fail.
2017-08-30 17:04:41
117.174.158.83

/index.php
/controller/static load fail.
2017-08-30 17:04:43
117.174.158.83

/index.php
/controller/static load fail.
2017-08-30 17:04:47
117.174.158.83

/index.php
/controller/static load fail.
2017-08-30 17:04:48
117.174.158.83

/index.php
/controller/static load fail.
2017-08-30 17:04:49
117.174.158.83

/index.php
/controller/script load fail.
2017-08-30 18:03:42
117.174.158.83

/index.php
/controller/script load fail.
2017-08-30 18:05:31
117.174.158.83

/index.php
/controller/script load fail.
2017-08-30 18:06:47
117.174.158.83

/index.php
/controller/script load fail.
2017-08-30 18:07:04
117.174.158.83

/index.php
/controller/demo load fail.
2017-08-30 18:07:06
117.174.158.83

/index.php
/controller/pay load fail.
2017-08-30 18:07:16
117.174.158.83

/index.php
/controller/demo load fail.
2017-08-30 18:07:33
117.174.158.83

/index.php
/controller/script load fail.
2017-08-30 18:07:34
117.174.158.83

/index.php
/controller/script load fail.
2017-08-30 18:08:53
101.226.33.238

/index.php
/controller/script load fail.
2017-08-30 18:08:53
101.226.33.201

/index.php
/controller/script load fail.
2017-08-30 18:08:54
101.226.33.238

/index.php
/controller/script load fail.
2017-08-30 18:08:54
101.226.33.238

/index.php
/controller/script load fail.
2017-08-30 18:08:55
101.226.33.201

/index.php
/controller/script load fail.
2017-08-30 18:08:55
101.226.33.201

/index.php
/controller/script load fail.
2017-08-30 18:09:37
101.199.108.119

/index.php
/controller/script load fail.
2017-08-30 18:09:38
220.181.132.197

/index.php
/controller/script load fail.
2017-08-30 18:09:38
220.181.132.197

/index.php
/controller/js load fail.
2017-08-30 18:09:39
220.181.132.197

/index.php
/controller/script load fail.
2017-08-30 18:09:41
106.120.162.109

/index.php
/controller/script load fail.
2017-08-30 18:14:54
182.129.140.77

/index.php
/controller/script load fail.
2017-08-30 18:14:56
182.129.140.77

/index.php
/controller/js load fail.
2017-08-30 18:15:00
182.129.140.77

/index.php
/controller/script load fail.
2017-08-30 18:15:07
182.129.140.77

/index.php
/controller/js load fail.
2017-08-30 18:15:08
182.129.140.77

/index.php
/controller/css load fail.
2017-08-30 18:15:08
182.129.140.77

/index.php
/controller/css load fail.
2017-08-30 18:15:08
182.129.140.77

/index.php
/controller/css load fail.
2017-08-30 18:15:11
182.129.140.77

/index.php
/controller/css load fail.
2017-08-30 18:15:11
182.129.140.77

/index.php
/controller/css load fail.
2017-08-30 18:15:11
182.129.140.77

/index.php
/controller/demo load fail.
2017-08-30 18:15:36
182.129.140.77

/index.php
/controller/static load fail.
2017-08-30 18:16:46
117.174.158.83

/index.php
/controller/static load fail.
2017-08-30 18:16:47
117.174.158.83

/index.php
/controller/static load fail.
2017-08-30 18:16:48
117.174.158.83

/index.php
/controller/static load fail.
2017-08-30 18:16:49
117.174.158.83

/index.php
/controller/static load fail.
2017-08-30 18:16:50
117.174.158.83

/index.php
/controller/static load fail.
2017-08-30 18:16:51
117.174.158.83

/index.php
/controller/static load fail.
2017-08-30 18:16:52
117.174.158.83

/index.php
/controller/static load fail.
2017-08-30 18:17:03
117.174.158.83

/index.php
/controller/static load fail.
2017-08-30 18:17:18
117.174.158.83

/index.php
/controller/static load fail.
2017-08-30 18:17:28
117.174.158.83

/index.php
/controller/static load fail.
2017-08-30 18:17:30
117.174.158.83

/index.php
/controller/static load fail.
2017-08-30 18:17:31
117.174.158.83

/index.php
/controller/static load fail.
2017-08-30 18:17:32
117.174.158.83

/index.php
/controller/static load fail.
2017-08-30 18:17:32
117.174.158.83

/index.php
/controller/static load fail.
2017-08-30 18:17:33
117.174.158.83

/index.php
/controller/static load fail.
2017-08-30 18:17:34
117.174.158.83

/index.php
/controller/、 load fail.
2017-08-30 18:18:58
117.174.158.83

/index.php
/controller/script load fail.
2017-08-30 18:19:03
117.174.158.83

/index.php
/controller/script load fail.
2017-08-30 18:19:07
117.174.158.83

/index.php
/controller/static load fail.
2017-08-30 18:20:22
117.174.158.83

/index.php
/controller/static load fail.
2017-08-30 18:20:26
117.174.158.83

/index.php
/controller/static load fail.
2017-08-30 18:20:45
117.174.158.83

/index.php
/controller/static load fail.
2017-08-30 18:20:47
117.174.158.83

/index.php
/controller/static load fail.
2017-08-30 18:20:49
117.174.158.83

/index.php
/controller/static load fail.
2017-08-30 18:20:51
117.174.158.83

/index.php
/controller/static load fail.
2017-08-30 18:21:01
117.174.158.83

/index.php
/controller/static load fail.
2017-08-30 18:21:06
117.174.158.83

/index.php
/controller/static load fail.
2017-08-30 18:21:13
117.174.158.83

/index.php
/controller/static load fail.
2017-08-30 18:22:14
117.174.158.83

/index.php
/controller/static load fail.
2017-08-30 18:22:20
117.174.158.83

/index.php
/controller/static load fail.
2017-08-30 18:22:22
117.174.158.83

/index.php
/controller/static load fail.
2017-08-30 18:22:22
117.174.158.83

/index.php
/controller/static load fail.
2017-08-30 18:22:23
117.174.158.83

/index.php
/controller/static load fail.
2017-08-30 18:41:53
117.174.158.83

/index.php
/controller/static load fail.
2017-08-30 18:44:13
117.174.158.83

/index.php
/controller/static load fail.
2017-08-30 18:44:15
117.174.158.83

/index.php
/controller/static load fail.
2017-08-30 18:44:30
117.174.158.83

/index.php
/controller/static load fail.
2017-08-30 18:44:31
117.174.158.83

/index.php
/controller/static load fail.
2017-08-30 18:44:38
117.174.158.83

/index.php
/controller/static load fail.
2017-08-30 18:44:46
117.174.158.83

/index.php
/controller/static load fail.
2017-08-30 18:48:53
117.174.158.83

/index.php
/controller/static load fail.
2017-08-30 18:49:03
117.174.158.83

/index.php
/controller/appcenter load fail.
2017-08-30 18:50:18
220.181.108.143

/index.php
/controller/script load fail.
2017-08-30 18:57:04
117.174.158.83

/index.php
/controller/script load fail.
2017-08-30 18:58:08
117.174.158.83

/index.php
/controller/static load fail.
2017-08-30 18:58:17
117.174.158.83

/index.php
/controller/static load fail.
2017-08-30 18:58:19
117.174.158.83

/index.php
/controller/static load fail.
2017-08-30 18:58:23
117.174.158.83

/index.php
/controller/static load fail.
2017-08-30 18:58:27
117.174.158.83

/index.php
/controller/static load fail.
2017-08-30 18:58:29
117.174.158.83

/index.php
/controller/static load fail.
2017-08-30 18:58:33
117.174.158.83

/index.php
/controller/static load fail.
2017-08-30 18:59:03
117.174.158.83

/index.php
/controller/static load fail.
2017-08-30 18:59:05
117.174.158.83

/index.php
/controller/static load fail.
2017-08-30 18:59:07
117.174.158.83

/index.php
/controller/static load fail.
2017-08-30 18:59:09
117.174.158.83

/index.php
/controller/static load fail.
2017-08-30 18:59:44
117.174.158.83

/index.php
/controller/static load fail.
2017-08-30 18:59:45
117.174.158.83

/index.php
/controller/static load fail.
2017-08-30 18:59:46
117.174.158.83

/index.php
/controller/static load fail.
2017-08-30 18:59:52
117.174.158.83

/index.php
/controller/static load fail.
2017-08-30 18:59:58
117.174.158.83

/index.php
/controller/static load fail.
2017-08-30 18:59:59
117.174.158.83

/index.php
/controller/static load fail.
2017-08-30 19:00:01
117.174.158.83

/index.php
/controller/static load fail.
2017-08-30 19:00:01
117.174.158.83

/index.php
/controller/static load fail.
2017-08-30 19:00:02
117.174.158.83

/index.php
/controller/static load fail.
2017-08-30 19:00:04
117.174.158.83

/index.php
/controller/static load fail.
2017-08-30 19:00:06
117.174.158.83

/index.php
/controller/static load fail.
2017-08-30 19:03:15
117.174.158.83

/index.php
/controller/static load fail.
2017-08-30 19:03:22
117.174.158.83

/index.php
/controller/static load fail.
2017-08-30 19:03:25
117.174.158.83

/index.php
/controller/static load fail.
2017-08-30 19:04:41
117.174.158.83

/index.php
/controller/static load fail.
2017-08-30 19:04:44
117.174.158.83

/index.php
/controller/static load fail.
2017-08-30 19:08:28
117.174.158.83

/index.php
/controller/static load fail.
2017-08-30 19:08:37
117.174.158.83

/index.php
/controller/static load fail.
2017-08-30 19:08:44
117.174.158.83

/index.php
/controller/static load fail.
2017-08-30 19:08:45
117.174.158.83

/index.php
/controller/static load fail.
2017-08-30 19:08:46
117.174.158.83

/index.php
/controller/static load fail.
2017-08-30 19:08:46
117.174.158.83

/index.php
/controller/static load fail.
2017-08-30 19:08:47
117.174.158.83

/index.php
/controller/static load fail.
2017-08-30 19:08:49
117.174.158.83

/index.php
/controller/static load fail.
2017-08-30 19:08:49
117.174.158.83

/index.php
/controller/static load fail.
2017-08-30 19:08:52
117.174.158.83

/index.php
/controller/static load fail.
2017-08-30 19:09:12
117.174.158.83

/index.php
/controller/static load fail.
2017-08-30 19:09:14
117.174.158.83

/index.php
/controller/static load fail.
2017-08-30 19:09:17
117.174.158.83

/index.php
/controller/static load fail.
2017-08-30 19:09:19
117.174.158.83

/index.php
/controller/static load fail.
2017-08-30 19:09:21
117.174.158.83

/index.php
/controller/static load fail.
2017-08-30 19:09:26
117.174.158.83

/index.php
/controller/static load fail.
2017-08-30 19:09:27
117.174.158.83

/index.php
/controller/static load fail.
2017-08-30 19:09:28
117.174.158.83

/index.php
/controller/static load fail.
2017-08-30 19:09:29
117.174.158.83

/index.php
/controller/static load fail.
2017-08-30 19:09:30
117.174.158.83

/index.php
/controller/static load fail.
2017-08-30 19:09:31
117.174.158.83

/index.php
/controller/script load fail.
2017-08-30 19:09:38
117.174.158.83

/index.php
/controller/static load fail.
2017-08-30 19:09:43
117.174.158.83

/index.php
/controller/script load fail.
2017-08-30 19:10:21
117.174.158.83

/index.php
/controller/static load fail.
2017-08-30 19:10:25
117.174.158.83

/index.php
/controller/static load fail.
2017-08-30 19:10:25
117.174.158.83

/index.php
/controller/static load fail.
2017-08-30 19:10:25
117.174.158.83

/index.php
/controller/static load fail.
2017-08-30 19:10:25
117.174.158.83

/index.php
/controller/static load fail.
2017-08-30 19:10:25
117.174.158.83

/index.php
/controller/static load fail.
2017-08-30 19:10:25
117.174.158.83

/index.php
/controller/static load fail.
2017-08-30 19:10:25
117.174.158.83

/index.php
/controller/static load fail.
2017-08-30 19:10:25
117.174.158.83

/index.php
/controller/static load fail.
2017-08-30 19:10:25
117.174.158.83

/index.php
/controller/static load fail.
2017-08-30 19:10:25
117.174.158.83

/index.php
/controller/static load fail.
2017-08-30 19:10:25
117.174.158.83

/index.php
/controller/static load fail.
2017-08-30 19:10:25
117.174.158.83

/index.php
/controller/static load fail.
2017-08-30 19:10:25
117.174.158.83

/index.php
/controller/static load fail.
2017-08-30 19:10:25
117.174.158.83

/index.php
/controller/static load fail.
2017-08-30 19:10:25
117.174.158.83

/index.php
/controller/static load fail.
2017-08-30 19:10:25
117.174.158.83

/index.php
/controller/static load fail.
2017-08-30 19:10:25
117.174.158.83

/index.php
/controller/static load fail.
2017-08-30 19:10:26
117.174.158.83

/index.php
/controller/static load fail.
2017-08-30 19:10:26
117.174.158.83

/index.php
/controller/static load fail.
2017-08-30 19:10:26
117.174.158.83

/index.php
/controller/static load fail.
2017-08-30 19:10:28
117.174.158.83

/index.php
/controller/static load fail.
2017-08-30 19:10:28
117.174.158.83

/index.php
/controller/static load fail.
2017-08-30 19:10:29
117.174.158.83

/index.php
/controller/static load fail.
2017-08-30 19:10:29
117.174.158.83

/index.php
/controller/static load fail.
2017-08-30 19:10:29
117.174.158.83

/index.php
/controller/static load fail.
2017-08-30 19:10:29
117.174.158.83

/index.php
/controller/static load fail.
2017-08-30 19:10:29
117.174.158.83

/index.php
/controller/static load fail.
2017-08-30 19:10:29
117.174.158.83

/index.php
/controller/static load fail.
2017-08-30 19:10:29
117.174.158.83

/index.php
/controller/static load fail.
2017-08-30 19:10:29
117.174.158.83

/index.php
/controller/static load fail.
2017-08-30 19:10:29
117.174.158.83

/index.php
/controller/static load fail.
2017-08-30 19:10:29
117.174.158.83

/index.php
/controller/static load fail.
2017-08-30 19:10:29
117.174.158.83

/index.php
/controller/static load fail.
2017-08-30 19:10:29
117.174.158.83

/index.php
/controller/static load fail.
2017-08-30 19:10:29
117.174.158.83

/index.php
/controller/static load fail.
2017-08-30 19:10:29
117.174.158.83

/index.php
/controller/static load fail.
2017-08-30 19:10:29
117.174.158.83

/index.php
/controller/static load fail.
2017-08-30 19:10:29
117.174.158.83

/index.php
/controller/static load fail.
2017-08-30 19:10:30
117.174.158.83

/index.php
/controller/static load fail.
2017-08-30 19:10:30
117.174.158.83

/index.php
/controller/static load fail.
2017-08-30 19:10:31
117.174.158.83

/index.php
/controller/static load fail.
2017-08-30 19:10:31
117.174.158.83

/index.php
/controller/static load fail.
2017-08-30 19:10:31
117.174.158.83

/index.php
/controller/static load fail.
2017-08-30 19:10:31
117.174.158.83

/index.php
/controller/static load fail.
2017-08-30 19:10:32
117.174.158.83

/index.php
/controller/static load fail.
2017-08-30 19:10:32
117.174.158.83

/index.php
/controller/static load fail.
2017-08-30 19:10:32
117.174.158.83

/index.php
/controller/static load fail.
2017-08-30 19:10:32
117.174.158.83

/index.php
/controller/static load fail.
2017-08-30 19:10:32
117.174.158.83

/index.php
/controller/static load fail.
2017-08-30 19:10:32
117.174.158.83

/index.php
/controller/static load fail.
2017-08-30 19:10:32
117.174.158.83

/index.php
/controller/static load fail.
2017-08-30 19:10:32
117.174.158.83

/index.php
/controller/static load fail.
2017-08-30 19:10:32
117.174.158.83

/index.php
/controller/static load fail.
2017-08-30 19:10:32
117.174.158.83

/index.php
/controller/static load fail.
2017-08-30 19:10:32
117.174.158.83

/index.php
/controller/static load fail.
2017-08-30 19:10:32
117.174.158.83

/index.php
/controller/static load fail.
2017-08-30 19:10:32
117.174.158.83

/index.php
/controller/static load fail.
2017-08-30 19:10:33
117.174.158.83

/index.php
/controller/static load fail.
2017-08-30 19:10:33
117.174.158.83

/index.php
/controller/script load fail.
2017-08-30 19:10:38
117.174.158.83

/index.php
/controller/demo load fail.
2017-08-30 19:10:40
117.174.158.83

/index.php
/controller/demo load fail.
2017-08-30 19:10:43
117.174.158.83

/index.php
/controller/script load fail.
2017-08-30 19:10:44
117.174.158.83

/index.php
/controller/script load fail.
2017-08-30 19:10:57
117.174.158.83

/index.php
/controller/script load fail.
2017-08-30 19:31:43
120.92.32.174

/index.php
/controller/script load fail.
2017-08-30 19:44:33
110.42.128.3

/index.php
/controller/script load fail.
2017-08-30 20:35:21
117.174.158.83

/index.php
/controller/script load fail.
2017-08-30 20:35:21
117.174.158.83

/index.php
/controller/demo load fail.
2017-08-30 20:36:11
117.174.158.83

/index.php
/controller/script load fail.
2017-08-30 20:36:13
117.174.158.83

/index.php
/controller/script load fail.
2017-08-30 20:36:47
117.174.158.83

/index.php
/controller/script load fail.
2017-08-30 20:36:55
117.174.158.83

/index.php
/controller/demo load fail.
2017-08-30 20:36:57
117.174.158.83

/index.php
/controller/script load fail.
2017-08-30 20:36:58
117.174.158.83

/index.php
/controller/script load fail.
2017-08-30 20:37:03
117.174.158.83

/index.php
/controller/script load fail.
2017-08-30 20:37:32
117.174.158.83

/index.php
/controller/demo load fail.
2017-08-30 20:42:45
117.174.158.83

/index.php
/controller/demo load fail.
2017-08-30 20:42:46
117.174.158.83

/index.php
/controller/script load fail.
2017-08-30 20:42:47
117.174.158.83

/index.php
/controller/demo load fail.
2017-08-30 20:43:13
117.174.158.83

/index.php
/controller/script load fail.
2017-08-30 20:47:33
117.174.158.83

/index.php
/controller/script load fail.
2017-08-30 20:48:05
117.174.158.83

/index.php
/controller/demo load fail.
2017-08-30 20:48:28
117.174.158.83

/index.php
/controller/script load fail.
2017-08-30 20:48:35
117.174.158.83

/index.php
/controller/demo load fail.
2017-08-30 20:48:44
117.174.158.83

/index.php
/controller/script load fail.
2017-08-30 20:48:45
117.174.158.83

/index.php
/controller/script load fail.
2017-08-30 20:48:54
117.174.158.83

/index.php
/controller/script load fail.
2017-08-30 20:52:33
117.174.158.83

/index.php
/controller/script load fail.
2017-08-30 20:57:17
14.17.44.215

/index.php
/controller/script load fail.
2017-08-30 20:57:17
14.17.44.215

/index.php
/controller/script load fail.
2017-08-30 20:57:50
117.174.158.83

/index.php
/controller/script load fail.
2017-08-30 20:57:52
117.174.158.83

/index.php
/controller/script load fail.
2017-08-30 20:57:53
117.174.158.83

/index.php
/controller/script load fail.
2017-08-30 20:59:38
117.174.158.83

/index.php
/controller/script load fail.
2017-08-30 20:59:39
117.174.158.83

/index.php
/controller/script load fail.
2017-08-30 20:59:39
117.174.158.83

/index.php
/controller/script load fail.
2017-08-30 20:59:39
117.174.158.83

/index.php
/controller/script load fail.
2017-08-30 20:59:50
59.110.136.141

/index.php
/controller/css load fail.
2017-08-30 20:59:51
59.110.136.141

/index.php
/controller/script load fail.
2017-08-30 21:01:54
117.174.158.83

/index.php
/controller/script load fail.
2017-08-30 21:01:56
117.174.158.83

/index.php
/controller/script load fail.
2017-08-30 21:01:57
117.174.158.83

/index.php
/controller/script load fail.
2017-08-30 21:01:57
117.174.158.83

/index.php
/controller/script load fail.
2017-08-30 21:01:58
117.174.158.83

/index.php
/controller/script load fail.
2017-08-30 21:02:10
117.174.158.83

/index.php
/controller/script load fail.
2017-08-30 21:04:19
117.174.158.83

/index.php
/controller/script load fail.
2017-08-30 21:04:23
117.174.158.83

/index.php
/controller/script load fail.
2017-08-30 21:04:24
117.174.158.83

/index.php
/controller/script load fail.
2017-08-30 21:04:25
117.174.158.83

/index.php
/controller/script load fail.
2017-08-30 21:30:21
117.174.158.83

/index.php
/controller/script load fail.
2017-08-30 21:30:23
117.174.158.83

/index.php
/controller/script load fail.
2017-08-30 21:30:24
117.174.158.83

/index.php
/controller/script load fail.
2017-08-30 21:30:24
117.174.158.83

/index.php
/controller/script load fail.
2017-08-30 21:30:24
117.174.158.83

/index.php
/controller/script load fail.
2017-08-30 21:30:37
117.174.158.83

/index.php
/controller/script load fail.
2017-08-30 21:30:37
117.174.158.83

/index.php
/controller/script load fail.
2017-08-30 21:30:38
117.174.158.83

/index.php
/controller/script load fail.
2017-08-30 21:30:38
117.174.158.83

/index.php
/controller/script load fail.
2017-08-30 21:30:38
117.174.158.83

/index.php
/controller/script load fail.
2017-08-30 21:30:45
117.174.158.83

/index.php
/controller/script load fail.
2017-08-30 21:30:58
117.174.158.83

/index.php
/controller/script load fail.
2017-08-30 21:32:48
117.174.158.83

/index.php
/controller/script load fail.
2017-08-30 21:32:50
117.174.158.83

/index.php
/controller/script load fail.
2017-08-30 21:32:51
117.174.158.83

/index.php
/controller/script load fail.
2017-08-30 21:32:52
117.174.158.83

/index.php
/controller/demo load fail.
2017-08-30 21:33:10
117.174.158.83

/index.php
/controller/demo load fail.
2017-08-30 21:33:10
117.174.158.83

/index.php
/controller/script load fail.
2017-08-30 21:33:12
117.174.158.83

/index.php
/controller/script load fail.
2017-08-30 21:37:37
117.174.158.83

/index.php
/controller/script load fail.
2017-08-30 21:37:38
117.174.158.83

/index.php
/controller/script load fail.
2017-08-30 21:37:57
117.174.158.83

/index.php
/controller/script load fail.
2017-08-30 21:37:58
117.174.158.83

/index.php
/controller/script load fail.
2017-08-30 21:37:58
117.174.158.83

/index.php
/controller/script load fail.
2017-08-30 21:37:59
117.174.158.83

/index.php
/controller/script load fail.
2017-08-30 21:39:29
117.174.158.83

/index.php
/controller/script load fail.
2017-08-30 21:39:30
117.174.158.83

/index.php
/controller/script load fail.
2017-08-30 21:39:30
117.174.158.83

/index.php
/controller/script load fail.
2017-08-30 21:39:30
117.174.158.83

/index.php
/controller/script load fail.
2017-08-30 21:39:31
117.174.158.83

/index.php
/controller/script load fail.
2017-08-30 21:39:31
117.174.158.83

/index.php
/controller/script load fail.
2017-08-30 21:39:31
117.174.158.83

/index.php
/controller/script load fail.
2017-08-30 21:39:31
117.174.158.83

/index.php
/controller/script load fail.
2017-08-30 21:39:31
117.174.158.83

/index.php
/controller/script load fail.
2017-08-30 21:39:33
117.174.158.83

/index.php
/controller/script load fail.
2017-08-30 21:39:34
117.174.158.83

/index.php
/controller/script load fail.
2017-08-30 21:39:36
117.174.158.83

/index.php
/controller/script load fail.
2017-08-30 21:39:36
117.174.158.83

/index.php
/controller/script load fail.
2017-08-30 21:39:37
117.174.158.83

/index.php
/controller/script load fail.
2017-08-30 21:39:37
117.174.158.83

/index.php
/controller/script load fail.
2017-08-30 21:39:37
117.174.158.83

/index.php
/controller/script load fail.
2017-08-30 21:39:37
117.174.158.83

/index.php
/controller/script load fail.
2017-08-30 21:39:38
117.174.158.83

/index.php
/controller/script load fail.
2017-08-30 21:39:40
117.174.158.83

/index.php
/controller/script load fail.
2017-08-30 21:39:40
117.174.158.83

/index.php
/controller/script load fail.
2017-08-30 21:39:40
117.174.158.83

/index.php
/controller/script load fail.
2017-08-30 21:39:40
117.174.158.83

/index.php
/controller/script load fail.
2017-08-30 21:39:52
117.174.158.83

/index.php
/controller/script load fail.
2017-08-30 21:40:05
117.174.158.83

/index.php
/controller/script load fail.
2017-08-30 21:40:09
117.174.158.83

/index.php
/controller/script load fail.
2017-08-30 21:40:24
117.174.158.83

/index.php
/controller/script load fail.
2017-08-30 21:40:50
117.174.158.83

/index.php
/controller/script load fail.
2017-08-30 21:40:55
117.174.158.83

/index.php
/controller/script load fail.
2017-08-30 21:41:48
117.174.158.83

/index.php
/controller/script load fail.
2017-08-30 21:41:49
117.174.158.83

/index.php
/controller/script load fail.
2017-08-30 21:41:49
117.174.158.83

/index.php
/controller/script load fail.
2017-08-30 21:41:50
117.174.158.83

/index.php
/controller/script load fail.
2017-08-30 21:41:50
117.174.158.83

/index.php
/controller/script load fail.
2017-08-30 21:41:50
117.174.158.83

/index.php
/controller/script load fail.
2017-08-30 21:41:50
117.174.158.83

/index.php
/controller/script load fail.
2017-08-30 21:41:51
117.174.158.83

/index.php
/controller/script load fail.
2017-08-30 21:41:51
117.174.158.83

/index.php
/controller/script load fail.
2017-08-30 21:41:51
117.174.158.83

/index.php
/controller/script load fail.
2017-08-30 21:41:52
117.174.158.83

/index.php
/controller/script load fail.
2017-08-30 21:41:53
117.174.158.83

/index.php
/controller/script load fail.
2017-08-30 21:41:55
117.174.158.83

/index.php
/controller/script load fail.
2017-08-30 21:42:01
117.174.158.83

/index.php
/controller/script load fail.
2017-08-30 21:42:46
117.174.158.83

/index.php
/controller/script load fail.
2017-08-30 21:42:47
117.174.158.83

/index.php
/controller/demo load fail.
2017-08-30 21:42:54
117.174.158.83

/index.php
/controller/demo load fail.
2017-08-30 21:43:17
117.174.158.83

/index.php
/controller/demo load fail.
2017-08-30 21:43:18
117.174.158.83

/index.php
/controller/script load fail.
2017-08-30 21:43:23
117.174.158.83

/index.php
/controller/script load fail.
2017-08-30 21:43:43
117.174.158.83

/index.php
/controller/script load fail.
2017-08-30 21:45:35
117.174.158.83

/index.php
/controller/script load fail.
2017-08-30 21:48:30
117.174.158.83

/index.php
/controller/script load fail.
2017-08-30 21:52:08
117.174.158.83

/index.php
/controller/script load fail.
2017-08-30 21:57:20
117.174.158.83

/index.php
/controller/admin load fail.
2017-08-30 21:58:12
117.174.158.83

/index.php
/controller/script load fail.
2017-08-30 22:01:51
117.174.158.83

/index.php
/controller/view load fail.
2017-08-30 22:07:17
117.174.158.83

/index.php
/controller/view load fail.
2017-08-30 22:07:17
117.174.158.83

/index.php
/controller/script load fail.
2017-08-30 22:08:45
117.174.158.83

/index.php
/controller/static load fail.
2017-08-30 22:09:56
117.174.158.83

/index.php
/controller/static load fail.
2017-08-30 22:10:03
117.174.158.83

/index.php
/controller/static load fail.
2017-08-30 22:10:08
117.174.158.83

/index.php
/controller/static load fail.
2017-08-30 22:10:15
117.174.158.83

/index.php
/controller/static load fail.
2017-08-30 22:10:16
117.174.158.83

/index.php
/controller/static load fail.
2017-08-30 22:10:25
117.174.158.83

/index.php
/controller/static load fail.
2017-08-30 22:10:41
117.174.158.83

/index.php
/controller/static load fail.
2017-08-30 22:10:42
117.174.158.83

/index.php
/controller/static load fail.
2017-08-30 22:10:44
117.174.158.83

/index.php
/controller/static load fail.
2017-08-30 22:10:54
117.174.158.83

/index.php
/controller/static load fail.
2017-08-30 22:11:00
117.174.158.83

/index.php
/controller/script load fail.
2017-08-30 22:12:39
117.174.158.83

/index.php
/controller/script load fail.
2017-08-30 22:15:58
117.174.158.83

/index.php
/controller/appcenter load fail.
2017-08-30 22:23:38
123.125.71.114

/index.php
/controller/static load fail.
2017-08-30 22:30:27
117.174.158.83

/index.php
/controller/static load fail.
2017-08-30 22:30:27
117.174.158.83

/index.php
/controller/static load fail.
2017-08-30 22:30:27
117.174.158.83

/index.php
/controller/static load fail.
2017-08-30 22:30:28
117.174.158.83

/index.php
/controller/static load fail.
2017-08-30 22:30:38
117.174.158.83

/index.php
/controller/static load fail.
2017-08-30 22:30:40
117.174.158.83

/index.php
/controller/static load fail.
2017-08-30 22:30:54
117.174.158.83

/index.php
/controller/static load fail.
2017-08-30 22:30:55
117.174.158.83

/index.php
/controller/static load fail.
2017-08-30 22:30:56
117.174.158.83

/index.php
/controller/static load fail.
2017-08-30 22:30:57
117.174.158.83

/index.php
/controller/static load fail.
2017-08-30 22:33:19
117.174.158.83

/index.php
/controller/static load fail.
2017-08-30 22:33:21
117.174.158.83

/index.php
/controller/script load fail.
2017-08-30 22:34:57
117.174.158.83

/index.php
/controller/static load fail.
2017-08-30 22:34:58
117.174.158.83

/index.php
/controller/static load fail.
2017-08-30 22:35:30
117.174.158.83

/index.php
/controller/static load fail.
2017-08-30 22:35:42
117.174.158.83

/index.php
/controller/static load fail.
2017-08-30 22:36:59
117.174.158.83

/index.php
/controller/static load fail.
2017-08-30 22:39:22
117.174.158.83

/index.php
/controller/static load fail.
2017-08-30 22:40:12
117.174.158.83

/index.php
/controller/static load fail.
2017-08-30 22:40:14
117.174.158.83

/index.php
/controller/static load fail.
2017-08-30 22:40:17
117.174.158.83

/index.php
/controller/static load fail.
2017-08-30 22:40:24
117.174.158.83

/index.php
/controller/static load fail.
2017-08-30 22:40:35
117.174.158.83

/index.php
/controller/static load fail.
2017-08-30 22:40:36
117.174.158.83

/index.php
/controller/static load fail.
2017-08-30 22:40:36
117.174.158.83

/index.php
/controller/static load fail.
2017-08-30 22:40:37
117.174.158.83

/index.php
/controller/static load fail.
2017-08-30 22:40:53
117.174.158.83

/index.php
/controller/static load fail.
2017-08-30 22:40:54
117.174.158.83

/index.php
/controller/static load fail.
2017-08-30 22:40:54
117.174.158.83

/index.php
/controller/static load fail.
2017-08-30 22:40:55
117.174.158.83

/index.php
/controller/static load fail.
2017-08-30 22:40:57
117.174.158.83

/index.php
/controller/static load fail.
2017-08-30 22:40:58
117.174.158.83

/index.php
/controller/static load fail.
2017-08-30 22:40:58
117.174.158.83

/index.php
/controller/static load fail.
2017-08-30 22:40:59
117.174.158.83

/index.php
/controller/static load fail.
2017-08-30 22:41:00
117.174.158.83

/index.php
/controller/static load fail.
2017-08-30 22:41:00
117.174.158.83

/index.php
/controller/static load fail.
2017-08-30 22:41:01
117.174.158.83

/index.php
/controller/static load fail.
2017-08-30 22:41:02
117.174.158.83

/index.php
/controller/static load fail.
2017-08-30 22:41:04
117.174.158.83

/index.php
/controller/static load fail.
2017-08-30 22:41:17
117.174.158.83

/index.php
/controller/static load fail.
2017-08-30 22:41:23
117.174.158.83

/index.php
/controller/static load fail.
2017-08-30 22:41:26
117.174.158.83

/index.php
/controller/static load fail.
2017-08-30 22:41:52
117.174.158.83

/index.php
/controller/static load fail.
2017-08-30 22:41:53
117.174.158.83

/index.php
/controller/static load fail.
2017-08-30 22:41:55
117.174.158.83

/index.php
/controller/static load fail.
2017-08-30 22:41:55
117.174.158.83

/index.php
/controller/static load fail.
2017-08-30 22:41:55
117.174.158.83

/index.php
/controller/static load fail.
2017-08-30 22:42:12
117.174.158.83

/index.php
/controller/static load fail.
2017-08-30 22:42:13
117.174.158.83

/index.php
/controller/static load fail.
2017-08-30 22:42:14
117.174.158.83

/index.php
/controller/static load fail.
2017-08-30 22:42:15
117.174.158.83

/index.php
/controller/static load fail.
2017-08-30 22:42:15
117.174.158.83

/index.php
/controller/static load fail.
2017-08-30 22:42:16
117.174.158.83

/index.php
/controller/static load fail.
2017-08-30 22:42:18
117.174.158.83

/index.php
/controller/static load fail.
2017-08-30 22:42:21
117.174.158.83

/index.php
/controller/static load fail.
2017-08-30 22:42:25
117.174.158.83

/index.php
/controller/static load fail.
2017-08-30 22:42:28
117.174.158.83

/index.php
/controller/static load fail.
2017-08-30 22:42:28
117.174.158.83

/index.php
/controller/static load fail.
2017-08-30 22:42:36
117.174.158.83

/index.php
/controller/static load fail.
2017-08-30 22:42:38
117.174.158.83

/index.php
/controller/static load fail.
2017-08-30 22:42:39
117.174.158.83

/index.php
/controller/static load fail.
2017-08-30 22:42:40
117.174.158.83

/index.php
/controller/static load fail.
2017-08-30 22:42:42
117.174.158.83

/index.php
/controller/static load fail.
2017-08-30 22:42:43
117.174.158.83

/index.php
/controller/static load fail.
2017-08-30 22:42:53
117.174.158.83

/index.php
/controller/static load fail.
2017-08-30 22:50:58
117.174.158.83

/index.php
/controller/static load fail.
2017-08-30 22:51:00
117.174.158.83

/index.php
/controller/static load fail.
2017-08-30 22:51:00
117.174.158.83

/index.php
/controller/static load fail.
2017-08-30 22:51:01
117.174.158.83

/index.php
/controller/static load fail.
2017-08-30 22:51:03
117.174.158.83

/index.php
/controller/static load fail.
2017-08-30 22:51:03
117.174.158.83

/index.php
/controller/static load fail.
2017-08-30 22:51:04
117.174.158.83

/index.php
/controller/static load fail.
2017-08-30 22:51:05
117.174.158.83

/index.php
/controller/static load fail.
2017-08-30 22:51:06
117.174.158.83

/index.php
/controller/static load fail.
2017-08-30 22:51:15
117.174.158.83

/index.php
/controller/static load fail.
2017-08-30 22:51:17
117.174.158.83

/index.php
/controller/static load fail.
2017-08-30 22:51:17
117.174.158.83

/index.php
/controller/static load fail.
2017-08-30 22:51:18
117.174.158.83

/index.php
/controller/static load fail.
2017-08-30 22:51:29
117.174.158.83

/index.php
/controller/static load fail.
2017-08-30 22:51:32
117.174.158.83

/index.php
/controller/static load fail.
2017-08-30 22:51:33
117.174.158.83

/index.php
/controller/static load fail.
2017-08-30 22:51:35
117.174.158.83

/index.php
/controller/static load fail.
2017-08-30 22:51:36
117.174.158.83

/index.php
/controller/static load fail.
2017-08-30 22:51:37
117.174.158.83

/index.php
/controller/l load fail.
2017-08-30 23:37:29
95.108.181.84

/index.php
/controller/css load fail.
2017-08-30 23:42:43
58.48.126.38

