/index.php
error in C:\www\web\app\libs\Db.php 80
SQLSTATE[23000]: Integrity constraint violation: 1048 Column 'orid' cannot be null
INSERT INTO wy_ordernotify (orid,addtime) VALUES(?,?)
[file]C:\www\web\app\libs\Model.php
[line]199
[class]WY\app\libs\Db
2017-12-21 00:33:20
59.51.81.178

/index.php
error in C:\www\web\app\libs\Db.php 80
SQLSTATE[23000]: Integrity constraint violation: 1048 Column 'orid' cannot be null
INSERT INTO wy_ordernotify (orid,addtime) VALUES(?,?)
[file]C:\www\web\app\libs\Model.php
[line]199
[class]WY\app\libs\Db
2017-12-21 00:33:31
122.190.2.24

/index.php
/controller/css load fail.
2017-12-21 08:36:27
125.39.239.90

/index.php
/controller/demo load fail.
2017-12-21 08:36:48
125.39.239.72

/index.php
/controller/css load fail.
2017-12-21 09:22:23
125.39.239.78

/index.php
/controller/script load fail.
2017-12-21 11:10:06
125.39.239.102

/index.php
/controller/css load fail.
2017-12-21 19:29:25
117.34.13.12

/index.php
/controller/script load fail.
2017-12-21 19:29:35
117.34.13.30

/index.php
/controller/demo load fail.
2017-12-21 19:30:38
117.34.13.30

/index.php
/controller/css load fail.
2017-12-21 19:30:43
117.34.13.12

/index.php
/controller/script load fail.
2017-12-21 19:30:47
117.34.13.30

/index.php
/controller/css load fail.
2017-12-21 19:30:52
117.34.13.12

/index.php
/controller/css load fail.
2017-12-21 22:19:47
42.236.93.21

