/index.php
/controller/script load fail.
2017-09-14 10:37:31
::1

/index.php
/controller/supportbox load fail.
2017-09-14 10:37:31
::1

/index.php
/controller/static load fail.
2017-09-14 10:37:36
::1

/index.php
/controller/static load fail.
2017-09-14 10:38:54
::1

/index.php
/controller/static load fail.
2017-09-14 10:38:56
::1

/index.php
/controller/static load fail.
2017-09-14 10:38:58
::1

/index.php
/controller/static load fail.
2017-09-14 10:39:00
::1

/index.php
/controller/static load fail.
2017-09-14 10:40:22
::1

/index.php
/controller/static load fail.
2017-09-14 10:40:24
::1

/index.php
/controller/static load fail.
2017-09-14 11:10:01
::1

/index.php
/controller/static load fail.
2017-09-14 11:10:02
::1

/index.php
/controller/static load fail.
2017-09-14 11:10:04
::1

/index.php
/controller/static load fail.
2017-09-14 11:10:06
::1

/index.php
/controller/static load fail.
2017-09-14 11:10:07
::1

/index.php
/controller/static load fail.
2017-09-14 11:10:08
::1

/index.php
/controller/script load fail.
2017-09-14 20:17:25
::1

/index.php
/controller/supportbox load fail.
2017-09-14 20:17:26
::1

