/index.php
/controller/script load fail.
2017-09-02 00:23:34
117.173.171.74

/index.php
error in C:\phpStudy\guapay\app\libs\Db.php 80
SQLSTATE[HY093]: Invalid parameter number: number of bound variables does not match number of tokens
select id,paid,unpaid from wy_users  where is_agent=? and is_state=? and ship_type=? and ship_cycle=?    
[file]C:\phpStudy\guapay\app\controller\admfor035\usership.php
[line]130
[class]WY\app\libs\Model
2017-09-02 00:25:47
117.173.171.74

/index.php
error in C:\phpStudy\guapay\app\libs\Db.php 80
SQLSTATE[HY093]: Invalid parameter number: number of bound variables does not match number of tokens
select id,paid,unpaid from wy_users  where is_agent=? and is_state=? and ship_type=? and ship_cycle=?    
[file]C:\phpStudy\guapay\app\controller\admfor035\usership.php
[line]130
[class]WY\app\libs\Model
2017-09-02 00:26:01
117.173.171.74

/index.php
/controller/appcenter load fail.
2017-09-02 00:57:10
123.125.71.115

/index.php
/controller/aboutus load fail.
2017-09-02 01:13:14
173.208.235.178

/index.php
/controller/css load fail.
2017-09-02 03:32:37
49.79.224.242

/index.php
/controller/css load fail.
2017-09-02 03:32:37
49.79.224.242

/index.php
/controller/script load fail.
2017-09-02 03:32:39
49.79.224.242

/index.php
/controller/static load fail.
2017-09-02 03:33:05
49.79.224.242

/index.php
/controller/a load fail.
2017-09-02 05:14:30
173.208.235.178

/index.php
/controller/script load fail.
2017-09-02 08:44:41
42.156.251.206

/index.php
/controller/script load fail.
2017-09-02 08:44:42
42.156.251.206

/index.php
/controller/js load fail.
2017-09-02 08:44:43
42.156.251.206

/index.php
/controller/appcenter load fail.
2017-09-02 09:40:00
66.249.75.30

/index.php
/controller/l load fail.
2017-09-02 09:41:14
66.249.75.31

/index.php
/controller/l load fail.
2017-09-02 09:57:44
117.185.27.115

/index.php
/controller/script load fail.
2017-09-02 11:04:49
117.173.171.74

/index.php
/controller/script load fail.
2017-09-02 12:04:25
182.130.252.195

/index.php
/controller/script load fail.
2017-09-02 12:04:29
182.130.252.195

/index.php
/controller/css load fail.
2017-09-02 12:04:31
182.130.252.195

/index.php
/controller/script load fail.
2017-09-02 12:04:33
211.162.236.134

/index.php
/controller/script load fail.
2017-09-02 12:04:37
42.156.250.244

/index.php
/controller/script load fail.
2017-09-02 12:04:38
42.156.250.244

/index.php
/controller/js load fail.
2017-09-02 12:04:38
42.156.250.244

/index.php
/controller/script load fail.
2017-09-02 12:05:56
211.162.236.134

/index.php
/controller/static load fail.
2017-09-02 12:06:12
211.162.236.134

/index.php
/controller/static load fail.
2017-09-02 12:06:15
211.162.236.134

/index.php
/controller/static load fail.
2017-09-02 12:06:17
211.162.236.134

/index.php
/controller/static load fail.
2017-09-02 12:06:18
211.162.236.134

/index.php
/controller/static load fail.
2017-09-02 12:06:19
211.162.236.134

/index.php
/controller/a load fail.
2017-09-02 13:37:33
173.208.235.178

/index.php
/controller/script load fail.
2017-09-02 13:45:24
175.42.86.212

/index.php
/controller/script load fail.
2017-09-02 13:45:31
101.226.65.102

/index.php
/controller/demo load fail.
2017-09-02 13:45:32
175.42.86.212

/index.php
/controller/script load fail.
2017-09-02 13:45:32
101.226.65.102

/index.php
/controller/script load fail.
2017-09-02 13:45:32
101.226.65.102

/index.php
/controller/script load fail.
2017-09-02 13:45:33
101.226.65.102

/index.php
/controller/css load fail.
2017-09-02 13:45:36
101.226.65.102

/index.php
/controller/demo load fail.
2017-09-02 13:57:02
175.42.86.212

/index.php
/controller/pay load fail.
2017-09-02 13:57:05
175.42.86.212

/index.php
/controller/faq load fail.
2017-09-02 14:04:37
66.249.75.17

/index.php
/controller/l load fail.
2017-09-02 14:10:54
95.108.181.84

/index.php
/controller/pay load fail.
2017-09-02 14:11:08
175.42.86.212

/index.php
/controller/pay load fail.
2017-09-02 14:11:11
175.42.86.212

/index.php
/controller/script load fail.
2017-09-02 14:11:14
175.42.86.212

/index.php
/controller/demo load fail.
2017-09-02 14:11:15
175.42.86.212

/index.php
/controller/pay load fail.
2017-09-02 14:11:27
175.42.86.212

/index.php
/controller/pay load fail.
2017-09-02 14:11:30
175.42.86.212

/index.php
/controller/pay load fail.
2017-09-02 14:11:33
175.42.86.212

/index.php
/controller/pay load fail.
2017-09-02 14:11:36
175.42.86.212

/index.php
/controller/pay load fail.
2017-09-02 14:11:39
175.42.86.212

/index.php
/controller/pay load fail.
2017-09-02 14:11:42
175.42.86.212

/index.php
/controller/pay load fail.
2017-09-02 14:11:45
175.42.86.212

/index.php
/controller/pay load fail.
2017-09-02 14:11:48
175.42.86.212

/index.php
/controller/pay load fail.
2017-09-02 14:11:51
175.42.86.212

/index.php
/controller/pay load fail.
2017-09-02 14:11:54
175.42.86.212

/index.php
/controller/pay load fail.
2017-09-02 14:11:57
175.42.86.212

/index.php
/controller/pay load fail.
2017-09-02 14:12:00
175.42.86.212

/index.php
/controller/pay load fail.
2017-09-02 14:12:03
175.42.86.212

/index.php
/controller/pay load fail.
2017-09-02 14:12:06
175.42.86.212

/index.php
/controller/pay load fail.
2017-09-02 14:12:09
175.42.86.212

/index.php
/controller/pay load fail.
2017-09-02 14:12:12
175.42.86.212

/index.php
/controller/pay load fail.
2017-09-02 14:12:15
175.42.86.212

/index.php
/controller/pay load fail.
2017-09-02 14:12:18
175.42.86.212

/index.php
/controller/pay load fail.
2017-09-02 14:12:21
175.42.86.212

/index.php
/controller/pay load fail.
2017-09-02 14:12:24
175.42.86.212

/index.php
/controller/pay load fail.
2017-09-02 14:12:27
175.42.86.212

/index.php
/controller/demo load fail.
2017-09-02 14:12:28
182.130.252.195

/index.php
/controller/pay load fail.
2017-09-02 14:12:30
175.42.86.212

/index.php
/controller/pay load fail.
2017-09-02 14:12:33
175.42.86.212

/index.php
/controller/demo load fail.
2017-09-02 14:13:34
117.173.171.74

/index.php
/controller/pay load fail.
2017-09-02 14:13:39
117.173.171.74

/index.php
/controller/pay load fail.
2017-09-02 14:13:42
117.173.171.74

/index.php
/controller/pay load fail.
2017-09-02 14:13:45
117.173.171.74

/index.php
/controller/pay load fail.
2017-09-02 14:13:48
117.173.171.74

/index.php
/controller/pay load fail.
2017-09-02 14:13:51
117.173.171.74

/index.php
/controller/pay load fail.
2017-09-02 14:13:54
117.173.171.74

/index.php
/controller/pay load fail.
2017-09-02 14:13:57
117.185.27.114

/index.php
/controller/pay load fail.
2017-09-02 14:13:57
117.173.171.74

/index.php
/controller/pay load fail.
2017-09-02 14:14:00
117.173.171.74

/index.php
/controller/pay load fail.
2017-09-02 14:14:03
117.173.171.74

/index.php
/controller/pay load fail.
2017-09-02 14:14:06
117.173.171.74

/index.php
/controller/pay load fail.
2017-09-02 14:14:06
117.185.27.114

/index.php
/controller/pay load fail.
2017-09-02 14:14:07
117.185.27.115

/index.php
/controller/pay load fail.
2017-09-02 14:14:07
117.185.27.115

/index.php
/controller/pay load fail.
2017-09-02 14:14:09
117.173.171.74

/index.php
/controller/pay load fail.
2017-09-02 14:14:12
117.173.171.74

/index.php
/controller/pay load fail.
2017-09-02 14:14:15
117.173.171.74

/index.php
/controller/pay load fail.
2017-09-02 14:14:18
117.173.171.74

/index.php
/controller/pay load fail.
2017-09-02 14:14:21
117.173.171.74

/index.php
/controller/pay load fail.
2017-09-02 14:14:24
117.173.171.74

/index.php
/controller/demo load fail.
2017-09-02 14:14:25
117.173.171.74

/index.php
/controller/pay load fail.
2017-09-02 14:14:26
117.173.171.74

/index.php
/controller/pay load fail.
2017-09-02 14:14:27
117.173.171.74

/index.php
/controller/pay load fail.
2017-09-02 14:14:30
117.173.171.74

/index.php
/controller/pay load fail.
2017-09-02 14:14:33
117.173.171.74

/index.php
/controller/pay load fail.
2017-09-02 14:14:36
117.173.171.74

/index.php
/controller/pay load fail.
2017-09-02 14:14:37
117.185.27.113

/index.php
/controller/pay load fail.
2017-09-02 14:14:39
117.173.171.74

/index.php
/controller/pay load fail.
2017-09-02 14:14:39
117.185.27.113

/index.php
/controller/pay load fail.
2017-09-02 14:14:42
117.185.27.114

/index.php
/controller/pay load fail.
2017-09-02 14:14:42
117.173.171.74

/index.php
/controller/pay load fail.
2017-09-02 14:14:45
117.173.171.74

/index.php
/controller/pay load fail.
2017-09-02 14:14:47
117.185.27.114

/index.php
/controller/pay load fail.
2017-09-02 14:14:48
117.173.171.74

/index.php
/controller/pay load fail.
2017-09-02 14:14:51
117.173.171.74

/index.php
/controller/pay load fail.
2017-09-02 14:14:54
117.173.171.74

/index.php
/controller/pay load fail.
2017-09-02 14:14:57
117.173.171.74

/index.php
/controller/pay load fail.
2017-09-02 14:14:58
117.185.27.113

/index.php
/controller/pay load fail.
2017-09-02 14:14:58
117.185.27.115

/index.php
/controller/pay load fail.
2017-09-02 14:15:00
117.173.171.74

/index.php
/controller/pay load fail.
2017-09-02 14:15:03
117.173.171.74

/index.php
/controller/pay load fail.
2017-09-02 14:15:06
117.173.171.74

/index.php
/controller/pay load fail.
2017-09-02 14:15:09
117.173.171.74

/index.php
/controller/pay load fail.
2017-09-02 14:15:12
117.173.171.74

/index.php
/controller/pay load fail.
2017-09-02 14:15:15
117.173.171.74

/index.php
/controller/pay load fail.
2017-09-02 14:15:16
117.185.27.115

/index.php
/controller/pay load fail.
2017-09-02 14:15:18
117.173.171.74

/index.php
/controller/pay load fail.
2017-09-02 14:15:18
117.185.27.115

/index.php
/controller/pay load fail.
2017-09-02 14:15:28
117.185.27.113

/index.php
/controller/demo load fail.
2017-09-02 14:16:18
117.173.171.74

/index.php
/controller/demo load fail.
2017-09-02 14:19:53
117.173.171.74

/index.php
/controller/pay load fail.
2017-09-02 14:19:55
117.173.171.74

/index.php
/controller/pay load fail.
2017-09-02 14:19:58
117.173.171.74

/index.php
/controller/pay load fail.
2017-09-02 14:20:01
175.42.86.212

/index.php
/controller/pay load fail.
2017-09-02 14:20:01
117.173.171.74

/index.php
/controller/pay load fail.
2017-09-02 14:20:04
175.42.86.212

/index.php
/controller/pay load fail.
2017-09-02 14:20:04
117.173.171.74

/index.php
/controller/pay load fail.
2017-09-02 14:20:07
175.42.86.212

/index.php
/controller/pay load fail.
2017-09-02 14:20:07
117.173.171.74

/index.php
/controller/pay load fail.
2017-09-02 14:20:08
117.185.27.113

/index.php
/controller/pay load fail.
2017-09-02 14:20:11
175.42.86.212

/index.php
/controller/pay load fail.
2017-09-02 14:20:11
117.173.171.74

/index.php
/controller/pay load fail.
2017-09-02 14:20:13
175.42.86.212

/index.php
/controller/pay load fail.
2017-09-02 14:20:13
117.173.171.74

/index.php
/controller/pay load fail.
2017-09-02 14:20:16
175.42.86.212

/index.php
/controller/pay load fail.
2017-09-02 14:20:16
117.173.171.74

/index.php
/controller/pay load fail.
2017-09-02 14:20:16
117.185.27.113

/index.php
/controller/pay load fail.
2017-09-02 14:20:19
175.42.86.212

/index.php
/controller/pay load fail.
2017-09-02 14:20:19
117.173.171.74

/index.php
/controller/pay load fail.
2017-09-02 14:20:22
175.42.86.212

/index.php
/controller/pay load fail.
2017-09-02 14:20:22
117.173.171.74

/index.php
/controller/pay load fail.
2017-09-02 14:20:25
175.42.86.212

/index.php
/controller/pay load fail.
2017-09-02 14:20:25
117.173.171.74

/index.php
/controller/pay load fail.
2017-09-02 14:20:28
175.42.86.212

/index.php
/controller/pay load fail.
2017-09-02 14:20:28
117.173.171.74

/index.php
/controller/pay load fail.
2017-09-02 14:20:31
175.42.86.212

/index.php
/controller/pay load fail.
2017-09-02 14:20:31
117.173.171.74

/index.php
/controller/pay load fail.
2017-09-02 14:20:34
175.42.86.212

/index.php
/controller/pay load fail.
2017-09-02 14:20:34
117.173.171.74

/index.php
/controller/pay load fail.
2017-09-02 14:20:37
175.42.86.212

/index.php
/controller/pay load fail.
2017-09-02 14:20:37
117.173.171.74

/index.php
/controller/pay load fail.
2017-09-02 14:20:40
175.42.86.212

/index.php
/controller/pay load fail.
2017-09-02 14:20:40
117.173.171.74

/index.php
/controller/pay load fail.
2017-09-02 14:20:43
175.42.86.212

/index.php
/controller/pay load fail.
2017-09-02 14:20:43
117.173.171.74

/index.php
/controller/pay load fail.
2017-09-02 14:20:46
175.42.86.212

/index.php
/controller/pay load fail.
2017-09-02 14:20:46
117.173.171.74

/index.php
/controller/pay load fail.
2017-09-02 14:20:49
175.42.86.212

/index.php
/controller/pay load fail.
2017-09-02 14:20:49
117.173.171.74

/index.php
/controller/pay load fail.
2017-09-02 14:20:49
117.185.27.114

/index.php
/controller/pay load fail.
2017-09-02 14:20:52
175.42.86.212

/index.php
/controller/pay load fail.
2017-09-02 14:20:52
117.173.171.74

/index.php
/controller/pay load fail.
2017-09-02 14:20:55
175.42.86.212

/index.php
/controller/pay load fail.
2017-09-02 14:20:55
117.173.171.74

/index.php
/controller/pay load fail.
2017-09-02 14:20:58
175.42.86.212

/index.php
/controller/pay load fail.
2017-09-02 14:20:58
117.173.171.74

/index.php
/controller/pay load fail.
2017-09-02 14:21:01
175.42.86.212

/index.php
/controller/pay load fail.
2017-09-02 14:21:01
117.173.171.74

/index.php
/controller/pay load fail.
2017-09-02 14:21:01
117.185.27.113

/index.php
/controller/pay load fail.
2017-09-02 14:21:04
175.42.86.212

/index.php
/controller/pay load fail.
2017-09-02 14:21:04
117.173.171.74

/index.php
/controller/pay load fail.
2017-09-02 14:21:07
175.42.86.212

/index.php
/controller/pay load fail.
2017-09-02 14:21:07
117.173.171.74

/index.php
/controller/pay load fail.
2017-09-02 14:21:10
175.42.86.212

/index.php
/controller/pay load fail.
2017-09-02 14:21:10
117.173.171.74

/index.php
/controller/pay load fail.
2017-09-02 14:21:13
175.42.86.212

/index.php
/controller/pay load fail.
2017-09-02 14:21:13
117.173.171.74

/index.php
/controller/pay load fail.
2017-09-02 14:21:14
117.185.27.114

/index.php
/controller/pay load fail.
2017-09-02 14:21:16
175.42.86.212

/index.php
/controller/pay load fail.
2017-09-02 14:21:16
117.173.171.74

/index.php
/controller/pay load fail.
2017-09-02 14:21:19
175.42.86.212

/index.php
/controller/pay load fail.
2017-09-02 14:21:19
117.173.171.74

/index.php
/controller/pay load fail.
2017-09-02 14:21:22
175.42.86.212

/index.php
/controller/pay load fail.
2017-09-02 14:21:22
117.173.171.74

/index.php
/controller/pay load fail.
2017-09-02 14:21:25
175.42.86.212

/index.php
/controller/pay load fail.
2017-09-02 14:21:25
117.173.171.74

/index.php
/controller/pay load fail.
2017-09-02 14:21:26
117.185.27.113

/index.php
/controller/pay load fail.
2017-09-02 14:21:28
175.42.86.212

/index.php
/controller/pay load fail.
2017-09-02 14:21:28
117.173.171.74

/index.php
/controller/pay load fail.
2017-09-02 14:21:28
117.185.27.113

/index.php
/controller/pay load fail.
2017-09-02 14:21:31
175.42.86.212

/index.php
/controller/pay load fail.
2017-09-02 14:21:31
117.173.171.74

/index.php
/controller/pay load fail.
2017-09-02 14:21:34
175.42.86.212

/index.php
/controller/pay load fail.
2017-09-02 14:21:34
117.173.171.74

/index.php
/controller/pay load fail.
2017-09-02 14:21:37
175.42.86.212

/index.php
/controller/pay load fail.
2017-09-02 14:21:37
117.173.171.74

/index.php
/controller/pay load fail.
2017-09-02 14:21:40
175.42.86.212

/index.php
/controller/pay load fail.
2017-09-02 14:21:40
117.173.171.74

/index.php
/controller/pay load fail.
2017-09-02 14:21:43
175.42.86.212

/index.php
/controller/pay load fail.
2017-09-02 14:21:43
117.173.171.74

/index.php
/controller/pay load fail.
2017-09-02 14:21:44
117.185.27.115

/index.php
/controller/demo load fail.
2017-09-02 14:21:45
117.173.171.74

/index.php
/controller/demo load fail.
2017-09-02 14:21:46
117.173.171.74

/index.php
/controller/demo load fail.
2017-09-02 14:21:46
117.173.171.74

/index.php
/controller/demo load fail.
2017-09-02 14:21:46
117.173.171.74

/index.php
/controller/pay load fail.
2017-09-02 14:22:02
117.185.27.113

/index.php
/controller/pay load fail.
2017-09-02 14:22:11
101.226.68.161

/index.php
/controller/pay load fail.
2017-09-02 14:22:22
175.42.86.212

/index.php
/controller/pay load fail.
2017-09-02 14:22:35
101.226.33.218

/index.php
/controller/demo load fail.
2017-09-02 14:23:00
117.173.171.74

/index.php
/controller/pay load fail.
2017-09-02 14:23:00
101.226.33.208

/index.php
/controller/pay load fail.
2017-09-02 14:23:11
101.226.125.100

/index.php
/controller/demo load fail.
2017-09-02 14:23:59
117.173.171.74

/index.php
/controller/demo load fail.
2017-09-02 14:23:59
117.173.171.74

/index.php
/controller/demo load fail.
2017-09-02 14:25:10
117.173.171.74

/index.php
/controller/demo load fail.
2017-09-02 14:25:10
117.173.171.74

/index.php
/controller/demo load fail.
2017-09-02 14:25:29
182.130.252.195

/index.php
/controller/script load fail.
2017-09-02 14:25:33
118.213.161.120

/index.php
/controller/script load fail.
2017-09-02 14:25:34
118.213.161.120

/index.php
/controller/css load fail.
2017-09-02 14:25:42
118.213.161.120

/index.php
/controller/css load fail.
2017-09-02 14:25:42
118.213.161.120

/index.php
/controller/demo load fail.
2017-09-02 14:25:42
42.156.251.195

/index.php
/controller/js load fail.
2017-09-02 14:25:47
118.213.161.120

/index.php
/controller/demo load fail.
2017-09-02 14:25:54
182.130.252.195

/index.php
/controller/demo load fail.
2017-09-02 14:26:32
110.179.156.169

/index.php
/controller/script load fail.
2017-09-02 14:26:41
110.179.156.169

/index.php
/controller/demo load fail.
2017-09-02 14:26:49
182.130.252.195

/index.php
/controller/demo load fail.
2017-09-02 14:27:55
117.173.171.74

/index.php
/controller/script load fail.
2017-09-02 14:27:58
117.173.171.74

/index.php
/controller/pay load fail.
2017-09-02 14:29:02
180.163.2.88

/index.php
/controller/pay load fail.
2017-09-02 14:29:03
101.226.33.202

/index.php
/controller/pay load fail.
2017-09-02 14:29:50
101.226.33.203

/index.php
/controller/script load fail.
2017-09-02 14:30:36
117.173.171.74

/index.php
/controller/demo load fail.
2017-09-02 14:31:04
175.42.86.212

/index.php
/controller/demo load fail.
2017-09-02 14:32:04
175.42.86.212

/index.php
/controller/demo load fail.
2017-09-02 14:32:09
175.42.86.212

/index.php
/controller/demo load fail.
2017-09-02 14:32:34
175.42.86.212

/index.php
/controller/demo load fail.
2017-09-02 14:33:16
175.42.86.212

/index.php
/controller/demo load fail.
2017-09-02 14:33:17
175.42.86.212

/index.php
/controller/script load fail.
2017-09-02 14:33:20
117.173.171.74

/index.php
/controller/script load fail.
2017-09-02 14:33:20
117.173.171.74

/index.php
/controller/demo load fail.
2017-09-02 14:33:28
175.42.86.212

/index.php
/controller/script load fail.
2017-09-02 14:33:29
117.173.171.74

/index.php
/controller/script load fail.
2017-09-02 14:35:16
117.173.171.74

/index.php
/controller/script load fail.
2017-09-02 14:35:16
117.173.171.74

/index.php
/controller/script load fail.
2017-09-02 14:35:17
175.42.86.212

/index.php
/controller/script load fail.
2017-09-02 14:35:17
175.42.86.212

/index.php
/controller/demo load fail.
2017-09-02 14:35:19
117.173.171.74

/index.php
/controller/script load fail.
2017-09-02 14:35:23
175.42.86.212

/index.php
/controller/demo load fail.
2017-09-02 14:35:24
175.42.86.212

/index.php
/controller/pay load fail.
2017-09-02 14:35:36
175.42.86.212

/index.php
/controller/demo load fail.
2017-09-02 14:35:47
110.179.156.169

/index.php
/controller/demo load fail.
2017-09-02 14:35:53
110.179.156.169

/index.php
/controller/demo load fail.
2017-09-02 14:37:01
110.179.156.169

/index.php
/controller/demo load fail.
2017-09-02 14:37:13
110.179.156.169

/index.php
/controller/demo load fail.
2017-09-02 14:45:38
175.42.86.212

/index.php
/controller/demo load fail.
2017-09-02 14:45:43
175.42.86.212

/index.php
/controller/demo load fail.
2017-09-02 14:47:48
182.130.252.195

/index.php
/controller/pay load fail.
2017-09-02 14:47:58
182.130.252.195

/index.php
/controller/demo load fail.
2017-09-02 14:48:01
182.130.252.195

/index.php
/controller/pay load fail.
2017-09-02 14:48:08
117.185.27.114

/index.php
/controller/demo load fail.
2017-09-02 14:49:12
182.130.252.195

/index.php
/controller/pay load fail.
2017-09-02 14:49:28
182.130.252.195

/index.php
/controller/script load fail.
2017-09-02 15:00:48
14.215.176.140

/index.php
/controller/script load fail.
2017-09-02 15:00:49
14.215.176.143

/index.php
/controller/script load fail.
2017-09-02 15:01:05
117.173.171.74

/index.php
/controller/script load fail.
2017-09-02 15:02:16
175.42.86.212

/index.php
/controller/script load fail.
2017-09-02 15:02:21
175.42.86.212

/index.php
/controller/script load fail.
2017-09-02 15:02:43
175.42.86.212

/index.php
/controller/script load fail.
2017-09-02 15:05:08
101.199.112.52

/index.php
/controller/script load fail.
2017-09-02 15:05:09
101.199.112.52

/index.php
/controller/js load fail.
2017-09-02 15:05:10
101.199.112.52

/index.php
/controller/script load fail.
2017-09-02 15:06:44
117.173.171.74

/index.php
/controller/static load fail.
2017-09-02 15:13:49
117.173.171.74

/index.php
/controller/static load fail.
2017-09-02 15:14:00
117.173.171.74

/index.php
/controller/static load fail.
2017-09-02 15:14:03
117.173.171.74

/index.php
/controller/static load fail.
2017-09-02 15:14:07
117.173.171.74

/index.php
/controller/static load fail.
2017-09-02 15:14:10
117.173.171.74

/index.php
/controller/static load fail.
2017-09-02 15:14:11
117.173.171.74

/index.php
/controller/static load fail.
2017-09-02 15:14:14
117.173.171.74

/index.php
/controller/static load fail.
2017-09-02 15:14:14
117.173.171.74

/index.php
/controller/static load fail.
2017-09-02 15:14:17
117.173.171.74

/index.php
/controller/static load fail.
2017-09-02 15:14:17
117.173.171.74

/index.php
/controller/static load fail.
2017-09-02 15:14:19
117.173.171.74

/index.php
/controller/static load fail.
2017-09-02 15:14:19
117.173.171.74

/index.php
/controller/static load fail.
2017-09-02 15:14:19
117.173.171.74

/index.php
/controller/static load fail.
2017-09-02 15:14:20
117.173.171.74

/index.php
/controller/static load fail.
2017-09-02 15:14:21
117.173.171.74

/index.php
/controller/static load fail.
2017-09-02 15:14:26
117.173.171.74

/index.php
/controller/static load fail.
2017-09-02 15:15:52
117.173.171.74

/index.php
/controller/static load fail.
2017-09-02 15:17:02
117.173.171.74

/index.php
/controller/static load fail.
2017-09-02 15:17:44
117.173.171.74

/index.php
/controller/static load fail.
2017-09-02 15:18:38
117.173.171.74

/index.php
/controller/static load fail.
2017-09-02 15:19:05
117.173.171.74

/index.php
/controller/demo load fail.
2017-09-02 15:20:42
14.215.176.18

/index.php
/controller/script load fail.
2017-09-02 15:23:29
117.173.171.74

/index.php
/controller/script load fail.
2017-09-02 15:24:48
117.173.171.74

/index.php
/controller/script load fail.
2017-09-02 15:24:49
117.173.171.74

/index.php
/controller/script load fail.
2017-09-02 15:24:54
117.173.171.74

/index.php
/controller/script load fail.
2017-09-02 15:25:58
117.173.171.74

/index.php
/controller/demo load fail.
2017-09-02 15:26:02
117.173.171.74

/index.php
/controller/script load fail.
2017-09-02 15:26:02
117.173.171.74

/index.php
/controller/static load fail.
2017-09-02 15:38:11
117.173.171.74

/index.php
/controller/static load fail.
2017-09-02 15:38:12
117.173.171.74

/index.php
/controller/static load fail.
2017-09-02 15:38:12
117.173.171.74

/index.php
/controller/static load fail.
2017-09-02 15:38:13
117.173.171.74

/index.php
/controller/static load fail.
2017-09-02 15:38:14
117.173.171.74

/index.php
/controller/script load fail.
2017-09-02 15:39:22
117.173.171.74

/index.php
/controller/script load fail.
2017-09-02 15:39:52
106.39.189.67

/index.php
/controller/script load fail.
2017-09-02 15:39:53
182.130.252.195

/index.php
/controller/js load fail.
2017-09-02 15:39:57
182.130.252.195

/index.php
/controller/css load fail.
2017-09-02 15:39:57
182.130.252.195

/index.php
/controller/css load fail.
2017-09-02 15:39:57
182.130.252.195

/index.php
/controller/script load fail.
2017-09-02 15:40:50
182.130.252.195

/index.php
/controller/js load fail.
2017-09-02 15:40:51
182.130.252.195

/index.php
/controller/css load fail.
2017-09-02 15:40:51
182.130.252.195

/index.php
/controller/css load fail.
2017-09-02 15:40:51
182.130.252.195

/index.php
/controller/script load fail.
2017-09-02 15:41:42
117.173.171.74

/index.php
/controller/moblie load fail.
2017-09-02 15:41:49
117.173.171.74

/index.php
/controller/moblie load fail.
2017-09-02 15:41:51
117.173.171.74

/index.php
/controller/moblie load fail.
2017-09-02 15:41:51
117.173.171.74

/index.php
/controller/moblie load fail.
2017-09-02 15:41:58
117.173.171.74

/index.php
/controller/moblie load fail.
2017-09-02 15:41:59
117.173.171.74

/index.php
/controller/moblie load fail.
2017-09-02 15:42:00
117.173.171.74

/index.php
/controller/script load fail.
2017-09-02 15:42:17
117.173.171.74

/index.php
/controller/script load fail.
2017-09-02 15:46:04
117.173.171.74

/index.php
/controller/script load fail.
2017-09-02 15:46:53
117.173.171.74

/index.php
/controller/css load fail.
2017-09-02 15:47:00
117.173.171.74

/index.php
/controller/css load fail.
2017-09-02 15:47:00
117.173.171.74

/index.php
/controller/js load fail.
2017-09-02 15:47:03
117.173.171.74

/index.php
/controller/script load fail.
2017-09-02 15:47:46
182.130.252.195

/index.php
/controller/js load fail.
2017-09-02 15:47:46
182.130.252.195

/index.php
/controller/css load fail.
2017-09-02 15:47:46
182.130.252.195

/index.php
/controller/css load fail.
2017-09-02 15:47:47
182.130.252.195

/index.php
/controller/script load fail.
2017-09-02 15:50:44
117.173.171.74

/index.php
/controller/js load fail.
2017-09-02 15:50:44
117.173.171.74

/index.php
/controller/css load fail.
2017-09-02 15:50:44
117.173.171.74

/index.php
/controller/css load fail.
2017-09-02 15:50:45
117.173.171.74

/index.php
/controller/script load fail.
2017-09-02 15:50:46
117.173.171.74

/index.php
/controller/js load fail.
2017-09-02 15:50:46
117.173.171.74

/index.php
/controller/css load fail.
2017-09-02 15:50:46
117.173.171.74

/index.php
/controller/css load fail.
2017-09-02 15:50:46
117.173.171.74

/index.php
/controller/script load fail.
2017-09-02 15:50:51
117.173.171.74

/index.php
/controller/js load fail.
2017-09-02 15:50:51
117.173.171.74

/index.php
/controller/css load fail.
2017-09-02 15:50:51
117.173.171.74

/index.php
/controller/css load fail.
2017-09-02 15:50:51
117.173.171.74

/index.php
/controller/script load fail.
2017-09-02 15:50:52
117.173.171.74

/index.php
/controller/js load fail.
2017-09-02 15:50:52
117.173.171.74

/index.php
/controller/css load fail.
2017-09-02 15:50:52
117.173.171.74

/index.php
/controller/css load fail.
2017-09-02 15:50:52
117.173.171.74

/index.php
/controller/script load fail.
2017-09-02 15:50:58
117.173.171.74

/index.php
/controller/js load fail.
2017-09-02 15:50:59
117.173.171.74

/index.php
/controller/css load fail.
2017-09-02 15:50:59
117.173.171.74

/index.php
/controller/css load fail.
2017-09-02 15:50:59
117.173.171.74

/index.php
/controller/script load fail.
2017-09-02 15:50:59
117.173.171.74

/index.php
/controller/js load fail.
2017-09-02 15:51:01
117.173.171.74

/index.php
/controller/css load fail.
2017-09-02 15:51:01
117.173.171.74

/index.php
/controller/css load fail.
2017-09-02 15:51:01
117.173.171.74

/index.php
/controller/script load fail.
2017-09-02 15:51:32
117.173.171.74

/index.php
/controller/script load fail.
2017-09-02 15:51:53
117.173.171.74

/index.php
/controller/css load fail.
2017-09-02 15:51:57
117.173.171.74

/index.php
/controller/css load fail.
2017-09-02 15:51:57
117.173.171.74

/index.php
/controller/js load fail.
2017-09-02 15:52:05
117.173.171.74

/index.php
/controller/script load fail.
2017-09-02 15:52:22
106.39.189.36

/index.php
/controller/js load fail.
2017-09-02 15:52:23
106.39.189.36

/index.php
/controller/css load fail.
2017-09-02 15:52:23
106.39.189.36

/index.php
/controller/css load fail.
2017-09-02 15:52:23
106.39.189.36

/index.php
/controller/script load fail.
2017-09-02 15:52:38
182.130.252.195

/index.php
/controller/js load fail.
2017-09-02 15:52:49
182.130.252.195

/index.php
/controller/css load fail.
2017-09-02 15:52:49
182.130.252.195

/index.php
/controller/css load fail.
2017-09-02 15:52:49
182.130.252.195

/index.php
/controller/demo load fail.
2017-09-02 15:53:04
182.130.252.195

/index.php
/controller/script load fail.
2017-09-02 15:54:24
117.173.171.74

/index.php
/controller/demo load fail.
2017-09-02 15:54:30
182.130.252.195

/index.php
/controller/script load fail.
2017-09-02 15:56:59
117.173.171.74

/index.php
/controller/script load fail.
2017-09-02 15:57:00
117.173.171.74

/index.php
/controller/script load fail.
2017-09-02 15:58:05
117.173.171.74

/index.php
/controller/script load fail.
2017-09-02 15:58:16
117.173.171.74

/index.php
/controller/script load fail.
2017-09-02 15:58:17
117.173.171.74

/index.php
/controller/script load fail.
2017-09-02 15:58:23
117.173.171.74

/index.php
/controller/script load fail.
2017-09-02 15:58:47
117.173.171.74

/index.php
/controller/css load fail.
2017-09-02 15:58:50
117.173.171.74

/index.php
/controller/script load fail.
2017-09-02 16:00:18
117.173.171.74

/index.php
/controller/demo load fail.
2017-09-02 16:00:44
117.173.171.74

/index.php
/controller/demo load fail.
2017-09-02 16:00:45
117.173.171.74

/index.php
/controller/demo load fail.
2017-09-02 16:00:48
117.173.171.74

/index.php
/controller/script load fail.
2017-09-02 16:00:49
117.173.171.74

/index.php
/controller/script load fail.
2017-09-02 16:00:50
117.173.171.74

/index.php
/controller/houtai load fail.
2017-09-02 16:03:42
117.173.171.74

/index.php
/controller/script load fail.
2017-09-02 16:04:42
117.173.171.74

/index.php
/controller/script load fail.
2017-09-02 16:04:42
117.173.171.74

/index.php
/controller/static load fail.
2017-09-02 16:09:49
117.173.171.74

/index.php
/controller/static load fail.
2017-09-02 16:09:51
117.173.171.74

/index.php
/controller/static load fail.
2017-09-02 16:10:19
117.173.171.74

/index.php
/controller/static load fail.
2017-09-02 16:13:46
117.173.171.74

/index.php
/controller/static load fail.
2017-09-02 16:14:11
117.173.171.74

/index.php
/controller/static load fail.
2017-09-02 16:14:47
117.173.171.74

/index.php
/controller/houtai load fail.
2017-09-02 16:14:59
111.206.36.140

/index.php
/controller/static load fail.
2017-09-02 16:15:28
117.173.171.74

/index.php
/controller/static load fail.
2017-09-02 16:17:25
117.173.171.74

/index.php
/controller/static load fail.
2017-09-02 16:18:57
117.173.171.74

/index.php
/controller/static load fail.
2017-09-02 16:19:16
117.173.171.74

/index.php
/controller/static load fail.
2017-09-02 16:19:55
117.173.171.74

/index.php
/controller/static load fail.
2017-09-02 16:26:21
117.173.171.74

/index.php
/controller/script load fail.
2017-09-02 16:29:28
175.42.86.212

/index.php
/controller/script load fail.
2017-09-02 16:29:41
175.42.86.212

/index.php
/controller/static load fail.
2017-09-02 16:31:30
117.173.171.74

/index.php
/controller/static load fail.
2017-09-02 16:31:30
117.173.171.74

/index.php
/controller/static load fail.
2017-09-02 16:31:31
117.173.171.74

/index.php
/controller/static load fail.
2017-09-02 16:34:05
117.173.171.74

/index.php
/controller/static load fail.
2017-09-02 16:34:06
117.173.171.74

/index.php
/controller/static load fail.
2017-09-02 16:34:56
117.173.171.74

/index.php
/controller/static load fail.
2017-09-02 16:35:41
117.173.171.74

/index.php
/controller/static load fail.
2017-09-02 16:35:42
117.173.171.74

/index.php
/controller/static load fail.
2017-09-02 16:35:42
117.173.171.74

/index.php
/controller/static load fail.
2017-09-02 16:35:43
117.173.171.74

/index.php
/controller/static load fail.
2017-09-02 16:35:44
117.173.171.74

/index.php
/controller/static load fail.
2017-09-02 16:35:44
117.173.171.74

/index.php
/controller/static load fail.
2017-09-02 16:35:45
117.173.171.74

/index.php
/controller/static load fail.
2017-09-02 16:35:47
117.173.171.74

/index.php
/controller/static load fail.
2017-09-02 16:35:51
117.173.171.74

/index.php
/controller/static load fail.
2017-09-02 16:35:52
117.173.171.74

/index.php
/controller/static load fail.
2017-09-02 16:35:53
117.173.171.74

/index.php
/controller/static load fail.
2017-09-02 16:35:57
117.173.171.74

/index.php
/controller/static load fail.
2017-09-02 16:35:58
117.173.171.74

/index.php
/controller/static load fail.
2017-09-02 16:35:59
117.173.171.74

/index.php
/controller/static load fail.
2017-09-02 16:38:56
117.173.171.74

/index.php
/controller/static load fail.
2017-09-02 16:39:18
117.173.171.74

/index.php
/controller/static load fail.
2017-09-02 16:39:26
117.173.171.74

/index.php
/controller/appcenter load fail.
2017-09-02 16:41:42
123.125.71.115

/index.php
/controller/script load fail.
2017-09-02 16:43:03
140.207.185.109

/index.php
/controller/script load fail.
2017-09-02 16:43:04
140.207.185.109

/index.php
/controller/script load fail.
2017-09-02 16:43:04
140.207.185.109

/index.php
/controller/script load fail.
2017-09-02 16:43:05
140.207.185.109

/index.php
/controller/css load fail.
2017-09-02 16:43:08
140.207.185.109

/index.php
/controller/static load fail.
2017-09-02 16:43:13
117.173.171.74

/index.php
/controller/static load fail.
2017-09-02 16:43:13
117.173.171.74

/index.php
/controller/static load fail.
2017-09-02 16:43:14
117.173.171.74

/index.php
/controller/script load fail.
2017-09-02 16:43:15
175.42.86.212

/index.php
/controller/static load fail.
2017-09-02 16:43:26
175.42.86.212

/index.php
/controller/static load fail.
2017-09-02 16:44:02
175.42.86.212

/index.php
/controller/static load fail.
2017-09-02 16:44:03
175.42.86.212

/index.php
/controller/static load fail.
2017-09-02 16:44:05
175.42.86.212

/index.php
/controller/static load fail.
2017-09-02 16:44:09
175.42.86.212

/index.php
/controller/static load fail.
2017-09-02 16:44:10
175.42.86.212

/index.php
/controller/static load fail.
2017-09-02 16:44:11
175.42.86.212

/index.php
/controller/static load fail.
2017-09-02 16:44:11
175.42.86.212

/index.php
/controller/static load fail.
2017-09-02 16:44:13
175.42.86.212

/index.php
/controller/static load fail.
2017-09-02 16:44:15
175.42.86.212

/index.php
/controller/static load fail.
2017-09-02 16:44:16
175.42.86.212

/index.php
/controller/static load fail.
2017-09-02 16:44:17
175.42.86.212

/index.php
/controller/static load fail.
2017-09-02 16:44:42
117.173.171.74

/index.php
/controller/static load fail.
2017-09-02 16:44:43
117.173.171.74

/index.php
/controller/static load fail.
2017-09-02 16:44:44
117.173.171.74

/index.php
/controller/static load fail.
2017-09-02 16:44:45
117.173.171.74

/index.php
/controller/static load fail.
2017-09-02 16:45:12
117.173.171.74

/index.php
/controller/static load fail.
2017-09-02 16:45:16
117.173.171.74

/index.php
/controller/static load fail.
2017-09-02 16:45:19
117.173.171.74

/index.php
/controller/static load fail.
2017-09-02 16:45:19
117.173.171.74

/index.php
/controller/static load fail.
2017-09-02 16:45:20
117.173.171.74

/index.php
/controller/static load fail.
2017-09-02 16:45:21
117.173.171.74

/index.php
/controller/static load fail.
2017-09-02 16:45:24
117.173.171.74

/index.php
/controller/static load fail.
2017-09-02 16:45:25
117.173.171.74

/index.php
/controller/static load fail.
2017-09-02 16:45:25
117.173.171.74

/index.php
/controller/static load fail.
2017-09-02 16:45:26
117.173.171.74

/index.php
/controller/static load fail.
2017-09-02 16:45:29
117.173.171.74

/index.php
/controller/static load fail.
2017-09-02 16:45:29
117.173.171.74

/index.php
/controller/static load fail.
2017-09-02 16:45:31
117.173.171.74

/index.php
/controller/static load fail.
2017-09-02 16:46:48
117.173.171.74

/index.php
/controller/static load fail.
2017-09-02 16:46:48
117.173.171.74

/index.php
/controller/static load fail.
2017-09-02 16:46:49
117.173.171.74

/index.php
/controller/static load fail.
2017-09-02 16:46:51
117.173.171.74

/index.php
/controller/static load fail.
2017-09-02 16:46:51
117.173.171.74

/index.php
/controller/static load fail.
2017-09-02 16:46:58
117.173.171.74

/index.php
/controller/static load fail.
2017-09-02 16:46:59
117.173.171.74

/index.php
/controller/script load fail.
2017-09-02 16:47:48
221.218.91.60

/index.php
/controller/script load fail.
2017-09-02 16:48:02
221.218.91.60

/index.php
/controller/demo load fail.
2017-09-02 16:48:33
221.218.91.60

/index.php
/controller/static load fail.
2017-09-02 16:49:42
117.173.171.74

/index.php
/controller/static load fail.
2017-09-02 16:49:43
117.173.171.74

/index.php
/controller/script load fail.
2017-09-02 16:53:18
175.42.86.212

/index.php
/controller/demo load fail.
2017-09-02 16:53:18
221.218.91.60

/index.php
/controller/script load fail.
2017-09-02 16:53:26
221.218.91.60

/index.php
/controller/static load fail.
2017-09-02 16:55:47
117.173.171.74

/index.php
/controller/static load fail.
2017-09-02 17:02:14
175.42.86.212

/index.php
/controller/static load fail.
2017-09-02 17:02:15
175.42.86.212

/index.php
/controller/static load fail.
2017-09-02 17:02:19
175.42.86.212

/index.php
/controller/static load fail.
2017-09-02 17:06:14
175.42.86.212

/index.php
/controller/static load fail.
2017-09-02 17:10:47
175.42.86.212

/index.php
/controller/a load fail.
2017-09-02 17:35:32
173.208.235.178

/index.php
/controller/static load fail.
2017-09-02 17:49:48
117.173.171.74

/index.php
/controller/static load fail.
2017-09-02 17:50:57
117.173.171.74

/index.php
/controller/static load fail.
2017-09-02 17:50:58
117.173.171.74

/index.php
/controller/static load fail.
2017-09-02 17:54:22
117.173.171.74

/index.php
/controller/static load fail.
2017-09-02 17:56:21
117.173.171.74

/index.php
/controller/static load fail.
2017-09-02 17:56:21
117.173.171.74

/index.php
/controller/static load fail.
2017-09-02 17:56:23
117.173.171.74

/index.php
/controller/script load fail.
2017-09-02 18:02:50
101.226.33.203

/index.php
/controller/script load fail.
2017-09-02 18:02:51
101.226.33.203

/index.php
/controller/script load fail.
2017-09-02 18:02:51
101.226.33.203

/index.php
/controller/script load fail.
2017-09-02 18:02:52
101.226.33.203

/index.php
/controller/css load fail.
2017-09-02 18:02:55
101.226.33.203

/index.php
/controller/script load fail.
2017-09-02 18:04:11
112.86.26.169

/index.php
/controller/script load fail.
2017-09-02 18:04:12
112.86.26.169

/index.php
/controller/script load fail.
2017-09-02 18:04:16
112.86.26.169

/index.php
/controller/static load fail.
2017-09-02 18:07:58
117.173.171.74

/index.php
/controller/static load fail.
2017-09-02 18:07:58
117.173.171.74

/index.php
/controller/static load fail.
2017-09-02 18:07:59
117.173.171.74

/index.php
/controller/static load fail.
2017-09-02 18:08:00
117.173.171.74

/index.php
/controller/static load fail.
2017-09-02 18:08:03
117.173.171.74

/index.php
/controller/static load fail.
2017-09-02 18:08:19
117.173.171.74

/index.php
/controller/static load fail.
2017-09-02 18:08:22
117.173.171.74

/index.php
/controller/static load fail.
2017-09-02 18:08:46
117.173.171.74

/index.php
/controller/static load fail.
2017-09-02 18:08:48
117.173.171.74

/index.php
/controller/static load fail.
2017-09-02 18:08:48
117.173.171.74

/index.php
/controller/static load fail.
2017-09-02 18:08:49
117.173.171.74

/index.php
/controller/static load fail.
2017-09-02 18:08:50
117.173.171.74

/index.php
/controller/static load fail.
2017-09-02 18:08:50
117.173.171.74

/index.php
/controller/static load fail.
2017-09-02 18:08:53
117.173.171.74

/index.php
/controller/static load fail.
2017-09-02 18:08:54
117.173.171.74

/index.php
/controller/static load fail.
2017-09-02 18:09:02
117.173.171.74

/index.php
/controller/static load fail.
2017-09-02 18:09:07
117.173.171.74

/index.php
/controller/static load fail.
2017-09-02 18:09:07
117.173.171.74

/index.php
/controller/static load fail.
2017-09-02 18:11:11
117.173.171.74

/index.php
/controller/static load fail.
2017-09-02 18:11:11
117.173.171.74

/index.php
/controller/static load fail.
2017-09-02 18:11:11
117.173.171.74

/index.php
/controller/static load fail.
2017-09-02 18:11:12
117.173.171.74

/index.php
/controller/static load fail.
2017-09-02 18:11:13
117.173.171.74

/index.php
/controller/static load fail.
2017-09-02 18:11:13
117.173.171.74

/index.php
/controller/static load fail.
2017-09-02 18:11:14
117.173.171.74

/index.php
/controller/static load fail.
2017-09-02 18:11:14
117.173.171.74

/index.php
/controller/static load fail.
2017-09-02 18:11:15
117.173.171.74

/index.php
/controller/static load fail.
2017-09-02 18:11:16
117.173.171.74

/index.php
/controller/static load fail.
2017-09-02 18:11:17
117.173.171.74

/index.php
/controller/static load fail.
2017-09-02 18:11:18
117.173.171.74

/index.php
/controller/static load fail.
2017-09-02 18:11:19
117.173.171.74

/index.php
/controller/static load fail.
2017-09-02 18:12:10
117.173.171.74

/index.php
/controller/script load fail.
2017-09-02 18:12:35
117.173.171.74

/index.php
/controller/static load fail.
2017-09-02 18:12:43
117.173.171.74

/index.php
/controller/static load fail.
2017-09-02 18:12:44
117.173.171.74

/index.php
/controller/static load fail.
2017-09-02 18:12:44
117.173.171.74

/index.php
/controller/script load fail.
2017-09-02 18:13:05
117.173.171.74

/index.php
/controller/static load fail.
2017-09-02 18:13:09
117.173.171.74

/index.php
/controller/static load fail.
2017-09-02 18:13:11
117.173.171.74

/index.php
/controller/static load fail.
2017-09-02 18:13:14
117.173.171.74

/index.php
/controller/static load fail.
2017-09-02 18:13:15
117.173.171.74

/index.php
/controller/static load fail.
2017-09-02 18:13:16
117.173.171.74

/index.php
/controller/static load fail.
2017-09-02 18:13:16
117.173.171.74

/index.php
/controller/static load fail.
2017-09-02 18:13:17
117.173.171.74

/index.php
/controller/static load fail.
2017-09-02 18:13:18
117.173.171.74

/index.php
/controller/static load fail.
2017-09-02 18:13:19
117.173.171.74

/index.php
/controller/static load fail.
2017-09-02 18:13:25
117.173.171.74

/index.php
/controller/static load fail.
2017-09-02 18:13:26
117.173.171.74

/index.php
/controller/static load fail.
2017-09-02 18:13:27
117.173.171.74

/index.php
/controller/static load fail.
2017-09-02 18:13:30
117.173.171.74

/index.php
/controller/static load fail.
2017-09-02 18:13:34
117.173.171.74

/index.php
/controller/static load fail.
2017-09-02 18:13:35
117.173.171.74

/index.php
/controller/static load fail.
2017-09-02 18:13:36
117.173.171.74

/index.php
/controller/static load fail.
2017-09-02 18:13:37
117.173.171.74

/index.php
/controller/static load fail.
2017-09-02 18:13:55
117.173.171.74

/index.php
/controller/static load fail.
2017-09-02 18:13:59
117.173.171.74

/index.php
/controller/static load fail.
2017-09-02 18:13:59
117.173.171.74

/index.php
/controller/static load fail.
2017-09-02 18:14:00
117.173.171.74

/index.php
/controller/static load fail.
2017-09-02 18:14:06
117.173.171.74

/index.php
/controller/static load fail.
2017-09-02 18:17:02
117.173.171.74

/index.php
/controller/static load fail.
2017-09-02 18:17:04
117.173.171.74

/index.php
/controller/static load fail.
2017-09-02 18:17:05
117.173.171.74

/index.php
/controller/static load fail.
2017-09-02 18:17:07
117.173.171.74

/index.php
/controller/static load fail.
2017-09-02 18:17:07
117.173.171.74

/index.php
/controller/static load fail.
2017-09-02 18:17:08
117.173.171.74

/index.php
/controller/static load fail.
2017-09-02 18:17:08
117.173.171.74

/index.php
/controller/static load fail.
2017-09-02 18:17:11
117.173.171.74

/index.php
/controller/static load fail.
2017-09-02 18:17:21
117.173.171.74

/index.php
/controller/static load fail.
2017-09-02 18:19:20
117.173.171.74

/index.php
/controller/hwi load fail.
2017-09-02 18:20:38
140.205.201.47

/index.php
/controller/install load fail.
2017-09-02 18:21:41
140.205.201.47

/index.php
/controller/hwi load fail.
2017-09-02 18:22:02
140.205.201.47

/index.php
/controller/uddiexplorer load fail.
2017-09-02 18:22:03
140.205.201.47

/index.php
/controller/ganglia load fail.
2017-09-02 18:22:17
140.205.201.47

/index.php
error in C:\phpStudy\guapay\app\libs\Db.php 80
SQLSTATE[HY093]: Invalid parameter number: number of bound variables does not match number of tokens
select id,paid,unpaid from wy_users  where is_agent=? and is_state=? and ship_type=? and ship_cycle=?    
[file]C:\phpStudy\guapay\app\controller\admfor035\usership.php
[line]130
[class]WY\app\libs\Model
2017-09-02 18:22:27
117.173.171.74

/index.php
/controller/jhlpitzcesfx load fail.
2017-09-02 18:22:31
140.205.201.47

/index.php
/controller/plugins load fail.
2017-09-02 18:22:34
140.205.201.47

/index.php
/controller/sqfmijvyknwr load fail.
2017-09-02 18:22:39
140.205.201.47

/index.php
/controller/hadoop load fail.
2017-09-02 18:24:37
140.205.201.47

/index.php
/controller/install load fail.
2017-09-02 18:25:11
140.205.201.47

/index.php
/controller/uddiexplorer load fail.
2017-09-02 18:25:32
140.205.201.47

/index.php
/controller/ganglia load fail.
2017-09-02 18:25:59
140.205.201.47

/index.php
/controller/plugins load fail.
2017-09-02 18:26:14
140.205.201.47

/index.php
/controller/hadoop load fail.
2017-09-02 18:26:31
140.205.201.47

/index.php
/controller/script load fail.
2017-09-02 18:26:45
140.205.201.14

/index.php
/controller/static load fail.
2017-09-02 18:27:04
117.173.171.74

/index.php
/controller/static load fail.
2017-09-02 18:27:21
117.173.171.74

/index.php
/controller/static load fail.
2017-09-02 18:27:21
117.173.171.74

/index.php
/controller/static load fail.
2017-09-02 18:27:23
117.173.171.74

/index.php
/controller/static load fail.
2017-09-02 18:35:36
117.173.171.74

/index.php
/controller/static load fail.
2017-09-02 18:36:00
117.173.171.74

/index.php
/controller/static load fail.
2017-09-02 18:36:01
117.173.171.74

/index.php
/controller/static load fail.
2017-09-02 18:36:02
117.173.171.74

/index.php
/controller/static load fail.
2017-09-02 18:36:04
117.173.171.74

/index.php
/controller/static load fail.
2017-09-02 18:36:06
117.173.171.74

/index.php
/controller/static load fail.
2017-09-02 18:36:07
117.173.171.74

/index.php
/controller/static load fail.
2017-09-02 18:36:07
117.173.171.74

/index.php
/controller/script load fail.
2017-09-02 18:37:11
120.33.237.36

/index.php
/controller/static load fail.
2017-09-02 18:37:49
120.33.237.36

/index.php
/controller/static load fail.
2017-09-02 18:37:57
120.33.237.36

/index.php
/controller/static load fail.
2017-09-02 18:38:00
120.33.237.36

/index.php
/controller/static load fail.
2017-09-02 18:38:19
120.33.237.36

/index.php
/controller/static load fail.
2017-09-02 18:38:22
120.33.237.36

/index.php
/controller/static load fail.
2017-09-02 18:38:24
120.33.237.36

/index.php
/controller/static load fail.
2017-09-02 18:38:28
120.33.237.36

/index.php
/controller/static load fail.
2017-09-02 18:38:30
120.33.237.36

/index.php
/controller/static load fail.
2017-09-02 18:38:30
120.33.237.36

/index.php
/controller/static load fail.
2017-09-02 18:38:31
120.33.237.36

/index.php
/controller/static load fail.
2017-09-02 18:38:32
120.33.237.36

/index.php
/controller/static load fail.
2017-09-02 18:38:44
117.173.171.74

/index.php
/controller/static load fail.
2017-09-02 18:39:04
120.33.237.36

/index.php
/controller/static load fail.
2017-09-02 18:39:08
120.33.237.36

/index.php
/controller/script load fail.
2017-09-02 18:41:56
117.173.171.74

/index.php
/controller/static load fail.
2017-09-02 18:43:00
117.173.171.74

/index.php
/controller/script load fail.
2017-09-02 18:43:14
183.209.251.185

/index.php
/controller/script load fail.
2017-09-02 18:43:15
183.209.251.185

/index.php
/controller/css load fail.
2017-09-02 18:43:16
183.209.251.185

/index.php
/controller/css load fail.
2017-09-02 18:43:16
183.209.251.185

/index.php
/controller/js load fail.
2017-09-02 18:43:18
183.209.251.185

/index.php
/controller/script load fail.
2017-09-02 18:44:10
117.173.171.74

/index.php
/controller/static load fail.
2017-09-02 18:44:51
117.173.171.74

/index.php
/controller/static load fail.
2017-09-02 18:44:53
117.173.171.74

/index.php
/controller/static load fail.
2017-09-02 18:45:53
117.173.171.74

/index.php
/controller/static load fail.
2017-09-02 18:45:54
117.173.171.74

/index.php
/controller/static load fail.
2017-09-02 18:45:56
117.173.171.74

/index.php
/controller/script load fail.
2017-09-02 18:46:39
117.173.171.74

/index.php
/controller/demo load fail.
2017-09-02 18:46:41
117.173.171.74

/index.php
/controller/static load fail.
2017-09-02 18:47:21
120.33.237.36

/index.php
/controller/static load fail.
2017-09-02 18:47:21
120.33.237.36

/index.php
/controller/static load fail.
2017-09-02 18:47:22
120.33.237.36

/index.php
/controller/static load fail.
2017-09-02 18:47:23
120.33.237.36

/index.php
/controller/static load fail.
2017-09-02 18:47:23
120.33.237.36

/index.php
/controller/static load fail.
2017-09-02 18:47:35
120.33.237.36

/index.php
/controller/static load fail.
2017-09-02 18:47:39
120.33.237.36

/index.php
/controller/static load fail.
2017-09-02 18:47:41
120.33.237.36

/index.php
/controller/static load fail.
2017-09-02 18:47:43
120.33.237.36

/index.php
/controller/static load fail.
2017-09-02 18:47:47
120.33.237.36

/index.php
/controller/static load fail.
2017-09-02 18:47:48
120.33.237.36

/index.php
/controller/static load fail.
2017-09-02 18:47:48
120.33.237.36

/index.php
/controller/demo load fail.
2017-09-02 18:47:51
117.173.171.74

/index.php
/controller/static load fail.
2017-09-02 18:47:53
120.33.237.36

/index.php
/controller/static load fail.
2017-09-02 18:47:53
120.33.237.36

/index.php
/controller/static load fail.
2017-09-02 18:47:55
120.33.237.36

/index.php
/controller/demo load fail.
2017-09-02 18:47:58
101.226.33.205

/index.php
/controller/static load fail.
2017-09-02 18:47:59
120.33.237.36

/index.php
/controller/static load fail.
2017-09-02 18:48:00
120.33.237.36

/index.php
/controller/static load fail.
2017-09-02 18:48:00
120.33.237.36

/index.php
/controller/static load fail.
2017-09-02 18:48:03
120.33.237.36

/index.php
/controller/static load fail.
2017-09-02 18:48:03
120.33.237.36

/index.php
/controller/static load fail.
2017-09-02 18:48:04
120.33.237.36

/index.php
/controller/static load fail.
2017-09-02 18:48:07
120.33.237.36

/index.php
/controller/static load fail.
2017-09-02 18:48:08
120.33.237.36

/index.php
/controller/demo load fail.
2017-09-02 18:49:01
117.173.171.74

/index.php
/controller/demo load fail.
2017-09-02 18:49:03
117.173.171.74

/index.php
/controller/demo load fail.
2017-09-02 18:49:03
117.173.171.74

/index.php
/controller/demo load fail.
2017-09-02 18:49:04
117.173.171.74

/index.php
/controller/demo load fail.
2017-09-02 18:49:04
117.173.171.74

/index.php
/controller/demo load fail.
2017-09-02 18:49:04
117.173.171.74

/index.php
/controller/demo load fail.
2017-09-02 18:49:10
117.173.171.74

/index.php
/controller/demo load fail.
2017-09-02 18:49:10
117.173.171.74

/index.php
/controller/static load fail.
2017-09-02 18:49:55
117.173.171.74

/index.php
/controller/static load fail.
2017-09-02 18:49:56
117.173.171.74

/index.php
/controller/script load fail.
2017-09-02 18:50:11
117.173.171.74

/index.php
/controller/static load fail.
2017-09-02 18:51:39
120.33.237.36

/index.php
/controller/static load fail.
2017-09-02 18:51:44
120.33.237.36

/index.php
/controller/static load fail.
2017-09-02 18:51:46
120.33.237.36

/index.php
/controller/static load fail.
2017-09-02 18:51:46
120.33.237.36

/index.php
/controller/static load fail.
2017-09-02 18:51:47
120.33.237.36

/index.php
/controller/static load fail.
2017-09-02 18:51:48
120.33.237.36

/index.php
/controller/static load fail.
2017-09-02 18:51:48
120.33.237.36

/index.php
/controller/static load fail.
2017-09-02 18:51:49
120.33.237.36

/index.php
/controller/static load fail.
2017-09-02 18:51:50
120.33.237.36

/index.php
/controller/app load fail.
2017-09-02 18:54:38
36.62.40.227

/index.php
/controller/static load fail.
2017-09-02 18:55:42
120.33.237.36

/index.php
/controller/static load fail.
2017-09-02 18:55:44
120.33.237.36

/index.php
/controller/static load fail.
2017-09-02 18:55:45
120.33.237.36

/index.php
/controller/static load fail.
2017-09-02 18:55:47
120.33.237.36

/index.php
/controller/static load fail.
2017-09-02 18:56:05
120.33.237.36

/index.php
/controller/static load fail.
2017-09-02 18:56:06
120.33.237.36

/index.php
/controller/static load fail.
2017-09-02 18:56:07
120.33.237.36

/index.php
/controller/static load fail.
2017-09-02 18:56:08
120.33.237.36

/index.php
/controller/static load fail.
2017-09-02 18:56:12
120.33.237.36

/index.php
/controller/static load fail.
2017-09-02 18:56:18
120.33.237.36

/index.php
/controller/static load fail.
2017-09-02 18:56:19
120.33.237.36

/index.php
/controller/static load fail.
2017-09-02 18:56:19
120.33.237.36

/index.php
/controller/static load fail.
2017-09-02 18:56:20
120.33.237.36

/index.php
/controller/static load fail.
2017-09-02 18:56:20
120.33.237.36

/index.php
/controller/static load fail.
2017-09-02 18:56:21
120.33.237.36

/index.php
/controller/static load fail.
2017-09-02 18:56:21
120.33.237.36

/index.php
/controller/static load fail.
2017-09-02 18:56:22
120.33.237.36

/index.php
/controller/static load fail.
2017-09-02 18:56:22
120.33.237.36

/index.php
/controller/static load fail.
2017-09-02 18:56:23
120.33.237.36

/index.php
/controller/static load fail.
2017-09-02 18:56:23
120.33.237.36

/index.php
/controller/static load fail.
2017-09-02 18:57:12
120.33.237.36

/index.php
/controller/static load fail.
2017-09-02 18:57:13
120.33.237.36

/index.php
/controller/demo load fail.
2017-09-02 19:00:53
183.209.251.185

/index.php
/controller/demo load fail.
2017-09-02 19:01:25
183.209.251.185

/index.php
/controller/demo load fail.
2017-09-02 19:02:23
183.209.251.185

/index.php
/controller/demo load fail.
2017-09-02 19:02:26
182.130.252.195

/index.php
/controller/demo load fail.
2017-09-02 19:03:03
182.130.252.195

/index.php
/controller/script load fail.
2017-09-02 19:07:49
183.209.251.185

/index.php
/controller/js load fail.
2017-09-02 19:07:50
183.209.251.185

/index.php
/controller/script load fail.
2017-09-02 19:07:50
183.209.251.185

/index.php
/controller/css load fail.
2017-09-02 19:07:50
183.209.251.185

/index.php
/controller/css load fail.
2017-09-02 19:07:51
183.209.251.185

/index.php
/controller/static load fail.
2017-09-02 19:08:05
120.33.237.36

/index.php
/controller/static load fail.
2017-09-02 19:08:07
120.33.237.36

/index.php
/controller/static load fail.
2017-09-02 19:08:08
120.33.237.36

/index.php
/controller/static load fail.
2017-09-02 19:08:08
120.33.237.36

/index.php
/controller/static load fail.
2017-09-02 19:08:09
120.33.237.36

/index.php
/controller/script load fail.
2017-09-02 19:08:09
101.226.102.60

/index.php
/controller/static load fail.
2017-09-02 19:08:11
120.33.237.36

/index.php
/controller/css load fail.
2017-09-02 19:08:14
182.35.98.32

/index.php
/controller/css load fail.
2017-09-02 19:08:14
182.35.98.32

/index.php
/controller/js load fail.
2017-09-02 19:08:17
101.226.102.60

/index.php
/controller/v load fail.
2017-09-02 19:12:41
42.88.193.250

/index.php
/controller/v load fail.
2017-09-02 19:12:48
117.185.27.115

/index.php
/controller/script load fail.
2017-09-02 19:15:21
117.173.171.74

/index.php
/controller/static load fail.
2017-09-02 19:15:48
117.173.171.74

/index.php
/controller/static load fail.
2017-09-02 19:16:13
117.173.171.74

/index.php
/controller/static load fail.
2017-09-02 19:16:14
117.173.171.74

/index.php
/controller/static load fail.
2017-09-02 19:16:14
117.173.171.74

/index.php
/controller/static load fail.
2017-09-02 19:16:14
117.173.171.74

/index.php
/controller/static load fail.
2017-09-02 19:16:15
117.173.171.74

/index.php
/controller/static load fail.
2017-09-02 19:16:16
117.173.171.74

/index.php
/controller/static load fail.
2017-09-02 19:16:17
117.173.171.74

/index.php
/controller/static load fail.
2017-09-02 19:16:17
117.173.171.74

/index.php
/controller/static load fail.
2017-09-02 19:16:18
117.173.171.74

/index.php
/controller/static load fail.
2017-09-02 19:16:33
117.173.171.74

/index.php
/controller/static load fail.
2017-09-02 19:16:34
117.173.171.74

/index.php
/controller/static load fail.
2017-09-02 19:16:35
117.173.171.74

/index.php
/controller/static load fail.
2017-09-02 19:16:38
117.173.171.74

/index.php
/controller/static load fail.
2017-09-02 19:16:43
117.173.171.74

/index.php
/controller/static load fail.
2017-09-02 19:16:44
117.173.171.74

/index.php
/controller/static load fail.
2017-09-02 19:19:21
117.173.171.74

/index.php
/controller/static load fail.
2017-09-02 19:19:25
117.173.171.74

/index.php
/controller/static load fail.
2017-09-02 19:19:26
117.173.171.74

/index.php
/controller/static load fail.
2017-09-02 19:19:28
117.173.171.74

/index.php
/controller/static load fail.
2017-09-02 19:19:37
117.173.171.74

/index.php
/controller/static load fail.
2017-09-02 19:19:38
117.173.171.74

/index.php
/controller/static load fail.
2017-09-02 19:19:41
117.173.171.74

/index.php
/controller/static load fail.
2017-09-02 19:19:43
117.173.171.74

/index.php
/controller/static load fail.
2017-09-02 19:19:49
117.173.171.74

/index.php
/controller/static load fail.
2017-09-02 19:19:51
117.173.171.74

/index.php
/controller/static load fail.
2017-09-02 19:19:52
117.173.171.74

/index.php
/controller/static load fail.
2017-09-02 19:19:52
117.173.171.74

/index.php
/controller/static load fail.
2017-09-02 19:19:55
117.173.171.74

/index.php
/controller/static load fail.
2017-09-02 19:19:57
117.173.171.74

/index.php
/controller/static load fail.
2017-09-02 19:25:24
120.33.237.36

/index.php
/controller/static load fail.
2017-09-02 19:25:24
120.33.237.36

/index.php
/controller/static load fail.
2017-09-02 19:25:26
120.33.237.36

/index.php
/controller/static load fail.
2017-09-02 19:25:27
120.33.237.36

/index.php
/controller/static load fail.
2017-09-02 19:25:28
120.33.237.36

/index.php
/controller/static load fail.
2017-09-02 19:25:28
120.33.237.36

/index.php
/controller/static load fail.
2017-09-02 19:25:29
120.33.237.36

/index.php
/controller/script load fail.
2017-09-02 19:25:34
120.33.237.36

/index.php
/controller/demo load fail.
2017-09-02 19:25:39
120.33.237.36

/index.php
/controller/pa_zfb load fail.
2017-09-02 19:26:52
120.33.237.36

/index.php
/controller/pa_zfb load fail.
2017-09-02 19:26:56
120.33.237.36

/index.php
/controller/static load fail.
2017-09-02 19:27:24
120.33.237.36

/index.php
/controller/static load fail.
2017-09-02 19:34:22
117.173.171.74

/index.php
/controller/static load fail.
2017-09-02 19:35:03
117.173.171.74

/index.php
/controller/static load fail.
2017-09-02 19:35:04
117.173.171.74

/index.php
/controller/static load fail.
2017-09-02 19:35:05
117.173.171.74

/index.php
/controller/static load fail.
2017-09-02 19:35:05
117.173.171.74

/index.php
/controller/static load fail.
2017-09-02 19:35:06
117.173.171.74

/index.php
/controller/static load fail.
2017-09-02 19:35:07
117.173.171.74

/index.php
/controller/static load fail.
2017-09-02 19:35:07
117.173.171.74

/index.php
/controller/static load fail.
2017-09-02 19:35:08
117.173.171.74

/index.php
/controller/static load fail.
2017-09-02 19:35:10
117.173.171.74

/index.php
/controller/static load fail.
2017-09-02 19:35:10
117.173.171.74

/index.php
/controller/static load fail.
2017-09-02 19:35:12
117.173.171.74

/index.php
/controller/static load fail.
2017-09-02 19:35:12
117.173.171.74

/index.php
/controller/static load fail.
2017-09-02 19:35:25
117.173.171.74

/index.php
/controller/static load fail.
2017-09-02 19:35:27
117.173.171.74

/index.php
/controller/static load fail.
2017-09-02 19:35:27
117.173.171.74

/index.php
/controller/static load fail.
2017-09-02 19:35:28
117.173.171.74

/index.php
/controller/static load fail.
2017-09-02 19:44:06
117.173.171.74

/index.php
/controller/static load fail.
2017-09-02 19:44:06
117.173.171.74

/index.php
/controller/static load fail.
2017-09-02 19:44:06
117.173.171.74

/index.php
/controller/static load fail.
2017-09-02 19:47:00
117.173.171.74

/index.php
/controller/static load fail.
2017-09-02 19:47:01
117.173.171.74

/index.php
/controller/static load fail.
2017-09-02 19:47:01
117.173.171.74

/index.php
/controller/l load fail.
2017-09-02 19:59:44
221.12.67.10

/index.php
/controller/js load fail.
2017-09-02 20:00:10
66.249.75.16

/index.php
/controller/script load fail.
2017-09-02 20:12:32
140.206.161.160

/index.php
/controller/script load fail.
2017-09-02 20:12:33
140.206.161.160

/index.php
/controller/script load fail.
2017-09-02 20:12:33
140.206.161.160

/index.php
/controller/script load fail.
2017-09-02 20:12:34
140.206.161.160

/index.php
/controller/css load fail.
2017-09-02 20:12:37
140.206.161.160

/index.php
/controller/s load fail.
2017-09-02 20:18:20
95.108.181.84

/index.php
/controller/script load fail.
2017-09-02 21:28:52
117.173.171.74

/index.php
/controller/script load fail.
2017-09-02 21:33:00
117.173.171.74

/index.php
/controller/script load fail.
2017-09-02 21:33:01
117.173.171.74

/index.php
/controller/script load fail.
2017-09-02 21:34:48
117.173.171.74

/index.php
/controller/script load fail.
2017-09-02 21:35:51
117.173.171.74

/index.php
/controller/script load fail.
2017-09-02 21:35:52
117.173.171.74

/index.php
/controller/static load fail.
2017-09-02 21:38:28
117.173.171.74

/index.php
/controller/static load fail.
2017-09-02 21:38:28
117.173.171.74

/index.php
/controller/static load fail.
2017-09-02 21:38:29
117.173.171.74

/index.php
/controller/static load fail.
2017-09-02 21:38:29
117.173.171.74

/index.php
/controller/static load fail.
2017-09-02 21:38:30
117.173.171.74

/index.php
/controller/script load fail.
2017-09-02 21:39:09
117.173.171.74

/index.php
/controller/static load fail.
2017-09-02 21:40:18
117.173.171.74

/index.php
/controller/static load fail.
2017-09-02 21:40:18
117.173.171.74

/index.php
/controller/app load fail.
2017-09-02 21:59:48
168.235.205.122

/index.php
/controller/demo load fail.
2017-09-02 22:01:11
117.173.171.74

/index.php
/controller/demo load fail.
2017-09-02 22:05:34
117.173.171.74

/index.php
/controller/demo load fail.
2017-09-02 22:05:35
117.173.171.74

/index.php
/controller/demo load fail.
2017-09-02 22:05:35
117.173.171.74

/index.php
/controller/demo load fail.
2017-09-02 22:05:35
117.173.171.74

/index.php
/controller/demo load fail.
2017-09-02 22:08:53
117.173.171.74

/index.php
/controller/script load fail.
2017-09-02 22:10:46
211.161.248.249

/index.php
/controller/script load fail.
2017-09-02 22:10:55
211.161.248.249

/index.php
/controller/js load fail.
2017-09-02 22:10:55
211.161.248.249

/index.php
/controller/css load fail.
2017-09-02 22:10:55
211.161.248.249

/index.php
/controller/css load fail.
2017-09-02 22:10:55
211.161.248.249

/index.php
/controller/css load fail.
2017-09-02 22:11:02
211.161.248.249

/index.php
/controller/css load fail.
2017-09-02 22:11:02
211.161.248.249

/index.php
/controller/css load fail.
2017-09-02 22:11:04
211.161.248.249

/index.php
/controller/css load fail.
2017-09-02 22:11:07
211.161.248.249

/index.php
/controller/script load fail.
2017-09-02 22:11:07
211.161.248.249

/index.php
/controller/js load fail.
2017-09-02 22:11:08
211.161.248.249

/index.php
/controller/css load fail.
2017-09-02 22:11:08
211.161.248.249

/index.php
/controller/css load fail.
2017-09-02 22:11:08
211.161.248.249

/index.php
/controller/script load fail.
2017-09-02 22:11:38
211.161.248.249

/index.php
/controller/js load fail.
2017-09-02 22:11:38
211.161.248.249

/index.php
/controller/css load fail.
2017-09-02 22:11:38
211.161.248.249

/index.php
/controller/css load fail.
2017-09-02 22:11:39
211.161.248.249

/index.php
/controller/script load fail.
2017-09-02 22:11:40
211.161.248.249

/index.php
/controller/js load fail.
2017-09-02 22:11:40
211.161.248.249

/index.php
/controller/css load fail.
2017-09-02 22:11:41
211.161.248.249

/index.php
/controller/css load fail.
2017-09-02 22:11:41
211.161.248.249

/index.php
/controller/script load fail.
2017-09-02 23:49:23
117.173.171.74

/index.php
/controller/script load fail.
2017-09-02 23:49:31
175.42.86.212

/index.php
/controller/demo load fail.
2017-09-02 23:49:34
175.42.86.212

/index.php
/controller/static load fail.
2017-09-02 23:49:38
175.42.86.212

/index.php
/controller/script load fail.
2017-09-02 23:59:58
66.249.75.30

