/index.php
/controller/l load fail.
2017-09-25 00:31:10
106.11.154.164

/index.php
/controller/english load fail.
2017-09-25 00:31:14
183.184.29.180

/index.php
/controller/s load fail.
2017-09-25 00:45:54
61.160.207.19

/index.php
/controller/script load fail.
2017-09-25 04:47:44
101.38.45.194

/index.php
/controller/supportbox load fail.
2017-09-25 04:47:44
101.38.45.194

/index.php
/controller/script load fail.
2017-09-25 08:31:11
207.46.13.72

/index.php
/controller/css load fail.
2017-09-25 09:32:27
157.55.39.213

/index.php
/controller/script load fail.
2017-09-25 10:29:01
220.181.132.180

/index.php
/controller/supportbox load fail.
2017-09-25 10:29:02
220.181.132.180

/index.php
/controller/script load fail.
2017-09-25 10:29:06
106.120.162.98

/index.php
/controller/supportbox load fail.
2017-09-25 10:29:07
106.120.162.98

/index.php
/controller/phpmyadmin load fail.
2017-09-25 10:42:24
140.205.201.40

/index.php
/controller/phpmyadmin load fail.
2017-09-25 10:42:25
140.205.201.40

/index.php
/controller/phpmyadmin load fail.
2017-09-25 10:42:26
140.205.201.40

/index.php
/controller/phpmyadmin load fail.
2017-09-25 10:42:26
140.205.201.40

/index.php
/controller/phpmyadmin load fail.
2017-09-25 10:42:27
140.205.201.40

/index.php
/controller/phpmyadmin load fail.
2017-09-25 10:42:28
140.205.201.40

/index.php
/controller/phpmyadmin load fail.
2017-09-25 10:42:29
140.205.201.40

/index.php
/controller/phpmyadmin load fail.
2017-09-25 10:42:29
140.205.201.40

/index.php
/controller/phpmyadmin load fail.
2017-09-25 10:42:30
140.205.201.40

/index.php
/controller/phpmyadmin load fail.
2017-09-25 10:42:30
140.205.201.40

/index.php
/controller/phpmyadmin load fail.
2017-09-25 10:42:31
140.205.201.40

/index.php
/controller/phpmyadmin load fail.
2017-09-25 10:42:32
140.205.201.40

/index.php
/controller/phpmyadmin load fail.
2017-09-25 10:42:33
140.205.201.40

/index.php
/controller/phpmyadmin load fail.
2017-09-25 10:42:33
140.205.201.40

/index.php
/controller/phpmyadmin load fail.
2017-09-25 10:42:34
140.205.201.40

/index.php
/controller/phpmyadmin load fail.
2017-09-25 10:42:34
140.205.201.40

/index.php
/controller/phpmyadmin load fail.
2017-09-25 10:42:35
140.205.201.40

/index.php
/controller/phpmyadmin load fail.
2017-09-25 10:42:36
140.205.201.40

/index.php
/controller/phpmyadmin load fail.
2017-09-25 10:42:37
140.205.201.40

/index.php
/controller/phpmyadmin load fail.
2017-09-25 10:42:37
140.205.201.40

/index.php
/controller/script load fail.
2017-09-25 10:55:10
::1

/index.php
/controller/css load fail.
2017-09-25 10:55:10
::1

/index.php
/controller/supportbox load fail.
2017-09-25 10:55:14
::1

/index.php
/controller/showcase load fail.
2017-09-25 10:56:49
140.205.201.40

/index.php
/controller/integration load fail.
2017-09-25 10:56:49
140.205.201.40

/index.php
/controller/supportbox load fail.
2017-09-25 11:26:11
203.208.60.241

/index.php
/controller/ganglia load fail.
2017-09-25 11:28:41
140.205.201.40

/index.php
/controller/statics load fail.
2017-09-25 11:46:22
203.208.60.244

.40

/index.php
/controller/hwi load fail.
2017-09-25 12:26:33
140.205.201.40

/index.php
/controller/info load fail.
2017-09-25 12:58:28
140.205.201.40

/index.php
/controller/jenkins load fail.
2017-09-25 13:19:48
140.205.201.40

/index.php
/controller/zabbix load fail.
2017-09-25 13:20:49
140.205.201.40

/index.php
/controller/solr load fail.
2017-09-25 13:21:18
140.205.201.40

/index.php
/controller/warning load fail.
2017-09-25 13:26:39
140.205.201.40

/index.php
/controller/pleasereadthis load fail.
2017-09-25 13:28:39
140.205.201.40

/index.php
/controller/please_read load fail.
2017-09-25 13:29:31
140.205.201.40

/index.php
/controller/hadoop load fail.
2017-09-25 13:40:57
140.205.201.40

/index.php
/controller/phpmyadmin load fail.
2017-09-25 14:13:43
140.205.201.32

/index.php
/controller/phpmyadmin load fail.
2017-09-25 14:13:43
140.205.201.32

/index.php
/controller/phpmyadmin load fail.
2017-09-25 14:13:45
140.205.201.32

/index.php
/controller/phpmyadmin load fail.
2017-09-25 14:13:45
140.205.201.32

/index.php
/controller/phpmyadmin load fail.
2017-09-25 14:13:46
140.205.201.32

/index.php
/controller/phpmyadmin load fail.
2017-09-25 14:13:46
140.205.201.32

/index.php
/controller/phpmyadmin load fail.
2017-09-25 14:13:47
140.205.201.32

/index.php
/controller/phpmyadmin load fail.
2017-09-25 14:13:47
140.205.201.32

/index.php
/controller/phpmyadmin load fail.
2017-09-25 14:13:49
140.205.201.32

/index.php
/controller/phpmyadmin load fail.
2017-09-25 14:13:49
140.205.201.32

/index.php
/controller/phpmyadmin load fail.
2017-09-25 14:13:50
140.205.201.32

/index.php
/controller/phpmyadmin load fail.
2017-09-25 14:13:50
140.205.201.32

/index.php
/controller/phpmyadmin load fail.
2017-09-25 14:13:51
140.205.201.32

/index.php
/controller/phpmyadmin load fail.
2017-09-25 14:13:52
140.205.201.32

/index.php
/controller/phpmyadmin load fail.
2017-09-25 14:13:53
140.205.201.32

/index.php
/controller/phpmyadmin load fail.
2017-09-25 14:13:53
140.205.201.32

/index.php
/controller/phpmyadmin load fail.
2017-09-25 14:13:54
140.205.201.32

/index.php
/controller/phpmyadmin load fail.
2017-09-25 14:13:54
140.205.201.32

/index.php
/controller/phpmyadmin load fail.
2017-09-25 14:13:55
140.205.201.32

/index.php
/controller/phpmyadmin load fail.
2017-09-25 14:13:56
140.205.201.32

/index.php
/controller/showcase load fail.
2017-09-25 14:21:45
140.205.201.32

/index.php
/controller/integration load fail.
2017-09-25 14:21:46
140.205.201.32

/index.php
/controller/ganglia load fail.
2017-09-25 14:43:03
140.205.201.32

/index.php
/controller/script load fail.
2017-09-25 14:51:41
111.23.106.181

/index.php
/controller/css load fail.
2017-09-25 14:51:41
111.23.106.181

/index.php
/controller/supportbox load fail.
2017-09-25 14:51:43
111.23.117.206

/index.php
/controller/gwbmsyijcelt load fail.
2017-09-25 14:53:56
140.205.201.32

/index.php
/controller/script load fail.
2017-09-25 14:59:44
180.127.190.26

/index.php
/controller/supportbox load fail.
2017-09-25 14:59:46
180.127.190.26

/index.php
/controller/demo load fail.
2017-09-25 15:00:10
180.127.190.26

/index.php
/controller/hwi load fail.
2017-09-25 15:12:27
140.205.201.32

/index.php
/controller/info load fail.
2017-09-25 15:51:47
140.205.201.32

/index.php
/controller/static load fail.
2017-09-25 16:45:20
220.181.108.170

/index.php
/controller/phpmyadmin load fail.
2017-09-25 16:51:39
140.205.201.40

/index.php
/controller/phpmyadmin load fail.
2017-09-25 16:51:39
140.205.201.40

/index.php
/controller/phpmyadmin load fail.
2017-09-25 16:51:40
140.205.201.40

/index.php
/controller/phpmyadmin load fail.
2017-09-25 16:51:40
140.205.201.40

/index.php
/controller/phpmyadmin load fail.
2017-09-25 16:51:41
140.205.201.40

/index.php
/controller/phpmyadmin load fail.
2017-09-25 16:51:42
140.205.201.40

/index.php
/controller/phpmyadmin load fail.
2017-09-25 16:51:43
140.205.201.40

/index.php
/controller/phpmyadmin load fail.
2017-09-25 16:51:43
140.205.201.40

/index.php
/controller/phpmyadmin load fail.
2017-09-25 16:51:44
140.205.201.40

/index.php
/controller/phpmyadmin load fail.
2017-09-25 16:51:44
140.205.201.40

/index.php
/controller/phpmyadmin load fail.
2017-09-25 16:51:45
140.205.201.40

/index.php
/controller/phpmyadmin load fail.
2017-09-25 16:51:46
140.205.201.40

/index.php
/controller/phpmyadmin load fail.
2017-09-25 16:51:47
140.205.201.40

/index.php
/controller/phpmyadmin load fail.
2017-09-25 16:51:47
140.205.201.40

/index.php
/controller/phpmyadmin load fail.
2017-09-25 16:51:48
140.205.201.40

/index.php
/controller/phpmyadmin load fail.
2017-09-25 16:51:48
140.205.201.40

/index.php
/controller/phpmyadmin load fail.
2017-09-25 16:51:49
140.205.201.40

/index.php
/controller/phpmyadmin load fail.
2017-09-25 16:51:50
140.205.201.40

/index.php
/controller/phpmyadmin load fail.
2017-09-25 16:51:51
140.205.201.40

/index.php
/controller/phpmyadmin load fail.
2017-09-25 16:51:51
140.205.201.40

/index.php
/controller/phpmyadmin load fail.
2017-09-25 16:54:25
191.96.249.136

/index.php
/controller/showcase load fail.
2017-09-25 16:58:44
140.205.201.40

/index.php
/controller/integration load fail.
2017-09-25 16:58:44
140.205.201.40

/index.php
/controller/ganglia load fail.
2017-09-25 17:05:19
140.205.201.40

/index.php
/controller/script load fail.
2017-09-25 17:14:49
123.126.68.117

/index.php
/controller/css load fail.
2017-09-25 17:14:50
123.126.68.117

/index.php
/controller/supportbox load fail.
2017-09-25 17:14:51
123.126.68.117

/index.php
/controller/chxyfniqktle load fail.
2017-09-25 17:17:07
140.205.201.40

/index.php
/controller/hwi load fail.
2017-09-25 17:25:55
140.205.201.40

/index.php
/controller/info load fail.
2017-09-25 17:30:31
140.205.201.40

/index.php
/controller/jenkins load fail.
2017-09-25 17:30:55
140.205.201.40

/index.php
/controller/zabbix load fail.
2017-09-25 17:31:03
140.205.201.40

/index.php
/controller/solr load fail.
2017-09-25 17:31:03
140.205.201.40

/index.php
/controller/warning load fail.
2017-09-25 17:31:11
140.205.201.40

/index.php
/controller/pleasereadthis load fail.
2017-09-25 17:31:15
140.205.201.40

/index.php
/controller/please_read load fail.
2017-09-25 17:31:18
140.205.201.40

/index.php
/controller/hadoop load fail.
2017-09-25 17:31:22
140.205.201.40

/index.php
/controller/l load fail.
2017-09-25 17:42:14
106.11.154.164

/index.php
/controller/l load fail.
2017-09-25 17:42:17
106.11.155.168

/index.php
/controller/l load fail.
2017-09-25 17:42:17
106.11.153.189

/index.php
/controller/phpmyadmin load fail.
2017-09-25 18:20:04
140.205.225.200

/index.php
/controller/phpmyadmin load fail.
2017-09-25 18:20:05
140.205.225.200

/index.php
/controller/phpmyadmin load fail.
2017-09-25 18:20:05
140.205.225.200

/index.php
/controller/phpmyadmin load fail.
2017-09-25 18:20:06
140.205.225.200

/index.php
/controller/phpmyadmin load fail.
2017-09-25 18:20:06
140.205.225.200

/index.php
/controller/phpmyadmin load fail.
2017-09-25 18:20:06
140.205.225.200

/index.php
/controller/phpmyadmin load fail.
2017-09-25 18:20:06
140.205.225.200

/index.php
/controller/phpmyadmin load fail.
2017-09-25 18:20:07
140.205.225.200

/index.php
/controller/phpmyadmin load fail.
2017-09-25 18:20:07
140.205.225.200

/index.php
/controller/phpmyadmin load fail.
2017-09-25 18:20:07
140.205.225.200

/index.php
/controller/phpmyadmin load fail.
2017-09-25 18:20:07
140.205.225.200

/index.php
/controller/phpmyadmin load fail.
2017-09-25 18:20:07
140.205.225.200

/index.php
/controller/phpmyadmin load fail.
2017-09-25 18:20:08
140.205.225.200

/index.php
/controller/phpmyadmin load fail.
2017-09-25 18:20:08
140.205.225.200

/index.php
/controller/phpmyadmin load fail.
2017-09-25 18:20:08
140.205.225.200

/index.php
/controller/phpmyadmin load fail.
2017-09-25 18:20:08
140.205.225.200

/index.php
/controller/phpmyadmin load fail.
2017-09-25 18:20:08
140.205.225.200

/index.php
/controller/phpmyadmin load fail.
2017-09-25 18:20:09
140.205.225.200

/index.php
/controller/phpmyadmin load fail.
2017-09-25 18:20:09
140.205.225.200

/index.php
/controller/phpmyadmin load fail.
2017-09-25 18:20:09
140.205.225.200

/index.php
/controller/phpmyadmin load fail.
2017-09-25 18:20:09
140.205.225.200

/index.php
/controller/phpmyadmin load fail.
2017-09-25 18:20:10
140.205.225.200

/index.php
/controller/phpmyadmin load fail.
2017-09-25 18:20:10
140.205.225.200

/index.php
/controller/phpmyadmin load fail.
2017-09-25 18:20:10
140.205.225.200

/index.php
/controller/phpmyadmin load fail.
2017-09-25 18:20:10
140.205.225.200

/index.php
/controller/phpmyadmin load fail.
2017-09-25 18:20:11
140.205.225.200

/index.php
/controller/phpmyadmin load fail.
2017-09-25 18:20:11
140.205.225.200

/index.php
/controller/phpmyadmin load fail.
2017-09-25 18:20:11
140.205.225.200

/index.php
/controller/phpmyadmin load fail.
2017-09-25 18:20:11
140.205.225.200

/index.php
/controller/phpmyadmin load fail.
2017-09-25 18:20:11
140.205.225.200

/index.php
/controller/phpmyadmin load fail.
2017-09-25 18:20:12
140.205.225.200

/index.php
/controller/phpmyadmin load fail.
2017-09-25 18:20:12
140.205.225.200

/index.php
/controller/phpmyadmin load fail.
2017-09-25 18:20:12
140.205.225.200

/index.php
/controller/phpmyadmin load fail.
2017-09-25 18:20:12
140.205.225.200

/index.php
/controller/phpmyadmin load fail.
2017-09-25 18:20:12
140.205.225.200

/index.php
/controller/phpmyadmin load fail.
2017-09-25 18:20:13
140.205.225.200

/index.php
/controller/phpmyadmin load fail.
2017-09-25 18:20:13
140.205.225.200

/index.php
/controller/phpmyadmin load fail.
2017-09-25 18:20:13
140.205.225.200

/index.php
/controller/phpmyadmin load fail.
2017-09-25 18:20:13
140.205.225.200

/index.php
/controller/phpmyadmin load fail.
2017-09-25 18:20:14
140.205.225.200

/index.php
/controller/phpmyadmin load fail.
2017-09-25 18:20:14
140.205.225.200

/index.php
/controller/phpmyadmin load fail.
2017-09-25 18:20:14
140.205.225.200

/index.php
/controller/phpmyadmin load fail.
2017-09-25 18:20:15
140.205.225.200

/index.php
/controller/phpmyadmin load fail.
2017-09-25 18:20:15
140.205.225.200

/index.php
/controller/phpmyadmin load fail.
2017-09-25 18:20:15
140.205.225.200

/index.php
/controller/phpmyadmin load fail.
2017-09-25 18:20:15
140.205.225.200

/index.php
/controller/phpmyadmin load fail.
2017-09-25 18:20:15
140.205.225.200

/index.php
/controller/phpmyadmin load fail.
2017-09-25 18:20:16
140.205.225.200

/index.php
/controller/phpmyadmin load fail.
2017-09-25 18:20:16
140.205.225.200

/index.php
/controller/phpmyadmin load fail.
2017-09-25 18:20:16
140.205.225.200

/index.php
/controller/phpmyadmin load fail.
2017-09-25 18:20:17
140.205.225.200

/index.php
/controller/phpmyadmin load fail.
2017-09-25 18:20:17
140.205.225.200

/index.php
/controller/phpmyadmin load fail.
2017-09-25 18:20:17
140.205.225.200

/index.php
/controller/phpmyadmin load fail.
2017-09-25 18:20:17
140.205.225.200

/index.php
/controller/phpmyadmin load fail.
2017-09-25 18:20:17
140.205.225.200

/index.php
/controller/phpmyadmin load fail.
2017-09-25 18:20:18
140.205.225.200

/index.php
/controller/phpmyadmin load fail.
2017-09-25 18:20:18
140.205.225.200

/index.php
/controller/phpmyadmin load fail.
2017-09-25 18:20:18
140.205.225.200

/index.php
/controller/phpmyadmin load fail.
2017-09-25 18:20:20
140.205.225.200

/index.php
/controller/phpmyadmin load fail.
2017-09-25 18:20:20
140.205.225.200

/index.php
/controller/hwi load fail.
2017-09-25 18:20:23
140.205.225.200

/index.php
/controller/hwi load fail.
2017-09-25 18:20:33
140.205.225.200

/index.php
/controller/install load fail.
2017-09-25 18:20:52
140.205.225.200

/index.php
/controller/uddiexplorer load fail.
2017-09-25 18:20:56
140.205.225.200

/index.php
/controller/ganglia load fail.
2017-09-25 18:21:03
140.205.225.200

/index.php
/controller/hwi load fail.
2017-09-25 18:21:08
140.205.225.200

/index.php
/controller/plugins load fail.
2017-09-25 18:21:09
140.205.225.200

/index.php
/controller/install load fail.
2017-09-25 18:21:12
140.205.225.200

/index.php
/controller/hadoop load fail.
2017-09-25 18:21:27
140.205.225.200

/index.php
/controller/uddiexplorer load fail.
2017-09-25 18:21:36
140.205.225.200

/index.php
/controller/ftxdphuzbacr load fail.
2017-09-25 18:21:38
140.205.225.200

/index.php
/controller/htasbyxkvdqj load fail.
2017-09-25 18:21:38
140.205.225.200

/index.php
/controller/bvxtgeazjyoh load fail.
2017-09-25 18:21:39
140.205.225.200

/index.php
/controller/script load fail.
2017-09-25 18:21:40
140.205.201.21

/index.php
/controller/supportbox load fail.
2017-09-25 18:21:40
140.205.201.21

/index.php
/controller/ganglia load fail.
2017-09-25 18:22:11
140.205.225.200

/index.php
/controller/plugins load fail.
2017-09-25 18:22:21
140.205.225.200

/index.php
/controller/install load fail.
2017-09-25 18:22:26
140.205.225.200

/index.php
/controller/hadoop load fail.
2017-09-25 18:22:35
140.205.225.200

/index.php
/controller/script load fail.
2017-09-25 18:22:40
140.205.201.11

/index.php
/controller/supportbox load fail.
2017-09-25 18:22:41
140.205.201.11

/index.php
/controller/uddiexplorer load fail.
2017-09-25 18:23:04
140.205.225.200

/index.php
/controller/ganglia load fail.
2017-09-25 18:23:08
140.205.225.200

/index.php
/controller/plugins load fail.
2017-09-25 18:23:13
140.205.225.200

/index.php
/controller/hadoop load fail.
2017-09-25 18:23:26
140.205.225.200

/index.php
/controller/script load fail.
2017-09-25 18:23:28
140.205.201.21

/index.php
/controller/supportbox load fail.
2017-09-25 18:23:28
140.205.201.21

/index.php
/controller/l load fail.
2017-09-25 18:50:41
42.236.99.86

/index.php
/controller/cache load fail.
2017-09-25 20:48:58
80.82.78.38

/index.php
/controller/l load fail.
2017-09-25 23:13:42
46.229.168.73

