/index.php
/controller/script load fail.
2017-09-21 00:10:21
116.25.93.53

/index.php
/controller/supportbox load fail.
2017-09-21 00:10:23
116.25.93.53

/index.php
/controller/script load fail.
2017-09-21 00:11:45
183.61.51.179

/index.php
/controller/login1002 load fail.
2017-09-21 00:11:47
223.104.94.46

/index.php
/controller/login1002 load fail.
2017-09-21 00:11:48
223.104.94.46

/index.php
/controller/login1002 load fail.
2017-09-21 00:11:48
223.104.94.46

/index.php
/controller/login1002 load fail.
2017-09-21 00:11:49
223.104.94.46

/index.php
/controller/pleasereadthis load fail.
2017-09-21 00:12:45
140.205.201.43

/index.php
/controller/script load fail.
2017-09-21 00:13:04
222.240.235.210

/index.php
/controller/supportbox load fail.
2017-09-21 00:13:05
222.240.235.210

/index.php
/controller/script load fail.
2017-09-21 00:13:29
183.61.51.190

/index.php
/controller/1003 load fail.
2017-09-21 00:13:31
223.104.94.46

/index.php
/controller/login1003 load fail.
2017-09-21 00:13:36
223.104.94.46

/index.php
/controller/login1003 load fail.
2017-09-21 00:13:38
223.104.94.46

/index.php
/controller/login1003 load fail.
2017-09-21 00:13:40
223.104.94.46

/index.php
/controller/login1003 load fail.
2017-09-21 00:13:40
223.104.94.46

/index.php
/controller/login1003 load fail.
2017-09-21 00:13:40
223.104.94.46

/index.php
/controller/script load fail.
2017-09-21 00:13:42
116.25.93.53

/index.php
/controller/supportbox load fail.
2017-09-21 00:13:42
116.25.93.53

/index.php
/controller/login1003 load fail.
2017-09-21 00:14:36
223.104.94.46

/index.php
/controller/login1003 load fail.
2017-09-21 00:14:38
223.104.94.46

/index.php
/controller/script load fail.
2017-09-21 00:15:14
116.25.93.53

/index.php
/controller/supportbox load fail.
2017-09-21 00:15:14
116.25.93.53

/index.php
/controller/register1003 load fail.
2017-09-21 00:15:28
223.104.94.46

/index.php
/controller/register1003 load fail.
2017-09-21 00:15:28
223.104.94.46

/index.php
/controller/register1003 load fail.
2017-09-21 00:15:28
223.104.94.46

/index.php
/controller/script load fail.
2017-09-21 00:15:28
116.25.93.53

/index.php
/controller/supportbox load fail.
2017-09-21 00:15:28
116.25.93.53

/index.php
/controller/register1003 load fail.
2017-09-21 00:15:28
223.104.94.46

/index.php
/controller/register1003 load fail.
2017-09-21 00:16:01
223.104.94.46

/index.php
/controller/register1003 load fail.
2017-09-21 00:16:02
223.104.94.46

/index.php
/controller/register1003 load fail.
2017-09-21 00:16:42
223.104.94.46

/index.php
/controller/register1003 load fail.
2017-09-21 00:16:43
223.104.94.46

/index.php
/controller/register1003 load fail.
2017-09-21 00:19:32
223.104.94.46

/index.php
/controller/register1003 load fail.
2017-09-21 00:19:33
223.104.94.46

/index.php
/controller/register1003 load fail.
2017-09-21 00:19:39
223.104.94.46

/index.php
/controller/register1003 load fail.
2017-09-21 00:19:39
223.104.94.46

/index.php
/controller/register1003 load fail.
2017-09-21 00:19:39
223.104.94.46

/index.php
/controller/register1003 load fail.
2017-09-21 00:19:44
223.104.94.46

/index.php
/controller/register1003 load fail.
2017-09-21 00:19:44
223.104.94.46

/index.php
/controller/script load fail.
2017-09-21 00:24:11
183.61.51.179

/index.php
/controller/please_read load fail.
2017-09-21 00:24:17
140.205.201.43

/index.php
/controller/register1001 load fail.
2017-09-21 00:24:38
223.104.94.46

/index.php
/controller/register1001 load fail.
2017-09-21 00:24:38
223.104.94.46

/index.php
/controller/register1001 load fail.
2017-09-21 00:24:38
223.104.94.46

/index.php
/controller/register1001 load fail.
2017-09-21 00:24:39
223.104.94.46

/index.php
/controller/register1001 load fail.
2017-09-21 00:26:58
223.104.94.46

/index.php
/controller/register1001 load fail.
2017-09-21 00:26:59
223.104.94.46

/index.php
/controller/register1001 load fail.
2017-09-21 00:27:16
223.104.94.46

/index.php
/controller/register1001 load fail.
2017-09-21 00:27:17
223.104.94.46

/index.php
/controller/register1001 load fail.
2017-09-21 00:27:19
223.104.94.46

/index.php
/controller/register1001 load fail.
2017-09-21 00:27:35
223.104.94.46

/index.php
/controller/register1001 load fail.
2017-09-21 00:27:35
223.104.94.46

/index.php
/controller/register1001 load fail.
2017-09-21 00:27:35
223.104.94.46

/index.php
/controller/register1001 load fail.
2017-09-21 00:27:38
223.104.94.46

/index.php
/controller/register1001 load fail.
2017-09-21 00:28:03
223.104.94.46

/index.php
/controller/register1001 load fail.
2017-09-21 00:28:06
223.104.94.46

/index.php
/controller/hadoop load fail.
2017-09-21 00:35:03
140.205.201.43

/index.php
/controller/phpmyadmin load fail.
2017-09-21 00:50:48
140.205.225.191

/index.php
/controller/phpmyadmin load fail.
2017-09-21 00:50:48
140.205.225.191

/index.php
/controller/phpmyadmin load fail.
2017-09-21 00:50:49
140.205.225.191

/index.php
/controller/phpmyadmin load fail.
2017-09-21 00:50:49
140.205.225.191

/index.php
/controller/phpmyadmin load fail.
2017-09-21 00:50:50
140.205.225.191

/index.php
/controller/phpmyadmin load fail.
2017-09-21 00:50:51
140.205.225.191

/index.php
/controller/phpmyadmin load fail.
2017-09-21 00:50:52
140.205.225.191

/index.php
/controller/phpmyadmin load fail.
2017-09-21 00:50:52
140.205.225.191

/index.php
/controller/phpmyadmin load fail.
2017-09-21 00:50:53
140.205.225.191

/index.php
/controller/phpmyadmin load fail.
2017-09-21 00:50:53
140.205.225.191

/index.php
/controller/phpmyadmin load fail.
2017-09-21 00:50:54
140.205.225.191

/index.php
/controller/phpmyadmin load fail.
2017-09-21 00:50:55
140.205.225.191

/index.php
/controller/phpmyadmin load fail.
2017-09-21 00:50:56
140.205.225.191

/index.php
/controller/phpmyadmin load fail.
2017-09-21 00:50:56
140.205.225.191

/index.php
/controller/phpmyadmin load fail.
2017-09-21 00:50:57
140.205.225.191

/index.php
/controller/phpmyadmin load fail.
2017-09-21 00:50:57
140.205.225.191

/index.php
/controller/phpmyadmin load fail.
2017-09-21 00:50:59
140.205.225.191

/index.php
/controller/phpmyadmin load fail.
2017-09-21 00:50:59
140.205.225.191

/index.php
/controller/phpmyadmin load fail.
2017-09-21 00:51:00
140.205.225.191

/index.php
/controller/phpmyadmin load fail.
2017-09-21 00:51:00
140.205.225.191

/index.php
/controller/script load fail.
2017-09-21 00:54:58
101.245.63.26

/index.php
/controller/supportbox load fail.
2017-09-21 00:54:59
101.245.63.26

/index.php
/controller/script load fail.
2017-09-21 00:56:07
101.245.63.26

/index.php
/controller/supportbox load fail.
2017-09-21 00:56:07
101.245.63.26

/index.php
/controller/showcase load fail.
2017-09-21 01:03:57
140.205.225.191

/index.php
/controller/integration load fail.
2017-09-21 01:03:58
140.205.225.191

/index.php
/controller/newimages load fail.
2017-09-21 01:04:38
220.181.108.161

/index.php
/controller/phpmyadmin load fail.
2017-09-21 01:08:16
140.205.201.38

/index.php
/controller/phpmyadmin load fail.
2017-09-21 01:08:16
140.205.201.38

/index.php
/controller/phpmyadmin load fail.
2017-09-21 01:08:17
140.205.201.38

/index.php
/controller/phpmyadmin load fail.
2017-09-21 01:08:17
140.205.201.38

/index.php
/controller/phpmyadmin load fail.
2017-09-21 01:08:18
140.205.201.38

/index.php
/controller/phpmyadmin load fail.
2017-09-21 01:08:19
140.205.201.38

/index.php
/controller/phpmyadmin load fail.
2017-09-21 01:08:20
140.205.201.38

/index.php
/controller/phpmyadmin load fail.
2017-09-21 01:08:20
140.205.201.38

/index.php
/controller/phpmyadmin load fail.
2017-09-21 01:08:21
140.205.201.38

/index.php
/controller/phpmyadmin load fail.
2017-09-21 01:08:21
140.205.201.38

/index.php
/controller/phpmyadmin load fail.
2017-09-21 01:08:22
140.205.201.38

/index.php
/controller/phpmyadmin load fail.
2017-09-21 01:08:23
140.205.201.38

/index.php
/controller/phpmyadmin load fail.
2017-09-21 01:08:24
140.205.201.38

/index.php
/controller/phpmyadmin load fail.
2017-09-21 01:08:24
140.205.201.38

/index.php
/controller/phpmyadmin load fail.
2017-09-21 01:08:25
140.205.201.38

/index.php
/controller/phpmyadmin load fail.
2017-09-21 01:08:25
140.205.201.38

/index.php
/controller/phpmyadmin load fail.
2017-09-21 01:08:26
140.205.201.38

/index.php
/controller/phpmyadmin load fail.
2017-09-21 01:08:27
140.205.201.38

/index.php
/controller/phpmyadmin load fail.
2017-09-21 01:08:28
140.205.201.38

/index.php
/controller/phpmyadmin load fail.
2017-09-21 01:08:28
140.205.201.38

/index.php
/controller/ganglia load fail.
2017-09-21 01:11:02
140.205.225.191

/index.php
/controller/showcase load fail.
2017-09-21 01:16:53
140.205.201.38

/index.php
/controller/integration load fail.
2017-09-21 01:16:54
140.205.201.38

/index.php
/controller/ganglia load fail.
2017-09-21 01:23:32
140.205.201.38

/index.php
/controller/script load fail.
2017-09-21 01:32:28
119.39.222.208

/index.php
/controller/supportbox load fail.
2017-09-21 01:32:29
119.39.222.208

/index.php
/controller/newimages load fail.
2017-09-21 01:35:21
123.125.71.44

/index.php
/controller/newimages load fail.
2017-09-21 01:40:43
123.125.71.56

/index.php
/controller/ucsrpwaynjdt load fail.
2017-09-21 01:44:18
140.205.201.38

/index.php
/controller/yaknhsgpuvew load fail.
2017-09-21 01:50:58
140.205.225.191

/index.php
/controller/l load fail.
2017-09-21 01:51:52
110.178.127.63

/index.php
/controller/l load fail.
2017-09-21 01:51:56
110.178.127.63

/index.php
/controller/hwi load fail.
2017-09-21 01:57:11
140.205.201.38

/index.php
/controller/script load fail.
2017-09-21 02:08:31
120.92.32.154

/index.php
/controller/static load fail.
2017-09-21 02:09:55
171.10.171.131

/index.php
/controller/l load fail.
2017-09-21 02:28:18
220.181.108.108

/index.php
/controller/script load fail.
2017-09-21 02:34:14
14.115.9.49

/index.php
/controller/hwi load fail.
2017-09-21 02:35:35
140.205.225.191

/index.php
/controller/info load fail.
2017-09-21 02:39:43
140.205.201.38

/index.php
/controller/static load fail.
2017-09-21 02:47:03
14.115.9.49

/index.php
/controller/static load fail.
2017-09-21 02:47:04
14.115.9.49

/index.php
/controller/jenkins load fail.
2017-09-21 02:57:06
140.205.201.38

/index.php
/controller/zabbix load fail.
2017-09-21 02:59:59
140.205.201.38

/index.php
/controller/solr load fail.
2017-09-21 03:00:19
140.205.201.38

/index.php
/controller/script load fail.
2017-09-21 03:01:18
61.163.93.62

/index.php
/controller/supportbox load fail.
2017-09-21 03:01:21
61.163.93.62

/index.php
/controller/newimages load fail.
2017-09-21 03:14:05
220.181.108.107

/index.php
/controller/cache load fail.
2017-09-21 03:20:38
80.82.78.38

/index.php
/controller/warning load fail.
2017-09-21 03:28:10
140.205.201.38

/index.php
/controller/pleasereadthis load fail.
2017-09-21 03:29:24
140.205.201.38

/index.php
/controller/please_read load fail.
2017-09-21 03:39:12
140.205.201.38

/index.php
/controller/script load fail.
2017-09-21 03:47:18
66.249.66.208

/index.php
/controller/hadoop load fail.
2017-09-21 03:48:37
140.205.201.38

/index.php
/controller/info load fail.
2017-09-21 03:49:15
140.205.225.191

/index.php
/controller/script load fail.
2017-09-21 04:10:04
223.104.22.185

/index.php
/controller/supportbox load fail.
2017-09-21 04:10:05
223.104.22.185

/index.php
/controller/script load fail.
2017-09-21 04:10:09
42.156.251.194

/index.php
/controller/s load fail.
2017-09-21 04:16:54
61.160.207.19

/index.php
/controller/zabbix load fail.
2017-09-21 04:32:52
140.205.225.191

/index.php
/controller/services load fail.
2017-09-21 04:32:57
42.236.46.105

/index.php
/controller/faq load fail.
2017-09-21 04:32:57
42.236.46.105

/index.php
/controller/services load fail.
2017-09-21 04:32:57
42.236.46.105

/index.php
/controller/faq load fail.
2017-09-21 04:33:21
180.153.236.59

/index.php
/controller/services load fail.
2017-09-21 04:33:31
180.153.236.11

/index.php
/controller/solr load fail.
2017-09-21 04:35:40
140.205.225.191

/index.php
/controller/static load fail.
2017-09-21 04:42:11
211.148.102.175

/index.php
/controller/static load fail.
2017-09-21 04:42:11
211.148.102.175

/index.php
/controller/static load fail.
2017-09-21 04:42:11
211.148.102.175

/index.php
/controller/member/truename load fail.
2017-09-21 04:42:16
211.148.102.175

/index.php
/controller/static load fail.
2017-09-21 04:42:22
101.226.89.122

/index.php
/controller/static load fail.
2017-09-21 04:42:24
61.151.228.22

/index.php
/controller/member/truename load fail.
2017-09-21 04:42:27
101.226.33.203

/index.php
/controller/warning load fail.
2017-09-21 05:02:05
140.205.225.191

/index.php
/controller/script load fail.
2017-09-21 05:17:06
113.17.71.11

/index.php
/controller/supportbox load fail.
2017-09-21 05:17:06
113.17.66.30

/index.php
/controller/please_read load fail.
2017-09-21 05:32:28
140.205.225.191

/index.php
/controller/hadoop load fail.
2017-09-21 05:38:05
140.205.225.191

/index.php
/controller/script load fail.
2017-09-21 06:42:51
183.22.251.78

/index.php
/controller/supportbox load fail.
2017-09-21 06:42:52
183.22.251.78

/index.php
/controller/newimages load fail.
2017-09-21 06:52:23
220.181.108.120

/index.php
/controller/script load fail.
2017-09-21 08:22:56
116.20.114.157

/index.php
/controller/supportbox load fail.
2017-09-21 08:22:57
116.20.114.157

/index.php
/controller/demo load fail.
2017-09-21 08:23:16
116.20.114.157

/index.php
/controller/script load fail.
2017-09-21 09:10:42
117.151.41.35

/index.php
/controller/supportbox load fail.
2017-09-21 09:10:47
117.151.41.35

/index.php
/controller/script load fail.
2017-09-21 09:54:10
221.215.142.102

/index.php
/controller/supportbox load fail.
2017-09-21 09:54:12
221.215.142.102

/index.php
/controller/script load fail.
2017-09-21 10:02:14
211.161.166.165

/index.php
/controller/supportbox load fail.
2017-09-21 10:02:16
211.161.166.165

/index.php
/controller/static load fail.
2017-09-21 10:02:54
211.161.166.165

/index.php
/controller/static load fail.
2017-09-21 10:02:54
211.161.166.165

/index.php
/controller/static load fail.
2017-09-21 10:02:54
211.161.166.165

/index.php
/controller/static load fail.
2017-09-21 10:03:20
211.161.166.165

/index.php
/controller/static load fail.
2017-09-21 10:03:20
211.161.166.165

/index.php
/controller/static load fail.
2017-09-21 10:03:20
211.161.166.165

/index.php
/controller/static load fail.
2017-09-21 10:03:21
211.161.166.165

/index.php
/controller/static load fail.
2017-09-21 10:03:21
211.161.166.165

/index.php
/controller/static load fail.
2017-09-21 10:03:21
211.161.166.165

/index.php
/controller/static load fail.
2017-09-21 10:03:22
211.161.166.165

/index.php
/controller/static load fail.
2017-09-21 10:03:22
211.161.166.165

/index.php
/controller/static load fail.
2017-09-21 10:03:22
211.161.166.165

/index.php
/controller/static load fail.
2017-09-21 10:03:24
211.161.166.165

/index.php
/controller/static load fail.
2017-09-21 10:03:24
211.161.166.165

/index.php
/controller/static load fail.
2017-09-21 10:03:25
211.161.166.165

/index.php
/controller/static load fail.
2017-09-21 10:03:31
211.161.166.165

/index.php
/controller/static load fail.
2017-09-21 10:03:31
211.161.166.165

/index.php
/controller/static load fail.
2017-09-21 10:03:31
211.161.166.165

/index.php
/controller/static load fail.
2017-09-21 10:03:34
211.161.166.165

/index.php
/controller/static load fail.
2017-09-21 10:03:34
211.161.166.165

/index.php
/controller/static load fail.
2017-09-21 10:03:34
211.161.166.165

/index.php
/controller/static load fail.
2017-09-21 10:04:31
211.161.166.165

/index.php
/controller/static load fail.
2017-09-21 10:04:31
211.161.166.165

/index.php
/controller/static load fail.
2017-09-21 10:04:31
211.161.166.165

/index.php
/controller/static load fail.
2017-09-21 10:04:34
211.161.166.165

/index.php
/controller/static load fail.
2017-09-21 10:04:34
211.161.166.165

/index.php
/controller/static load fail.
2017-09-21 10:04:34
211.161.166.165

/index.php
/controller/static load fail.
2017-09-21 10:04:36
211.161.166.165

/index.php
/controller/static load fail.
2017-09-21 10:04:36
211.161.166.165

/index.php
/controller/static load fail.
2017-09-21 10:04:36
211.161.166.165

/index.php
/controller/static load fail.
2017-09-21 10:06:14
211.161.166.165

/index.php
/controller/static load fail.
2017-09-21 10:06:14
211.161.166.165

/index.php
/controller/static load fail.
2017-09-21 10:06:14
211.161.166.165

/index.php
/controller/static load fail.
2017-09-21 10:06:52
211.161.166.165

/index.php
/controller/static load fail.
2017-09-21 10:06:52
211.161.166.165

/index.php
/controller/static load fail.
2017-09-21 10:06:52
211.161.166.165

/index.php
/controller/script load fail.
2017-09-21 10:14:28
117.61.133.69

/index.php
/controller/supportbox load fail.
2017-09-21 10:14:30
117.61.133.69

/index.php
/controller/script load fail.
2017-09-21 10:15:58
113.248.155.50

/index.php
/controller/supportbox load fail.
2017-09-21 10:15:58
113.248.155.50

/index.php
/controller/demo load fail.
2017-09-21 10:16:07
113.248.155.50

/index.php
/controller/demo load fail.
2017-09-21 10:16:48
113.248.155.50

/index.php
/controller/demo load fail.
2017-09-21 10:16:49
113.248.155.50

/index.php
/controller/demo load fail.
2017-09-21 10:16:54
113.248.155.50

/index.php
/controller/demo load fail.
2017-09-21 10:16:55
113.248.155.50

/index.php
/controller/demo load fail.
2017-09-21 10:17:02
113.248.155.50

/index.php
/controller/script load fail.
2017-09-21 10:18:38
117.61.133.69

/index.php
/controller/supportbox load fail.
2017-09-21 10:18:40
117.61.133.69

/index.php
/controller/static load fail.
2017-09-21 10:18:54
117.61.133.69

/index.php
/controller/static load fail.
2017-09-21 10:18:55
117.61.133.69

/index.php
/controller/static load fail.
2017-09-21 10:18:55
117.61.133.69

/index.php
/controller/static load fail.
2017-09-21 10:19:18
117.61.133.69

/index.php
/controller/static load fail.
2017-09-21 10:19:18
117.61.133.69

/index.php
/controller/static load fail.
2017-09-21 10:19:18
117.61.133.69

/index.php
/controller/static load fail.
2017-09-21 10:19:22
117.61.133.69

/index.php
/controller/static load fail.
2017-09-21 10:19:22
117.61.133.69

/index.php
/controller/static load fail.
2017-09-21 10:19:22
117.61.133.69

/index.php
/controller/script load fail.
2017-09-21 10:21:54
117.61.133.69

/index.php
/controller/supportbox load fail.
2017-09-21 10:21:54
117.61.133.69

/index.php
/controller/static load fail.
2017-09-21 10:21:56
117.61.133.69

/index.php
/controller/static load fail.
2017-09-21 10:21:57
117.61.133.69

/index.php
/controller/static load fail.
2017-09-21 10:21:57
117.61.133.69

/index.php
/controller/static load fail.
2017-09-21 10:21:59
117.61.133.69

/index.php
/controller/static load fail.
2017-09-21 10:21:59
117.61.133.69

/index.php
/controller/static load fail.
2017-09-21 10:21:59
117.61.133.69

/index.php
/controller/static load fail.
2017-09-21 10:22:16
117.61.133.69

/index.php
/controller/static load fail.
2017-09-21 10:22:16
117.61.133.69

/index.php
/controller/static load fail.
2017-09-21 10:22:16
117.61.133.69

/index.php
/controller/static load fail.
2017-09-21 10:22:18
117.61.133.69

/index.php
/controller/static load fail.
2017-09-21 10:22:18
117.61.133.69

/index.php
/controller/static load fail.
2017-09-21 10:22:18
117.61.133.69

/index.php
/controller/member/truename load fail.
2017-09-21 10:22:19
117.61.133.69

/index.php
/controller/script load fail.
2017-09-21 10:34:45
27.189.160.187

/index.php
/controller/l load fail.
2017-09-21 10:46:43
220.181.51.109

/index.php
/controller/static load fail.
2017-09-21 11:04:52
223.104.186.201

/index.php
/controller/static load fail.
2017-09-21 11:04:52
223.104.186.201

/index.php
/controller/static load fail.
2017-09-21 11:04:52
223.104.186.201

/index.php
/controller/static load fail.
2017-09-21 11:04:55
223.104.186.201

/index.php
/controller/static load fail.
2017-09-21 11:04:55
223.104.186.201

/index.php
/controller/static load fail.
2017-09-21 11:04:55
223.104.186.201

/index.php
/controller/script load fail.
2017-09-21 11:20:45
218.66.76.225

/index.php
/controller/supportbox load fail.
2017-09-21 11:20:46
218.66.76.225

/index.php
/controller/demo load fail.
2017-09-21 11:21:01
218.66.76.225

/index.php
/controller/demo load fail.
2017-09-21 11:21:09
218.66.76.225

/index.php
/controller/demo load fail.
2017-09-21 11:21:13
218.66.76.225

/index.php
/controller/script load fail.
2017-09-21 11:21:22
218.66.76.225

/index.php
/controller/supportbox load fail.
2017-09-21 11:21:22
218.66.76.225

/index.php
/controller/script load fail.
2017-09-21 11:34:49
219.133.40.16

/index.php
/controller/script load fail.
2017-09-21 11:34:50
183.232.118.16

/index.php
/controller/script load fail.
2017-09-21 11:35:47
219.133.40.16

/index.php
/controller/script load fail.
2017-09-21 12:46:41
27.154.77.242

/index.php
/controller/supportbox load fail.
2017-09-21 12:46:42
27.154.77.242

/index.php
/controller/demo load fail.
2017-09-21 12:47:52
27.154.77.242

/index.php
/controller/demo load fail.
2017-09-21 12:52:44
27.154.77.242

/index.php
/controller/script load fail.
2017-09-21 12:52:45
27.154.77.242

/index.php
/controller/supportbox load fail.
2017-09-21 12:52:45
27.154.77.242

/index.php
/controller/script load fail.
2017-09-21 12:54:09
27.29.230.76

/index.php
/controller/supportbox load fail.
2017-09-21 12:54:10
27.29.230.76

/index.php
/controller/script load fail.
2017-09-21 12:59:28
111.121.77.214

/index.php
/controller/supportbox load fail.
2017-09-21 12:59:29
111.121.77.214

/index.php
/controller/demo load fail.
2017-09-21 12:59:35
111.121.77.214

/index.php
/controller/script load fail.
2017-09-21 13:06:08
183.197.227.163

/index.php
/controller/supportbox load fail.
2017-09-21 13:06:09
183.197.227.163

/index.php
/controller/script load fail.
2017-09-21 13:06:25
183.197.227.163

/index.php
/controller/supportbox load fail.
2017-09-21 13:06:27
183.197.227.163

/index.php
/controller/l load fail.
2017-09-21 13:21:09
106.11.156.249

/index.php
/controller/script load fail.
2017-09-21 13:23:26
120.239.138.85

/index.php
/controller/supportbox load fail.
2017-09-21 13:23:31
120.239.138.85

/index.php
/controller/static load fail.
2017-09-21 13:25:14
120.239.138.85

/index.php
/controller/static load fail.
2017-09-21 13:25:15
120.239.138.85

/index.php
/controller/static load fail.
2017-09-21 13:25:15
120.239.138.85

/index.php
/controller/static load fail.
2017-09-21 13:25:20
120.239.138.85

/index.php
/controller/static load fail.
2017-09-21 13:25:21
120.239.138.85

/index.php
/controller/static load fail.
2017-09-21 13:25:22
120.239.138.85

/index.php
/controller/static load fail.
2017-09-21 13:25:23
120.239.138.85

/index.php
/controller/static load fail.
2017-09-21 13:25:24
120.239.138.85

/index.php
/controller/static load fail.
2017-09-21 13:25:24
120.239.138.85

/index.php
/controller/script load fail.
2017-09-21 13:31:35
183.39.90.119

/index.php
/controller/supportbox load fail.
2017-09-21 13:31:36
183.39.90.119

/index.php
/controller/script load fail.
2017-09-21 13:32:56
116.20.114.157

/index.php
/controller/supportbox load fail.
2017-09-21 13:32:56
116.20.114.157

/index.php
/controller/script load fail.
2017-09-21 13:33:05
116.20.114.157

/index.php
/controller/supportbox load fail.
2017-09-21 13:33:05
116.20.114.157

/index.php
/controller/script load fail.
2017-09-21 13:34:08
220.188.248.79

/index.php
/controller/supportbox load fail.
2017-09-21 13:34:11
220.188.248.79

/index.php
/controller/demo load fail.
2017-09-21 13:34:16
220.188.248.79

/index.php
/controller/Template load fail.
2017-09-21 13:45:42
123.125.71.32

/index.php
/controller/script load fail.
2017-09-21 13:56:31
211.162.9.84

/index.php
/controller/supportbox load fail.
2017-09-21 13:56:34
211.162.9.84

/index.php
/controller/demo load fail.
2017-09-21 13:56:52
211.162.9.84

/index.php
/controller/script load fail.
2017-09-21 14:12:17
42.156.251.191

/index.php
/controller/ws load fail.
2017-09-21 14:44:13
101.226.102.78

/index.php
/controller/ws load fail.
2017-09-21 14:44:22
117.185.27.115

/index.php
/controller/static load fail.
2017-09-21 14:47:08
125.32.96.150

/index.php
/controller/static load fail.
2017-09-21 14:47:08
125.32.96.150

/index.php
/controller/static load fail.
2017-09-21 14:47:08
125.32.96.150

/index.php
/controller/script load fail.
2017-09-21 14:58:35
183.226.1.146

/index.php
/controller/supportbox load fail.
2017-09-21 14:58:37
183.226.1.146

/index.php
/controller/static load fail.
2017-09-21 14:59:21
119.131.77.185

/index.php
/controller/static load fail.
2017-09-21 14:59:21
119.131.77.185

/index.php
/controller/static load fail.
2017-09-21 14:59:21
119.131.77.185

/index.php
/controller/static load fail.
2017-09-21 15:00:10
119.131.77.185

/index.php
/controller/static load fail.
2017-09-21 15:00:11
119.131.77.185

/index.php
/controller/static load fail.
2017-09-21 15:00:11
119.131.77.185

/index.php
/controller/static load fail.
2017-09-21 15:00:15
119.131.77.185

/index.php
/controller/static load fail.
2017-09-21 15:00:15
119.131.77.185

/index.php
/controller/static load fail.
2017-09-21 15:00:15
119.131.77.185

/index.php
/controller/static load fail.
2017-09-21 15:00:18
119.131.77.185

/index.php
/controller/static load fail.
2017-09-21 15:00:18
119.131.77.185

/index.php
/controller/static load fail.
2017-09-21 15:00:18
119.131.77.185

/index.php
/controller/script load fail.
2017-09-21 15:30:52
39.177.177.240

/index.php
/controller/supportbox load fail.
2017-09-21 15:30:54
39.177.177.240

/index.php
/controller/script load fail.
2017-09-21 15:50:25
220.178.12.18

/index.php
/controller/supportbox load fail.
2017-09-21 15:50:27
220.178.12.18

/index.php
/controller/phpmyadmin load fail.
2017-09-21 16:04:26
140.205.225.203

/index.php
/controller/phpmyadmin load fail.
2017-09-21 16:04:26
140.205.225.203

/index.php
/controller/phpmyadmin load fail.
2017-09-21 16:04:27
140.205.225.203

/index.php
/controller/phpmyadmin load fail.
2017-09-21 16:04:27
140.205.225.203

/index.php
/controller/phpmyadmin load fail.
2017-09-21 16:04:28
140.205.225.203

/index.php
/controller/phpmyadmin load fail.
2017-09-21 16:04:29
140.205.225.203

/index.php
/controller/phpmyadmin load fail.
2017-09-21 16:04:30
140.205.225.203

/index.php
/controller/phpmyadmin load fail.
2017-09-21 16:04:30
140.205.225.203

/index.php
/controller/phpmyadmin load fail.
2017-09-21 16:04:31
140.205.225.203

/index.php
/controller/phpmyadmin load fail.
2017-09-21 16:04:31
140.205.225.203

/index.php
/controller/phpmyadmin load fail.
2017-09-21 16:04:32
140.205.225.203

/index.php
/controller/phpmyadmin load fail.
2017-09-21 16:04:33
140.205.225.203

/index.php
/controller/phpmyadmin load fail.
2017-09-21 16:04:34
140.205.225.203

/index.php
/controller/phpmyadmin load fail.
2017-09-21 16:04:34
140.205.225.203

/index.php
/controller/phpmyadmin load fail.
2017-09-21 16:04:35
140.205.225.203

/index.php
/controller/phpmyadmin load fail.
2017-09-21 16:04:35
140.205.225.203

/index.php
/controller/phpmyadmin load fail.
2017-09-21 16:04:36
140.205.225.203

/index.php
/controller/phpmyadmin load fail.
2017-09-21 16:04:37
140.205.225.203

/index.php
/controller/phpmyadmin load fail.
2017-09-21 16:04:38
140.205.225.203

/index.php
/controller/phpmyadmin load fail.
2017-09-21 16:04:38
140.205.225.203

/index.php
/controller/script load fail.
2017-09-21 16:11:56
111.26.33.106

/index.php
/controller/script load fail.
2017-09-21 16:14:37
58.42.239.203

/index.php
/controller/css load fail.
2017-09-21 16:14:37
58.42.239.203

/index.php
/controller/supportbox load fail.
2017-09-21 16:14:42
58.42.239.203

/index.php
/controller/static load fail.
2017-09-21 16:14:46
58.42.239.203

/index.php
/controller/script load fail.
2017-09-21 16:15:15
58.42.239.203

/index.php
/controller/css load fail.
2017-09-21 16:15:15
58.42.239.203

/index.php
/controller/supportbox load fail.
2017-09-21 16:15:15
58.42.239.203

/index.php
/controller/static load fail.
2017-09-21 16:15:18
58.42.239.203

/index.php
/controller/script load fail.
2017-09-21 16:15:25
123.175.244.243

/index.php
/controller/static load fail.
2017-09-21 16:15:50
58.42.239.203

/index.php
/controller/script load fail.
2017-09-21 16:19:41
101.230.195.1

/index.php
/controller/supportbox load fail.
2017-09-21 16:19:43
101.230.195.1

/index.php
/controller/bbs load fail.
2017-09-21 16:19:49
111.194.228.200

/index.php
/controller/showcase load fail.
2017-09-21 16:21:11
140.205.225.203

/index.php
/controller/integration load fail.
2017-09-21 16:21:12
140.205.225.203

/index.php
/controller/app load fail.
2017-09-21 16:28:49
43.249.128.57

/index.php
/controller/app load fail.
2017-09-21 16:28:52
43.249.128.57

/index.php
/controller/ganglia load fail.
2017-09-21 16:31:39
140.205.225.203

/index.php
/controller/static load fail.
2017-09-21 16:31:41
123.125.71.94

/index.php
/controller/script load fail.
2017-09-21 16:35:11
120.239.220.65

/index.php
/controller/supportbox load fail.
2017-09-21 16:35:13
120.239.220.65

/index.php
/controller/vexdnbklhtqy load fail.
2017-09-21 16:41:35
140.205.225.203

/index.php
/controller/script load fail.
2017-09-21 16:41:44
221.214.69.106

/index.php
/controller/supportbox load fail.
2017-09-21 16:41:44
221.214.69.106

/index.php
/controller/script load fail.
2017-09-21 16:42:18
125.32.96.150

/index.php
/controller/supportbox load fail.
2017-09-21 16:42:20
125.32.96.150

/index.php
/controller/static load fail.
2017-09-21 16:42:35
125.32.96.150

/index.php
/controller/static load fail.
2017-09-21 16:42:35
125.32.96.150

/index.php
/controller/static load fail.
2017-09-21 16:42:35
125.32.96.150

/index.php
/controller/static load fail.
2017-09-21 16:42:52
125.32.96.150

/index.php
/controller/static load fail.
2017-09-21 16:42:52
125.32.96.150

/index.php
/controller/static load fail.
2017-09-21 16:42:52
125.32.96.150

/index.php
/controller/static load fail.
2017-09-21 16:42:56
125.32.96.150

/index.php
/controller/static load fail.
2017-09-21 16:42:56
125.32.96.150

/index.php
/controller/static load fail.
2017-09-21 16:42:56
125.32.96.150

/index.php
/controller/static load fail.
2017-09-21 16:43:01
125.32.96.150

/index.php
/controller/static load fail.
2017-09-21 16:43:01
125.32.96.150

/index.php
/controller/static load fail.
2017-09-21 16:43:01
125.32.96.150

/index.php
/controller/static load fail.
2017-09-21 16:43:05
125.32.96.150

/index.php
/controller/static load fail.
2017-09-21 16:43:05
125.32.96.150

/index.php
/controller/static load fail.
2017-09-21 16:43:05
125.32.96.150

/index.php
/controller/static load fail.
2017-09-21 16:43:07
125.32.96.150

/index.php
/controller/static load fail.
2017-09-21 16:43:07
125.32.96.150

/index.php
/controller/static load fail.
2017-09-21 16:43:07
125.32.96.150

/index.php
/controller/static load fail.
2017-09-21 16:43:11
125.32.96.150

/index.php
/controller/static load fail.
2017-09-21 16:43:11
125.32.96.150

/index.php
/controller/static load fail.
2017-09-21 16:43:11
125.32.96.150

/index.php
/controller/static load fail.
2017-09-21 16:43:13
125.32.96.150

/index.php
/controller/static load fail.
2017-09-21 16:43:13
125.32.96.150

/index.php
/controller/static load fail.
2017-09-21 16:43:13
125.32.96.150

/index.php
/controller/member/truename load fail.
2017-09-21 16:43:14
125.32.96.150

/index.php
/controller/static load fail.
2017-09-21 16:43:18
125.32.96.150

/index.php
/controller/static load fail.
2017-09-21 16:43:18
125.32.96.150

/index.php
/controller/static load fail.
2017-09-21 16:43:18
125.32.96.150

/index.php
/controller/static load fail.
2017-09-21 16:43:20
125.32.96.150

/index.php
/controller/static load fail.
2017-09-21 16:43:20
125.32.96.150

/index.php
/controller/static load fail.
2017-09-21 16:43:20
125.32.96.150

/index.php
/controller/static load fail.
2017-09-21 16:43:22
125.32.96.150

/index.php
/controller/static load fail.
2017-09-21 16:43:22
125.32.96.150

/index.php
/controller/static load fail.
2017-09-21 16:43:23
125.32.96.150

/index.php
/controller/static load fail.
2017-09-21 16:43:39
125.32.96.150

/index.php
/controller/static load fail.
2017-09-21 16:43:39
125.32.96.150

/index.php
/controller/static load fail.
2017-09-21 16:43:39
125.32.96.150

/index.php
/controller/static load fail.
2017-09-21 16:43:41
125.32.96.150

/index.php
/controller/static load fail.
2017-09-21 16:43:41
125.32.96.150

/index.php
/controller/static load fail.
2017-09-21 16:43:41
125.32.96.150

/index.php
/controller/member/truename load fail.
2017-09-21 16:43:45
125.32.96.150

/index.php
/controller/static load fail.
2017-09-21 16:43:48
125.32.96.150

/index.php
/controller/static load fail.
2017-09-21 16:43:49
125.32.96.150

/index.php
/controller/static load fail.
2017-09-21 16:43:49
125.32.96.150

/index.php
/controller/member/truename load fail.
2017-09-21 16:43:50
125.32.96.150

/index.php
/controller/static load fail.
2017-09-21 16:44:51
125.32.96.150

/index.php
/controller/static load fail.
2017-09-21 16:44:51
125.32.96.150

/index.php
/controller/static load fail.
2017-09-21 16:44:51
125.32.96.150

/index.php
/controller/static load fail.
2017-09-21 16:44:53
125.32.96.150

/index.php
/controller/static load fail.
2017-09-21 16:44:53
125.32.96.150

/index.php
/controller/static load fail.
2017-09-21 16:44:53
125.32.96.150

/index.php
/controller/script load fail.
2017-09-21 16:47:09
113.108.163.250

/index.php
/controller/supportbox load fail.
2017-09-21 16:47:11
113.108.163.250

/index.php
/controller/static load fail.
2017-09-21 16:50:51
125.32.96.150

/index.php
/controller/static load fail.
2017-09-21 16:50:51
125.32.96.150

/index.php
/controller/static load fail.
2017-09-21 16:50:51
125.32.96.150

/index.php
/controller/static load fail.
2017-09-21 16:51:39
125.32.96.150

/index.php
/controller/static load fail.
2017-09-21 16:51:39
125.32.96.150

/index.php
/controller/static load fail.
2017-09-21 16:51:39
125.32.96.150

/index.php
/controller/hwi load fail.
2017-09-21 16:57:09
140.205.225.203

/index.php
/controller/script load fail.
2017-09-21 16:59:20
221.214.69.106

/index.php
/controller/supportbox load fail.
2017-09-21 16:59:20
221.214.69.106

/index.php
/controller/demo load fail.
2017-09-21 16:59:34
221.214.69.106

/index.php
/controller/script load fail.
2017-09-21 17:09:46
113.248.18.51

/index.php
/controller/supportbox load fail.
2017-09-21 17:09:47
113.248.18.51

/index.php
/controller/static load fail.
2017-09-21 17:11:59
61.242.42.65

/index.php
/controller/static load fail.
2017-09-21 17:12:07
61.242.42.65

/index.php
/controller/static load fail.
2017-09-21 17:12:25
61.242.42.65

/index.php
/controller/static load fail.
2017-09-21 17:12:29
61.242.42.65

/index.php
/controller/static load fail.
2017-09-21 17:12:30
61.242.42.65

/index.php
/controller/static load fail.
2017-09-21 17:12:32
61.242.42.65

/index.php
/controller/static load fail.
2017-09-21 17:12:35
61.242.42.65

/index.php
/controller/static load fail.
2017-09-21 17:12:47
61.242.42.65

/index.php
/controller/static load fail.
2017-09-21 17:12:53
61.242.42.65

/index.php
/controller/static load fail.
2017-09-21 17:13:37
61.242.42.65

/index.php
/controller/static load fail.
2017-09-21 17:13:44
61.242.42.65

/index.php
/controller/static load fail.
2017-09-21 17:13:49
61.242.42.65

/index.php
/controller/static load fail.
2017-09-21 17:14:04
61.242.42.65

/index.php
/controller/static load fail.
2017-09-21 17:14:34
61.242.42.65

/index.php
/controller/static load fail.
2017-09-21 17:17:04
61.242.42.65

/index.php
/controller/static load fail.
2017-09-21 17:17:17
61.242.42.65

/index.php
/controller/static load fail.
2017-09-21 17:17:22
61.242.42.65

/index.php
/controller/static load fail.
2017-09-21 17:17:28
61.242.42.65

/index.php
/controller/static load fail.
2017-09-21 17:17:29
61.242.42.65

/index.php
/controller/static load fail.
2017-09-21 17:17:35
61.242.42.65

/index.php
/controller/static load fail.
2017-09-21 17:17:38
61.242.42.65

/index.php
/controller/static load fail.
2017-09-21 17:17:44
61.242.42.65

/index.php
/controller/static load fail.
2017-09-21 17:17:48
61.242.42.65

/index.php
/controller/static load fail.
2017-09-21 17:17:52
61.242.42.65

/index.php
/controller/static load fail.
2017-09-21 17:17:56
61.242.42.65

/index.php
/controller/static load fail.
2017-09-21 17:18:01
61.242.42.65

/index.php
/controller/static load fail.
2017-09-21 17:18:22
61.242.42.65

/index.php
/controller/static load fail.
2017-09-21 17:18:56
61.242.42.65

/index.php
/controller/static load fail.
2017-09-21 17:19:12
61.242.42.65

/index.php
/controller/static load fail.
2017-09-21 17:19:20
61.242.42.65

/index.php
/controller/static load fail.
2017-09-21 17:19:25
61.242.42.65

/index.php
/controller/static load fail.
2017-09-21 17:19:29
61.242.42.65

/index.php
/controller/static load fail.
2017-09-21 17:24:52
61.242.42.65

/index.php
/controller/static load fail.
2017-09-21 17:25:00
61.242.42.65

/index.php
/controller/static load fail.
2017-09-21 17:25:03
61.242.42.65

/index.php
/controller/static load fail.
2017-09-21 17:25:13
61.242.42.65

/index.php
/controller/static load fail.
2017-09-21 17:25:26
61.242.42.65

/index.php
/controller/static load fail.
2017-09-21 17:26:05
61.242.42.65

/index.php
/controller/static load fail.
2017-09-21 17:26:13
61.242.42.65

/index.php
/controller/static load fail.
2017-09-21 17:26:17
61.242.42.65

/index.php
/controller/static load fail.
2017-09-21 17:26:20
61.242.42.65

/index.php
/controller/static load fail.
2017-09-21 17:26:21
61.242.42.65

/index.php
/controller/info load fail.
2017-09-21 17:29:11
140.205.225.203

/index.php
/controller/static load fail.
2017-09-21 17:30:56
61.242.42.65

/index.php
/controller/static load fail.
2017-09-21 17:31:00
61.242.42.65

/index.php
/controller/static load fail.
2017-09-21 17:31:02
61.242.42.65

/index.php
/controller/static load fail.
2017-09-21 17:31:03
61.242.42.65

/index.php
/controller/static load fail.
2017-09-21 17:31:06
61.242.42.65

/index.php
/controller/static load fail.
2017-09-21 17:31:17
61.242.42.65

/index.php
/controller/static load fail.
2017-09-21 17:31:18
61.242.42.65

/index.php
/controller/static load fail.
2017-09-21 17:31:21
61.242.42.65

/index.php
/controller/static load fail.
2017-09-21 17:31:37
61.242.42.65

/index.php
/controller/static load fail.
2017-09-21 17:31:40
61.242.42.65

/index.php
/controller/script load fail.
2017-09-21 17:31:41
42.156.250.242

/index.php
/controller/static load fail.
2017-09-21 17:31:42
61.242.42.65

/index.php
/controller/static load fail.
2017-09-21 17:32:35
61.242.42.65

/index.php
/controller/static load fail.
2017-09-21 17:33:14
61.242.42.65

/index.php
/controller/static load fail.
2017-09-21 17:33:36
61.242.42.65

/index.php
/controller/static load fail.
2017-09-21 17:35:01
61.242.42.65

/index.php
/controller/static load fail.
2017-09-21 17:35:19
61.242.42.65

/index.php
/controller/static load fail.
2017-09-21 17:35:20
61.242.42.65

/index.php
/controller/static load fail.
2017-09-21 17:35:24
61.242.42.65

/index.php
/controller/static load fail.
2017-09-21 17:35:25
61.242.42.65

/index.php
/controller/static load fail.
2017-09-21 17:35:32
61.242.42.65

/index.php
/controller/static load fail.
2017-09-21 17:35:35
61.242.42.65

/index.php
/controller/static load fail.
2017-09-21 17:35:38
61.242.42.65

/index.php
/controller/static load fail.
2017-09-21 17:35:40
61.242.42.65

/index.php
/controller/static load fail.
2017-09-21 17:37:10
61.242.42.65

/index.php
/controller/static load fail.
2017-09-21 17:37:15
61.242.42.65

/index.php
/controller/script load fail.
2017-09-21 17:46:13
42.224.162.134

/index.php
/controller/supportbox load fail.
2017-09-21 17:46:15
42.224.162.134

/index.php
/controller/jenkins load fail.
2017-09-21 17:52:55
140.205.225.203

/index.php
/controller/script load fail.
2017-09-21 18:00:16
14.116.142.82

/index.php
/controller/zabbix load fail.
2017-09-21 18:02:28
140.205.225.203

/index.php
/controller/solr load fail.
2017-09-21 18:05:36
140.205.225.203

/index.php
/controller/warning load fail.
2017-09-21 18:17:13
140.205.225.203

/index.php
/controller/pleasereadthis load fail.
2017-09-21 18:20:11
140.205.225.203

/index.php
/controller/please_read load fail.
2017-09-21 18:21:14
140.205.225.203

/index.php
/controller/app load fail.
2017-09-21 18:27:10
27.18.84.176

/index.php
/controller/app load fail.
2017-09-21 18:27:10
27.18.84.176

/index.php
/controller/script load fail.
2017-09-21 18:28:26
175.151.159.230

/index.php
/controller/supportbox load fail.
2017-09-21 18:28:28
175.151.159.230

/index.php
/controller/demo load fail.
2017-09-21 18:28:45
175.151.159.230

/index.php
/controller/script load fail.
2017-09-21 18:28:51
175.151.159.230

/index.php
/controller/supportbox load fail.
2017-09-21 18:28:51
175.151.159.230

/index.php
/controller/hadoop load fail.
2017-09-21 18:29:05
140.205.225.203

/index.php
/controller/static load fail.
2017-09-21 18:31:52
61.242.42.65

/index.php
/controller/static load fail.
2017-09-21 18:32:06
61.242.42.65

/index.php
/controller/static load fail.
2017-09-21 18:32:12
61.242.42.65

/index.php
/controller/static load fail.
2017-09-21 18:32:13
61.242.42.65

/index.php
/controller/static load fail.
2017-09-21 18:32:27
61.242.42.65

/index.php
/controller/static load fail.
2017-09-21 18:32:39
61.242.42.65

/index.php
/controller/supportbox load fail.
2017-09-21 18:36:32
66.249.66.11

/index.php
/controller/script load fail.
2017-09-21 18:37:27
180.157.251.31

/index.php
/controller/supportbox load fail.
2017-09-21 18:37:28
180.157.251.31

/index.php
/controller/static load fail.
2017-09-21 18:37:52
180.157.251.31

/index.php
/controller/static load fail.
2017-09-21 18:37:52
180.157.251.31

/index.php
/controller/static load fail.
2017-09-21 18:37:52
180.157.251.31

/index.php
/controller/static load fail.
2017-09-21 18:38:35
180.157.251.31

/index.php
/controller/static load fail.
2017-09-21 18:38:35
180.157.251.31

/index.php
/controller/static load fail.
2017-09-21 18:38:36
180.157.251.31

/index.php
/controller/static load fail.
2017-09-21 18:38:38
180.157.251.31

/index.php
/controller/static load fail.
2017-09-21 18:38:38
180.157.251.31

/index.php
/controller/static load fail.
2017-09-21 18:38:38
180.157.251.31

/index.php
/controller/static load fail.
2017-09-21 18:38:45
180.157.251.31

/index.php
/controller/static load fail.
2017-09-21 18:38:45
180.157.251.31

/index.php
/controller/static load fail.
2017-09-21 18:38:45
180.157.251.31

/index.php
/controller/static load fail.
2017-09-21 18:39:05
180.157.251.31

/index.php
/controller/static load fail.
2017-09-21 18:39:05
180.157.251.31

/index.php
/controller/static load fail.
2017-09-21 18:39:06
180.157.251.31

/index.php
/controller/phpmyadmin load fail.
2017-09-21 18:57:47
140.205.201.44

/index.php
/controller/phpmyadmin load fail.
2017-09-21 18:57:47
140.205.201.44

/index.php
/controller/phpmyadmin load fail.
2017-09-21 18:57:48
140.205.201.44

/index.php
/controller/phpmyadmin load fail.
2017-09-21 18:57:49
140.205.201.44

/index.php
/controller/phpmyadmin load fail.
2017-09-21 18:57:50
140.205.201.44

/index.php
/controller/phpmyadmin load fail.
2017-09-21 18:57:50
140.205.201.44

/index.php
/controller/phpmyadmin load fail.
2017-09-21 18:57:51
140.205.201.44

/index.php
/controller/phpmyadmin load fail.
2017-09-21 18:57:51
140.205.201.44

/index.php
/controller/phpmyadmin load fail.
2017-09-21 18:57:52
140.205.201.44

/index.php
/controller/phpmyadmin load fail.
2017-09-21 18:57:53
140.205.201.44

/index.php
/controller/phpmyadmin load fail.
2017-09-21 18:57:54
140.205.201.44

/index.php
/controller/phpmyadmin load fail.
2017-09-21 18:57:54
140.205.201.44

/index.php
/controller/phpmyadmin load fail.
2017-09-21 18:57:55
140.205.201.44

/index.php
/controller/phpmyadmin load fail.
2017-09-21 18:57:55
140.205.201.44

/index.php
/controller/phpmyadmin load fail.
2017-09-21 18:57:56
140.205.201.44

/index.php
/controller/phpmyadmin load fail.
2017-09-21 18:57:57
140.205.201.44

/index.php
/controller/phpmyadmin load fail.
2017-09-21 18:57:58
140.205.201.44

/index.php
/controller/phpmyadmin load fail.
2017-09-21 18:57:58
140.205.201.44

/index.php
/controller/phpmyadmin load fail.
2017-09-21 18:57:59
140.205.201.44

/index.php
/controller/phpmyadmin load fail.
2017-09-21 18:57:59
140.205.201.44

/index.php
/controller/showcase load fail.
2017-09-21 19:07:05
140.205.201.44

/index.php
/controller/integration load fail.
2017-09-21 19:07:06
140.205.201.44

/index.php
/controller/script load fail.
2017-09-21 19:20:47
110.184.143.129

/index.php
/controller/supportbox load fail.
2017-09-21 19:20:48
110.184.143.129

/index.php
/controller/demo load fail.
2017-09-21 19:20:54
110.184.143.129

/index.php
/controller/script load fail.
2017-09-21 19:20:58
110.184.143.129

/index.php
/controller/supportbox load fail.
2017-09-21 19:20:58
110.184.143.129

/index.php
/controller/ganglia load fail.
2017-09-21 19:21:16
140.205.201.44

/index.php
/controller/difrlhupsvte load fail.
2017-09-21 19:38:08
140.205.201.44

/index.php
/controller/script load fail.
2017-09-21 19:51:41
40.77.167.129

/index.php
/controller/script load fail.
2017-09-21 19:53:54
14.220.243.160

/index.php
/controller/supportbox load fail.
2017-09-21 19:53:55
14.220.243.160

/index.php
/controller/hwi load fail.
2017-09-21 20:10:05
140.205.201.44

/index.php
/controller/script load fail.
2017-09-21 20:13:11
113.135.86.8

/index.php
/controller/supportbox load fail.
2017-09-21 20:13:11
113.135.86.8

/index.php
/controller/script load fail.
2017-09-21 20:14:37
123.175.38.94

/index.php
/controller/supportbox load fail.
2017-09-21 20:14:39
123.175.38.94

/index.php
/controller/demo load fail.
2017-09-21 20:14:47
123.175.38.94

/index.php
/controller/script load fail.
2017-09-21 20:24:26
123.175.38.94

/index.php
/controller/supportbox load fail.
2017-09-21 20:24:28
123.175.38.94

/index.php
/controller/demo load fail.
2017-09-21 20:24:40
123.175.38.94

/index.php
/controller/demo load fail.
2017-09-21 20:24:45
123.175.38.94

/index.php
/controller/demo load fail.
2017-09-21 20:24:51
123.175.38.94

/index.php
/controller/english load fail.
2017-09-21 20:31:16
106.114.67.232

/index.php
/controller/script load fail.
2017-09-21 20:56:00
182.146.233.224

/index.php
/controller/info load fail.
2017-09-21 20:56:19
140.205.201.44

/index.php
/controller/static load fail.
2017-09-21 20:56:48
182.146.233.224

/index.php
/controller/static load fail.
2017-09-21 20:56:49
182.146.233.224

/index.php
/controller/static load fail.
2017-09-21 20:56:49
182.146.233.224

/index.php
/controller/script load fail.
2017-09-21 21:05:03
112.97.61.180

/index.php
/controller/script load fail.
2017-09-21 21:07:14
218.77.94.74

/index.php
/controller/supportbox load fail.
2017-09-21 21:07:16
218.77.94.74

/index.php
/controller/image load fail.
2017-09-21 21:08:02
106.186.18.234

/index.php
/controller/image load fail.
2017-09-21 21:08:02
106.186.18.234

/index.php
/controller/image load fail.
2017-09-21 21:08:03
106.186.18.234

/index.php
/controller/solr load fail.
2017-09-21 21:18:26
140.205.201.44




/index.php
/controller/warning load fail.
2017-09-21 21:19:01
140.205.201.44

/index.php
/controller/pleasereadthis load fail.
2017-09-21 21:19:10
140.205.201.44

/index.php
/controller/script load fail.
2017-09-21 21:19:11
171.90.25.68

/index.php
/controller/supportbox load fail.
2017-09-21 21:19:13
171.90.25.68

/index.php
/controller/please_read load fail.
2017-09-21 21:26:19
140.205.201.44

/index.php
/controller/hadoop load fail.
2017-09-21 21:32:38
140.205.201.44

/index.php
/controller/script load fail.
2017-09-21 21:52:04
49.67.238.127

/index.php
/controller/supportbox load fail.
2017-09-21 21:52:07
49.67.238.127

/index.php
/controller/demo load fail.
2017-09-21 21:52:21
49.67.238.127

/index.php
/controller/script load fail.
2017-09-21 21:52:26
49.67.238.127

/index.php
/controller/supportbox load fail.
2017-09-21 21:52:26
49.67.238.127

/index.php
/controller/script load fail.
2017-09-21 22:02:03
175.189.247.67

/index.php
/controller/supportbox load fail.
2017-09-21 22:02:04
175.189.247.67

/index.php
/controller/script load fail.
2017-09-21 22:07:52
115.206.115.60

/index.php
/controller/supportbox load fail.
2017-09-21 22:07:55
115.206.115.60

/index.php
/controller/phpmyadmin load fail.
2017-09-21 22:08:21
140.205.225.187

/index.php
/controller/phpmyadmin load fail.
2017-09-21 22:08:21
140.205.225.187

/index.php
/controller/phpmyadmin load fail.
2017-09-21 22:08:22
140.205.225.187

/index.php
/controller/phpmyadmin load fail.
2017-09-21 22:08:22
140.205.225.187

/index.php
/controller/phpmyadmin load fail.
2017-09-21 22:08:23
140.205.225.187

/index.php
/controller/phpmyadmin load fail.
2017-09-21 22:08:24
140.205.225.187

/index.php
/controller/phpmyadmin load fail.
2017-09-21 22:08:25
140.205.225.187

/index.php
/controller/phpmyadmin load fail.
2017-09-21 22:08:25
140.205.225.187

/index.php
/controller/phpmyadmin load fail.
2017-09-21 22:08:26
140.205.225.187

/index.php
/controller/phpmyadmin load fail.
2017-09-21 22:08:26
140.205.225.187

/index.php
/controller/phpmyadmin load fail.
2017-09-21 22:08:27
140.205.225.187

/index.php
/controller/phpmyadmin load fail.
2017-09-21 22:08:28
140.205.225.187

/index.php
/controller/demo load fail.
2017-09-21 22:08:28
115.206.115.60

/index.php
/controller/phpmyadmin load fail.
2017-09-21 22:08:29
140.205.225.187

/index.php
/controller/phpmyadmin load fail.
2017-09-21 22:08:29
140.205.225.187

/index.php
/controller/phpmyadmin load fail.
2017-09-21 22:08:30
140.205.225.187

/index.php
/controller/phpmyadmin load fail.
2017-09-21 22:08:30
140.205.225.187

/index.php
/controller/phpmyadmin load fail.
2017-09-21 22:08:31
140.205.225.187

/index.php
/controller/phpmyadmin load fail.
2017-09-21 22:08:32
140.205.225.187

/index.php
/controller/phpmyadmin load fail.
2017-09-21 22:08:33
140.205.225.187

/index.php
/controller/phpmyadmin load fail.
2017-09-21 22:08:33
140.205.225.187

/index.php
/controller/showcase load fail.
2017-09-21 22:11:56
140.205.225.187

/index.php
/controller/integration load fail.
2017-09-21 22:11:57
140.205.225.187

/index.php
/controller/ganglia load fail.
2017-09-21 22:14:42
140.205.225.187

/index.php
/controller/script load fail.
2017-09-21 22:17:19
115.206.115.60

/index.php
/controller/supportbox load fail.
2017-09-21 22:17:19
115.206.115.60

/index.php
/controller/demo load fail.
2017-09-21 22:17:23
115.206.115.60

/index.php
/controller/demo load fail.
2017-09-21 22:17:46
115.206.115.60

/index.php
/controller/script load fail.
2017-09-21 22:17:46
115.206.115.60

/index.php
/controller/supportbox load fail.
2017-09-21 22:17:46
115.206.115.60

/index.php
/controller/script load fail.
2017-09-21 22:18:33
115.206.115.60

/index.php
/controller/supportbox load fail.
2017-09-21 22:18:34
115.206.115.60

/index.php
/controller/script load fail.
2017-09-21 22:19:07
115.206.115.60

/index.php
/controller/supportbox load fail.
2017-09-21 22:19:07
115.206.115.60

/index.php
/controller/wxshgqcuijfb load fail.
2017-09-21 22:19:26
140.205.225.187

/index.php
/controller/script load fail.
2017-09-21 22:19:54
124.238.18.93

/index.php
/controller/supportbox load fail.
2017-09-21 22:19:55
124.238.18.93

/index.php
/controller/script load fail.
2017-09-21 22:20:16
42.156.251.208

/index.php
/controller/hwi load fail.
2017-09-21 22:22:59
140.205.225.187

/index.php
/controller/info load fail.
2017-09-21 22:25:18
140.205.225.187

/index.php
/controller/jenkins load fail.
2017-09-21 22:25:44
140.205.225.187

/index.php
/controller/zabbix load fail.
2017-09-21 22:25:51
140.205.225.187

/index.php
/controller/solr load fail.
2017-09-21 22:25:52
140.205.225.187

/index.php
/controller/warning load fail.
2017-09-21 22:26:02
140.205.225.187

/index.php
/controller/pleasereadthis load fail.
2017-09-21 22:26:05
140.205.225.187

/index.php
/controller/please_read load fail.
2017-09-21 22:26:09
140.205.225.187

/index.php
/controller/hadoop load fail.
2017-09-21 22:26:12
140.205.225.187

/index.php
/controller/script load fail.
2017-09-21 22:46:15
180.91.46.200

/index.php
/controller/supportbox load fail.
2017-09-21 22:46:15
180.91.46.200

/index.php
/controller/script load fail.
2017-09-21 22:51:04
222.133.218.94

/index.php
/controller/supportbox load fail.
2017-09-21 22:51:07
222.133.218.94

/index.php
/controller/script load fail.
2017-09-21 22:53:32
222.133.218.94

/index.php
/controller/demo load fail.
2017-09-21 22:53:39
222.133.218.94

/index.php
/controller/script load fail.
2017-09-21 22:57:10
171.221.119.227

/index.php
/controller/supportbox load fail.
2017-09-21 22:57:12
171.221.119.227

/index.php
/controller/appcenter load fail.
2017-09-21 22:57:21
171.221.119.227

/index.php
/controller/script load fail.
2017-09-21 22:57:23
171.221.119.227

/index.php
/controller/supportbox load fail.
2017-09-21 22:57:23
171.221.119.227

/index.php
/controller/script load fail.
2017-09-21 23:08:03
112.109.223.250

/index.php
/controller/supportbox load fail.
2017-09-21 23:08:06
112.109.223.250

/index.php
/controller/demo load fail.
2017-09-21 23:09:12
112.109.223.250

/index.php
/controller/v load fail.
2017-09-21 23:15:28
220.181.108.117

/index.php
/controller/static load fail.
2017-09-21 23:16:37
223.95.241.162

/index.php
/controller/static load fail.
2017-09-21 23:16:37
223.95.241.162

/index.php
/controller/static load fail.
2017-09-21 23:16:37
223.95.241.162

/index.php
/controller/static load fail.
2017-09-21 23:16:57
223.95.241.162

/index.php
/controller/static load fail.
2017-09-21 23:16:57
223.95.241.162

/index.php
/controller/static load fail.
2017-09-21 23:16:57
223.95.241.162

/index.php
/controller/static load fail.
2017-09-21 23:17:01
223.95.241.162

/index.php
/controller/static load fail.
2017-09-21 23:17:01
223.95.241.162

/index.php
/controller/static load fail.
2017-09-21 23:17:01
223.95.241.162

/index.php
/controller/script load fail.
2017-09-21 23:50:46
52.168.3.55

/index.php
/controller/css load fail.
2017-09-21 23:50:48
52.168.3.55

/index.php
/controller/script load fail.
2017-09-21 23:56:11
182.131.11.251

