/index.php
/controller/script load fail.
2017-09-22 00:06:52
120.82.19.81

/index.php
/controller/script load fail.
2017-09-22 00:06:53
120.82.19.81

/index.php
/controller/supportbox load fail.
2017-09-22 00:06:54
120.82.19.81

/index.php
/controller/supportbox load fail.
2017-09-22 00:06:54
120.82.19.81

/index.php
/controller/script load fail.
2017-09-22 00:07:04
120.82.19.81

/index.php
/controller/supportbox load fail.
2017-09-22 00:07:05
120.82.19.81

/index.php
/controller/script load fail.
2017-09-22 00:21:12
42.239.3.79

/index.php
/controller/script load fail.
2017-09-22 00:31:51
106.17.16.16

/index.php
/controller/supportbox load fail.
2017-09-22 00:31:53
106.17.16.16

/index.php
/controller/newimages load fail.
2017-09-22 01:38:44
123.125.71.110

/index.php
/controller/cache load fail.
2017-09-22 01:54:22
80.82.78.38

/index.php
/controller/newimages load fail.
2017-09-22 01:57:51
123.125.71.39

/index.php
/controller/newimages load fail.
2017-09-22 02:25:57
220.181.108.108

/index.php
/controller/script load fail.
2017-09-22 02:36:33
116.28.237.227

/index.php
/controller/supportbox load fail.
2017-09-22 02:36:35
116.28.237.227

/index.php
/controller/demo load fail.
2017-09-22 02:36:45
116.28.237.227

/index.php
/controller/script load fail.
2017-09-22 02:36:52
219.132.3.200

/index.php
/controller/supportbox load fail.
2017-09-22 02:36:52
116.28.237.227

/index.php
/controller/script load fail.
2017-09-22 03:26:26
113.91.66.26

/index.php
/controller/supportbox load fail.
2017-09-22 03:26:28
113.91.66.26

/index.php
/controller/demo load fail.
2017-09-22 03:26:34
113.91.66.26

/index.php
/controller/script load fail.
2017-09-22 03:27:05
113.91.66.26

/index.php
/controller/supportbox load fail.
2017-09-22 03:27:05
113.91.66.26

/index.php
/controller/script load fail.
2017-09-22 03:28:30
113.91.66.26

/index.php
/controller/supportbox load fail.
2017-09-22 03:28:30
113.91.66.26

/index.php
/controller/demo load fail.
2017-09-22 03:28:34
113.91.66.26

/index.php
/controller/demo load fail.
2017-09-22 03:28:40
113.91.66.26

/index.php
/controller/newimages load fail.
2017-09-22 03:47:28
220.181.108.144

/index.php
/controller/member/admin load fail.
2017-09-22 03:53:51
176.195.104.162

/index.php
/controller/script load fail.
2017-09-22 04:45:32
120.0.85.134

/index.php
/controller/supportbox load fail.
2017-09-22 04:45:34
120.0.85.134

/index.php
/controller/script load fail.
2017-09-22 04:45:42
61.182.10.63

/index.php
/controller/supportbox load fail.
2017-09-22 04:45:44
61.182.10.63

/index.php
/controller/cache load fail.
2017-09-22 04:52:03
172.82.166.210

/index.php
/controller/404 load fail.
2017-09-22 05:32:33
120.132.3.151

/index.php
/controller/script load fail.
2017-09-22 06:18:02
182.83.163.244

/index.php
/controller/supportbox load fail.
2017-09-22 06:18:02
182.83.163.244

/index.php
/controller/script load fail.
2017-09-22 06:18:23
182.83.163.244

/index.php
/controller/supportbox load fail.
2017-09-22 06:18:23
182.83.163.244

/index.php
/controller/demo load fail.
2017-09-22 06:18:30
182.83.163.244

/index.php
/controller/demo load fail.
2017-09-22 06:20:06
182.83.163.244

/index.php
/controller/s load fail.
2017-09-22 07:06:20
61.160.207.19

/index.php
/controller/v load fail.
2017-09-22 07:43:08
180.163.2.117

/index.php
/controller/static load fail.
2017-09-22 07:47:00
171.10.171.131

/index.php
/controller/script load fail.
2017-09-22 07:48:51
42.228.115.10

/index.php
/controller/supportbox load fail.
2017-09-22 07:48:54
42.228.115.10

/index.php
/controller/demo load fail.
2017-09-22 07:49:00
42.228.115.10

/index.php
/controller/demo load fail.
2017-09-22 07:49:26
42.228.115.10

/index.php
/controller/script load fail.
2017-09-22 07:49:31
42.228.115.10

/index.php
/controller/supportbox load fail.
2017-09-22 07:49:31
42.228.115.10

/index.php
/controller/services load fail.
2017-09-22 08:08:18
220.181.108.104

/index.php
/controller/services load fail.
2017-09-22 09:03:13
123.125.71.50

/index.php
/controller/script load fail.
2017-09-22 09:11:57
101.93.230.47

/index.php
/controller/supportbox load fail.
2017-09-22 09:11:59
101.93.230.47

/index.php
/controller/script load fail.
2017-09-22 09:35:18
42.228.160.254

/index.php
/controller/supportbox load fail.
2017-09-22 09:35:19
42.228.160.254

/index.php
/controller/static load fail.
2017-09-22 10:14:38
61.242.42.0

/index.php
/controller/css load fail.
2017-09-22 10:17:01
221.193.210.25

/index.php
/controller/css load fail.
2017-09-22 10:17:01
221.193.210.25

/index.php
/controller/script load fail.
2017-09-22 10:17:01
221.193.210.25

/index.php
/controller/static load fail.
2017-09-22 10:17:11
221.193.210.25

/index.php
/controller/static load fail.
2017-09-22 10:34:17
61.242.42.0

/index.php
/controller/app load fail.
2017-09-22 10:36:17
43.249.131.194

/index.php
/controller/app load fail.
2017-09-22 10:36:26
43.249.131.194

/index.php
/controller/app load fail.
2017-09-22 10:42:14
27.18.84.176

/index.php
/controller/app load fail.
2017-09-22 10:42:15
27.18.84.176

/index.php
/controller/script load fail.
2017-09-22 11:11:04
183.37.213.208

/index.php
/controller/supportbox load fail.
2017-09-22 11:11:05
183.37.213.208

/index.php
/controller/static load fail.
2017-09-22 11:16:10
61.242.42.0

/index.php
/controller/static load fail.
2017-09-22 11:19:40
61.242.42.0

/index.php
/controller/static load fail.
2017-09-22 11:19:46
61.242.42.0

/index.php
/controller/static load fail.
2017-09-22 11:19:47
61.242.42.0

/index.php
/controller/supportbox load fail.
2017-09-22 11:31:48
203.208.60.246

/index.php
/controller/www load fail.
2017-09-22 11:34:35
106.186.18.234

/index.php
/controller/script load fail.
2017-09-22 11:40:12
124.228.195.215

/index.php
/controller/supportbox load fail.
2017-09-22 11:40:13
124.228.195.215

/index.php
/controller/static load fail.
2017-09-22 11:41:09
124.228.195.215

/index.php
/controller/static load fail.
2017-09-22 11:41:09
124.228.195.215

/index.php
/controller/static load fail.
2017-09-22 11:41:09
124.228.195.215

/index.php
/controller/static load fail.
2017-09-22 11:46:59
61.242.42.0

/index.php
/controller/script load fail.
2017-09-22 12:03:09
125.32.96.150

/index.php
/controller/supportbox load fail.
2017-09-22 12:03:10
125.32.96.150

/index.php
/controller/static load fail.
2017-09-22 12:03:11
125.32.96.150

/index.php
/controller/static load fail.
2017-09-22 12:03:12
125.32.96.150

/index.php
/controller/static load fail.
2017-09-22 12:03:12
125.32.96.150

/index.php
/controller/static load fail.
2017-09-22 12:03:17
125.32.96.150

/index.php
/controller/static load fail.
2017-09-22 12:03:17
125.32.96.150

/index.php
/controller/static load fail.
2017-09-22 12:03:17
125.32.96.150

/index.php
/controller/static load fail.
2017-09-22 12:10:24
124.228.195.215

/index.php
/controller/static load fail.
2017-09-22 12:10:24
124.228.195.215

/index.php
/controller/static load fail.
2017-09-22 12:10:24
124.228.195.215

/index.php
/controller/script load fail.
2017-09-22 12:11:49
125.32.96.150

/index.php
/controller/supportbox load fail.
2017-09-22 12:11:49
125.32.96.150

/index.php
/controller/static load fail.
2017-09-22 12:11:51
125.32.96.150

/index.php
/controller/static load fail.
2017-09-22 12:11:51
125.32.96.150

/index.php
/controller/static load fail.
2017-09-22 12:11:51
125.32.96.150

/index.php
/controller/static load fail.
2017-09-22 12:11:57
125.32.96.150

/index.php
/controller/static load fail.
2017-09-22 12:11:57
125.32.96.150

/index.php
/controller/static load fail.
2017-09-22 12:11:57
125.32.96.150

/index.php
/controller/static load fail.
2017-09-22 12:11:59
125.32.96.150

/index.php
/controller/static load fail.
2017-09-22 12:11:59
125.32.96.150

/index.php
/controller/static load fail.
2017-09-22 12:11:59
125.32.96.150

/index.php
/controller/static load fail.
2017-09-22 12:12:00
125.32.96.150

/index.php
/controller/static load fail.
2017-09-22 12:12:00
125.32.96.150

/index.php
/controller/static load fail.
2017-09-22 12:12:00
125.32.96.150

/index.php
/controller/member/truename load fail.
2017-09-22 12:12:02
125.32.96.150

/index.php
/controller/static load fail.
2017-09-22 12:13:16
125.32.96.150

/index.php
/controller/static load fail.
2017-09-22 12:13:16
125.32.96.150

/index.php
/controller/static load fail.
2017-09-22 12:13:16
125.32.96.150

/index.php
/controller/static load fail.
2017-09-22 12:13:17
125.32.96.150

/index.php
/controller/static load fail.
2017-09-22 12:13:17
125.32.96.150

/index.php
/controller/static load fail.
2017-09-22 12:13:17
125.32.96.150

/index.php
/controller/static load fail.
2017-09-22 12:13:38
125.32.96.150

/index.php
/controller/static load fail.
2017-09-22 12:13:38
125.32.96.150

/index.php
/controller/static load fail.
2017-09-22 12:13:38
125.32.96.150

/index.php
/controller/static load fail.
2017-09-22 12:14:47
125.32.96.150

/index.php
/controller/static load fail.
2017-09-22 12:14:47
125.32.96.150

/index.php
/controller/static load fail.
2017-09-22 12:14:47
125.32.96.150

/index.php
/controller/static load fail.
2017-09-22 12:15:28
124.228.195.215

/index.php
/controller/static load fail.
2017-09-22 12:15:28
124.228.195.215

/index.php
/controller/static load fail.
2017-09-22 12:15:28
124.228.195.215

/index.php
/controller/script load fail.
2017-09-22 12:15:55
124.228.195.215

/index.php
/controller/supportbox load fail.
2017-09-22 12:15:55
124.228.195.215

/index.php
/controller/static load fail.
2017-09-22 12:15:57
124.228.195.215

/index.php
/controller/static load fail.
2017-09-22 12:15:57
124.228.195.215

/index.php
/controller/static load fail.
2017-09-22 12:15:57
124.228.195.215

/index.php
/controller/static load fail.
2017-09-22 12:15:58
125.32.96.150

/index.php
/controller/static load fail.
2017-09-22 12:15:58
125.32.96.150

/index.php
/controller/static load fail.
2017-09-22 12:15:59
125.32.96.150

/index.php
/controller/static load fail.
2017-09-22 12:16:01
125.32.96.150

/index.php
/controller/static load fail.
2017-09-22 12:16:01
125.32.96.150

/index.php
/controller/static load fail.
2017-09-22 12:16:01
125.32.96.150

/index.php
/controller/static load fail.
2017-09-22 12:16:03
124.228.195.215

/index.php
/controller/static load fail.
2017-09-22 12:16:03
124.228.195.215

/index.php
/controller/static load fail.
2017-09-22 12:16:03
124.228.195.215

/index.php
/controller/static load fail.
2017-09-22 12:16:07
125.32.96.150

/index.php
/controller/static load fail.
2017-09-22 12:16:07
125.32.96.150

/index.php
/controller/static load fail.
2017-09-22 12:16:07
125.32.96.150

/index.php
/controller/static load fail.
2017-09-22 12:16:10
125.32.96.150

/index.php
/controller/static load fail.
2017-09-22 12:16:10
125.32.96.150

/index.php
/controller/static load fail.
2017-09-22 12:16:10
125.32.96.150

/index.php
/controller/member/truename load fail.
2017-09-22 12:16:11
124.228.195.215

/index.php
/controller/member/truename load fail.
2017-09-22 12:16:16
124.228.195.215

/index.php
/controller/member/truename load fail.
2017-09-22 12:16:18
125.32.96.150

/index.php
/controller/static load fail.
2017-09-22 12:16:20
124.228.195.215

/index.php
/controller/static load fail.
2017-09-22 12:16:20
124.228.195.215

/index.php
/controller/static load fail.
2017-09-22 12:16:20
124.228.195.215

/index.php
/controller/static load fail.
2017-09-22 12:17:24
124.228.195.215

/index.php
/controller/static load fail.
2017-09-22 12:17:24
124.228.195.215

/index.php
/controller/static load fail.
2017-09-22 12:17:24
124.228.195.215

/index.php
/controller/static load fail.
2017-09-22 12:17:25
124.228.195.215

/index.php
/controller/static load fail.
2017-09-22 12:17:25
124.228.195.215

/index.php
/controller/static load fail.
2017-09-22 12:17:25
124.228.195.215

/index.php
/controller/script load fail.
2017-09-22 12:17:29
182.130.212.114

/index.php
/controller/static load fail.
2017-09-22 12:17:30
125.32.96.150

/index.php
/controller/static load fail.
2017-09-22 12:17:30
125.32.96.150

/index.php
/controller/static load fail.
2017-09-22 12:17:30
125.32.96.150

/index.php
/controller/supportbox load fail.
2017-09-22 12:17:31
182.130.212.114

/index.php
/controller/static load fail.
2017-09-22 12:17:31
124.228.195.215

/index.php
/controller/static load fail.
2017-09-22 12:17:32
124.228.195.215

/index.php
/controller/static load fail.
2017-09-22 12:17:32
124.228.195.215

/index.php
/controller/static load fail.
2017-09-22 12:17:33
125.32.96.150

/index.php
/controller/static load fail.
2017-09-22 12:17:33
125.32.96.150

/index.php
/controller/static load fail.
2017-09-22 12:17:33
125.32.96.150

/index.php
/controller/static load fail.
2017-09-22 12:17:34
124.228.195.215

/index.php
/controller/static load fail.
2017-09-22 12:17:34
124.228.195.215

/index.php
/controller/static load fail.
2017-09-22 12:17:34
124.228.195.215

/index.php
/controller/static load fail.
2017-09-22 12:17:35
124.228.195.215

/index.php
/controller/static load fail.
2017-09-22 12:17:35
124.228.195.215

/index.php
/controller/static load fail.
2017-09-22 12:17:35
124.228.195.215

/index.php
/controller/static load fail.
2017-09-22 12:17:35
125.32.96.150

/index.php
/controller/static load fail.
2017-09-22 12:17:35
125.32.96.150

/index.php
/controller/static load fail.
2017-09-22 12:17:35
125.32.96.150

/index.php
/controller/static load fail.
2017-09-22 12:17:37
125.32.96.150

/index.php
/controller/static load fail.
2017-09-22 12:17:37
125.32.96.150

/index.php
/controller/static load fail.
2017-09-22 12:17:37
125.32.96.150

/index.php
/controller/static load fail.
2017-09-22 12:17:39
124.228.195.215

/index.php
/controller/static load fail.
2017-09-22 12:17:39
124.228.195.215

/index.php
/controller/static load fail.
2017-09-22 12:17:39
124.228.195.215

/index.php
/controller/static load fail.
2017-09-22 12:17:41
124.228.195.215

/index.php
/controller/static load fail.
2017-09-22 12:17:41
124.228.195.215

/index.php
/controller/static load fail.
2017-09-22 12:17:41
124.228.195.215

/index.php
/controller/dede load fail.
2017-09-22 12:17:41
115.213.234.94

/index.php
/controller/static load fail.
2017-09-22 12:17:43
124.228.195.215

/index.php
/controller/static load fail.
2017-09-22 12:17:44
124.228.195.215

/index.php
/controller/static load fail.
2017-09-22 12:17:44
124.228.195.215

/index.php
/controller/static load fail.
2017-09-22 12:17:54
125.32.96.150

/index.php
/controller/static load fail.
2017-09-22 12:17:54
125.32.96.150

/index.php
/controller/static load fail.
2017-09-22 12:17:54
125.32.96.150

/index.php
/controller/dede load fail.
2017-09-22 12:18:17
115.213.234.94

/index.php
/controller/script load fail.
2017-09-22 12:19:50
182.130.212.114

/index.php
/controller/supportbox load fail.
2017-09-22 12:19:50
182.130.212.114

/index.php
/controller/static load fail.
2017-09-22 12:20:51
125.32.96.150

/index.php
/controller/static load fail.
2017-09-22 12:20:51
125.32.96.150

/index.php
/controller/static load fail.
2017-09-22 12:20:52
125.32.96.150

/index.php
/controller/static load fail.
2017-09-22 12:20:52
125.32.96.150

/index.php
/controller/static load fail.
2017-09-22 12:20:53
125.32.96.150

/index.php
/controller/static load fail.
2017-09-22 12:20:53
125.32.96.150

/index.php
/controller/static load fail.
2017-09-22 12:20:59
125.32.96.150

/index.php
/controller/static load fail.
2017-09-22 12:20:59
125.32.96.150

/index.php
/controller/static load fail.
2017-09-22 12:20:59
125.32.96.150

/index.php
/controller/static load fail.
2017-09-22 12:21:15
125.32.96.150

/index.php
/controller/static load fail.
2017-09-22 12:21:15
125.32.96.150

/index.php
/controller/static load fail.
2017-09-22 12:21:15
125.32.96.150

/index.php
/controller/l load fail.
2017-09-22 12:39:06
203.208.60.237

/index.php
/controller/english load fail.
2017-09-22 12:44:04
182.119.194.221

/index.php
/controller/static load fail.
2017-09-22 12:45:05
125.32.96.150

/index.php
/controller/static load fail.
2017-09-22 12:45:05
125.32.96.150

/index.php
/controller/static load fail.
2017-09-22 12:45:05
125.32.96.150

/index.php
/controller/l load fail.
2017-09-22 12:45:10
123.125.67.206

/index.php
/controller/supportbox load fail.
2017-09-22 12:49:38
203.208.60.240

/index.php
/controller/static load fail.
2017-09-22 12:53:37
124.228.195.215

/index.php
/controller/static load fail.
2017-09-22 12:53:37
124.228.195.215

/index.php
/controller/static load fail.
2017-09-22 12:53:37
124.228.195.215

/index.php
/controller/script load fail.
2017-09-22 12:58:39
121.228.25.60

/index.php
/controller/supportbox load fail.
2017-09-22 12:58:40
121.228.25.60

/index.php
/controller/script load fail.
2017-09-22 12:59:39
42.242.30.209

/index.php
/controller/script load fail.
2017-09-22 13:12:36
123.151.139.145

/index.php
/controller/script load fail.
2017-09-22 13:33:46
124.228.195.215

/index.php
/controller/supportbox load fail.
2017-09-22 13:33:47
124.228.195.215

/index.php
/controller/static load fail.
2017-09-22 13:33:48
124.228.195.215

/index.php
/controller/static load fail.
2017-09-22 13:33:49
124.228.195.215

/index.php
/controller/static load fail.
2017-09-22 13:33:49
124.228.195.215

/index.php
/controller/static load fail.
2017-09-22 13:33:55
124.228.195.215

/index.php
/controller/static load fail.
2017-09-22 13:33:55
124.228.195.215

/index.php
/controller/static load fail.
2017-09-22 13:33:55
124.228.195.215

/index.php
/controller/script load fail.
2017-09-22 13:46:13
218.205.18.120

/index.php
/controller/supportbox load fail.
2017-09-22 13:46:14
218.205.18.120

/index.php
/controller/script load fail.
2017-09-22 13:47:09
120.92.32.146

/index.php
/controller/script load fail.
2017-09-22 14:10:52
180.136.47.118

/index.php
/controller/supportbox load fail.
2017-09-22 14:10:53
180.136.47.118

/index.php
/controller/script load fail.
2017-09-22 14:11:32
180.136.47.118

/index.php
/controller/supportbox load fail.
2017-09-22 14:11:32
180.136.47.118

/index.php
/controller/demo load fail.
2017-09-22 14:11:38
180.136.47.118

/index.php
/controller/script load fail.
2017-09-22 14:21:27
183.202.228.102

/index.php
/controller/supportbox load fail.
2017-09-22 14:21:28
183.202.228.102

/index.php
/controller/script load fail.
2017-09-22 14:25:01
183.202.228.102

/index.php
/controller/supportbox load fail.
2017-09-22 14:25:01
183.202.228.102

/index.php
/controller/demo load fail.
2017-09-22 14:25:06
183.202.228.102

/index.php
/controller/script load fail.
2017-09-22 14:25:07
183.202.228.102

/index.php
/controller/supportbox load fail.
2017-09-22 14:25:07
183.202.228.102

/index.php
/controller/static load fail.
2017-09-22 14:28:22
180.157.251.31

/index.php
/controller/static load fail.
2017-09-22 14:28:23
180.157.251.31

/index.php
/controller/static load fail.
2017-09-22 14:28:23
180.157.251.31

/index.php
/controller/static load fail.
2017-09-22 14:28:32
101.226.79.182

/index.php
/controller/static load fail.
2017-09-22 14:28:33
101.226.66.173

/index.php
/controller/static load fail.
2017-09-22 14:28:33
101.226.33.238

/index.php
/controller/script load fail.
2017-09-22 14:30:51
113.246.141.204

/index.php
/controller/supportbox load fail.
2017-09-22 14:30:52
113.246.141.204

/index.php
/controller/script load fail.
2017-09-22 14:34:44
113.246.141.204

/index.php
/controller/supportbox load fail.
2017-09-22 14:34:45
113.246.141.204

/index.php
/controller/script load fail.
2017-09-22 14:34:54
113.246.141.204

/index.php
/controller/supportbox load fail.
2017-09-22 14:34:54
113.246.141.204

/index.php
/controller/static load fail.
2017-09-22 14:36:08
182.32.183.195

/index.php
/controller/static load fail.
2017-09-22 14:36:08
182.32.183.195

/index.php
/controller/static load fail.
2017-09-22 14:36:09
182.32.183.195

/index.php
/controller/static load fail.
2017-09-22 14:36:18
101.226.125.100

/index.php
/controller/static load fail.
2017-09-22 14:36:22
101.226.89.119

/index.php
/controller/script load fail.
2017-09-22 14:38:24
180.173.74.77

/index.php
/controller/supportbox load fail.
2017-09-22 14:38:26
180.173.74.77

/index.php
/controller/script load fail.
2017-09-22 14:40:27
180.173.74.77

/index.php
/controller/supportbox load fail.
2017-09-22 14:40:28
180.173.74.77

/index.php
/controller/static load fail.
2017-09-22 14:42:32
101.226.125.103

/index.php
/controller/l load fail.
2017-09-22 14:44:47
123.125.71.75

/index.php
/controller/script load fail.
2017-09-22 15:11:56
61.242.42.0

/index.php
/controller/supportbox load fail.
2017-09-22 15:11:57
61.242.42.0

/index.php
/controller/static load fail.
2017-09-22 15:12:16
61.242.42.0

/index.php
/controller/static load fail.
2017-09-22 15:12:16
61.242.42.0

/index.php
/controller/static load fail.
2017-09-22 15:12:16
61.242.42.0

/index.php
/controller/script load fail.
2017-09-22 15:14:38
112.97.49.195

/index.php
/controller/script load fail.
2017-09-22 15:41:39
171.92.202.82

/index.php
/controller/supportbox load fail.
2017-09-22 15:41:41
171.92.202.82

/index.php
/controller/script load fail.
2017-09-22 15:45:26
101.21.120.188

/index.php
/controller/supportbox load fail.
2017-09-22 15:45:28
101.21.120.188

/index.php
/controller/demo load fail.
2017-09-22 15:49:21
221.192.180.213

/index.php
/controller/l load fail.
2017-09-22 15:56:23
220.181.51.104

/index.php
/controller/script load fail.
2017-09-22 15:57:10
222.179.98.2

/index.php
/controller/supportbox load fail.
2017-09-22 15:57:10
222.179.98.2

/index.php
/controller/script load fail.
2017-09-22 15:58:36
211.24.114.214

/index.php
/controller/supportbox load fail.
2017-09-22 15:58:37
211.24.114.214

/index.php
/controller/demo load fail.
2017-09-22 15:58:57
211.24.114.214

/index.php
/controller/script load fail.
2017-09-22 16:01:30
211.24.114.214

/index.php
/controller/supportbox load fail.
2017-09-22 16:01:31
211.24.114.214

/index.php
/controller/script load fail.
2017-09-22 16:01:42
211.24.114.214

/index.php
/controller/supportbox load fail.
2017-09-22 16:01:43
211.24.114.214

/index.php
/controller/demo load fail.
2017-09-22 16:01:47
211.24.114.214

/index.php
/controller/script load fail.
2017-09-22 16:23:01
121.233.92.92

/index.php
/controller/supportbox load fail.
2017-09-22 16:23:04
121.233.92.92

/index.php
/controller/script load fail.
2017-09-22 16:39:17
218.88.94.254

/index.php
/controller/supportbox load fail.
2017-09-22 16:39:18
218.88.94.254

/index.php
/controller/phpmyadmin load fail.
2017-09-22 16:51:07
140.205.201.37

/index.php
/controller/phpmyadmin load fail.
2017-09-22 16:51:07
140.205.201.37

/index.php
/controller/phpmyadmin load fail.
2017-09-22 16:51:08
140.205.201.37

/index.php
/controller/phpmyadmin load fail.
2017-09-22 16:51:08
140.205.201.37

/index.php
/controller/phpmyadmin load fail.
2017-09-22 16:51:09
140.205.201.37

/index.php
/controller/phpmyadmin load fail.
2017-09-22 16:51:10
140.205.201.37

/index.php
/controller/phpmyadmin load fail.
2017-09-22 16:51:11
140.205.201.37

/index.php
/controller/phpmyadmin load fail.
2017-09-22 16:51:11
140.205.201.37

/index.php
/controller/phpmyadmin load fail.
2017-09-22 16:51:12
140.205.201.37

/index.php
/controller/phpmyadmin load fail.
2017-09-22 16:51:12
140.205.201.37

/index.php
/controller/phpmyadmin load fail.
2017-09-22 16:51:13
140.205.201.37

/index.php
/controller/phpmyadmin load fail.
2017-09-22 16:51:14
140.205.201.37

/index.php
/controller/phpmyadmin load fail.
2017-09-22 16:51:15
140.205.201.37

/index.php
/controller/phpmyadmin load fail.
2017-09-22 16:51:15
140.205.201.37

/index.php
/controller/phpmyadmin load fail.
2017-09-22 16:51:16
140.205.201.37

/index.php
/controller/phpmyadmin load fail.
2017-09-22 16:51:16
140.205.201.37

/index.php
/controller/phpmyadmin load fail.
2017-09-22 16:51:17
140.205.201.37

/index.php
/controller/phpmyadmin load fail.
2017-09-22 16:51:18
140.205.201.37

/index.php
/controller/phpmyadmin load fail.
2017-09-22 16:51:19
140.205.201.37

/index.php
/controller/phpmyadmin load fail.
2017-09-22 16:51:19
140.205.201.37

/index.php
/controller/script load fail.
2017-09-22 16:53:58
211.161.166.165

/index.php
/controller/supportbox load fail.
2017-09-22 16:53:59
211.161.166.165

/index.php
/controller/static load fail.
2017-09-22 16:54:01
211.161.166.165

/index.php
/controller/static load fail.
2017-09-22 16:54:01
211.161.166.165

/index.php
/controller/static load fail.
2017-09-22 16:54:02
211.161.166.165

/index.php
/controller/static load fail.
2017-09-22 16:54:05
211.161.166.165

/index.php
/controller/static load fail.
2017-09-22 16:54:06
211.161.166.165

/index.php
/controller/static load fail.
2017-09-22 16:54:06
211.161.166.165

/index.php
/controller/static load fail.
2017-09-22 16:54:07
211.161.166.165

/index.php
/controller/static load fail.
2017-09-22 16:54:07
211.161.166.165

/index.php
/controller/static load fail.
2017-09-22 16:54:07
211.161.166.165

/index.php
/controller/static load fail.
2017-09-22 16:54:55
211.161.166.165

/index.php
/controller/static load fail.
2017-09-22 16:54:55
211.161.166.165

/index.php
/controller/static load fail.
2017-09-22 16:54:55
211.161.166.165

/index.php
/controller/static load fail.
2017-09-22 16:54:58
211.161.166.165

/index.php
/controller/static load fail.
2017-09-22 16:54:59
211.161.166.165

/index.php
/controller/static load fail.
2017-09-22 16:54:59
211.161.166.165

/index.php
/controller/static load fail.
2017-09-22 16:55:02
211.161.166.165

/index.php
/controller/static load fail.
2017-09-22 16:55:02
211.161.166.165

/index.php
/controller/static load fail.
2017-09-22 16:55:02
211.161.166.165

/index.php
/controller/static load fail.
2017-09-22 16:55:08
211.161.166.165

/index.php
/controller/static load fail.
2017-09-22 16:55:08
211.161.166.165

/index.php
/controller/static load fail.
2017-09-22 16:55:08
211.161.166.165

/index.php
/controller/static load fail.
2017-09-22 16:55:13
211.161.166.165

/index.php
/controller/static load fail.
2017-09-22 16:55:14
211.161.166.165

/index.php
/controller/static load fail.
2017-09-22 16:55:14
211.161.166.165

/index.php
/controller/static load fail.
2017-09-22 16:55:15
211.161.166.165

/index.php
/controller/static load fail.
2017-09-22 16:55:15
211.161.166.165

/index.php
/controller/static load fail.
2017-09-22 16:55:15
211.161.166.165

/index.php
/controller/static load fail.
2017-09-22 16:55:17
211.161.166.165

/index.php
/controller/static load fail.
2017-09-22 16:55:17
211.161.166.165

/index.php
/controller/static load fail.
2017-09-22 16:55:17
211.161.166.165

/index.php
/controller/static load fail.
2017-09-22 16:55:20
211.161.166.165

/index.php
/controller/static load fail.
2017-09-22 16:55:20
211.161.166.165

/index.php
/controller/static load fail.
2017-09-22 16:55:20
211.161.166.165

/index.php
/controller/static load fail.
2017-09-22 16:55:26
211.161.166.165

/index.php
/controller/static load fail.
2017-09-22 16:55:26
211.161.166.165

/index.php
/controller/static load fail.
2017-09-22 16:55:26
211.161.166.165

/index.php
/controller/static load fail.
2017-09-22 16:55:47
211.161.166.165

/index.php
/controller/static load fail.
2017-09-22 16:55:47
211.161.166.165

/index.php
/controller/static load fail.
2017-09-22 16:55:47
211.161.166.165

/index.php
/controller/static load fail.
2017-09-22 16:55:50
211.161.166.165

/index.php
/controller/static load fail.
2017-09-22 16:55:50
211.161.166.165

/index.php
/controller/static load fail.
2017-09-22 16:55:50
211.161.166.165

/index.php
/controller/static load fail.
2017-09-22 16:55:55
211.161.166.165

/index.php
/controller/static load fail.
2017-09-22 16:55:55
211.161.166.165

/index.php
/controller/static load fail.
2017-09-22 16:55:55
211.161.166.165

/index.php
/controller/static load fail.
2017-09-22 16:55:59
211.161.166.165

/index.php
/controller/static load fail.
2017-09-22 16:55:59
211.161.166.165

/index.php
/controller/static load fail.
2017-09-22 16:55:59
211.161.166.165

/index.php
/controller/static load fail.
2017-09-22 16:56:17
211.161.166.165

/index.php
/controller/static load fail.
2017-09-22 16:56:17
211.161.166.165

/index.php
/controller/static load fail.
2017-09-22 16:56:17
211.161.166.165

/index.php
/controller/static load fail.
2017-09-22 16:56:19
211.161.166.165

/index.php
/controller/static load fail.
2017-09-22 16:56:19
211.161.166.165

/index.php
/controller/static load fail.
2017-09-22 16:56:19
211.161.166.165

/index.php
/controller/showcase load fail.
2017-09-22 16:56:32
140.205.201.37

/index.php
/controller/integration load fail.
2017-09-22 16:56:33
140.205.201.37

/index.php
/controller/member/truename load fail.
2017-09-22 16:57:48
211.161.166.165

/index.php
/controller/script load fail.
2017-09-22 16:58:32
211.161.166.165

/index.php
/controller/supportbox load fail.
2017-09-22 16:58:32
211.161.166.165

/index.php
/controller/static load fail.
2017-09-22 16:59:34
211.161.166.165

/index.php
/controller/static load fail.
2017-09-22 16:59:34
211.161.166.165

/index.php
/controller/static load fail.
2017-09-22 16:59:34
211.161.166.165

/index.php
/controller/static load fail.
2017-09-22 16:59:35
211.161.166.165

/index.php
/controller/static load fail.
2017-09-22 16:59:35
211.161.166.165

/index.php
/controller/static load fail.
2017-09-22 16:59:35
211.161.166.165

/index.php
/controller/ganglia load fail.
2017-09-22 17:01:42
140.205.201.37

/index.php
/controller/script load fail.
2017-09-22 17:04:27
::1

/index.php
/controller/css load fail.
2017-09-22 17:04:28
::1

/index.php
/controller/supportbox load fail.
2017-09-22 17:04:33
::1

/index.php
/controller/static load fail.
2017-09-22 17:04:49
211.161.166.165

/index.php
/controller/static load fail.
2017-09-22 17:04:49
211.161.166.165

/index.php
/controller/static load fail.
2017-09-22 17:04:49
211.161.166.165

/index.php
/controller/skeqdnvmtwol load fail.
2017-09-22 17:10:49
140.205.201.37

/index.php
/controller/hwi load fail.
2017-09-22 17:22:21
140.205.201.37

/index.php
/controller/info load fail.
2017-09-22 17:27:09
140.205.201.37

/index.php
/controller/jenkins load fail.
2017-09-22 17:27:32
140.205.201.37

/index.php
/controller/zabbix load fail.
2017-09-22 17:27:36
140.205.201.37

/index.php
/controller/solr load fail.
2017-09-22 17:27:37
140.205.201.37

/index.php
/controller/warning load fail.
2017-09-22 17:27:45
140.205.201.37

/index.php
/controller/pleasereadthis load fail.
2017-09-22 17:27:49
140.205.201.37

/index.php
/controller/please_read load fail.
2017-09-22 17:27:53
140.205.201.37

/index.php
/controller/hadoop load fail.
2017-09-22 17:27:56
140.205.201.37

/index.php
/controller/static load fail.
2017-09-22 17:44:15
182.130.212.114

/index.php
/controller/static load fail.
2017-09-22 17:44:15
182.130.212.114

/index.php
/controller/static load fail.
2017-09-22 17:44:15
182.130.212.114

/index.php
/controller/static load fail.
2017-09-22 17:44:18
182.130.212.114

/index.php
/controller/static load fail.
2017-09-22 17:44:18
182.130.212.114

/index.php
/controller/static load fail.
2017-09-22 17:44:18
182.130.212.114

/index.php
/controller/static load fail.
2017-09-22 17:44:19
182.130.212.114

/index.php
/controller/static load fail.
2017-09-22 17:44:19
182.130.212.114

/index.php
/controller/static load fail.
2017-09-22 17:44:19
182.130.212.114

/index.php
/controller/static load fail.
2017-09-22 17:44:21
182.130.212.114

/index.php
/controller/static load fail.
2017-09-22 17:44:21
182.130.212.114

/index.php
/controller/static load fail.
2017-09-22 17:44:21
182.130.212.114

/index.php
/controller/static load fail.
2017-09-22 17:44:26
182.130.212.114

/index.php
/controller/static load fail.
2017-09-22 17:44:26
182.130.212.114

/index.php
/controller/static load fail.
2017-09-22 17:44:26
182.130.212.114

/index.php
/controller/static load fail.
2017-09-22 17:44:30
182.130.212.114

/index.php
/controller/static load fail.
2017-09-22 17:44:30
182.130.212.114

/index.php
/controller/static load fail.
2017-09-22 17:44:30
182.130.212.114

/index.php
/controller/static load fail.
2017-09-22 17:44:31
182.130.212.114

/index.php
/controller/static load fail.
2017-09-22 17:44:31
182.130.212.114

/index.php
/controller/static load fail.
2017-09-22 17:44:32
182.130.212.114

/index.php
/controller/static load fail.
2017-09-22 17:44:34
182.130.212.114

/index.php
/controller/static load fail.
2017-09-22 17:44:34
182.130.212.114

/index.php
/controller/static load fail.
2017-09-22 17:44:34
182.130.212.114

/index.php
/controller/english load fail.
2017-09-22 18:00:04
116.249.91.78

/index.php
/controller/app load fail.
2017-09-22 18:01:45
45.120.200.235

/index.php
/controller/app load fail.
2017-09-22 18:01:47
45.120.200.235

/index.php
/controller/l load fail.
2017-09-22 18:02:25
123.125.71.42

/index.php
/controller/phpmyadmin load fail.
2017-09-22 18:10:20
140.205.201.37

/index.php
/controller/phpmyadmin load fail.
2017-09-22 18:10:20
140.205.201.37

/index.php
/controller/phpmyadmin load fail.
2017-09-22 18:10:20
140.205.201.37

/index.php
/controller/phpmyadmin load fail.
2017-09-22 18:10:20
140.205.201.37

/index.php
/controller/static load fail.
2017-09-22 18:10:21
182.130.212.114

/index.php
/controller/phpmyadmin load fail.
2017-09-22 18:10:21
140.205.201.37

/index.php
/controller/phpmyadmin load fail.
2017-09-22 18:10:21
140.205.201.37

/index.php
/controller/phpmyadmin load fail.
2017-09-22 18:10:21
140.205.201.37

/index.php
/controller/static load fail.
2017-09-22 18:10:21
182.130.212.114

/index.php
/controller/static load fail.
2017-09-22 18:10:21
182.130.212.114

/index.php
/controller/phpmyadmin load fail.
2017-09-22 18:10:21
140.205.201.37

/index.php
/controller/phpmyadmin load fail.
2017-09-22 18:10:21
140.205.201.37

/index.php
/controller/phpmyadmin load fail.
2017-09-22 18:10:21
140.205.201.37

/index.php
/controller/phpmyadmin load fail.
2017-09-22 18:10:22
140.205.201.37

/index.php
/controller/phpmyadmin load fail.
2017-09-22 18:10:22
140.205.201.37

/index.php
/controller/phpmyadmin load fail.
2017-09-22 18:10:22
140.205.201.37

/index.php
/controller/phpmyadmin load fail.
2017-09-22 18:10:23
140.205.201.37

/index.php
/controller/phpmyadmin load fail.
2017-09-22 18:10:23
140.205.201.37

/index.php
/controller/phpmyadmin load fail.
2017-09-22 18:10:23
140.205.201.37

/index.php
/controller/phpmyadmin load fail.
2017-09-22 18:10:24
140.205.201.37

/index.php
/controller/phpmyadmin load fail.
2017-09-22 18:10:24
140.205.201.37

/index.php
/controller/phpmyadmin load fail.
2017-09-22 18:10:24
140.205.201.37

/index.php
/controller/phpmyadmin load fail.
2017-09-22 18:10:24
140.205.201.37

/index.php
/controller/phpmyadmin load fail.
2017-09-22 18:10:24
140.205.201.37

/index.php
/controller/phpmyadmin load fail.
2017-09-22 18:10:24
140.205.201.37

/index.php
/controller/phpmyadmin load fail.
2017-09-22 18:10:25
140.205.201.37

/index.php
/controller/phpmyadmin load fail.
2017-09-22 18:10:25
140.205.201.37

/index.php
/controller/phpmyadmin load fail.
2017-09-22 18:10:25
140.205.201.37

/index.php
/controller/phpmyadmin load fail.
2017-09-22 18:10:25
140.205.201.37

/index.php
/controller/phpmyadmin load fail.
2017-09-22 18:10:25
140.205.201.37

/index.php
/controller/phpmyadmin load fail.
2017-09-22 18:10:25
140.205.201.37

/index.php
/controller/phpmyadmin load fail.
2017-09-22 18:10:26
140.205.201.37

/index.php
/controller/phpmyadmin load fail.
2017-09-22 18:10:26
140.205.201.37

/index.php
/controller/phpmyadmin load fail.
2017-09-22 18:10:26
140.205.201.37

/index.php
/controller/phpmyadmin load fail.
2017-09-22 18:10:27
140.205.201.37

/index.php
/controller/phpmyadmin load fail.
2017-09-22 18:10:27
140.205.201.37

/index.php
/controller/phpmyadmin load fail.
2017-09-22 18:10:27
140.205.201.37

/index.php
/controller/phpmyadmin load fail.
2017-09-22 18:10:28
140.205.201.37

/index.php
/controller/phpmyadmin load fail.
2017-09-22 18:10:28
140.205.201.37

/index.php
/controller/phpmyadmin load fail.
2017-09-22 18:10:28
140.205.201.37

/index.php
/controller/phpmyadmin load fail.
2017-09-22 18:10:28
140.205.201.37

/index.php
/controller/phpmyadmin load fail.
2017-09-22 18:10:28
140.205.201.37

/index.php
/controller/phpmyadmin load fail.
2017-09-22 18:10:28
140.205.201.37

/index.php
/controller/phpmyadmin load fail.
2017-09-22 18:10:29
140.205.201.37

/index.php
/controller/phpmyadmin load fail.
2017-09-22 18:10:29
140.205.201.37

/index.php
/controller/phpmyadmin load fail.
2017-09-22 18:10:29
140.205.201.37

/index.php
/controller/phpmyadmin load fail.
2017-09-22 18:10:29
140.205.201.37

/index.php
/controller/phpmyadmin load fail.
2017-09-22 18:10:29
140.205.201.37

/index.php
/controller/phpmyadmin load fail.
2017-09-22 18:10:29
140.205.201.37

/index.php
/controller/phpmyadmin load fail.
2017-09-22 18:10:31
140.205.201.37

/index.php
/controller/phpmyadmin load fail.
2017-09-22 18:10:31
140.205.201.37

/index.php
/controller/phpmyadmin load fail.
2017-09-22 18:10:31
140.205.201.37

/index.php
/controller/phpmyadmin load fail.
2017-09-22 18:10:31
140.205.201.37

/index.php
/controller/phpmyadmin load fail.
2017-09-22 18:10:31
140.205.201.37

/index.php
/controller/phpmyadmin load fail.
2017-09-22 18:10:31
140.205.201.37

/index.php
/controller/phpmyadmin load fail.
2017-09-22 18:10:32
140.205.201.37

/index.php
/controller/phpmyadmin load fail.
2017-09-22 18:10:32
140.205.201.37

/index.php
/controller/phpmyadmin load fail.
2017-09-22 18:10:32
140.205.201.37

/index.php
/controller/phpmyadmin load fail.
2017-09-22 18:10:32
140.205.201.37

/index.php
/controller/phpmyadmin load fail.
2017-09-22 18:10:32
140.205.201.37

/index.php
/controller/phpmyadmin load fail.
2017-09-22 18:10:32
140.205.201.37

/index.php
/controller/phpmyadmin load fail.
2017-09-22 18:10:33
140.205.201.37

/index.php
/controller/phpmyadmin load fail.
2017-09-22 18:10:33
140.205.201.37

/index.php
/controller/hwi load fail.
2017-09-22 18:11:56
140.205.201.37

/index.php
/controller/hwi load fail.
2017-09-22 18:11:57
140.205.201.37

/index.php
/controller/hwi load fail.
2017-09-22 18:11:57
140.205.201.37

/index.php
/controller/cgywtlienpru load fail.
2017-09-22 18:13:37
140.205.201.37

/index.php
/controller/qnltrhgpuzjs load fail.
2017-09-22 18:13:39
140.205.201.37

/index.php
/controller/dyzikhsapbue load fail.
2017-09-22 18:13:39
140.205.201.37

/index.php
/controller/install load fail.
2017-09-22 18:14:50
140.205.201.37

/index.php
/controller/install load fail.
2017-09-22 18:14:53
140.205.201.37

/index.php
/controller/install load fail.
2017-09-22 18:14:55
140.205.201.37

/index.php
/controller/uddiexplorer load fail.
2017-09-22 18:14:55
140.205.201.37

/index.php
/controller/uddiexplorer load fail.
2017-09-22 18:15:01
140.205.201.37

/index.php
/controller/ganglia load fail.
2017-09-22 18:15:04
140.205.201.37

/index.php
/controller/plugins load fail.
2017-09-22 18:15:15
140.205.201.37

/index.php
/controller/ganglia load fail.
2017-09-22 18:15:32
140.205.201.37

/index.php
/controller/static load fail.
2017-09-22 18:15:33
61.242.42.0

/index.php
/controller/static load fail.
2017-09-22 18:15:34
61.242.42.0

/index.php
/controller/static load fail.
2017-09-22 18:15:34
61.242.42.0

/index.php
/controller/hadoop load fail.
2017-09-22 18:15:39
140.205.201.37

/index.php
/controller/script load fail.
2017-09-22 18:15:51
140.205.201.18

/index.php
/controller/supportbox load fail.
2017-09-22 18:15:51
140.205.201.18

/index.php
/controller/static load fail.
2017-09-22 18:15:55
61.242.42.0

/index.php
/controller/static load fail.
2017-09-22 18:15:55
61.242.42.0

/index.php
/controller/static load fail.
2017-09-22 18:15:55
61.242.42.0

/index.php
/controller/plugins load fail.
2017-09-22 18:16:07
140.205.201.37

/index.php
/controller/uddiexplorer load fail.
2017-09-22 18:16:11
140.205.201.37

/index.php
/controller/ganglia load fail.
2017-09-22 18:16:23
140.205.201.37

/index.php
/controller/hadoop load fail.
2017-09-22 18:16:26
140.205.201.37

/index.php
/controller/plugins load fail.
2017-09-22 18:16:28
140.205.201.37

/index.php
/controller/script load fail.
2017-09-22 18:16:33
140.205.201.13

/index.php
/controller/supportbox load fail.
2017-09-22 18:16:33
140.205.201.13

/index.php
/controller/hadoop load fail.
2017-09-22 18:17:08
140.205.201.37

/index.php
/controller/script load fail.
2017-09-22 18:17:15
140.205.201.13

/index.php
/controller/supportbox load fail.
2017-09-22 18:17:15
140.205.201.13

/index.php
/controller/script load fail.
2017-09-22 18:22:51
36.149.141.52

/index.php
/controller/supportbox load fail.
2017-09-22 18:22:51
36.149.141.52

/index.php
/controller/script load fail.
2017-09-22 18:23:05
36.149.141.52

/index.php
/controller/supportbox load fail.
2017-09-22 18:23:05
36.149.141.52

/index.php
/controller/static load fail.
2017-09-22 18:23:28
36.149.141.52

/index.php
/controller/static load fail.
2017-09-22 18:23:29
36.149.141.52

/index.php
/controller/static load fail.
2017-09-22 18:23:29
36.149.141.52

/index.php
/controller/script load fail.
2017-09-22 18:37:55
113.109.124.46

/index.php
/controller/supportbox load fail.
2017-09-22 18:37:58
113.109.124.46

/index.php
/controller/demo load fail.
2017-09-22 18:38:20
113.109.124.46

/index.php
/controller/script load fail.
2017-09-22 18:41:51
113.109.124.46

/index.php
/controller/supportbox load fail.
2017-09-22 18:41:51
113.109.124.46

/index.php
/controller/demo load fail.
2017-09-22 18:42:01
113.109.124.46

/index.php
/controller/script load fail.
2017-09-22 18:44:46
113.109.124.46

/index.php
/controller/supportbox load fail.
2017-09-22 18:44:48
113.109.124.46

/index.php
/controller/static load fail.
2017-09-22 19:01:22
1.86.148.240

/index.php
/controller/static load fail.
2017-09-22 19:01:23
1.86.148.240

/index.php
/controller/static load fail.
2017-09-22 19:01:23
1.86.148.240

/index.php
/controller/script load fail.
2017-09-22 19:03:52
111.19.80.190

/index.php
/controller/css load fail.
2017-09-22 19:03:53
111.19.80.190

/index.php
/controller/supportbox load fail.
2017-09-22 19:03:53
111.19.80.190

/index.php
/controller/static load fail.
2017-09-22 19:03:55
111.19.80.190

/index.php
/controller/static load fail.
2017-09-22 19:04:05
111.19.80.190

/index.php
/controller/static load fail.
2017-09-22 19:04:05
111.19.80.190

/index.php
/controller/static load fail.
2017-09-22 19:04:05
111.19.80.190

/index.php
/controller/static load fail.
2017-09-22 19:04:05
111.19.80.190

/index.php
/controller/static load fail.
2017-09-22 19:04:20
1.86.148.240

/index.php
/controller/static load fail.
2017-09-22 19:04:20
1.86.148.240

/index.php
/controller/static load fail.
2017-09-22 19:04:20
1.86.148.240

/index.php
/controller/script load fail.
2017-09-22 19:07:30
124.238.18.93

/index.php
/controller/supportbox load fail.
2017-09-22 19:07:30
124.238.18.93

/index.php
/controller/script load fail.
2017-09-22 19:07:31
42.156.251.206

/index.php
/controller/script load fail.
2017-09-22 19:29:51
58.33.228.201

/index.php
/controller/supportbox load fail.
2017-09-22 19:29:52
58.33.228.201

/index.php
/controller/demo load fail.
2017-09-22 19:31:07
58.33.228.201

/index.php
/controller/script load fail.
2017-09-22 19:31:13
58.33.228.201

/index.php
/controller/supportbox load fail.
2017-09-22 19:31:13
58.33.228.201

/index.php
/controller/static load fail.
2017-09-22 19:43:54
125.94.189.123

/index.php
/controller/static load fail.
2017-09-22 19:43:55
125.94.189.123

/index.php
/controller/static load fail.
2017-09-22 19:43:55
125.94.189.123

/index.php
/controller/app load fail.
2017-09-22 19:45:53
1.181.188.247

/index.php
/controller/script load fail.
2017-09-22 19:50:21
113.74.171.189

/index.php
/controller/supportbox load fail.
2017-09-22 19:50:21
113.74.171.189

/index.php
/controller/demo load fail.
2017-09-22 19:50:27
113.74.171.189

/index.php
/controller/script load fail.
2017-09-22 19:51:36
113.74.171.189

/index.php
/controller/supportbox load fail.
2017-09-22 19:51:36
113.74.171.189

/index.php
/controller/script load fail.
2017-09-22 20:06:22
140.240.10.210

/index.php
/controller/script load fail.
2017-09-22 20:08:30
220.181.132.177

/index.php
/controller/supportbox load fail.
2017-09-22 20:08:31
220.181.132.177

/index.php
/controller/script load fail.
2017-09-22 20:08:37
106.120.162.108

/index.php
/controller/supportbox load fail.
2017-09-22 20:08:38
106.120.162.108

/index.php
/controller/script load fail.
2017-09-22 20:38:47
221.182.228.130

/index.php
/controller/static load fail.
2017-09-22 20:39:02
221.182.228.130

/index.php
/controller/static load fail.
2017-09-22 20:39:19
221.182.228.130

/index.php
/controller/static load fail.
2017-09-22 20:39:20
221.182.228.130

/index.php
/controller/static load fail.
2017-09-22 20:39:20
221.182.228.130

/index.php
/controller/static load fail.
2017-09-22 20:39:20
221.182.228.130

/index.php
/controller/static load fail.
2017-09-22 20:39:23
221.182.228.130

/index.php
/controller/static load fail.
2017-09-22 20:39:23
221.182.228.130

/index.php
/controller/static load fail.
2017-09-22 20:39:23
221.182.228.130

/index.php
/controller/static load fail.
2017-09-22 20:39:23
221.182.228.130

/index.php
/controller/static load fail.
2017-09-22 20:39:25
221.182.228.130

/index.php
/controller/static load fail.
2017-09-22 20:39:25
221.182.228.130

/index.php
/controller/static load fail.
2017-09-22 20:39:25
221.182.228.130

/index.php
/controller/static load fail.
2017-09-22 20:39:27
221.182.228.130

/index.php
/controller/static load fail.
2017-09-22 20:39:27
221.182.228.130

/index.php
/controller/static load fail.
2017-09-22 20:39:27
221.182.228.130

/index.php
/controller/static load fail.
2017-09-22 20:39:28
221.182.228.130

/index.php
/controller/static load fail.
2017-09-22 20:39:28
221.182.228.130

/index.php
/controller/static load fail.
2017-09-22 20:39:28
221.182.228.130

/index.php
/controller/member/truename load fail.
2017-09-22 20:39:29
221.182.228.130

/index.php
/controller/static load fail.
2017-09-22 20:39:36
221.182.228.130

/index.php
/controller/static load fail.
2017-09-22 20:39:36
221.182.228.130

/index.php
/controller/static load fail.
2017-09-22 20:39:37
221.182.228.130

/index.php
/controller/static load fail.
2017-09-22 20:39:39
221.182.228.130

/index.php
/controller/static load fail.
2017-09-22 20:39:39
221.182.228.130

/index.php
/controller/static load fail.
2017-09-22 20:39:39
221.182.228.130

/index.php
/controller/member/truename load fail.
2017-09-22 20:39:55
117.185.27.115

/index.php
/controller/static load fail.
2017-09-22 20:39:58
221.182.228.130

/index.php
/controller/static load fail.
2017-09-22 20:39:58
221.182.228.130

/index.php
/controller/static load fail.
2017-09-22 20:39:58
221.182.228.130

/index.php
/controller/static load fail.
2017-09-22 20:40:23
221.182.228.130

/index.php
/controller/static load fail.
2017-09-22 20:40:23
221.182.228.130

/index.php
/controller/static load fail.
2017-09-22 20:40:23
221.182.228.130

/index.php
/controller/static load fail.
2017-09-22 20:40:25
221.182.228.130

/index.php
/controller/static load fail.
2017-09-22 20:40:25
221.182.228.130

/index.php
/controller/static load fail.
2017-09-22 20:40:25
221.182.228.130

/index.php
/controller/static load fail.
2017-09-22 20:41:03
220.181.108.181

/index.php
/controller/css load fail.
2017-09-22 21:05:45
60.172.226.183

/index.php
/controller/css load fail.
2017-09-22 21:05:45
60.172.226.183

/index.php
/controller/script load fail.
2017-09-22 21:05:46
60.172.226.183

/index.php
/controller/script load fail.
2017-09-22 21:18:36
120.82.86.139

/index.php
/controller/supportbox load fail.
2017-09-22 21:18:37
120.82.86.139

/index.php
/controller/script load fail.
2017-09-22 21:39:37
106.39.190.3

/index.php
/controller/script load fail.
2017-09-22 21:54:53
183.142.210.8

/index.php
/controller/supportbox load fail.
2017-09-22 21:54:55
183.142.210.8

/index.php
/controller/demo load fail.
2017-09-22 21:55:02
183.142.210.8

/index.php
/controller/script load fail.
2017-09-22 21:55:04
183.142.210.8

/index.php
/controller/supportbox load fail.
2017-09-22 21:55:04
183.142.210.8

/index.php
/controller/demo load fail.
2017-09-22 21:55:06
183.142.210.8

/index.php
/controller/script load fail.
2017-09-22 21:56:04
42.156.251.205

/index.php
/controller/script load fail.
2017-09-22 22:00:12
125.112.57.175

/index.php
/controller/supportbox load fail.
2017-09-22 22:00:12
125.112.57.175

/index.php
/controller/script load fail.
2017-09-22 22:02:42
59.49.136.206

/index.php
/controller/supportbox load fail.
2017-09-22 22:02:43
59.49.136.206

/index.php
/controller/script load fail.
2017-09-22 22:07:40
113.70.101.225

/index.php
/controller/supportbox load fail.
2017-09-22 22:07:42
113.70.101.225

/index.php
/controller/demo load fail.
2017-09-22 22:07:47
113.70.101.225

/index.php
/controller/script load fail.
2017-09-22 22:10:06
222.41.60.242

/index.php
/controller/supportbox load fail.
2017-09-22 22:10:09
222.41.60.242

/index.php
/controller/script load fail.
2017-09-22 22:10:25
222.41.60.242

/index.php
/controller/supportbox load fail.
2017-09-22 22:10:25
222.41.60.242

/index.php
/controller/script load fail.
2017-09-22 22:50:43
119.137.141.120

/index.php
/controller/supportbox load fail.
2017-09-22 22:50:44
119.137.141.120

/index.php
/controller/demo load fail.
2017-09-22 22:50:49
119.137.141.120

/index.php
/controller/script load fail.
2017-09-22 23:01:46
61.50.106.214

/index.php
/controller/supportbox load fail.
2017-09-22 23:01:48
61.50.106.214

/index.php
/controller/script load fail.
2017-09-22 23:16:13
101.247.158.103

/index.php
/controller/english load fail.
2017-09-22 23:16:14
221.13.12.197

/index.php
/controller/supportbox load fail.
2017-09-22 23:16:15
101.247.158.103

/index.php
/controller/demo load fail.
2017-09-22 23:16:23
101.247.158.103

/index.php
/controller/css load fail.
2017-09-22 23:18:13
123.150.183.26

/index.php
/controller/css load fail.
2017-09-22 23:18:13
123.150.183.26

/index.php
/controller/css load fail.
2017-09-22 23:18:13
123.150.183.26

/index.php
/controller/css load fail.
2017-09-22 23:18:13
123.150.183.26

/index.php
/controller/css load fail.
2017-09-22 23:18:13
123.150.183.26

/index.php
/controller/css load fail.
2017-09-22 23:18:13
123.150.183.26

/index.php
/controller/css load fail.
2017-09-22 23:18:13
123.150.183.26

/index.php
/controller/css load fail.
2017-09-22 23:18:13
123.150.183.26

/index.php
/controller/css load fail.
2017-09-22 23:18:13
123.150.183.26

/index.php
/controller/css load fail.
2017-09-22 23:18:13
123.150.183.26

/index.php
/controller/script load fail.
2017-09-22 23:18:13
123.150.183.26

/index.php
/controller/static load fail.
2017-09-22 23:20:40
117.136.74.131

/index.php
/controller/static load fail.
2017-09-22 23:20:41
117.136.74.131

/index.php
/controller/static load fail.
2017-09-22 23:21:14
117.136.74.131

/index.php
/controller/static load fail.
2017-09-22 23:21:14
117.136.74.131

/index.php
/controller/script load fail.
2017-09-22 23:22:39
222.41.60.242

/index.php
/controller/supportbox load fail.
2017-09-22 23:22:42
222.41.60.242

/index.php
/controller/script load fail.
2017-09-22 23:32:29
113.64.84.166

/index.php
/controller/supportbox load fail.
2017-09-22 23:32:30
113.64.84.166

/index.php
/controller/static load fail.
2017-09-22 23:32:54
113.64.84.166

/index.php
/controller/static load fail.
2017-09-22 23:32:54
113.64.84.166

/index.php
/controller/static load fail.
2017-09-22 23:32:55
113.64.84.166

/index.php
/controller/static load fail.
2017-09-22 23:33:54
113.64.84.166

/index.php
/controller/static load fail.
2017-09-22 23:33:54
113.64.84.166

/index.php
/controller/static load fail.
2017-09-22 23:33:54
113.64.84.166

/index.php
/controller/static load fail.
2017-09-22 23:34:07
113.64.84.166

/index.php
/controller/static load fail.
2017-09-22 23:34:08
113.64.84.166

/index.php
/controller/static load fail.
2017-09-22 23:34:08
113.64.84.166

/index.php
/controller/static load fail.
2017-09-22 23:34:09
113.64.84.166

/index.php
/controller/static load fail.
2017-09-22 23:34:09
113.64.84.166

/index.php
/controller/static load fail.
2017-09-22 23:34:09
113.64.84.166

/index.php
/controller/static load fail.
2017-09-22 23:34:10
113.64.84.166

/index.php
/controller/static load fail.
2017-09-22 23:34:10
113.64.84.166

/index.php
/controller/static load fail.
2017-09-22 23:34:10
113.64.84.166

/index.php
/controller/static load fail.
2017-09-22 23:34:10
113.64.84.166

/index.php
/controller/static load fail.
2017-09-22 23:34:11
113.64.84.166

/index.php
/controller/static load fail.
2017-09-22 23:34:11
113.64.84.166

/index.php
/controller/static load fail.
2017-09-22 23:34:14
113.64.84.166

/index.php
/controller/static load fail.
2017-09-22 23:34:14
113.64.84.166

/index.php
/controller/static load fail.
2017-09-22 23:34:14
113.64.84.166

/index.php
/controller/static load fail.
2017-09-22 23:34:15
113.64.84.166

/index.php
/controller/static load fail.
2017-09-22 23:34:16
113.64.84.166

/index.php
/controller/static load fail.
2017-09-22 23:34:16
113.64.84.166

/index.php
/controller/static load fail.
2017-09-22 23:34:43
113.64.84.166

/index.php
/controller/static load fail.
2017-09-22 23:34:43
113.64.84.166

/index.php
/controller/static load fail.
2017-09-22 23:34:43
113.64.84.166

/index.php
/controller/static load fail.
2017-09-22 23:34:47
113.64.84.166

/index.php
/controller/static load fail.
2017-09-22 23:34:47
113.64.84.166

/index.php
/controller/static load fail.
2017-09-22 23:34:47
113.64.84.166

/index.php
/controller/static load fail.
2017-09-22 23:34:52
113.64.84.166

/index.php
/controller/static load fail.
2017-09-22 23:34:52
113.64.84.166

/index.php
/controller/static load fail.
2017-09-22 23:34:53
113.64.84.166

/index.php
/controller/member/truename load fail.
2017-09-22 23:35:01
113.64.84.166

/index.php
/controller/member/truename load fail.
2017-09-22 23:35:04
113.64.84.166

/index.php
/controller/static load fail.
2017-09-22 23:35:06
113.64.84.166

/index.php
/controller/static load fail.
2017-09-22 23:35:06
113.64.84.166

/index.php
/controller/static load fail.
2017-09-22 23:35:06
113.64.84.166

/index.php
/controller/static load fail.
2017-09-22 23:35:11
113.64.84.166

/index.php
/controller/static load fail.
2017-09-22 23:35:11
113.64.84.166

/index.php
/controller/static load fail.
2017-09-22 23:35:11
113.64.84.166

/index.php
/controller/script load fail.
2017-09-22 23:53:27
124.128.208.140

/index.php
/controller/supportbox load fail.
2017-09-22 23:53:28
124.128.208.140

/index.php
/controller/script load fail.
2017-09-22 23:58:27
42.156.251.194

