/index.php
/controller/static load fail.
2018-01-06 00:23:35
117.34.13.36

/index.php
/controller/static load fail.
2018-01-06 00:23:35
117.34.13.60

/index.php
/controller/static load fail.
2018-01-06 00:23:35
117.34.13.54

/index.php
/controller/static load fail.
2018-01-06 00:23:37
117.34.13.36

/index.php
/controller/static load fail.
2018-01-06 00:23:37
117.34.13.60

/index.php
/controller/static load fail.
2018-01-06 00:23:37
117.34.13.54

/index.php
/controller/static load fail.
2018-01-06 00:23:55
117.34.13.36

/index.php
/controller/static load fail.
2018-01-06 00:23:55
117.34.13.60

/index.php
/controller/static load fail.
2018-01-06 00:23:55
117.34.13.54

/index.php
/controller/static load fail.
2018-01-06 00:23:56
117.34.13.36

/index.php
/controller/static load fail.
2018-01-06 00:23:56
117.34.13.60

/index.php
/controller/static load fail.
2018-01-06 00:23:56
117.34.13.54

/index.php
/controller/static load fail.
2018-01-06 00:24:11
117.34.13.36

/index.php
/controller/static load fail.
2018-01-06 00:24:11
117.34.13.60

/index.php
/controller/static load fail.
2018-01-06 00:24:11
117.34.13.54

/index.php
/controller/static load fail.
2018-01-06 00:24:55
117.34.13.36

/index.php
/controller/static load fail.
2018-01-06 00:24:55
117.34.13.60

/index.php
/controller/static load fail.
2018-01-06 00:24:55
117.34.13.54

/index.php
/controller/static load fail.
2018-01-06 00:24:56
117.34.13.36

/index.php
/controller/static load fail.
2018-01-06 00:24:56
117.34.13.60

/index.php
/controller/static load fail.
2018-01-06 00:24:56
117.34.13.54

/index.php
/controller/static load fail.
2018-01-06 00:25:04
117.34.13.36

/index.php
/controller/static load fail.
2018-01-06 00:25:04
117.34.13.60

/index.php
/controller/static load fail.
2018-01-06 00:25:04
117.34.13.54

/index.php
/controller/static load fail.
2018-01-06 00:25:05
117.34.13.36

/index.php
/controller/static load fail.
2018-01-06 00:25:05
117.34.13.60

/index.php
/controller/static load fail.
2018-01-06 00:25:05
117.34.13.54

/index.php
/controller/static load fail.
2018-01-06 00:25:10
117.34.13.36

/index.php
/controller/static load fail.
2018-01-06 00:25:10
117.34.13.60

/index.php
/controller/static load fail.
2018-01-06 00:25:10
117.34.13.54

/index.php
/controller/static load fail.
2018-01-06 00:25:11
117.34.13.36

/index.php
/controller/static load fail.
2018-01-06 00:25:11
117.34.13.60

/index.php
/controller/static load fail.
2018-01-06 00:25:11
117.34.13.54

/index.php
/controller/static load fail.
2018-01-06 00:25:12
117.34.13.36

/index.php
/controller/static load fail.
2018-01-06 00:25:12
117.34.13.60

/index.php
/controller/static load fail.
2018-01-06 00:25:12
117.34.13.54

/index.php
/controller/static load fail.
2018-01-06 00:25:13
117.34.13.36

/index.php
/controller/static load fail.
2018-01-06 00:25:13
117.34.13.60

/index.php
/controller/static load fail.
2018-01-06 00:25:13
117.34.13.54

/index.php
/controller/static load fail.
2018-01-06 00:29:10
59.51.81.166

/index.php
/controller/static load fail.
2018-01-06 00:29:11
59.51.81.141

/index.php
/controller/static load fail.
2018-01-06 00:29:12
59.51.81.172

/index.php
/controller/static load fail.
2018-01-06 00:29:14
59.51.81.166

/index.php
/controller/static load fail.
2018-01-06 00:29:14
59.51.81.141

/index.php
/controller/static load fail.
2018-01-06 00:29:15
59.51.81.172

/index.php
/controller/static load fail.
2018-01-06 00:29:20
59.51.81.166

/index.php
/controller/static load fail.
2018-01-06 00:29:20
59.51.81.141

/index.php
/controller/static load fail.
2018-01-06 00:29:20
59.51.81.172

/index.php
/controller/static load fail.
2018-01-06 00:29:42
59.51.81.166

/index.php
/controller/static load fail.
2018-01-06 00:29:43
59.51.81.141

/index.php
/controller/static load fail.
2018-01-06 00:29:43
59.51.81.172

/index.php
/controller/demo load fail.
2018-01-06 00:33:22
122.190.2.30

/index.php
/controller/demo load fail.
2018-01-06 00:36:55
122.190.2.30

/index.php
/controller/css load fail.
2018-01-06 00:57:45
117.34.13.12

/index.php
/controller/demo load fail.
2018-01-06 00:57:47
117.34.13.36

/index.php
/controller/demo load fail.
2018-01-06 00:58:06
117.34.13.36

/index.php
/controller/demo load fail.
2018-01-06 00:58:14
117.34.13.36

/index.php
/controller/demo load fail.
2018-01-06 00:58:22
117.34.13.36

/index.php
/controller/css load fail.
2018-01-06 00:58:49
101.71.55.125

/index.php
/controller/demo load fail.
2018-01-06 00:59:12
117.34.13.36

/index.php
/controller/demo load fail.
2018-01-06 00:59:18
117.34.13.36

/index.php
/controller/demo load fail.
2018-01-06 00:59:29
117.34.13.36

/index.php
/controller/css load fail.
2018-01-06 02:36:20
125.39.239.114

/index.php
/controller/static load fail.
2018-01-06 02:36:21
125.39.239.102

/index.php
/controller/static load fail.
2018-01-06 02:36:21
125.39.239.54

/index.php
/controller/css load fail.
2018-01-06 02:36:21
125.39.239.90

/index.php
/controller/static load fail.
2018-01-06 02:36:21
125.39.239.48

/index.php
/controller/zhaozhao load fail.
2018-01-06 02:36:22
125.39.239.6

/index.php
/controller/static load fail.
2018-01-06 02:36:22
125.39.239.96

/index.php
/controller/css load fail.
2018-01-06 10:49:46
122.190.2.60

/index.php
/controller/css load fail.
2018-01-06 10:50:26
59.51.81.166

/index.php
/controller/demo load fail.
2018-01-06 10:50:31
59.51.81.166

/index.php
/controller/css load fail.
2018-01-06 10:55:45
117.34.13.12

/index.php
/controller/demo load fail.
2018-01-06 10:55:46
117.34.13.36

/index.php
/controller/css load fail.
2018-01-06 10:57:24
59.51.81.166

/index.php
/controller/demo load fail.
2018-01-06 10:57:26
59.51.81.166

/index.php
/controller/demo load fail.
2018-01-06 11:00:37
59.51.81.166

/index.php
/controller/demo load fail.
2018-01-06 11:02:44
59.51.81.166

/index.php
/controller/static load fail.
2018-01-06 11:18:24
58.211.2.102

/index.php
/controller/static load fail.
2018-01-06 11:18:53
58.211.2.48

/index.php
/controller/static load fail.
2018-01-06 11:18:53
58.211.2.102

/index.php
/controller/static load fail.
2018-01-06 11:18:54
58.211.2.126

/index.php
/controller/static load fail.
2018-01-06 11:18:54
58.211.2.96

/index.php
/controller/static load fail.
2018-01-06 11:19:34
58.211.2.48

/index.php
/controller/static load fail.
2018-01-06 11:19:34
58.211.2.126

/index.php
/controller/static load fail.
2018-01-06 11:19:35
58.211.2.96

/index.php
/controller/static load fail.
2018-01-06 11:19:36
58.211.2.48

/index.php
/controller/static load fail.
2018-01-06 11:19:36
58.211.2.126

/index.php
/controller/static load fail.
2018-01-06 11:19:36
58.211.2.96

/index.php
/controller/static load fail.
2018-01-06 11:19:38
58.211.2.48

/index.php
/controller/static load fail.
2018-01-06 11:19:38
58.211.2.126

/index.php
/controller/static load fail.
2018-01-06 11:19:38
58.211.2.96

/index.php
/controller/static load fail.
2018-01-06 11:19:38
58.211.2.48

/index.php
/controller/static load fail.
2018-01-06 11:19:39
58.211.2.126

/index.php
/controller/static load fail.
2018-01-06 11:19:39
58.211.2.96

/index.php
/controller/static load fail.
2018-01-06 11:19:47
58.211.2.48

/index.php
/controller/static load fail.
2018-01-06 11:19:47
58.211.2.102

/index.php
/controller/static load fail.
2018-01-06 11:19:47
58.211.2.126

/index.php
/controller/static load fail.
2018-01-06 11:19:47
58.211.2.96

/index.php
/controller/static load fail.
2018-01-06 11:20:06
58.211.2.48

/index.php
/controller/static load fail.
2018-01-06 11:20:07
58.211.2.126

/index.php
/controller/static load fail.
2018-01-06 11:20:07
58.211.2.96

/index.php
/controller/static load fail.
2018-01-06 11:20:08
58.211.2.48

/index.php
/controller/static load fail.
2018-01-06 11:20:08
58.211.2.126

/index.php
/controller/static load fail.
2018-01-06 11:20:08
58.211.2.96

/index.php
/controller/static load fail.
2018-01-06 11:20:10
58.211.2.48

/index.php
/controller/static load fail.
2018-01-06 11:20:11
58.211.2.126

/index.php
/controller/static load fail.
2018-01-06 11:20:11
58.211.2.96

/index.php
/controller/static load fail.
2018-01-06 11:20:14
58.211.2.48

/index.php
/controller/static load fail.
2018-01-06 11:20:14
58.211.2.126

/index.php
/controller/static load fail.
2018-01-06 11:20:14
58.211.2.96

/index.php
/controller/static load fail.
2018-01-06 11:20:16
58.211.2.48

/index.php
/controller/static load fail.
2018-01-06 11:20:16
58.211.2.126

/index.php
/controller/static load fail.
2018-01-06 11:20:16
58.211.2.96

/index.php
/controller/static load fail.
2018-01-06 11:20:19
58.211.2.48

/index.php
/controller/static load fail.
2018-01-06 11:20:19
58.211.2.126

/index.php
/controller/static load fail.
2018-01-06 11:20:19
58.211.2.96

/index.php
/controller/static load fail.
2018-01-06 11:20:21
58.211.2.48

/index.php
/controller/static load fail.
2018-01-06 11:20:21
58.211.2.102

/index.php
/controller/static load fail.
2018-01-06 11:20:21
58.211.2.126

/index.php
/controller/static load fail.
2018-01-06 11:20:21
58.211.2.96

/index.php
/controller/static load fail.
2018-01-06 11:20:22
58.211.2.48

/index.php
/controller/static load fail.
2018-01-06 11:20:22
58.211.2.126

/index.php
/controller/static load fail.
2018-01-06 11:20:22
58.211.2.96

/index.php
/controller/static load fail.
2018-01-06 11:20:23
58.211.2.48

/index.php
/controller/static load fail.
2018-01-06 11:20:23
58.211.2.126

/index.php
/controller/static load fail.
2018-01-06 11:20:23
58.211.2.96

/index.php
/controller/static load fail.
2018-01-06 11:20:30
58.211.2.48

/index.php
/controller/static load fail.
2018-01-06 11:20:31
58.211.2.126

/index.php
/controller/static load fail.
2018-01-06 11:20:31
58.211.2.96

/index.php
/controller/static load fail.
2018-01-06 11:20:32
58.211.2.48

/index.php
/controller/static load fail.
2018-01-06 11:20:32
58.211.2.102

/index.php
/controller/static load fail.
2018-01-06 11:20:32
58.211.2.126

/index.php
/controller/static load fail.
2018-01-06 11:20:32
58.211.2.96

/index.php
/controller/static load fail.
2018-01-06 11:20:33
58.211.2.48

/index.php
/controller/static load fail.
2018-01-06 11:20:33
58.211.2.126

/index.php
/controller/static load fail.
2018-01-06 11:20:33
58.211.2.96

/index.php
/controller/static load fail.
2018-01-06 11:20:40
58.211.2.48

/index.php
/controller/static load fail.
2018-01-06 11:20:40
58.211.2.126

/index.php
/controller/static load fail.
2018-01-06 11:20:40
58.211.2.96

/index.php
/controller/static load fail.
2018-01-06 11:20:41
58.211.2.48

/index.php
/controller/static load fail.
2018-01-06 11:20:41
58.211.2.126

/index.php
/controller/static load fail.
2018-01-06 11:20:41
58.211.2.96

/index.php
/controller/static load fail.
2018-01-06 11:20:47
58.211.2.48

/index.php
/controller/static load fail.
2018-01-06 11:20:47
58.211.2.126

/index.php
/controller/static load fail.
2018-01-06 11:20:47
58.211.2.96

/index.php
/controller/static load fail.
2018-01-06 11:20:53
58.211.2.48

/index.php
/controller/static load fail.
2018-01-06 11:20:53
58.211.2.126

/index.php
/controller/static load fail.
2018-01-06 11:20:53
58.211.2.96

/index.php
/controller/static load fail.
2018-01-06 11:20:55
58.211.2.48

/index.php
/controller/static load fail.
2018-01-06 11:20:55
58.211.2.126

/index.php
/controller/static load fail.
2018-01-06 11:20:55
58.211.2.96

/index.php
/controller/static load fail.
2018-01-06 11:20:57
58.211.2.48

/index.php
/controller/static load fail.
2018-01-06 11:20:57
58.211.2.126

/index.php
/controller/static load fail.
2018-01-06 11:20:57
58.211.2.96

/index.php
/controller/static load fail.
2018-01-06 11:21:13
58.211.2.102

/index.php
/controller/static load fail.
2018-01-06 11:21:54
58.211.2.48

/index.php
/controller/static load fail.
2018-01-06 11:21:54
58.211.2.102

/index.php
/controller/static load fail.
2018-01-06 11:21:54
58.211.2.126

/index.php
/controller/static load fail.
2018-01-06 11:21:54
58.211.2.96

/index.php
/controller/static load fail.
2018-01-06 11:21:57
58.211.2.48

/index.php
/controller/static load fail.
2018-01-06 11:21:57
58.211.2.126

/index.php
/controller/static load fail.
2018-01-06 11:21:57
58.211.2.96

/index.php
/controller/static load fail.
2018-01-06 11:22:04
58.211.2.48

/index.php
/controller/static load fail.
2018-01-06 11:22:04
58.211.2.126

/index.php
/controller/static load fail.
2018-01-06 11:22:04
58.211.2.96

/index.php
/controller/static load fail.
2018-01-06 11:22:06
58.211.2.48

/index.php
/controller/static load fail.
2018-01-06 11:22:06
58.211.2.126

/index.php
/controller/static load fail.
2018-01-06 11:22:07
58.211.2.96

/index.php
/controller/static load fail.
2018-01-06 11:22:08
58.211.2.48

/index.php
/controller/static load fail.
2018-01-06 11:22:08
58.211.2.126

/index.php
/controller/static load fail.
2018-01-06 11:22:09
58.211.2.96

/index.php
/controller/static load fail.
2018-01-06 11:22:10
58.211.2.48

/index.php
/controller/static load fail.
2018-01-06 11:22:11
58.211.2.126

/index.php
/controller/static load fail.
2018-01-06 11:22:11
58.211.2.96

/index.php
/controller/static load fail.
2018-01-06 11:22:12
58.211.2.48

/index.php
/controller/static load fail.
2018-01-06 11:22:12
58.211.2.102

/index.php
/controller/static load fail.
2018-01-06 11:22:12
58.211.2.126

/index.php
/controller/static load fail.
2018-01-06 11:22:12
58.211.2.96

/index.php
/controller/static load fail.
2018-01-06 11:22:14
58.211.2.48

/index.php
/controller/static load fail.
2018-01-06 11:22:14
58.211.2.126

/index.php
/controller/static load fail.
2018-01-06 11:22:14
58.211.2.96

/index.php
/controller/static load fail.
2018-01-06 11:22:17
58.211.2.48

/index.php
/controller/static load fail.
2018-01-06 11:22:17
58.211.2.102

/index.php
/controller/static load fail.
2018-01-06 11:22:17
58.211.2.126

/index.php
/controller/static load fail.
2018-01-06 11:22:17
58.211.2.96

/index.php
/controller/static load fail.
2018-01-06 11:22:56
58.211.2.48

/index.php
/controller/static load fail.
2018-01-06 11:22:56
58.211.2.126

/index.php
/controller/static load fail.
2018-01-06 11:22:56
58.211.2.96

/index.php
/controller/static load fail.
2018-01-06 11:23:00
58.211.2.48

/index.php
/controller/static load fail.
2018-01-06 11:23:00
58.211.2.126

/index.php
/controller/static load fail.
2018-01-06 11:23:00
58.211.2.96

/index.php
/controller/static load fail.
2018-01-06 11:23:08
58.211.2.48

/index.php
/controller/static load fail.
2018-01-06 11:23:08
58.211.2.102

/index.php
/controller/static load fail.
2018-01-06 11:23:08
58.211.2.126

/index.php
/controller/static load fail.
2018-01-06 11:23:08
58.211.2.96

/index.php
/controller/static load fail.
2018-01-06 11:23:10
58.211.2.48

/index.php
/controller/static load fail.
2018-01-06 11:23:10
58.211.2.126

/index.php
/controller/static load fail.
2018-01-06 11:23:10
58.211.2.96

/index.php
/controller/static load fail.
2018-01-06 11:23:11
58.211.2.48

/index.php
/controller/static load fail.
2018-01-06 11:23:11
58.211.2.126

/index.php
/controller/static load fail.
2018-01-06 11:23:11
58.211.2.96

/index.php
/controller/static load fail.
2018-01-06 11:23:13
58.211.2.48

/index.php
/controller/static load fail.
2018-01-06 11:23:13
58.211.2.126

/index.php
/controller/static load fail.
2018-01-06 11:23:13
58.211.2.96

/index.php
/controller/static load fail.
2018-01-06 11:23:16
58.211.2.48

/index.php
/controller/static load fail.
2018-01-06 11:23:16
58.211.2.102

/index.php
/controller/static load fail.
2018-01-06 11:23:16
58.211.2.126

/index.php
/controller/static load fail.
2018-01-06 11:23:16
58.211.2.96

/index.php
/controller/static load fail.
2018-01-06 11:23:20
58.211.2.48

/index.php
/controller/static load fail.
2018-01-06 11:23:20
58.211.2.126

/index.php
/controller/static load fail.
2018-01-06 11:23:20
58.211.2.96

/index.php
/controller/static load fail.
2018-01-06 11:23:20
59.51.81.166

/index.php
/controller/static load fail.
2018-01-06 11:23:21
59.51.81.141

/index.php
/controller/static load fail.
2018-01-06 11:23:21
59.51.81.172

/index.php
/controller/static load fail.
2018-01-06 11:23:23
58.211.2.48

/index.php
/controller/static load fail.
2018-01-06 11:23:23
58.211.2.126

/index.php
/controller/static load fail.
2018-01-06 11:23:23
58.211.2.96

/index.php
/controller/static load fail.
2018-01-06 11:23:27
58.211.2.48

/index.php
/controller/static load fail.
2018-01-06 11:23:27
58.211.2.126

/index.php
/controller/static load fail.
2018-01-06 11:23:27
58.211.2.96

/index.php
/controller/static load fail.
2018-01-06 11:23:28
59.51.81.166

/index.php
/controller/static load fail.
2018-01-06 11:23:28
59.51.81.141

/index.php
/controller/static load fail.
2018-01-06 11:23:28
59.51.81.172

/index.php
/controller/static load fail.
2018-01-06 11:23:30
58.211.2.48

/index.php
/controller/static load fail.
2018-01-06 11:23:30
58.211.2.126

/index.php
/controller/static load fail.
2018-01-06 11:23:30
58.211.2.96

/index.php
/controller/static load fail.
2018-01-06 11:23:32
58.211.2.48

/index.php
/controller/static load fail.
2018-01-06 11:23:32
58.211.2.126

/index.php
/controller/static load fail.
2018-01-06 11:23:32
58.211.2.96

/index.php
/controller/static load fail.
2018-01-06 11:23:41
58.211.2.48

/index.php
/controller/static load fail.
2018-01-06 11:23:41
58.211.2.102

/index.php
/controller/static load fail.
2018-01-06 11:23:41
58.211.2.126

/index.php
/controller/static load fail.
2018-01-06 11:23:41
58.211.2.96

/index.php
/controller/static load fail.
2018-01-06 11:23:47
59.51.81.166

/index.php
/controller/static load fail.
2018-01-06 11:23:48
59.51.81.141

/index.php
/controller/static load fail.
2018-01-06 11:23:48
59.51.81.172

/index.php
/controller/static load fail.
2018-01-06 11:23:54
58.211.2.48

/index.php
/controller/static load fail.
2018-01-06 11:23:54
58.211.2.126

/index.php
/controller/static load fail.
2018-01-06 11:23:54
58.211.2.96

/index.php
/controller/static load fail.
2018-01-06 11:23:58
58.211.2.48

/index.php
/controller/static load fail.
2018-01-06 11:23:59
58.211.2.102

/index.php
/controller/static load fail.
2018-01-06 11:23:59
58.211.2.126

/index.php
/controller/static load fail.
2018-01-06 11:23:59
58.211.2.96

/index.php
/controller/static load fail.
2018-01-06 11:24:00
58.211.2.48

/index.php
/controller/static load fail.
2018-01-06 11:24:00
58.211.2.126

/index.php
/controller/static load fail.
2018-01-06 11:24:00
58.211.2.96

/index.php
/controller/static load fail.
2018-01-06 11:24:02
58.211.2.48

/index.php
/controller/static load fail.
2018-01-06 11:24:02
58.211.2.126

/index.php
/controller/static load fail.
2018-01-06 11:24:02
58.211.2.96

/index.php
/controller/static load fail.
2018-01-06 11:24:07
58.211.2.48

/index.php
/controller/static load fail.
2018-01-06 11:24:07
58.211.2.102

/index.php
/controller/static load fail.
2018-01-06 11:24:07
58.211.2.126

/index.php
/controller/static load fail.
2018-01-06 11:24:07
58.211.2.96

/index.php
/controller/static load fail.
2018-01-06 11:24:19
59.51.81.166

/index.php
/controller/static load fail.
2018-01-06 11:24:19
59.51.81.141

/index.php
/controller/static load fail.
2018-01-06 11:24:20
59.51.81.172

/index.php
/controller/static load fail.
2018-01-06 11:24:22
58.211.2.48

/index.php
/controller/static load fail.
2018-01-06 11:24:22
58.211.2.126

/index.php
/controller/static load fail.
2018-01-06 11:24:22
58.211.2.96

/index.php
/controller/static load fail.
2018-01-06 11:24:24
58.211.2.48

/index.php
/controller/static load fail.
2018-01-06 11:24:24
58.211.2.126

/index.php
/controller/static load fail.
2018-01-06 11:24:25
58.211.2.96

/index.php
/controller/static load fail.
2018-01-06 11:24:32
58.211.2.48

/index.php
/controller/static load fail.
2018-01-06 11:24:32
58.211.2.102

/index.php
/controller/static load fail.
2018-01-06 11:24:32
58.211.2.126

/index.php
/controller/static load fail.
2018-01-06 11:24:32
58.211.2.96

/index.php
/controller/static load fail.
2018-01-06 11:24:34
59.51.81.166

/index.php
/controller/static load fail.
2018-01-06 11:24:34
59.51.81.141

/index.php
/controller/static load fail.
2018-01-06 11:24:34
59.51.81.172

/index.php
/controller/static load fail.
2018-01-06 11:24:36
58.211.2.48

/index.php
/controller/static load fail.
2018-01-06 11:24:36
58.211.2.126

/index.php
/controller/static load fail.
2018-01-06 11:24:36
58.211.2.96

/index.php
/controller/static load fail.
2018-01-06 11:24:50
59.51.81.166

/index.php
/controller/static load fail.
2018-01-06 11:24:50
59.51.81.141

/index.php
/controller/static load fail.
2018-01-06 11:24:50
59.51.81.172

/index.php
/controller/static load fail.
2018-01-06 11:25:06
59.51.81.166

/index.php
/controller/static load fail.
2018-01-06 11:25:06
59.51.81.141

/index.php
/controller/static load fail.
2018-01-06 11:25:06
59.51.81.172

/index.php
/controller/static load fail.
2018-01-06 11:25:15
58.211.2.48

/index.php
/controller/static load fail.
2018-01-06 11:25:15
58.211.2.126

/index.php
/controller/static load fail.
2018-01-06 11:25:15
58.211.2.96

/index.php
/controller/static load fail.
2018-01-06 11:25:18
59.51.81.166

/index.php
/controller/static load fail.
2018-01-06 11:25:18
59.51.81.141

/index.php
/controller/static load fail.
2018-01-06 11:25:19
59.51.81.172

/index.php
/controller/static load fail.
2018-01-06 12:02:40
58.211.2.48

/index.php
/controller/static load fail.
2018-01-06 12:02:40
58.211.2.126

/index.php
/controller/static load fail.
2018-01-06 12:02:40
58.211.2.96

/index.php
/controller/static load fail.
2018-01-06 12:02:52
58.211.2.48

/index.php
/controller/static load fail.
2018-01-06 12:02:52
58.211.2.102

/index.php
/controller/static load fail.
2018-01-06 12:02:52
58.211.2.126

/index.php
/controller/static load fail.
2018-01-06 12:02:53
58.211.2.96

/index.php
/controller/static load fail.
2018-01-06 12:03:03
58.211.2.48

/index.php
/controller/static load fail.
2018-01-06 12:03:03
58.211.2.126

/index.php
/controller/static load fail.
2018-01-06 12:03:04
58.211.2.96

/index.php
/controller/static load fail.
2018-01-06 12:03:08
58.211.2.48

/index.php
/controller/static load fail.
2018-01-06 12:03:08
58.211.2.102

/index.php
/controller/static load fail.
2018-01-06 12:03:08
58.211.2.126

/index.php
/controller/static load fail.
2018-01-06 12:03:08
58.211.2.96

/index.php
/controller/static load fail.
2018-01-06 12:03:13
58.211.2.48

/index.php
/controller/static load fail.
2018-01-06 12:03:14
58.211.2.126

/index.php
/controller/static load fail.
2018-01-06 12:03:14
58.211.2.96

/index.php
/controller/static load fail.
2018-01-06 12:03:20
58.211.2.48

/index.php
/controller/static load fail.
2018-01-06 12:03:20
58.211.2.102

/index.php
/controller/static load fail.
2018-01-06 12:03:20
58.211.2.126

/index.php
/controller/static load fail.
2018-01-06 12:03:20
58.211.2.96

/index.php
/controller/static load fail.
2018-01-06 12:03:26
58.211.2.48

/index.php
/controller/static load fail.
2018-01-06 12:03:26
58.211.2.126

/index.php
/controller/static load fail.
2018-01-06 12:03:26
58.211.2.96

/index.php
/controller/static load fail.
2018-01-06 12:03:32
58.211.2.48

/index.php
/controller/static load fail.
2018-01-06 12:03:32
58.211.2.126

/index.php
/controller/static load fail.
2018-01-06 12:03:32
58.211.2.96

/index.php
/controller/static load fail.
2018-01-06 12:04:09
58.211.2.48

/index.php
/controller/static load fail.
2018-01-06 12:04:10
58.211.2.126

/index.php
/controller/static load fail.
2018-01-06 12:04:10
58.211.2.96

/index.php
/controller/static load fail.
2018-01-06 12:04:16
58.211.2.48

/index.php
/controller/static load fail.
2018-01-06 12:04:16
58.211.2.126

/index.php
/controller/static load fail.
2018-01-06 12:04:17
58.211.2.96

/index.php
/controller/static load fail.
2018-01-06 12:04:21
58.211.2.48

/index.php
/controller/static load fail.
2018-01-06 12:04:21
58.211.2.102

/index.php
/controller/static load fail.
2018-01-06 12:04:21
58.211.2.126

/index.php
/controller/static load fail.
2018-01-06 12:04:21
58.211.2.96

/index.php
/controller/static load fail.
2018-01-06 12:04:28
58.211.2.48

/index.php
/controller/static load fail.
2018-01-06 12:04:28
58.211.2.126

/index.php
/controller/static load fail.
2018-01-06 12:04:28
58.211.2.96

/index.php
/controller/static load fail.
2018-01-06 12:04:39
58.211.2.48

/index.php
/controller/static load fail.
2018-01-06 12:04:39
58.211.2.126

/index.php
/controller/static load fail.
2018-01-06 12:04:40
58.211.2.96

/index.php
/controller/static load fail.
2018-01-06 12:04:41
58.211.2.48

/index.php
/controller/static load fail.
2018-01-06 12:04:41
58.211.2.126

/index.php
/controller/static load fail.
2018-01-06 12:04:41
58.211.2.96

/index.php
/controller/static load fail.
2018-01-06 12:04:42
58.211.2.48

/index.php
/controller/static load fail.
2018-01-06 12:04:42
58.211.2.126

/index.php
/controller/static load fail.
2018-01-06 12:04:42
58.211.2.96

/index.php
/controller/static load fail.
2018-01-06 12:04:43
58.211.2.48

/index.php
/controller/static load fail.
2018-01-06 12:04:43
58.211.2.126

/index.php
/controller/static load fail.
2018-01-06 12:04:43
58.211.2.96

/index.php
/controller/static load fail.
2018-01-06 12:04:45
58.211.2.48

/index.php
/controller/static load fail.
2018-01-06 12:04:45
58.211.2.102

/index.php
/controller/static load fail.
2018-01-06 12:04:45
58.211.2.126

/index.php
/controller/static load fail.
2018-01-06 12:04:45
58.211.2.96

/index.php
/controller/static load fail.
2018-01-06 12:04:46
58.211.2.48

/index.php
/controller/static load fail.
2018-01-06 12:04:46
58.211.2.126

/index.php
/controller/static load fail.
2018-01-06 12:04:46
58.211.2.96

/index.php
/controller/static load fail.
2018-01-06 12:04:49
58.211.2.48

/index.php
/controller/static load fail.
2018-01-06 12:04:49
58.211.2.126

/index.php
/controller/static load fail.
2018-01-06 12:04:49
58.211.2.96

/index.php
/controller/static load fail.
2018-01-06 12:04:50
58.211.2.48

/index.php
/controller/static load fail.
2018-01-06 12:04:50
58.211.2.126

/index.php
/controller/static load fail.
2018-01-06 12:04:50
58.211.2.96

/index.php
/controller/static load fail.
2018-01-06 12:14:55
58.211.2.48

/index.php
/controller/static load fail.
2018-01-06 12:14:55
58.211.2.102

/index.php
/controller/static load fail.
2018-01-06 12:14:55
58.211.2.126

/index.php
/controller/static load fail.
2018-01-06 12:14:55
58.211.2.96

/index.php
/controller/static load fail.
2018-01-06 12:28:19
58.211.2.48

/index.php
/controller/static load fail.
2018-01-06 12:28:19
58.211.2.126

/index.php
/controller/static load fail.
2018-01-06 12:28:19
58.211.2.96

/index.php
/controller/static load fail.
2018-01-06 12:28:21
58.211.2.48

/index.php
/controller/static load fail.
2018-01-06 12:28:21
58.211.2.102

/index.php
/controller/static load fail.
2018-01-06 12:28:21
58.211.2.126

/index.php
/controller/static load fail.
2018-01-06 12:28:21
58.211.2.96

/index.php
/controller/static load fail.
2018-01-06 12:28:29
58.211.2.48

/index.php
/controller/static load fail.
2018-01-06 12:28:29
58.211.2.126

/index.php
/controller/static load fail.
2018-01-06 12:28:30
58.211.2.96

/index.php
/controller/static load fail.
2018-01-06 12:28:31
58.211.2.48

/index.php
/controller/static load fail.
2018-01-06 12:28:31
58.211.2.102

/index.php
/controller/static load fail.
2018-01-06 12:28:31
58.211.2.126

/index.php
/controller/static load fail.
2018-01-06 12:28:32
58.211.2.96

/index.php
/controller/static load fail.
2018-01-06 12:28:40
58.211.2.48

/index.php
/controller/static load fail.
2018-01-06 12:28:40
58.211.2.102

/index.php
/controller/static load fail.
2018-01-06 12:28:40
58.211.2.126

/index.php
/controller/static load fail.
2018-01-06 12:28:40
58.211.2.96

/index.php
/controller/static load fail.
2018-01-06 12:28:44
58.211.2.48

/index.php
/controller/static load fail.
2018-01-06 12:28:44
58.211.2.102

/index.php
/controller/static load fail.
2018-01-06 12:28:44
58.211.2.126

/index.php
/controller/static load fail.
2018-01-06 12:28:44
58.211.2.96

/index.php
/controller/static load fail.
2018-01-06 12:28:46
58.211.2.48

/index.php
/controller/static load fail.
2018-01-06 12:28:46
58.211.2.126

/index.php
/controller/static load fail.
2018-01-06 12:28:46
58.211.2.96

/index.php
/controller/static load fail.
2018-01-06 12:28:48
58.211.2.48

/index.php
/controller/static load fail.
2018-01-06 12:28:48
58.211.2.102

/index.php
/controller/static load fail.
2018-01-06 12:28:49
58.211.2.126

/index.php
/controller/static load fail.
2018-01-06 12:28:49
58.211.2.96

/index.php
/controller/static load fail.
2018-01-06 12:31:01
58.211.2.48

/index.php
/controller/static load fail.
2018-01-06 12:31:02
58.211.2.126

/index.php
/controller/static load fail.
2018-01-06 12:31:02
58.211.2.96

/index.php
/controller/static load fail.
2018-01-06 12:31:06
58.211.2.48

/index.php
/controller/static load fail.
2018-01-06 12:31:06
58.211.2.102

/index.php
/controller/static load fail.
2018-01-06 12:31:06
58.211.2.126

/index.php
/controller/static load fail.
2018-01-06 12:31:06
58.211.2.96

/index.php
/controller/static load fail.
2018-01-06 12:31:17
58.211.2.48

/index.php
/controller/static load fail.
2018-01-06 12:31:17
58.211.2.126

/index.php
/controller/static load fail.
2018-01-06 12:31:17
58.211.2.96

/index.php
/controller/static load fail.
2018-01-06 12:31:19
58.211.2.48

/index.php
/controller/static load fail.
2018-01-06 12:31:20
58.211.2.102

/index.php
/controller/static load fail.
2018-01-06 12:31:20
58.211.2.126

/index.php
/controller/static load fail.
2018-01-06 12:31:20
58.211.2.96

/index.php
/controller/demo load fail.
2018-01-06 12:39:35
117.34.13.36

/index.php
/controller/static load fail.
2018-01-06 12:45:27
59.51.81.166

/index.php
/controller/static load fail.
2018-01-06 12:45:28
59.51.81.141

/index.php
/controller/static load fail.
2018-01-06 12:45:28
59.51.81.172

/index.php
/controller/static load fail.
2018-01-06 12:45:35
59.51.81.166

/index.php
/controller/static load fail.
2018-01-06 12:45:35
59.51.81.141

/index.php
/controller/static load fail.
2018-01-06 12:45:35
59.51.81.172

/index.php
/controller/static load fail.
2018-01-06 12:45:47
59.51.81.166

/index.php
/controller/static load fail.
2018-01-06 12:45:47
59.51.81.141

/index.php
/controller/static load fail.
2018-01-06 12:45:49
59.51.81.172

/index.php
/controller/static load fail.
2018-01-06 12:51:11
58.211.2.48

/index.php
/controller/static load fail.
2018-01-06 12:51:11
58.211.2.126

/index.php
/controller/static load fail.
2018-01-06 12:51:11
58.211.2.96

/index.php
/controller/static load fail.
2018-01-06 12:51:49
58.211.2.48

/index.php
/controller/static load fail.
2018-01-06 12:51:49
58.211.2.126

/index.php
/controller/static load fail.
2018-01-06 12:51:49
58.211.2.96

/index.php
/controller/static load fail.
2018-01-06 12:51:50
58.211.2.48

/index.php
/controller/static load fail.
2018-01-06 12:51:50
58.211.2.126

/index.php
/controller/static load fail.
2018-01-06 12:51:50
58.211.2.96

/index.php
/controller/static load fail.
2018-01-06 12:51:52
58.211.2.48

/index.php
/controller/static load fail.
2018-01-06 12:51:52
58.211.2.126

/index.php
/controller/static load fail.
2018-01-06 12:51:53
58.211.2.96

/index.php
/controller/static load fail.
2018-01-06 12:51:58
58.211.2.48

/index.php
/controller/static load fail.
2018-01-06 12:51:58
58.211.2.102

/index.php
/controller/static load fail.
2018-01-06 12:51:59
58.211.2.126

/index.php
/controller/static load fail.
2018-01-06 12:51:59
58.211.2.96

/index.php
/controller/static load fail.
2018-01-06 12:52:01
58.211.2.48

/index.php
/controller/static load fail.
2018-01-06 12:52:01
58.211.2.126

/index.php
/controller/static load fail.
2018-01-06 12:52:01
58.211.2.96

/index.php
/controller/static load fail.
2018-01-06 12:52:09
58.211.2.48

/index.php
/controller/static load fail.
2018-01-06 12:52:09
58.211.2.126

/index.php
/controller/static load fail.
2018-01-06 12:52:09
58.211.2.96

/index.php
/controller/static load fail.
2018-01-06 12:52:58
58.211.2.48

/index.php
/controller/static load fail.
2018-01-06 12:52:58
58.211.2.102

/index.php
/controller/static load fail.
2018-01-06 12:52:58
58.211.2.126

/index.php
/controller/static load fail.
2018-01-06 12:52:58
58.211.2.96

/index.php
/controller/static load fail.
2018-01-06 12:53:06
58.211.2.48

/index.php
/controller/static load fail.
2018-01-06 12:53:06
58.211.2.102

/index.php
/controller/static load fail.
2018-01-06 12:53:06
58.211.2.126

/index.php
/controller/static load fail.
2018-01-06 12:53:06
58.211.2.96

/index.php
/controller/static load fail.
2018-01-06 12:53:12
58.211.2.48

/index.php
/controller/static load fail.
2018-01-06 12:53:12
58.211.2.102

/index.php
/controller/static load fail.
2018-01-06 12:53:12
58.211.2.126

/index.php
/controller/static load fail.
2018-01-06 12:53:12
58.211.2.96

/index.php
/controller/static load fail.
2018-01-06 12:53:17
58.211.2.48

/index.php
/controller/static load fail.
2018-01-06 12:53:17
58.211.2.102

/index.php
/controller/static load fail.
2018-01-06 12:53:17
58.211.2.126

/index.php
/controller/static load fail.
2018-01-06 12:53:17
58.211.2.96

/index.php
/controller/static load fail.
2018-01-06 12:53:20
58.211.2.48

/index.php
/controller/static load fail.
2018-01-06 12:53:20
58.211.2.102

/index.php
/controller/static load fail.
2018-01-06 12:53:21
58.211.2.126

/index.php
/controller/static load fail.
2018-01-06 12:53:21
58.211.2.96

/index.php
/controller/static load fail.
2018-01-06 12:53:21
58.211.2.48

/index.php
/controller/static load fail.
2018-01-06 12:53:22
58.211.2.126

/index.php
/controller/static load fail.
2018-01-06 12:53:22
58.211.2.96

/index.php
/controller/static load fail.
2018-01-06 12:53:23
58.211.2.48

/index.php
/controller/static load fail.
2018-01-06 12:53:23
58.211.2.126

/index.php
/controller/static load fail.
2018-01-06 12:53:23
58.211.2.96

/index.php
/controller/static load fail.
2018-01-06 12:53:26
58.211.2.48

/index.php
/controller/static load fail.
2018-01-06 12:53:27
58.211.2.126

/index.php
/controller/static load fail.
2018-01-06 12:53:27
58.211.2.96

/index.php
/controller/static load fail.
2018-01-06 12:53:29
58.211.2.48

/index.php
/controller/static load fail.
2018-01-06 12:53:29
58.211.2.102

/index.php
/controller/static load fail.
2018-01-06 12:53:29
58.211.2.126

/index.php
/controller/static load fail.
2018-01-06 12:53:29
58.211.2.96

/index.php
/controller/static load fail.
2018-01-06 12:53:30
58.211.2.48

/index.php
/controller/static load fail.
2018-01-06 12:53:30
58.211.2.126

/index.php
/controller/static load fail.
2018-01-06 12:53:31
58.211.2.96

/index.php
/controller/static load fail.
2018-01-06 12:53:32
58.211.2.48

/index.php
/controller/static load fail.
2018-01-06 12:53:32
58.211.2.102

/index.php
/controller/static load fail.
2018-01-06 12:53:32
58.211.2.126

/index.php
/controller/static load fail.
2018-01-06 12:53:33
58.211.2.96

/index.php
/controller/static load fail.
2018-01-06 12:53:35
58.211.2.48

/index.php
/controller/static load fail.
2018-01-06 12:53:35
58.211.2.126

/index.php
/controller/static load fail.
2018-01-06 12:53:35
58.211.2.96

/index.php
/controller/static load fail.
2018-01-06 12:53:37
58.211.2.48

/index.php
/controller/static load fail.
2018-01-06 12:53:37
58.211.2.126

/index.php
/controller/static load fail.
2018-01-06 12:53:37
58.211.2.96

/index.php
/controller/static load fail.
2018-01-06 12:53:39
58.211.2.48

/index.php
/controller/static load fail.
2018-01-06 12:53:39
58.211.2.126

/index.php
/controller/static load fail.
2018-01-06 12:53:39
58.211.2.96

/index.php
/controller/static load fail.
2018-01-06 12:53:40
58.211.2.48

/index.php
/controller/static load fail.
2018-01-06 12:53:41
58.211.2.126

/index.php
/controller/static load fail.
2018-01-06 12:53:41
58.211.2.96

/index.php
/controller/static load fail.
2018-01-06 12:53:42
58.211.2.48

/index.php
/controller/static load fail.
2018-01-06 12:53:42
58.211.2.126

/index.php
/controller/static load fail.
2018-01-06 12:53:42
58.211.2.96

/index.php
/controller/static load fail.
2018-01-06 12:53:47
58.211.2.48

/index.php
/controller/static load fail.
2018-01-06 12:53:47
58.211.2.102

/index.php
/controller/static load fail.
2018-01-06 12:53:47
58.211.2.126

/index.php
/controller/static load fail.
2018-01-06 12:53:47
58.211.2.96

/index.php
/controller/static load fail.
2018-01-06 12:54:09
59.51.81.166

/index.php
/controller/static load fail.
2018-01-06 12:54:10
59.51.81.141

/index.php
/controller/static load fail.
2018-01-06 12:54:10
59.51.81.172

/index.php
/controller/static load fail.
2018-01-06 13:05:32
59.51.81.166

/index.php
/controller/static load fail.
2018-01-06 13:05:32
59.51.81.141

/index.php
/controller/static load fail.
2018-01-06 13:05:33
59.51.81.172

/index.php
/controller/static load fail.
2018-01-06 13:05:39
59.51.81.166

/index.php
/controller/static load fail.
2018-01-06 13:05:39
59.51.81.141

/index.php
/controller/static load fail.
2018-01-06 13:05:39
59.51.81.172

/index.php
/controller/static load fail.
2018-01-06 13:06:42
59.51.81.166

/index.php
/controller/static load fail.
2018-01-06 13:06:42
59.51.81.141

/index.php
/controller/static load fail.
2018-01-06 13:06:42
59.51.81.172

/index.php
/controller/static load fail.
2018-01-06 13:09:15
58.211.2.48

/index.php
/controller/static load fail.
2018-01-06 13:09:16
58.211.2.126

/index.php
/controller/static load fail.
2018-01-06 13:09:16
58.211.2.96

/index.php
/controller/static load fail.
2018-01-06 13:09:21
58.211.2.48

/index.php
/controller/static load fail.
2018-01-06 13:09:21
58.211.2.102

/index.php
/controller/static load fail.
2018-01-06 13:09:21
58.211.2.126

/index.php
/controller/static load fail.
2018-01-06 13:09:21
58.211.2.96

/index.php
/controller/static load fail.
2018-01-06 13:09:32
58.211.2.48

/index.php
/controller/static load fail.
2018-01-06 13:09:33
58.211.2.126

/index.php
/controller/static load fail.
2018-01-06 13:09:33
58.211.2.96

/index.php
/controller/static load fail.
2018-01-06 13:09:39
58.211.2.48

/index.php
/controller/static load fail.
2018-01-06 13:09:39
58.211.2.102

/index.php
/controller/static load fail.
2018-01-06 13:09:39
58.211.2.126

/index.php
/controller/static load fail.
2018-01-06 13:09:39
58.211.2.96

/index.php
/controller/static load fail.
2018-01-06 13:34:03
59.51.81.166

/index.php
/controller/static load fail.
2018-01-06 13:34:03
59.51.81.141

/index.php
/controller/static load fail.
2018-01-06 13:34:04
59.51.81.172

/index.php
/controller/static load fail.
2018-01-06 13:34:11
59.51.81.166

/index.php
/controller/static load fail.
2018-01-06 13:34:11
59.51.81.141

/index.php
/controller/static load fail.
2018-01-06 13:34:11
59.51.81.172

/index.php
/controller/static load fail.
2018-01-06 13:34:24
59.51.81.166

/index.php
/controller/static load fail.
2018-01-06 13:34:25
59.51.81.141

/index.php
/controller/static load fail.
2018-01-06 13:34:25
59.51.81.172

/index.php
/controller/demo load fail.
2018-01-06 13:37:06
59.51.81.166

/index.php
/controller/demo load fail.
2018-01-06 13:37:50
59.51.81.166

/index.php
/controller/demo load fail.
2018-01-06 14:02:58
59.51.81.166

/index.php
/controller/demo load fail.
2018-01-06 14:04:40
59.51.81.166

/index.php
/controller/static load fail.
2018-01-06 14:19:15
58.211.2.48

/index.php
/controller/static load fail.
2018-01-06 14:19:16
58.211.2.126

/index.php
/controller/static load fail.
2018-01-06 14:19:16
58.211.2.96

/index.php
/controller/static load fail.
2018-01-06 14:19:17
58.211.2.48

/index.php
/controller/static load fail.
2018-01-06 14:19:17
58.211.2.102

/index.php
/controller/static load fail.
2018-01-06 14:19:17
58.211.2.126

/index.php
/controller/static load fail.
2018-01-06 14:19:17
58.211.2.96

/index.php
/controller/static load fail.
2018-01-06 14:19:19
58.211.2.48

/index.php
/controller/static load fail.
2018-01-06 14:19:20
58.211.2.126

/index.php
/controller/static load fail.
2018-01-06 14:19:20
58.211.2.96

/index.php
/controller/static load fail.
2018-01-06 14:31:48
58.211.2.48

/index.php
/controller/static load fail.
2018-01-06 14:31:48
58.211.2.126

/index.php
/controller/static load fail.
2018-01-06 14:31:48
58.211.2.96

/index.php
/controller/static load fail.
2018-01-06 14:31:51
58.211.2.48

/index.php
/controller/static load fail.
2018-01-06 14:31:51
58.211.2.102

/index.php
/controller/static load fail.
2018-01-06 14:31:51
58.211.2.126

/index.php
/controller/static load fail.
2018-01-06 14:31:51
58.211.2.96

/index.php
/controller/static load fail.
2018-01-06 14:32:00
42.236.93.76

/index.php
/controller/static load fail.
2018-01-06 14:32:00
42.236.93.36

/index.php
/controller/static load fail.
2018-01-06 14:32:00
42.236.93.51

/index.php
/controller/static load fail.
2018-01-06 14:32:05
42.236.93.76

/index.php
/controller/static load fail.
2018-01-06 14:32:05
42.236.93.36

/index.php
/controller/static load fail.
2018-01-06 14:32:05
42.236.93.51

/index.php
/controller/static load fail.
2018-01-06 14:32:21
42.236.93.76

/index.php
/controller/static load fail.
2018-01-06 14:32:22
42.236.93.36

/index.php
/controller/static load fail.
2018-01-06 14:32:22
42.236.93.51

/index.php
/controller/static load fail.
2018-01-06 15:11:53
58.211.2.48

/index.php
/controller/static load fail.
2018-01-06 15:11:53
58.211.2.102

/index.php
/controller/static load fail.
2018-01-06 15:11:53
58.211.2.126

/index.php
/controller/static load fail.
2018-01-06 15:11:54
58.211.2.96

/index.php
/controller/static load fail.
2018-01-06 18:54:43
58.211.2.126

/index.php
/controller/static load fail.
2018-01-06 18:54:43
58.211.2.126

/index.php
/controller/static load fail.
2018-01-06 18:54:43
58.211.2.96

/index.php
/controller/static load fail.
2018-01-06 18:54:52
58.211.2.126

/index.php
/controller/static load fail.
2018-01-06 18:54:53
58.211.2.126

/index.php
/controller/static load fail.
2018-01-06 18:54:53
58.211.2.96

/index.php
/controller/static load fail.
2018-01-06 18:54:57
58.211.2.126

/index.php
/controller/static load fail.
2018-01-06 18:54:57
58.211.2.126

/index.php
/controller/static load fail.
2018-01-06 18:54:57
58.211.2.96

/index.php
/controller/static load fail.
2018-01-06 18:55:22
58.211.2.126

/index.php
/controller/static load fail.
2018-01-06 18:55:22
58.211.2.126

/index.php
/controller/static load fail.
2018-01-06 18:55:22
58.211.2.96

/index.php
/controller/static load fail.
2018-01-06 18:55:24
58.211.2.126

/index.php
/controller/static load fail.
2018-01-06 18:55:24
58.211.2.126

/index.php
/controller/static load fail.
2018-01-06 18:55:24
58.211.2.96

/index.php
/controller/static load fail.
2018-01-06 18:55:29
58.211.2.126

/index.php
/controller/static load fail.
2018-01-06 18:55:29
58.211.2.126

/index.php
/controller/static load fail.
2018-01-06 18:55:29
58.211.2.96

/index.php
/controller/static load fail.
2018-01-06 18:55:32
58.211.2.126

/index.php
/controller/static load fail.
2018-01-06 18:55:32
58.211.2.126

/index.php
/controller/static load fail.
2018-01-06 18:55:32
58.211.2.96

/index.php
/controller/css load fail.
2018-01-06 18:57:19
58.211.2.66

/index.php
/controller/static load fail.
2018-01-06 18:58:14
58.211.2.126

/index.php
/controller/static load fail.
2018-01-06 18:58:15
58.211.2.126

/index.php
/controller/static load fail.
2018-01-06 18:58:15
58.211.2.96

/index.php
/controller/static load fail.
2018-01-06 18:58:19
58.211.2.126

/index.php
/controller/static load fail.
2018-01-06 18:58:20
58.211.2.126

/index.php
/controller/static load fail.
2018-01-06 18:58:20
58.211.2.96

/index.php
/controller/static load fail.
2018-01-06 18:58:23
58.211.2.126

/index.php
/controller/static load fail.
2018-01-06 18:58:24
58.211.2.126

/index.php
/controller/static load fail.
2018-01-06 18:58:24
58.211.2.96

/index.php
/controller/static load fail.
2018-01-06 19:06:22
58.211.2.102

/index.php
/controller/static load fail.
2018-01-06 19:06:54
58.211.2.102

/index.php
/controller/css load fail.
2018-01-06 19:06:57
58.211.2.66

/index.php
/controller/static load fail.
2018-01-06 19:06:59
58.211.2.102

/index.php
/controller/static load fail.
2018-01-06 19:07:16
58.211.2.48

/index.php
/controller/static load fail.
2018-01-06 19:07:16
58.211.2.102

/index.php
/controller/static load fail.
2018-01-06 19:07:16
58.211.2.126

/index.php
/controller/static load fail.
2018-01-06 19:07:16
58.211.2.96

/index.php
/controller/static load fail.
2018-01-06 19:07:19
58.211.2.48

/index.php
/controller/static load fail.
2018-01-06 19:07:19
58.211.2.126

/index.php
/controller/static load fail.
2018-01-06 19:07:19
58.211.2.96

/index.php
/controller/static load fail.
2018-01-06 19:07:22
58.211.2.48

/index.php
/controller/static load fail.
2018-01-06 19:07:22
58.211.2.102

/index.php
/controller/static load fail.
2018-01-06 19:07:22
58.211.2.126

/index.php
/controller/static load fail.
2018-01-06 19:07:22
58.211.2.96

/index.php
/controller/static load fail.
2018-01-06 19:07:26
58.211.2.48

/index.php
/controller/static load fail.
2018-01-06 19:07:26
58.211.2.126

/index.php
/controller/static load fail.
2018-01-06 19:07:27
58.211.2.96

/index.php
/controller/static load fail.
2018-01-06 19:07:29
58.211.2.48

/index.php
/controller/static load fail.
2018-01-06 19:07:29
58.211.2.102

/index.php
/controller/static load fail.
2018-01-06 19:07:29
58.211.2.126

/index.php
/controller/static load fail.
2018-01-06 19:07:29
58.211.2.96

/index.php
/controller/static load fail.
2018-01-06 19:07:38
58.211.2.48

/index.php
/controller/static load fail.
2018-01-06 19:07:38
58.211.2.102

/index.php
/controller/static load fail.
2018-01-06 19:07:38
58.211.2.126

/index.php
/controller/static load fail.
2018-01-06 19:07:38
58.211.2.96

/index.php
/controller/static load fail.
2018-01-06 19:07:59
101.71.55.80

/index.php
/controller/static load fail.
2018-01-06 19:08:01
58.211.2.102

/index.php
/controller/static load fail.
2018-01-06 19:08:13
58.211.2.48

/index.php
/controller/static load fail.
2018-01-06 19:08:13
58.211.2.126

/index.php
/controller/static load fail.
2018-01-06 19:08:13
58.211.2.96

/index.php
/controller/static load fail.
2018-01-06 19:08:16
101.71.55.90

/index.php
/controller/static load fail.
2018-01-06 19:08:16
101.71.55.140

/index.php
/controller/static load fail.
2018-01-06 19:08:18
101.71.55.90

/index.php
/controller/static load fail.
2018-01-06 19:08:19
101.71.55.85

/index.php
/controller/static load fail.
2018-01-06 19:08:20
58.211.2.48

/index.php
/controller/static load fail.
2018-01-06 19:08:29
58.211.2.48

/index.php
/controller/static load fail.
2018-01-06 19:08:29
58.211.2.102

/index.php
/controller/static load fail.
2018-01-06 19:08:29
58.211.2.126

/index.php
/controller/static load fail.
2018-01-06 19:08:29
58.211.2.96

/index.php
/controller/static load fail.
2018-01-06 19:09:09
58.211.2.48

/index.php
/controller/static load fail.
2018-01-06 19:09:09
58.211.2.102

/index.php
/controller/static load fail.
2018-01-06 19:09:09
58.211.2.126

/index.php
/controller/static load fail.
2018-01-06 19:09:09
58.211.2.96

/index.php
/controller/static load fail.
2018-01-06 19:09:14
58.211.2.48

/index.php
/controller/static load fail.
2018-01-06 19:09:14
58.211.2.126

/index.php
/controller/static load fail.
2018-01-06 19:09:14
58.211.2.96

/index.php
/controller/static load fail.
2018-01-06 19:09:16
58.211.2.48

/index.php
/controller/static load fail.
2018-01-06 19:09:16
58.211.2.102

/index.php
/controller/static load fail.
2018-01-06 19:09:16
58.211.2.126

/index.php
/controller/static load fail.
2018-01-06 19:09:16
58.211.2.96

/index.php
/controller/static load fail.
2018-01-06 19:09:17
58.211.2.48

/index.php
/controller/static load fail.
2018-01-06 19:09:17
58.211.2.126

/index.php
/controller/static load fail.
2018-01-06 19:09:17
58.211.2.96

/index.php
/controller/static load fail.
2018-01-06 19:09:23
58.211.2.48

/index.php
/controller/static load fail.
2018-01-06 19:09:23
58.211.2.126

/index.php
/controller/static load fail.
2018-01-06 19:09:24
58.211.2.96

/index.php
/controller/static load fail.
2018-01-06 19:09:24
58.211.2.48

/index.php
/controller/static load fail.
2018-01-06 19:09:24
58.211.2.126

/index.php
/controller/static load fail.
2018-01-06 19:09:24
58.211.2.96

/index.php
/controller/static load fail.
2018-01-06 19:09:27
58.211.2.48

/index.php
/controller/static load fail.
2018-01-06 19:09:27
58.211.2.126

/index.php
/controller/static load fail.
2018-01-06 19:09:27
58.211.2.96

/index.php
/controller/static load fail.
2018-01-06 19:09:29
58.211.2.48

/index.php
/controller/static load fail.
2018-01-06 19:09:29
58.211.2.102

/index.php
/controller/static load fail.
2018-01-06 19:09:29
58.211.2.126

/index.php
/controller/static load fail.
2018-01-06 19:09:29
58.211.2.96

/index.php
/controller/static load fail.
2018-01-06 19:09:37
58.211.2.48

/index.php
/controller/static load fail.
2018-01-06 19:09:37
58.211.2.126

/index.php
/controller/static load fail.
2018-01-06 19:09:38
58.211.2.96

/index.php
/controller/static load fail.
2018-01-06 19:09:45
58.211.2.48

/index.php
/controller/static load fail.
2018-01-06 19:09:45
58.211.2.102

/index.php
/controller/static load fail.
2018-01-06 19:09:45
58.211.2.126

/index.php
/controller/static load fail.
2018-01-06 19:09:45
58.211.2.96

/index.php
/controller/static load fail.
2018-01-06 19:09:49
58.211.2.102

/index.php
/controller/static load fail.
2018-01-06 19:09:49
58.211.2.48

/index.php
/controller/static load fail.
2018-01-06 19:09:49
58.211.2.126

/index.php
/controller/static load fail.
2018-01-06 19:09:50
58.211.2.96

/index.php
/controller/css load fail.
2018-01-06 20:15:59
117.34.13.12

/index.php
/controller/static load fail.
2018-01-06 20:16:12
117.34.13.36

/index.php
/controller/static load fail.
2018-01-06 20:16:13
117.34.13.60

/index.php
/controller/static load fail.
2018-01-06 20:16:13
117.34.13.54

/index.php
/controller/static load fail.
2018-01-06 20:16:36
117.34.13.36

/index.php
/controller/static load fail.
2018-01-06 20:16:36
117.34.13.60

/index.php
/controller/static load fail.
2018-01-06 20:16:36
117.34.13.54

/index.php
/controller/static load fail.
2018-01-06 20:16:37
117.34.13.36

/index.php
/controller/static load fail.
2018-01-06 20:16:37
117.34.13.60

/index.php
/controller/static load fail.
2018-01-06 20:16:37
117.34.13.54

/index.php
/controller/static load fail.
2018-01-06 20:16:38
117.34.13.36

/index.php
/controller/static load fail.
2018-01-06 20:16:38
117.34.13.60

/index.php
/controller/static load fail.
2018-01-06 20:16:38
117.34.13.54

/index.php
/controller/static load fail.
2018-01-06 20:16:39
117.34.13.36

/index.php
/controller/static load fail.
2018-01-06 20:16:39
117.34.13.60

/index.php
/controller/static load fail.
2018-01-06 20:16:39
117.34.13.54

/index.php
/controller/static load fail.
2018-01-06 20:16:40
117.34.13.36

/index.php
/controller/static load fail.
2018-01-06 20:16:40
117.34.13.60

/index.php
/controller/static load fail.
2018-01-06 20:16:40
117.34.13.54

/index.php
/controller/static load fail.
2018-01-06 20:16:41
117.34.13.36

/index.php
/controller/static load fail.
2018-01-06 20:16:41
117.34.13.60

/index.php
/controller/static load fail.
2018-01-06 20:16:41
117.34.13.54

/index.php
/controller/static load fail.
2018-01-06 20:16:43
117.34.13.36

/index.php
/controller/static load fail.
2018-01-06 20:16:43
117.34.13.60

/index.php
/controller/static load fail.
2018-01-06 20:16:43
117.34.13.54

/index.php
/controller/static load fail.
2018-01-06 20:16:44
117.34.13.36

/index.php
/controller/static load fail.
2018-01-06 20:16:44
117.34.13.60

/index.php
/controller/static load fail.
2018-01-06 20:16:44
117.34.13.54

/index.php
/controller/static load fail.
2018-01-06 20:16:45
117.34.13.36

/index.php
/controller/static load fail.
2018-01-06 20:16:45
117.34.13.60

/index.php
/controller/static load fail.
2018-01-06 20:16:45
117.34.13.54

/index.php
/controller/static load fail.
2018-01-06 20:16:47
117.34.13.36

/index.php
/controller/static load fail.
2018-01-06 20:16:47
117.34.13.60

/index.php
/controller/static load fail.
2018-01-06 20:16:47
117.34.13.54

/index.php
/controller/static load fail.
2018-01-06 20:16:47
117.34.13.36

/index.php
/controller/static load fail.
2018-01-06 20:16:47
117.34.13.60

/index.php
/controller/static load fail.
2018-01-06 20:16:47
117.34.13.54

/index.php
/controller/css load fail.
2018-01-06 20:16:54
117.34.13.12

/index.php
/controller/demo load fail.
2018-01-06 20:16:56
117.34.13.36

/index.php
/controller/demo load fail.
2018-01-06 20:17:54
117.34.13.36

/index.php
/controller/demo load fail.
2018-01-06 20:17:58
117.34.13.36

/index.php
/controller/static load fail.
2018-01-06 20:58:56
42.236.93.76

/index.php
/controller/static load fail.
2018-01-06 20:58:56
42.236.93.36

/index.php
/controller/static load fail.
2018-01-06 20:58:56
42.236.93.51

/index.php
/controller/static load fail.
2018-01-06 20:59:01
42.236.93.76

/index.php
/controller/static load fail.
2018-01-06 20:59:01
42.236.93.36

/index.php
/controller/static load fail.
2018-01-06 20:59:01
42.236.93.51

/index.php
/controller/static load fail.
2018-01-06 21:39:05
42.236.93.76

/index.php
/controller/static load fail.
2018-01-06 21:39:05
42.236.93.36

/index.php
/controller/static load fail.
2018-01-06 21:39:05
42.236.93.51

/index.php
/controller/static load fail.
2018-01-06 21:47:09
117.34.13.36

/index.php
/controller/static load fail.
2018-01-06 21:47:09
117.34.13.60

/index.php
/controller/static load fail.
2018-01-06 21:47:09
117.34.13.54

/index.php
/controller/css load fail.
2018-01-06 22:02:42
59.51.81.166

/index.php
/controller/static load fail.
2018-01-06 23:37:26
125.39.239.120

/index.php
/controller/static load fail.
2018-01-06 23:37:26
125.39.239.114

/index.php
/controller/static load fail.
2018-01-06 23:37:27
125.39.239.90

/index.php
/controller/static load fail.
2018-01-06 23:37:27
125.39.239.48

/index.php
/controller/script load fail.
2018-01-06 23:37:27
125.39.239.102

/index.php
/controller/static load fail.
2018-01-06 23:37:27
125.39.239.18

/index.php
/controller/static load fail.
2018-01-06 23:37:27
125.39.239.60

