/index.php
/controller/script load fail.
2017-12-23 00:06:16
117.34.13.30

/index.php
/controller/blog load fail.
2017-12-23 07:18:45
172.68.238.75

/index.php
/controller/static load fail.
2017-12-23 10:15:58
117.34.13.72

/index.php
/controller/static load fail.
2017-12-23 10:15:58
117.34.13.24

/index.php
/controller/static load fail.
2017-12-23 10:15:59
117.34.13.42

/index.php
/controller/member/truename load fail.
2017-12-23 10:16:00
117.34.13.78

/index.php
/controller/member/truename load fail.
2017-12-23 10:16:03
117.34.13.78

/index.php
/controller/member/truename load fail.
2017-12-23 10:16:59
58.211.2.78

/index.php
/controller/member/truename load fail.
2017-12-23 10:17:03
101.71.55.90

/index.php
/controller/static load fail.
2017-12-23 10:18:21
117.34.13.72

/index.php
/controller/static load fail.
2017-12-23 10:18:21
117.34.13.24

/index.php
/controller/static load fail.
2017-12-23 10:18:21
117.34.13.42

/index.php
/controller/demo load fail.
2017-12-23 10:25:14
117.34.13.30

/index.php
/controller/css load fail.
2017-12-23 11:06:04
117.34.13.12

/index.php
/controller/static load fail.
2017-12-23 11:06:54
117.34.13.72

/index.php
/controller/static load fail.
2017-12-23 11:06:54
117.34.13.24

/index.php
/controller/static load fail.
2017-12-23 11:06:55
117.34.13.42

/index.php
/controller/static load fail.
2017-12-23 11:09:12
117.34.13.72

/index.php
/controller/static load fail.
2017-12-23 11:09:12
117.34.13.24

/index.php
/controller/static load fail.
2017-12-23 11:09:12
117.34.13.42

/index.php
/controller/css load fail.
2017-12-23 11:09:31
117.34.13.60

/index.php
/controller/css load fail.
2017-12-23 11:09:48
117.34.13.60

/index.php
/controller/static load fail.
2017-12-23 11:10:16
117.34.13.78

/index.php
/controller/static load fail.
2017-12-23 11:17:57
117.34.13.66

/index.php
/controller/static load fail.
2017-12-23 11:17:58
117.34.13.78

/index.php
/controller/static load fail.
2017-12-23 11:18:47
117.34.13.66

/index.php
/controller/static load fail.
2017-12-23 11:18:49
117.34.13.78

/index.php
/controller/static load fail.
2017-12-23 11:18:50
117.34.13.78

/index.php
/controller/static load fail.
2017-12-23 11:18:51
117.34.13.66

/index.php
/controller/static load fail.
2017-12-23 11:18:52
117.34.13.66

/index.php
/controller/static load fail.
2017-12-23 11:18:53
117.34.13.66

/index.php
/controller/static load fail.
2017-12-23 11:18:54
117.34.13.66

/index.php
/controller/static load fail.
2017-12-23 11:19:08
117.34.13.66

/index.php
/controller/static load fail.
2017-12-23 11:19:09
117.34.13.66

/index.php
/controller/static load fail.
2017-12-23 11:19:10
117.34.13.66

/index.php
/controller/static load fail.
2017-12-23 11:19:11
117.34.13.78

/index.php
/controller/static load fail.
2017-12-23 11:19:12
117.34.13.66

/index.php
/controller/static load fail.
2017-12-23 11:19:13
117.34.13.66

/index.php
/controller/static load fail.
2017-12-23 11:19:31
117.34.13.66

/index.php
/controller/static load fail.
2017-12-23 11:19:32
117.34.13.66

/index.php
/controller/static load fail.
2017-12-23 11:19:33
117.34.13.78

/index.php
/controller/demo load fail.
2017-12-23 11:19:43
117.34.13.72

/index.php
/controller/demo load fail.
2017-12-23 11:19:44
117.34.13.30

/index.php
/controller/css load fail.
2017-12-23 11:19:45
117.34.13.12

/index.php
/controller/css load fail.
2017-12-23 11:19:47
117.34.13.12

/index.php
/controller/css load fail.
2017-12-23 11:19:51
117.34.13.12

/index.php
/controller/static load fail.
2017-12-23 11:19:54
117.34.13.66

/index.php
/controller/static load fail.
2017-12-23 11:19:58
117.34.13.66

/index.php
/controller/static load fail.
2017-12-23 11:20:01
117.34.13.66

/index.php
/controller/static load fail.
2017-12-23 11:20:02
117.34.13.66

/index.php
/controller/static load fail.
2017-12-23 11:20:03
117.34.13.78

/index.php
/controller/static load fail.
2017-12-23 11:20:16
117.34.13.66

/index.php
/controller/static load fail.
2017-12-23 11:20:32
117.34.13.66

/index.php
/controller/static load fail.
2017-12-23 11:20:54
117.34.13.66

/index.php
/controller/static load fail.
2017-12-23 11:20:56
117.34.13.66

/index.php
/controller/static load fail.
2017-12-23 11:20:57
117.34.13.66

/index.php
/controller/static load fail.
2017-12-23 11:20:58
117.34.13.66

/index.php
/controller/static load fail.
2017-12-23 11:20:59
117.34.13.66

/index.php
/controller/static load fail.
2017-12-23 11:21:00
117.34.13.66

/index.php
/controller/static load fail.
2017-12-23 11:21:01
117.34.13.66

/index.php
/controller/static load fail.
2017-12-23 11:21:02
117.34.13.66

/index.php
/controller/static load fail.
2017-12-23 11:21:03
117.34.13.66

/index.php
/controller/static load fail.
2017-12-23 11:21:17
117.34.13.66

/index.php
/controller/static load fail.
2017-12-23 11:21:18
117.34.13.66

/index.php
/controller/static load fail.
2017-12-23 11:21:19
117.34.13.66

/index.php
/controller/static load fail.
2017-12-23 11:21:20
117.34.13.66

/index.php
/controller/static load fail.
2017-12-23 11:21:42
117.34.13.66

/index.php
/controller/static load fail.
2017-12-23 11:21:43
117.34.13.66

/index.php
/controller/static load fail.
2017-12-23 11:21:44
117.34.13.66

/index.php
/controller/static load fail.
2017-12-23 11:21:45
117.34.13.66

/index.php
/controller/static load fail.
2017-12-23 11:21:46
117.34.13.66

/index.php
/controller/static load fail.
2017-12-23 11:21:47
117.34.13.66

/index.php
/controller/static load fail.
2017-12-23 11:21:48
117.34.13.66

/index.php
/controller/static load fail.
2017-12-23 11:21:49
117.34.13.66

/index.php
/controller/static load fail.
2017-12-23 11:21:50
117.34.13.66

/index.php
/controller/static load fail.
2017-12-23 11:21:51
117.34.13.66

/index.php
/controller/static load fail.
2017-12-23 11:22:13
117.34.13.66

/index.php
/controller/static load fail.
2017-12-23 11:22:15
117.34.13.78

/index.php
/controller/static load fail.
2017-12-23 11:22:22
117.34.13.66

/index.php
/controller/static load fail.
2017-12-23 11:22:23
117.34.13.66

/index.php
/controller/static load fail.
2017-12-23 11:22:24
117.34.13.66

/index.php
/controller/static load fail.
2017-12-23 11:22:24
117.34.13.66

/index.php
/controller/static load fail.
2017-12-23 11:22:25
117.34.13.66

/index.php
/controller/static load fail.
2017-12-23 11:22:26
117.34.13.66

/index.php
/controller/static load fail.
2017-12-23 11:22:27
117.34.13.66

/index.php
/controller/static load fail.
2017-12-23 11:22:28
117.34.13.66

/index.php
/controller/static load fail.
2017-12-23 11:22:29
117.34.13.66

/index.php
/controller/static load fail.
2017-12-23 11:22:29
117.34.13.66

/index.php
/controller/static load fail.
2017-12-23 11:22:30
117.34.13.66

/index.php
/controller/static load fail.
2017-12-23 11:22:31
117.34.13.66

/index.php
/controller/static load fail.
2017-12-23 11:22:32
117.34.13.66

/index.php
/controller/static load fail.
2017-12-23 11:22:33
117.34.13.66

/index.php
/controller/static load fail.
2017-12-23 11:22:34
117.34.13.66

/index.php
/controller/static load fail.
2017-12-23 11:22:39
117.34.13.66

/index.php
/controller/static load fail.
2017-12-23 11:22:40
117.34.13.66

/index.php
/controller/static load fail.
2017-12-23 11:22:43
117.34.13.66

/index.php
/controller/static load fail.
2017-12-23 11:22:44
117.34.13.66

/index.php
/controller/static load fail.
2017-12-23 11:22:46
117.34.13.66

/index.php
/controller/static load fail.
2017-12-23 11:22:47
117.34.13.66

/index.php
/controller/static load fail.
2017-12-23 11:22:49
117.34.13.66

/index.php
/controller/static load fail.
2017-12-23 11:22:50
117.34.13.66

/index.php
/controller/static load fail.
2017-12-23 11:22:52
117.34.13.66

/index.php
/controller/static load fail.
2017-12-23 11:22:52
117.34.13.66

/index.php
/controller/static load fail.
2017-12-23 11:22:53
117.34.13.66

/index.php
/controller/static load fail.
2017-12-23 11:23:01
117.34.13.78

/index.php
/controller/static load fail.
2017-12-23 11:23:08
117.34.13.66

/index.php
/controller/static load fail.
2017-12-23 11:23:10
117.34.13.66

/index.php
/controller/static load fail.
2017-12-23 11:23:12
117.34.13.66

/index.php
/controller/static load fail.
2017-12-23 11:23:15
117.34.13.66

/index.php
/controller/static load fail.
2017-12-23 11:23:16
117.34.13.66

/index.php
/controller/static load fail.
2017-12-23 11:23:17
117.34.13.66

/index.php
/controller/static load fail.
2017-12-23 11:23:18
117.34.13.66

/index.php
/controller/static load fail.
2017-12-23 11:23:19
117.34.13.66

/index.php
/controller/static load fail.
2017-12-23 11:23:19
117.34.13.66

/index.php
/controller/static load fail.
2017-12-23 11:23:20
117.34.13.66

/index.php
/controller/static load fail.
2017-12-23 11:23:21
117.34.13.66

/index.php
/controller/static load fail.
2017-12-23 11:23:22
117.34.13.66

/index.php
/controller/css load fail.
2017-12-23 11:24:42
117.34.13.12

/index.php
/controller/css load fail.
2017-12-23 11:24:46
117.34.13.12

/index.php
/controller/script load fail.
2017-12-23 11:24:49
117.34.13.30

/index.php
/controller/demo load fail.
2017-12-23 11:24:51
117.34.13.30

/index.php
/controller/script load fail.
2017-12-23 11:24:52
117.34.13.30

/index.php
/controller/static load fail.
2017-12-23 11:24:54
117.34.13.66

/index.php
/controller/static load fail.
2017-12-23 11:25:17
117.34.13.66

/index.php
/controller/static load fail.
2017-12-23 11:25:19
117.34.13.66

/index.php
/controller/static load fail.
2017-12-23 11:25:20
117.34.13.66

/index.php
/controller/static load fail.
2017-12-23 11:25:21
117.34.13.66

/index.php
/controller/static load fail.
2017-12-23 11:25:22
117.34.13.66

/index.php
/controller/static load fail.
2017-12-23 11:25:23
117.34.13.66

/index.php
/controller/static load fail.
2017-12-23 11:25:24
117.34.13.66

/index.php
/controller/static load fail.
2017-12-23 11:25:25
117.34.13.78

/index.php
/controller/static load fail.
2017-12-23 11:25:26
117.34.13.66

/index.php
/controller/static load fail.
2017-12-23 11:25:27
117.34.13.66

/index.php
/controller/static load fail.
2017-12-23 11:25:28
117.34.13.78

/index.php
/controller/static load fail.
2017-12-23 11:25:29
117.34.13.66

/index.php
/controller/static load fail.
2017-12-23 11:25:30
117.34.13.66

/index.php
/controller/static load fail.
2017-12-23 11:25:31
117.34.13.66

/index.php
/controller/static load fail.
2017-12-23 11:25:32
117.34.13.66

/index.php
/controller/static load fail.
2017-12-23 11:25:33
117.34.13.66

/index.php
/controller/static load fail.
2017-12-23 11:25:33
117.34.13.66

/index.php
/controller/static load fail.
2017-12-23 11:25:34
117.34.13.66

/index.php
/controller/static load fail.
2017-12-23 11:25:35
117.34.13.66

/index.php
/controller/static load fail.
2017-12-23 11:25:40
117.34.13.66

/index.php
/controller/static load fail.
2017-12-23 11:25:41
117.34.13.66

/index.php
/controller/static load fail.
2017-12-23 11:29:40
117.34.13.66

/index.php
/controller/static load fail.
2017-12-23 11:29:53
117.34.13.66

/index.php
/controller/static load fail.
2017-12-23 11:32:36
117.34.13.78

/index.php
/controller/css load fail.
2017-12-23 11:33:03
117.34.13.12

/index.php
/controller/static load fail.
2017-12-23 11:33:34
117.34.13.12

/index.php
/controller/static load fail.
2017-12-23 11:33:35
117.34.13.30

/index.php
/controller/static load fail.
2017-12-23 11:33:35
117.34.13.30

/index.php
/controller/member/truename load fail.
2017-12-23 11:33:38
117.34.13.72

/index.php
/controller/static load fail.
2017-12-23 11:36:04
117.34.13.12

/index.php
/controller/static load fail.
2017-12-23 11:36:04
117.34.13.30

/index.php
/controller/static load fail.
2017-12-23 11:36:04
117.34.13.30

/index.php
/controller/static load fail.
2017-12-23 11:36:13
117.34.13.12

/index.php
/controller/static load fail.
2017-12-23 11:36:13
117.34.13.30

/index.php
/controller/static load fail.
2017-12-23 11:36:13
117.34.13.30

/index.php
/controller/static load fail.
2017-12-23 11:36:20
117.34.13.12

/index.php
/controller/static load fail.
2017-12-23 11:36:21
117.34.13.30

/index.php
/controller/static load fail.
2017-12-23 11:36:21
117.34.13.30

/index.php
/controller/static load fail.
2017-12-23 11:36:30
117.34.13.12

/index.php
/controller/static load fail.
2017-12-23 11:36:30
117.34.13.30

/index.php
/controller/static load fail.
2017-12-23 11:36:30
117.34.13.30

/index.php
/controller/static load fail.
2017-12-23 11:36:32
117.34.13.12

/index.php
/controller/static load fail.
2017-12-23 11:36:32
117.34.13.30

/index.php
/controller/static load fail.
2017-12-23 11:36:32
117.34.13.30

/index.php
/controller/member/truename load fail.
2017-12-23 11:36:53
117.34.13.72

/index.php
/controller/static load fail.
2017-12-23 11:44:02
117.34.13.72

/index.php
/controller/static load fail.
2017-12-23 11:44:02
117.34.13.24

/index.php
/controller/static load fail.
2017-12-23 11:44:02
117.34.13.42

/index.php
/controller/static load fail.
2017-12-23 11:44:04
117.34.13.72

/index.php
/controller/static load fail.
2017-12-23 11:44:04
117.34.13.24

/index.php
/controller/static load fail.
2017-12-23 11:44:04
117.34.13.42

/index.php
/controller/static load fail.
2017-12-23 11:44:16
117.34.13.72

/index.php
/controller/static load fail.
2017-12-23 11:44:16
117.34.13.24

/index.php
/controller/static load fail.
2017-12-23 11:44:16
117.34.13.42

/index.php
/controller/static load fail.
2017-12-23 11:46:58
117.34.13.72

/index.php
/controller/static load fail.
2017-12-23 11:46:58
117.34.13.24

/index.php
/controller/static load fail.
2017-12-23 11:46:58
117.34.13.42

/index.php
/controller/static load fail.
2017-12-23 11:47:36
117.34.13.72

/index.php
/controller/static load fail.
2017-12-23 11:47:36
117.34.13.24

/index.php
/controller/static load fail.
2017-12-23 11:47:36
117.34.13.42

/index.php
/controller/static load fail.
2017-12-23 11:47:38
117.34.13.72

/index.php
/controller/static load fail.
2017-12-23 11:47:38
117.34.13.24

/index.php
/controller/static load fail.
2017-12-23 11:47:38
117.34.13.42

/index.php
/controller/static load fail.
2017-12-23 11:47:39
117.34.13.72

/index.php
/controller/static load fail.
2017-12-23 11:47:39
117.34.13.24

/index.php
/controller/static load fail.
2017-12-23 11:47:39
117.34.13.42

/index.php
/controller/static load fail.
2017-12-23 11:50:06
117.34.13.72

/index.php
/controller/static load fail.
2017-12-23 11:50:06
117.34.13.24

/index.php
/controller/static load fail.
2017-12-23 11:50:06
117.34.13.42

/index.php
/controller/static load fail.
2017-12-23 11:50:33
117.34.13.72

/index.php
/controller/static load fail.
2017-12-23 11:50:33
117.34.13.24

/index.php
/controller/static load fail.
2017-12-23 11:50:33
117.34.13.42

/index.php
/controller/static load fail.
2017-12-23 11:51:11
117.34.13.12

/index.php
/controller/static load fail.
2017-12-23 11:51:11
117.34.13.30

/index.php
/controller/static load fail.
2017-12-23 11:51:11
117.34.13.30

/index.php
/controller/static load fail.
2017-12-23 11:51:13
117.34.13.12

/index.php
/controller/static load fail.
2017-12-23 11:51:13
117.34.13.30

/index.php
/controller/static load fail.
2017-12-23 11:51:14
117.34.13.30

/index.php
/controller/static load fail.
2017-12-23 11:51:15
117.34.13.12

/index.php
/controller/static load fail.
2017-12-23 11:51:15
117.34.13.30

/index.php
/controller/static load fail.
2017-12-23 11:51:15
117.34.13.30

/index.php
/controller/static load fail.
2017-12-23 11:51:17
117.34.13.12

/index.php
/controller/static load fail.
2017-12-23 11:51:17
117.34.13.30

/index.php
/controller/static load fail.
2017-12-23 11:51:17
117.34.13.30

/index.php
/controller/static load fail.
2017-12-23 11:51:18
117.34.13.12

/index.php
/controller/static load fail.
2017-12-23 11:51:18
117.34.13.30

/index.php
/controller/static load fail.
2017-12-23 11:51:19
117.34.13.30

/index.php
/controller/static load fail.
2017-12-23 11:51:20
117.34.13.12

/index.php
/controller/static load fail.
2017-12-23 11:51:20
117.34.13.30

/index.php
/controller/static load fail.
2017-12-23 11:51:20
117.34.13.30

/index.php
/controller/static load fail.
2017-12-23 11:51:22
117.34.13.12

/index.php
/controller/static load fail.
2017-12-23 11:51:22
117.34.13.30

/index.php
/controller/static load fail.
2017-12-23 11:51:22
117.34.13.30

/index.php
/controller/static load fail.
2017-12-23 11:51:24
117.34.13.12

/index.php
/controller/static load fail.
2017-12-23 11:51:24
117.34.13.30

/index.php
/controller/static load fail.
2017-12-23 11:51:24
117.34.13.30

/index.php
/controller/static load fail.
2017-12-23 11:53:59
117.34.13.72

/index.php
/controller/static load fail.
2017-12-23 11:53:59
117.34.13.24

/index.php
/controller/static load fail.
2017-12-23 11:53:59
117.34.13.42

/index.php
/controller/static load fail.
2017-12-23 11:54:01
117.34.13.72

/index.php
/controller/static load fail.
2017-12-23 11:54:01
117.34.13.24

/index.php
/controller/static load fail.
2017-12-23 11:54:01
117.34.13.42

/index.php
/controller/static load fail.
2017-12-23 11:54:02
117.34.13.24

/index.php
/controller/static load fail.
2017-12-23 11:54:02
117.34.13.42

/index.php
/controller/static load fail.
2017-12-23 11:54:03
117.34.13.72

/index.php
/controller/static load fail.
2017-12-23 11:54:03
117.34.13.72

/index.php
/controller/static load fail.
2017-12-23 11:54:04
117.34.13.24

/index.php
/controller/static load fail.
2017-12-23 11:54:04
117.34.13.42

/index.php
/controller/static load fail.
2017-12-23 11:54:05
117.34.13.12

/index.php
/controller/static load fail.
2017-12-23 11:54:05
117.34.13.30

/index.php
/controller/static load fail.
2017-12-23 11:54:06
117.34.13.30

/index.php
/controller/static load fail.
2017-12-23 11:54:07
117.34.13.72

/index.php
/controller/static load fail.
2017-12-23 11:54:07
117.34.13.24

/index.php
/controller/static load fail.
2017-12-23 11:54:07
117.34.13.42

/index.php
/controller/static load fail.
2017-12-23 11:54:08
117.34.13.12

/index.php
/controller/static load fail.
2017-12-23 11:54:08
117.34.13.30

/index.php
/controller/static load fail.
2017-12-23 11:54:08
117.34.13.30

/index.php
/controller/static load fail.
2017-12-23 11:54:09
117.34.13.12

/index.php
/controller/static load fail.
2017-12-23 11:54:09
117.34.13.30

/index.php
/controller/static load fail.
2017-12-23 11:54:09
117.34.13.30

/index.php
/controller/static load fail.
2017-12-23 11:54:10
117.34.13.72

/index.php
/controller/static load fail.
2017-12-23 11:54:10
117.34.13.24

/index.php
/controller/static load fail.
2017-12-23 11:54:10
117.34.13.42

/index.php
/controller/static load fail.
2017-12-23 11:54:11
117.34.13.12

/index.php
/controller/static load fail.
2017-12-23 11:54:11
117.34.13.30

/index.php
/controller/static load fail.
2017-12-23 11:54:11
117.34.13.30

/index.php
/controller/static load fail.
2017-12-23 11:54:14
117.34.13.72

/index.php
/controller/static load fail.
2017-12-23 11:54:14
117.34.13.24

/index.php
/controller/static load fail.
2017-12-23 11:54:14
117.34.13.42

/index.php
/controller/static load fail.
2017-12-23 11:54:15
117.34.13.72

/index.php
/controller/static load fail.
2017-12-23 11:54:15
117.34.13.24

/index.php
/controller/static load fail.
2017-12-23 11:54:15
117.34.13.42

/index.php
/controller/static load fail.
2017-12-23 11:54:30
117.34.13.72

/index.php
/controller/static load fail.
2017-12-23 11:54:30
117.34.13.24

/index.php
/controller/static load fail.
2017-12-23 11:54:30
117.34.13.42

/index.php
/controller/static load fail.
2017-12-23 11:54:32
117.34.13.72

/index.php
/controller/static load fail.
2017-12-23 11:54:32
117.34.13.24

/index.php
/controller/static load fail.
2017-12-23 11:54:32
117.34.13.42

/index.php
/controller/static load fail.
2017-12-23 11:54:33
117.34.13.72

/index.php
/controller/static load fail.
2017-12-23 11:54:33
117.34.13.24

/index.php
/controller/static load fail.
2017-12-23 11:54:33
117.34.13.42

/index.php
/controller/static load fail.
2017-12-23 11:54:35
117.34.13.72

/index.php
/controller/static load fail.
2017-12-23 11:54:36
117.34.13.24

/index.php
/controller/static load fail.
2017-12-23 11:54:36
117.34.13.42

/index.php
/controller/static load fail.
2017-12-23 11:54:37
117.34.13.72

/index.php
/controller/static load fail.
2017-12-23 11:54:37
117.34.13.24

/index.php
/controller/static load fail.
2017-12-23 11:54:37
117.34.13.42

/index.php
/controller/static load fail.
2017-12-23 11:54:38
117.34.13.72

/index.php
/controller/static load fail.
2017-12-23 11:54:38
117.34.13.24

/index.php
/controller/static load fail.
2017-12-23 11:54:38
117.34.13.42

/index.php
/controller/static load fail.
2017-12-23 11:54:41
117.34.13.72

/index.php
/controller/static load fail.
2017-12-23 11:54:41
117.34.13.24

/index.php
/controller/static load fail.
2017-12-23 11:54:41
117.34.13.42

/index.php
/controller/static load fail.
2017-12-23 11:54:43
117.34.13.72

/index.php
/controller/static load fail.
2017-12-23 11:54:43
117.34.13.24

/index.php
/controller/static load fail.
2017-12-23 11:54:43
117.34.13.42

/index.php
/controller/static load fail.
2017-12-23 11:54:44
117.34.13.12

/index.php
/controller/static load fail.
2017-12-23 11:54:44
117.34.13.30

/index.php
/controller/static load fail.
2017-12-23 11:54:44
117.34.13.30

/index.php
/controller/static load fail.
2017-12-23 11:54:53
117.34.13.72

/index.php
/controller/static load fail.
2017-12-23 11:54:53
117.34.13.24

/index.php
/controller/static load fail.
2017-12-23 11:54:53
117.34.13.42

/index.php
/controller/static load fail.
2017-12-23 11:54:54
117.34.13.72

/index.php
/controller/static load fail.
2017-12-23 11:54:54
117.34.13.24

/index.php
/controller/static load fail.
2017-12-23 11:54:54
117.34.13.42

/index.php
/controller/static load fail.
2017-12-23 11:54:56
117.34.13.72

/index.php
/controller/static load fail.
2017-12-23 11:54:56
117.34.13.24

/index.php
/controller/static load fail.
2017-12-23 11:54:56
117.34.13.42

/index.php
/controller/css load fail.
2017-12-23 12:41:46
59.51.81.166

/index.php
/controller/script load fail.
2017-12-23 12:42:08
59.51.81.178

/index.php
/controller/demo load fail.
2017-12-23 12:42:12
59.51.81.166

/index.php
/controller/xaadmin load fail.
2017-12-23 12:47:01
59.51.81.161

/index.php
/controller/static load fail.
2017-12-23 12:53:06
59.51.81.166

/index.php
/controller/static load fail.
2017-12-23 12:53:07
59.51.81.141

/index.php
/controller/static load fail.
2017-12-23 12:53:07
59.51.81.172

/index.php
/controller/static load fail.
2017-12-23 12:54:17
59.51.81.166

/index.php
/controller/static load fail.
2017-12-23 12:54:17
59.51.81.141

/index.php
/controller/static load fail.
2017-12-23 12:54:17
59.51.81.172

/index.php
/controller/static load fail.
2017-12-23 12:55:03
59.51.81.166

/index.php
/controller/static load fail.
2017-12-23 12:55:03
59.51.81.141

/index.php
/controller/static load fail.
2017-12-23 12:55:03
59.51.81.172

/index.php
/controller/static load fail.
2017-12-23 12:55:06
59.51.81.166

/index.php
/controller/static load fail.
2017-12-23 12:55:06
59.51.81.141

/index.php
/controller/static load fail.
2017-12-23 12:55:07
59.51.81.172

/index.php
/controller/static load fail.
2017-12-23 12:55:49
59.51.81.166

/index.php
/controller/static load fail.
2017-12-23 12:55:49
59.51.81.141

/index.php
/controller/static load fail.
2017-12-23 12:55:49
59.51.81.172

/index.php
/controller/static load fail.
2017-12-23 12:57:09
59.51.81.166

/index.php
/controller/static load fail.
2017-12-23 12:57:10
59.51.81.141

/index.php
/controller/static load fail.
2017-12-23 12:57:10
59.51.81.172

/index.php
/controller/static load fail.
2017-12-23 12:57:12
59.51.81.166

/index.php
/controller/static load fail.
2017-12-23 12:57:12
59.51.81.141

/index.php
/controller/static load fail.
2017-12-23 12:57:12
59.51.81.172

/index.php
/controller/static load fail.
2017-12-23 12:57:37
59.51.81.166

/index.php
/controller/static load fail.
2017-12-23 12:57:37
59.51.81.141

/index.php
/controller/static load fail.
2017-12-23 12:57:37
59.51.81.172

/index.php
/controller/static load fail.
2017-12-23 12:57:50
59.51.81.166

/index.php
/controller/static load fail.
2017-12-23 12:57:50
59.51.81.141

/index.php
/controller/static load fail.
2017-12-23 12:57:50
59.51.81.172

/index.php
/controller/static load fail.
2017-12-23 12:58:29
59.51.81.166

/index.php
/controller/static load fail.
2017-12-23 12:58:30
59.51.81.141

/index.php
/controller/static load fail.
2017-12-23 12:58:30
59.51.81.172

/index.php
/controller/static load fail.
2017-12-23 12:58:39
59.51.81.166

/index.php
/controller/static load fail.
2017-12-23 12:58:39
59.51.81.141

/index.php
/controller/static load fail.
2017-12-23 12:58:39
59.51.81.172

/index.php
/controller/static load fail.
2017-12-23 13:00:13
59.51.81.166

/index.php
/controller/static load fail.
2017-12-23 13:00:13
59.51.81.141

/index.php
/controller/static load fail.
2017-12-23 13:00:13
59.51.81.172

/index.php
/controller/static load fail.
2017-12-23 13:00:18
59.51.81.166

/index.php
/controller/static load fail.
2017-12-23 13:00:18
59.51.81.141

/index.php
/controller/static load fail.
2017-12-23 13:00:18
59.51.81.172

/index.php
/controller/static load fail.
2017-12-23 13:00:33
59.51.81.166

/index.php
/controller/static load fail.
2017-12-23 13:00:33
59.51.81.141

/index.php
/controller/static load fail.
2017-12-23 13:00:34
59.51.81.172

/index.php
/controller/static load fail.
2017-12-23 13:01:52
59.51.81.166

/index.php
/controller/static load fail.
2017-12-23 13:01:52
59.51.81.141

/index.php
/controller/static load fail.
2017-12-23 13:01:52
59.51.81.172

/index.php
/controller/static load fail.
2017-12-23 13:03:48
59.51.81.166

/index.php
/controller/static load fail.
2017-12-23 13:03:48
59.51.81.141

/index.php
/controller/static load fail.
2017-12-23 13:03:48
59.51.81.172

/index.php
/controller/static load fail.
2017-12-23 13:03:50
59.51.81.166

/index.php
/controller/static load fail.
2017-12-23 13:03:50
59.51.81.141

/index.php
/controller/static load fail.
2017-12-23 13:03:50
59.51.81.172

/index.php
/controller/static load fail.
2017-12-23 13:03:58
59.51.81.166

/index.php
/controller/static load fail.
2017-12-23 13:03:59
59.51.81.141

/index.php
/controller/static load fail.
2017-12-23 13:03:59
59.51.81.172

/index.php
/controller/static load fail.
2017-12-23 13:04:01
59.51.81.166

/index.php
/controller/static load fail.
2017-12-23 13:04:01
59.51.81.141

/index.php
/controller/static load fail.
2017-12-23 13:04:01
59.51.81.172

/index.php
/controller/static load fail.
2017-12-23 13:04:02
59.51.81.166

/index.php
/controller/static load fail.
2017-12-23 13:04:02
59.51.81.141

/index.php
/controller/static load fail.
2017-12-23 13:04:02
59.51.81.172

/index.php
/controller/static load fail.
2017-12-23 13:04:03
59.51.81.166

/index.php
/controller/static load fail.
2017-12-23 13:04:03
59.51.81.141

/index.php
/controller/static load fail.
2017-12-23 13:04:03
59.51.81.172

/index.php
/controller/static load fail.
2017-12-23 13:04:05
59.51.81.166

/index.php
/controller/static load fail.
2017-12-23 13:04:05
59.51.81.141

/index.php
/controller/static load fail.
2017-12-23 13:04:06
59.51.81.172

/index.php
/controller/static load fail.
2017-12-23 13:04:07
59.51.81.166

/index.php
/controller/static load fail.
2017-12-23 13:04:07
59.51.81.141

/index.php
/controller/static load fail.
2017-12-23 13:04:07
59.51.81.172

/index.php
/controller/member/truename load fail.
2017-12-23 13:04:16
59.51.81.161

/index.php
/controller/member/truename load fail.
2017-12-23 13:04:21
59.51.81.161

/index.php
/controller/member/truename load fail.
2017-12-23 13:04:27
59.51.81.161

/index.php
/controller/static load fail.
2017-12-23 13:04:32
59.51.81.166

/index.php
/controller/static load fail.
2017-12-23 13:04:32
59.51.81.141

/index.php
/controller/static load fail.
2017-12-23 13:04:32
59.51.81.172

/index.php
/controller/static load fail.
2017-12-23 13:05:30
59.51.81.166

/index.php
/controller/static load fail.
2017-12-23 13:05:30
59.51.81.141

/index.php
/controller/static load fail.
2017-12-23 13:05:30
59.51.81.172

/index.php
/controller/static load fail.
2017-12-23 13:06:43
59.51.81.166

/index.php
/controller/static load fail.
2017-12-23 13:06:44
59.51.81.141

/index.php
/controller/static load fail.
2017-12-23 13:06:44
59.51.81.172

/index.php
/controller/static load fail.
2017-12-23 13:09:11
59.51.81.166

/index.php
/controller/static load fail.
2017-12-23 13:09:11
59.51.81.141

/index.php
/controller/static load fail.
2017-12-23 13:09:12
59.51.81.172

/index.php
/controller/static load fail.
2017-12-23 13:09:12
59.51.81.166

/index.php
/controller/static load fail.
2017-12-23 13:09:12
59.51.81.141

/index.php
/controller/static load fail.
2017-12-23 13:09:12
59.51.81.172

/index.php
/controller/static load fail.
2017-12-23 13:09:13
59.51.81.166

/index.php
/controller/static load fail.
2017-12-23 13:09:14
59.51.81.141

/index.php
/controller/static load fail.
2017-12-23 13:09:14
59.51.81.172

/index.php
/controller/static load fail.
2017-12-23 13:10:13
59.51.81.166

/index.php
/controller/static load fail.
2017-12-23 13:10:14
59.51.81.141

/index.php
/controller/static load fail.
2017-12-23 13:10:14
59.51.81.172

/index.php
/controller/static load fail.
2017-12-23 13:11:29
59.51.81.166

/index.php
/controller/static load fail.
2017-12-23 13:11:30
59.51.81.141

/index.php
/controller/static load fail.
2017-12-23 13:11:30
59.51.81.172

/index.php
/controller/static load fail.
2017-12-23 13:11:37
59.51.81.166

/index.php
/controller/static load fail.
2017-12-23 13:11:38
59.51.81.141

/index.php
/controller/static load fail.
2017-12-23 13:11:38
59.51.81.172

/index.php
/controller/demo load fail.
2017-12-23 13:12:03
59.51.81.166

/index.php
/controller/static load fail.
2017-12-23 13:12:25
59.51.81.166

/index.php
/controller/static load fail.
2017-12-23 13:12:25
59.51.81.141

/index.php
/controller/static load fail.
2017-12-23 13:12:25
59.51.81.172

/index.php
/controller/demo load fail.
2017-12-23 13:13:08
59.51.81.166

/index.php
/controller/demo load fail.
2017-12-23 13:14:52
59.51.81.166

/index.php
/controller/static load fail.
2017-12-23 13:15:48
59.51.81.166

/index.php
/controller/static load fail.
2017-12-23 13:15:48
59.51.81.141

/index.php
/controller/static load fail.
2017-12-23 13:15:49
59.51.81.172

/index.php
/controller/static load fail.
2017-12-23 13:15:50
59.51.81.166

/index.php
/controller/static load fail.
2017-12-23 13:15:50
59.51.81.141

/index.php
/controller/static load fail.
2017-12-23 13:15:50
59.51.81.172

/index.php
/controller/static load fail.
2017-12-23 13:15:55
59.51.81.166

/index.php
/controller/static load fail.
2017-12-23 13:15:55
59.51.81.141

/index.php
/controller/static load fail.
2017-12-23 13:15:55
59.51.81.172

/index.php
/controller/static load fail.
2017-12-23 13:18:08
59.51.81.166

/index.php
/controller/static load fail.
2017-12-23 13:18:08
59.51.81.141

/index.php
/controller/static load fail.
2017-12-23 13:18:08
59.51.81.172

/index.php
/controller/static load fail.
2017-12-23 13:18:46
59.51.81.166

/index.php
/controller/static load fail.
2017-12-23 13:18:46
59.51.81.141

/index.php
/controller/static load fail.
2017-12-23 13:18:46
59.51.81.172

/index.php
/controller/static load fail.
2017-12-23 13:18:48
59.51.81.166

/index.php
/controller/static load fail.
2017-12-23 13:18:48
59.51.81.141

/index.php
/controller/static load fail.
2017-12-23 13:18:48
59.51.81.172

/index.php
/controller/member/truename load fail.
2017-12-23 13:19:45
59.51.81.161

/index.php
/controller/member/truename load fail.
2017-12-23 13:20:07
59.51.81.161

/index.php
/controller/member/truename load fail.
2017-12-23 13:20:27
59.51.81.161

/index.php
/controller/member/truename load fail.
2017-12-23 13:20:41
59.51.81.161

/index.php
/controller/static load fail.
2017-12-23 13:21:35
59.51.81.166

/index.php
/controller/static load fail.
2017-12-23 13:21:36
59.51.81.141

/index.php
/controller/static load fail.
2017-12-23 13:21:36
59.51.81.172

/index.php
/controller/member/truename load fail.
2017-12-23 13:21:42
59.51.81.161

/index.php
/controller/static load fail.
2017-12-23 13:22:37
59.51.81.166

/index.php
/controller/static load fail.
2017-12-23 13:22:38
59.51.81.141

/index.php
/controller/static load fail.
2017-12-23 13:22:38
59.51.81.172

/index.php
/controller/static load fail.
2017-12-23 13:22:40
59.51.81.166

/index.php
/controller/static load fail.
2017-12-23 13:22:40
59.51.81.141

/index.php
/controller/static load fail.
2017-12-23 13:22:41
59.51.81.172

/index.php
/controller/static load fail.
2017-12-23 13:34:48
59.51.81.166

/index.php
/controller/static load fail.
2017-12-23 13:34:48
59.51.81.141

/index.php
/controller/static load fail.
2017-12-23 13:34:48
59.51.81.172

/index.php
/controller/static load fail.
2017-12-23 13:34:51
59.51.81.166

/index.php
/controller/static load fail.
2017-12-23 13:34:51
59.51.81.141

/index.php
/controller/static load fail.
2017-12-23 13:34:51
59.51.81.172

/index.php
/controller/member/truename load fail.
2017-12-23 13:34:52
59.51.81.161

/index.php
/controller/member/truename load fail.
2017-12-23 13:35:08
59.51.81.161

/index.php
/controller/static load fail.
2017-12-23 13:35:10
59.51.81.166

/index.php
/controller/static load fail.
2017-12-23 13:35:10
59.51.81.141

/index.php
/controller/static load fail.
2017-12-23 13:35:11
59.51.81.172

/index.php
/controller/static load fail.
2017-12-23 13:35:12
59.51.81.166

/index.php
/controller/static load fail.
2017-12-23 13:35:12
59.51.81.141

/index.php
/controller/static load fail.
2017-12-23 13:35:12
59.51.81.172

/index.php
/controller/static load fail.
2017-12-23 13:35:21
59.51.81.166

/index.php
/controller/static load fail.
2017-12-23 13:35:22
59.51.81.141

/index.php
/controller/static load fail.
2017-12-23 13:35:22
59.51.81.172

/index.php
/controller/css load fail.
2017-12-23 13:35:37
59.51.81.166

/index.php
/controller/static load fail.
2017-12-23 13:35:55
59.51.81.166

/index.php
/controller/static load fail.
2017-12-23 13:35:56
59.51.81.141

/index.php
/controller/static load fail.
2017-12-23 13:35:56
59.51.81.172

/index.php
/controller/css load fail.
2017-12-23 13:39:20
59.51.81.166

/index.php
/controller/static load fail.
2017-12-23 13:39:33
59.51.81.146

/index.php
/controller/static load fail.
2017-12-23 13:40:19
59.51.81.146

/index.php
/controller/static load fail.
2017-12-23 13:41:45
59.51.81.146

/index.php
/controller/static load fail.
2017-12-23 13:42:58
59.51.81.146

/index.php
/controller/static load fail.
2017-12-23 13:43:08
59.51.81.146

/index.php
/controller/static load fail.
2017-12-23 13:43:20
59.51.81.146

/index.php
/controller/static load fail.
2017-12-23 13:43:29
59.51.81.146

/index.php
/controller/static load fail.
2017-12-23 13:43:30
59.51.81.146

/index.php
/controller/static load fail.
2017-12-23 13:43:31
59.51.81.146

/index.php
/controller/static load fail.
2017-12-23 13:43:39
59.51.81.146

/index.php
/controller/static load fail.
2017-12-23 13:43:40
59.51.81.146

/index.php
/controller/static load fail.
2017-12-23 13:43:41
59.51.81.146

/index.php
/controller/static load fail.
2017-12-23 13:43:41
59.51.81.146

/index.php
/controller/static load fail.
2017-12-23 13:43:42
59.51.81.146

/index.php
/controller/static load fail.
2017-12-23 13:43:42
59.51.81.146

/index.php
/controller/static load fail.
2017-12-23 13:43:43
59.51.81.146

/index.php
/controller/static load fail.
2017-12-23 13:46:21
59.51.81.146

/index.php
/controller/static load fail.
2017-12-23 13:46:55
59.51.81.146

/index.php
/controller/static load fail.
2017-12-23 13:47:00
59.51.81.146

/index.php
/controller/static load fail.
2017-12-23 13:47:06
59.51.81.146

/index.php
/controller/static load fail.
2017-12-23 13:47:10
59.51.81.146

/index.php
/controller/static load fail.
2017-12-23 13:47:11
59.51.81.146

/index.php
/controller/static load fail.
2017-12-23 13:47:12
59.51.81.146

/index.php
/controller/static load fail.
2017-12-23 13:47:57
59.51.81.146

/index.php
/controller/static load fail.
2017-12-23 13:47:58
59.51.81.146

/index.php
/controller/static load fail.
2017-12-23 13:47:59
59.51.81.146

/index.php
/controller/static load fail.
2017-12-23 13:48:04
59.51.81.146

/index.php
/controller/static load fail.
2017-12-23 13:48:07
59.51.81.146

/index.php
/controller/static load fail.
2017-12-23 13:48:08
59.51.81.146

/index.php
/controller/static load fail.
2017-12-23 13:48:09
59.51.81.146

/index.php
/controller/static load fail.
2017-12-23 13:53:11
59.51.81.146

/index.php
/controller/static load fail.
2017-12-23 13:53:14
59.51.81.146

/index.php
/controller/static load fail.
2017-12-23 13:53:36
59.51.81.146

/index.php
/controller/static load fail.
2017-12-23 13:53:57
59.51.81.166

/index.php
/controller/static load fail.
2017-12-23 13:53:57
59.51.81.141

/index.php
/controller/static load fail.
2017-12-23 13:53:57
59.51.81.172

/index.php
/controller/static load fail.
2017-12-23 13:54:06
59.51.81.166

/index.php
/controller/static load fail.
2017-12-23 13:54:06
59.51.81.141

/index.php
/controller/static load fail.
2017-12-23 13:54:06
59.51.81.172

/index.php
/controller/static load fail.
2017-12-23 13:54:28
59.51.81.166

/index.php
/controller/static load fail.
2017-12-23 13:54:28
59.51.81.141

/index.php
/controller/static load fail.
2017-12-23 13:54:28
59.51.81.172

/index.php
/controller/static load fail.
2017-12-23 13:55:15
59.51.81.166

/index.php
/controller/static load fail.
2017-12-23 13:55:15
59.51.81.141

/index.php
/controller/static load fail.
2017-12-23 13:55:15
59.51.81.172

/index.php
/controller/static load fail.
2017-12-23 13:55:51
59.51.81.166

/index.php
/controller/static load fail.
2017-12-23 13:55:51
59.51.81.141

/index.php
/controller/static load fail.
2017-12-23 13:55:51
59.51.81.172

/index.php
/controller/static load fail.
2017-12-23 13:55:59
59.51.81.166

/index.php
/controller/static load fail.
2017-12-23 13:56:00
59.51.81.141

/index.php
/controller/static load fail.
2017-12-23 13:56:00
59.51.81.172

/index.php
/controller/static load fail.
2017-12-23 13:56:16
59.51.81.166

/index.php
/controller/static load fail.
2017-12-23 13:56:16
59.51.81.141

/index.php
/controller/static load fail.
2017-12-23 13:56:16
59.51.81.172

/index.php
/controller/static load fail.
2017-12-23 13:56:33
59.51.81.166

/index.php
/controller/static load fail.
2017-12-23 13:56:34
59.51.81.141

/index.php
/controller/static load fail.
2017-12-23 13:56:34
59.51.81.172

/index.php
/controller/static load fail.
2017-12-23 13:56:39
59.51.81.166

/index.php
/controller/static load fail.
2017-12-23 13:56:40
59.51.81.141

/index.php
/controller/static load fail.
2017-12-23 13:56:40
59.51.81.172

/index.php
/controller/static load fail.
2017-12-23 15:29:19
117.34.13.72

/index.php
/controller/static load fail.
2017-12-23 15:29:19
117.34.13.24

/index.php
/controller/static load fail.
2017-12-23 15:29:19
117.34.13.42

/index.php
/controller/static load fail.
2017-12-23 15:29:22
117.34.13.12

/index.php
/controller/static load fail.
2017-12-23 15:29:23
117.34.13.24

/index.php
/controller/static load fail.
2017-12-23 15:29:23
117.34.13.42

/index.php
/controller/static load fail.
2017-12-23 15:29:24
117.34.13.72

/index.php
/controller/static load fail.
2017-12-23 15:29:24
117.34.13.30

/index.php
/controller/static load fail.
2017-12-23 15:29:24
117.34.13.30

/index.php
/controller/static load fail.
2017-12-23 15:29:26
117.34.13.72

/index.php
/controller/static load fail.
2017-12-23 15:29:26
117.34.13.24

/index.php
/controller/static load fail.
2017-12-23 15:29:26
117.34.13.42

/index.php
/controller/css load fail.
2017-12-23 15:29:40
117.34.13.12

/index.php
/controller/css load fail.
2017-12-23 15:29:45
117.34.13.12

/index.php
/controller/demo load fail.
2017-12-23 15:29:47
117.34.13.30

/index.php
/controller/script load fail.
2017-12-23 15:29:48
117.34.13.30

/index.php
/controller/demo load fail.
2017-12-23 15:29:50
117.34.13.30

/index.php
/controller/script load fail.
2017-12-23 15:29:51
117.34.13.30

/index.php
/controller/demo load fail.
2017-12-23 15:29:53
117.34.13.30

/index.php
/controller/demo load fail.
2017-12-23 15:37:05
117.34.13.30

/index.php
/controller/script load fail.
2017-12-23 15:37:06
117.34.13.30

/index.php
/controller/css load fail.
2017-12-23 15:38:03
117.34.13.60

/index.php
/controller/css load fail.
2017-12-23 18:40:59
117.34.13.12

/index.php
/controller/script load fail.
2017-12-23 18:41:00
117.34.13.30

/index.php
/controller/css load fail.
2017-12-23 18:41:13
117.34.13.12

/index.php
/controller/72745 load fail.
2017-12-23 19:39:58
162.158.178.38

/index.php
/controller/css load fail.
2017-12-23 20:42:35
117.34.13.12

/index.php
/controller/script load fail.
2017-12-23 20:42:37
117.34.13.30

/index.php
/controller/demo load fail.
2017-12-23 20:42:40
117.34.13.30

/index.php
/controller/css load fail.
2017-12-23 20:42:48
117.34.13.12

/index.php
/controller/pics load fail.
2017-12-23 22:32:40
117.34.13.72

/index.php
/controller/pics load fail.
2017-12-23 22:32:41
117.34.13.72

/index.php
/controller/pics load fail.
2017-12-23 22:32:41
125.39.239.24

/index.php
/controller/pics load fail.
2017-12-23 22:32:41
125.39.239.24

/index.php
/controller/pics load fail.
2017-12-23 22:32:41
125.39.239.24

/index.php
/controller/pics load fail.
2017-12-23 22:32:41
125.39.239.24

/index.php
/controller/pics load fail.
2017-12-23 22:32:42
125.39.239.24

/index.php
/controller/pics load fail.
2017-12-23 22:32:42
125.39.239.24

/index.php
/controller/css load fail.
2017-12-23 22:34:49
117.34.13.12

/index.php
/controller/script load fail.
2017-12-23 22:35:08
117.34.13.30

/index.php
/controller/css load fail.
2017-12-23 22:35:09
117.34.13.12

/index.php
/controller/css load fail.
2017-12-23 22:35:38
117.34.13.12

/index.php
/controller/css load fail.
2017-12-23 22:35:39
117.34.13.12

/index.php
/controller/css load fail.
2017-12-23 22:36:07
117.34.13.12

/index.php
/controller/css load fail.
2017-12-23 22:36:29
117.34.13.12

/index.php
/controller/script load fail.
2017-12-23 22:36:38
117.34.13.30

/index.php
/controller/css load fail.
2017-12-23 22:36:40
117.34.13.12

/index.php
/controller/css load fail.
2017-12-23 22:36:42
117.34.13.12

/index.php
/controller/script load fail.
2017-12-23 22:36:46
117.34.13.30

/index.php
/controller/script load fail.
2017-12-23 22:53:07
117.34.13.30

/index.php
/controller/script load fail.
2017-12-23 22:53:09
117.34.13.30

/index.php
/controller/script load fail.
2017-12-23 22:53:10
117.34.13.42

/index.php
/controller/script load fail.
2017-12-23 22:53:11
117.34.13.30

/index.php
/controller/script load fail.
2017-12-23 22:53:12
117.34.13.30

/index.php
/controller/css load fail.
2017-12-23 22:53:13
117.34.13.12

/index.php
/controller/css load fail.
2017-12-23 22:53:18
117.34.13.12

/index.php
/controller/css load fail.
2017-12-23 22:54:10
117.34.13.60

/index.php
/controller/css load fail.
2017-12-23 22:54:32
117.34.13.12

/index.php
/controller/script load fail.
2017-12-23 23:05:46
117.34.13.30

/index.php
/controller/script load fail.
2017-12-23 23:05:47
117.34.13.30

/index.php
/controller/script load fail.
2017-12-23 23:06:00
117.34.13.30

/index.php
/controller/script load fail.
2017-12-23 23:06:06
117.34.13.30

/index.php
/controller/demo load fail.
2017-12-23 23:07:33
117.34.13.30

