/index.php
/controller/xpgadmin load fail.
2017-12-27 01:38:34
125.39.239.66

/index.php
/controller/xpgadmin load fail.
2017-12-27 01:38:34
125.39.239.42

/index.php
/controller/xpgadmin load fail.
2017-12-27 01:38:34
125.39.239.114

/index.php
/controller/xpgadmin load fail.
2017-12-27 01:38:35
125.39.239.12

/index.php
/controller/xpgadmin load fail.
2017-12-27 01:38:35
125.39.239.12

/index.php
/controller/xpgadmin load fail.
2017-12-27 01:38:35
125.39.239.120

/index.php
/controller/xpgadmin load fail.
2017-12-27 01:38:35
125.39.239.90

/index.php
/controller/xpgadmin load fail.
2017-12-27 01:38:35
125.39.239.48

/index.php
/controller/xaadmin load fail.
2017-12-27 01:38:36
125.39.239.66

/index.php
/controller/xpgadmin load fail.
2017-12-27 01:38:36
125.39.239.54

/index.php
/controller/admin load fail.
2017-12-27 01:38:36
125.39.239.78

/index.php
/controller/css load fail.
2017-12-27 02:38:44
125.39.239.90

/index.php
/controller/css load fail.
2017-12-27 02:38:44
125.39.239.6

/index.php
/controller/images load fail.
2017-12-27 02:38:50
125.39.239.102

/index.php
/controller/images load fail.
2017-12-27 02:38:53
125.39.239.114

/index.php
/controller/images load fail.
2017-12-27 02:38:56
125.39.239.48

/index.php
/controller/images load fail.
2017-12-27 02:38:58
125.39.239.12

/index.php
/controller/static load fail.
2017-12-27 09:02:16
125.39.239.18

/index.php
/controller/css load fail.
2017-12-27 10:54:19
59.51.81.166

/index.php
/controller/demo load fail.
2017-12-27 10:54:23
59.51.81.166

/index.php
/controller/demo load fail.
2017-12-27 10:54:39
59.51.81.166

/index.php
/controller/demo load fail.
2017-12-27 10:55:24
59.51.81.166

/index.php
/controller/css load fail.
2017-12-27 11:00:51
117.34.13.12

/index.php
/controller/demo load fail.
2017-12-27 11:00:53
117.34.13.30

/index.php
/controller/css load fail.
2017-12-27 11:11:19
59.51.81.166

/index.php
/controller/demo load fail.
2017-12-27 11:11:24
59.51.81.166

/index.php
/controller/demo load fail.
2017-12-27 11:23:51
59.51.81.166

/index.php
/controller/demo load fail.
2017-12-27 11:26:21
59.51.81.166

/index.php
/controller/demo load fail.
2017-12-27 11:27:48
59.51.81.166

/index.php
/controller/demo load fail.
2017-12-27 11:36:09
59.51.81.166

/index.php
/controller/demo load fail.
2017-12-27 11:36:31
59.51.81.166

/index.php
/controller/demo load fail.
2017-12-27 11:36:55
59.51.81.166

/index.php
/controller/demo load fail.
2017-12-27 11:37:54
59.51.81.166

/index.php
/controller/demo load fail.
2017-12-27 11:38:08
59.51.81.166

/index.php
/controller/demo load fail.
2017-12-27 11:38:36
59.51.81.166

/index.php
/controller/demo load fail.
2017-12-27 11:38:58
59.51.81.166

/index.php
/controller/demo load fail.
2017-12-27 11:39:28
59.51.81.166

/index.php
/controller/demo load fail.
2017-12-27 11:39:59
59.51.81.166

/index.php
/controller/demo load fail.
2017-12-27 11:41:12
59.51.81.166

/index.php
/controller/demo load fail.
2017-12-27 11:43:50
59.51.81.166

/index.php
/controller/demo load fail.
2017-12-27 11:45:08
59.51.81.166

/index.php
/controller/static load fail.
2017-12-27 13:39:40
59.51.81.166

/index.php
/controller/static load fail.
2017-12-27 13:39:41
59.51.81.141

/index.php
/controller/static load fail.
2017-12-27 13:39:41
59.51.81.172

/index.php
/controller/static load fail.
2017-12-27 13:39:51
59.51.81.166

/index.php
/controller/static load fail.
2017-12-27 13:39:51
59.51.81.141

/index.php
/controller/static load fail.
2017-12-27 13:39:51
59.51.81.172

/index.php
/controller/static load fail.
2017-12-27 13:48:36
59.51.81.166

/index.php
/controller/static load fail.
2017-12-27 13:48:37
59.51.81.141

/index.php
/controller/static load fail.
2017-12-27 13:48:37
59.51.81.172

/index.php
/controller/static load fail.
2017-12-27 13:50:35
59.51.81.166

/index.php
/controller/static load fail.
2017-12-27 13:50:35
59.51.81.141

/index.php
/controller/static load fail.
2017-12-27 13:50:35
59.51.81.172

/index.php
/controller/static load fail.
2017-12-27 13:50:43
59.51.81.166

/index.php
/controller/static load fail.
2017-12-27 13:50:43
59.51.81.141

/index.php
/controller/static load fail.
2017-12-27 13:50:43
59.51.81.172

/index.php
/controller/static load fail.
2017-12-27 13:50:50
59.51.81.166

/index.php
/controller/static load fail.
2017-12-27 13:50:50
59.51.81.141

/index.php
/controller/static load fail.
2017-12-27 13:50:50
59.51.81.172

/index.php
/controller/static load fail.
2017-12-27 13:51:02
59.51.81.166

/index.php
/controller/static load fail.
2017-12-27 13:51:02
59.51.81.141

/index.php
/controller/static load fail.
2017-12-27 13:51:02
59.51.81.172

/index.php
/controller/static load fail.
2017-12-27 13:51:17
59.51.81.166

/index.php
/controller/static load fail.
2017-12-27 13:51:17
59.51.81.141

/index.php
/controller/static load fail.
2017-12-27 13:51:17
59.51.81.172

/index.php
/controller/static load fail.
2017-12-27 13:51:24
59.51.81.166

/index.php
/controller/static load fail.
2017-12-27 13:51:24
59.51.81.141

/index.php
/controller/static load fail.
2017-12-27 13:51:24
59.51.81.172

/index.php
/controller/static load fail.
2017-12-27 13:51:28
59.51.81.166

/index.php
/controller/static load fail.
2017-12-27 13:51:28
59.51.81.141

/index.php
/controller/static load fail.
2017-12-27 13:51:28
59.51.81.172

/index.php
/controller/static load fail.
2017-12-27 13:52:16
59.51.81.166

/index.php
/controller/static load fail.
2017-12-27 13:52:16
59.51.81.141

/index.php
/controller/static load fail.
2017-12-27 13:52:16
59.51.81.172

/index.php
/controller/static load fail.
2017-12-27 13:52:19
59.51.81.166

/index.php
/controller/static load fail.
2017-12-27 13:52:19
59.51.81.141

/index.php
/controller/static load fail.
2017-12-27 13:52:19
59.51.81.172

/index.php
/controller/static load fail.
2017-12-27 13:52:59
59.51.81.166

/index.php
/controller/static load fail.
2017-12-27 13:53:00
59.51.81.141

/index.php
/controller/static load fail.
2017-12-27 13:53:00
59.51.81.172

/index.php
/controller/static load fail.
2017-12-27 13:53:01
59.51.81.166

/index.php
/controller/static load fail.
2017-12-27 13:53:01
59.51.81.141

/index.php
/controller/static load fail.
2017-12-27 13:53:01
59.51.81.172

/index.php
/controller/static load fail.
2017-12-27 13:53:05
59.51.81.166

/index.php
/controller/static load fail.
2017-12-27 13:53:05
59.51.81.141

/index.php
/controller/static load fail.
2017-12-27 13:53:05
59.51.81.172

/index.php
/controller/static load fail.
2017-12-27 13:53:22
59.51.81.166

/index.php
/controller/static load fail.
2017-12-27 13:53:22
59.51.81.141

/index.php
/controller/static load fail.
2017-12-27 13:53:22
59.51.81.172

/index.php
/controller/static load fail.
2017-12-27 13:53:34
59.51.81.166

/index.php
/controller/static load fail.
2017-12-27 13:53:34
59.51.81.141

/index.php
/controller/static load fail.
2017-12-27 13:53:34
59.51.81.172

/index.php
/controller/static load fail.
2017-12-27 13:53:38
59.51.81.166

/index.php
/controller/static load fail.
2017-12-27 13:53:39
59.51.81.141

/index.php
/controller/static load fail.
2017-12-27 13:53:39
59.51.81.172

/index.php
/controller/static load fail.
2017-12-27 13:53:46
59.51.81.166

/index.php
/controller/static load fail.
2017-12-27 13:53:46
59.51.81.141

/index.php
/controller/static load fail.
2017-12-27 13:53:46
59.51.81.172

/index.php
/controller/static load fail.
2017-12-27 13:53:49
59.51.81.166

/index.php
/controller/static load fail.
2017-12-27 13:53:49
59.51.81.141

/index.php
/controller/static load fail.
2017-12-27 13:53:49
59.51.81.172

/index.php
/controller/static load fail.
2017-12-27 13:53:56
59.51.81.166

/index.php
/controller/static load fail.
2017-12-27 13:53:56
59.51.81.141

/index.php
/controller/static load fail.
2017-12-27 13:53:56
59.51.81.172

/index.php
/controller/static load fail.
2017-12-27 13:53:58
59.51.81.166

/index.php
/controller/static load fail.
2017-12-27 13:53:58
59.51.81.141

/index.php
/controller/static load fail.
2017-12-27 13:53:59
59.51.81.172

/index.php
/controller/static load fail.
2017-12-27 13:54:01
59.51.81.166

/index.php
/controller/static load fail.
2017-12-27 13:54:01
59.51.81.141

/index.php
/controller/static load fail.
2017-12-27 13:54:01
59.51.81.172

/index.php
/controller/static load fail.
2017-12-27 13:54:03
59.51.81.166

/index.php
/controller/static load fail.
2017-12-27 13:54:03
59.51.81.141

/index.php
/controller/static load fail.
2017-12-27 13:54:03
59.51.81.172

/index.php
/controller/static load fail.
2017-12-27 13:54:06
59.51.81.166

/index.php
/controller/static load fail.
2017-12-27 13:54:06
59.51.81.141

/index.php
/controller/static load fail.
2017-12-27 13:54:06
59.51.81.172

/index.php
/controller/static load fail.
2017-12-27 13:54:07
59.51.81.166

/index.php
/controller/static load fail.
2017-12-27 13:54:07
59.51.81.141

/index.php
/controller/static load fail.
2017-12-27 13:54:07
59.51.81.172

/index.php
/controller/static load fail.
2017-12-27 13:54:08
59.51.81.166

/index.php
/controller/static load fail.
2017-12-27 13:54:08
59.51.81.141

/index.php
/controller/static load fail.
2017-12-27 13:54:08
59.51.81.172

/index.php
/controller/static load fail.
2017-12-27 13:56:26
59.51.81.166

/index.php
/controller/static load fail.
2017-12-27 13:56:26
59.51.81.141

/index.php
/controller/static load fail.
2017-12-27 13:56:26
59.51.81.172

/index.php
/controller/static load fail.
2017-12-27 13:59:32
59.51.81.166

/index.php
/controller/static load fail.
2017-12-27 13:59:32
59.51.81.141

/index.php
/controller/static load fail.
2017-12-27 13:59:32
59.51.81.172

/index.php
/controller/static load fail.
2017-12-27 13:59:35
59.51.81.166

/index.php
/controller/static load fail.
2017-12-27 13:59:35
59.51.81.141

/index.php
/controller/static load fail.
2017-12-27 13:59:35
59.51.81.172

/index.php
/controller/static load fail.
2017-12-27 14:00:59
59.51.81.166

/index.php
/controller/static load fail.
2017-12-27 14:00:59
59.51.81.141

/index.php
/controller/static load fail.
2017-12-27 14:00:59
59.51.81.172

/index.php
/controller/static load fail.
2017-12-27 14:01:00
59.51.81.166

/index.php
/controller/static load fail.
2017-12-27 14:01:00
59.51.81.141

/index.php
/controller/static load fail.
2017-12-27 14:01:00
59.51.81.172

/index.php
/controller/static load fail.
2017-12-27 14:03:55
117.34.13.72

/index.php
/controller/static load fail.
2017-12-27 14:03:56
117.34.13.24

/index.php
/controller/static load fail.
2017-12-27 14:03:56
117.34.13.42

/index.php
/controller/static load fail.
2017-12-27 14:04:00
117.34.13.72

/index.php
/controller/static load fail.
2017-12-27 14:04:00
117.34.13.24

/index.php
/controller/static load fail.
2017-12-27 14:04:00
117.34.13.42

/index.php
/controller/static load fail.
2017-12-27 14:16:49
117.34.13.72

/index.php
/controller/static load fail.
2017-12-27 14:16:49
117.34.13.24

/index.php
/controller/static load fail.
2017-12-27 14:16:49
117.34.13.42

/index.php
/controller/static load fail.
2017-12-27 14:16:52
117.34.13.72

/index.php
/controller/static load fail.
2017-12-27 14:16:52
117.34.13.24

/index.php
/controller/static load fail.
2017-12-27 14:16:52
117.34.13.42

/index.php
/controller/static load fail.
2017-12-27 14:16:54
117.34.13.72

/index.php
/controller/static load fail.
2017-12-27 14:16:54
117.34.13.24

/index.php
/controller/static load fail.
2017-12-27 14:16:54
117.34.13.42

/index.php
/controller/static load fail.
2017-12-27 14:16:56
117.34.13.72

/index.php
/controller/static load fail.
2017-12-27 14:16:56
117.34.13.24

/index.php
/controller/static load fail.
2017-12-27 14:16:57
117.34.13.42

/index.php
/controller/static load fail.
2017-12-27 14:16:58
117.34.13.72

/index.php
/controller/static load fail.
2017-12-27 14:16:58
117.34.13.24

/index.php
/controller/static load fail.
2017-12-27 14:16:58
117.34.13.42

/index.php
/controller/static load fail.
2017-12-27 14:17:00
117.34.13.72

/index.php
/controller/static load fail.
2017-12-27 14:17:00
117.34.13.24

/index.php
/controller/static load fail.
2017-12-27 14:17:00
117.34.13.42

/index.php
/controller/static load fail.
2017-12-27 14:49:42
59.51.81.166

/index.php
/controller/static load fail.
2017-12-27 14:49:42
59.51.81.141

/index.php
/controller/static load fail.
2017-12-27 14:49:42
59.51.81.172

/index.php
/controller/static load fail.
2017-12-27 14:51:06
59.51.81.166

/index.php
/controller/static load fail.
2017-12-27 14:51:06
59.51.81.141

/index.php
/controller/static load fail.
2017-12-27 14:51:06
59.51.81.172

/index.php
/controller/static load fail.
2017-12-27 14:51:16
59.51.81.166

/index.php
/controller/static load fail.
2017-12-27 14:51:16
59.51.81.141

/index.php
/controller/static load fail.
2017-12-27 14:51:16
59.51.81.172

/index.php
/controller/static load fail.
2017-12-27 14:51:27
59.51.81.166

/index.php
/controller/static load fail.
2017-12-27 14:51:27
59.51.81.141

/index.php
/controller/static load fail.
2017-12-27 14:51:28
59.51.81.172

/index.php
/controller/static load fail.
2017-12-27 14:51:46
59.51.81.166

/index.php
/controller/static load fail.
2017-12-27 14:51:46
59.51.81.141

/index.php
/controller/static load fail.
2017-12-27 14:51:46
59.51.81.172

/index.php
/controller/css load fail.
2017-12-27 14:52:08
59.51.81.166

/index.php
/controller/static load fail.
2017-12-27 14:52:15
59.51.81.166

/index.php
/controller/static load fail.
2017-12-27 14:52:16
59.51.81.141

/index.php
/controller/static load fail.
2017-12-27 14:52:16
59.51.81.172

/index.php
/controller/static load fail.
2017-12-27 14:52:23
59.51.81.166

/index.php
/controller/static load fail.
2017-12-27 14:52:23
59.51.81.141

/index.php
/controller/static load fail.
2017-12-27 14:52:24
59.51.81.172

/index.php
/controller/static load fail.
2017-12-27 14:56:31
59.51.81.166

/index.php
/controller/static load fail.
2017-12-27 14:56:31
59.51.81.141

/index.php
/controller/static load fail.
2017-12-27 14:56:32
59.51.81.172

/index.php
/controller/static load fail.
2017-12-27 14:58:46
59.51.81.166

/index.php
/controller/static load fail.
2017-12-27 14:58:46
59.51.81.141

/index.php
/controller/static load fail.
2017-12-27 14:58:46
59.51.81.172

/index.php
/controller/static load fail.
2017-12-27 14:58:55
59.51.81.166

/index.php
/controller/static load fail.
2017-12-27 14:58:55
59.51.81.141

/index.php
/controller/static load fail.
2017-12-27 14:58:56
59.51.81.172

/index.php
/controller/static load fail.
2017-12-27 14:59:12
59.51.81.166

/index.php
/controller/static load fail.
2017-12-27 14:59:12
59.51.81.141

/index.php
/controller/static load fail.
2017-12-27 14:59:12
59.51.81.172

/index.php
/controller/static load fail.
2017-12-27 14:59:20
59.51.81.166

/index.php
/controller/static load fail.
2017-12-27 14:59:20
59.51.81.141

/index.php
/controller/static load fail.
2017-12-27 14:59:20
59.51.81.172

/index.php
/controller/static load fail.
2017-12-27 14:59:55
42.236.93.51

/index.php
/controller/static load fail.
2017-12-27 14:59:55
42.236.93.36

/index.php
/controller/static load fail.
2017-12-27 14:59:55
58.211.2.126

/index.php
/controller/static load fail.
2017-12-27 15:00:26
59.51.81.166

/index.php
/controller/static load fail.
2017-12-27 15:00:26
59.51.81.141

/index.php
/controller/static load fail.
2017-12-27 15:00:26
59.51.81.172

/index.php
/controller/static load fail.
2017-12-27 15:01:03
59.51.81.166

/index.php
/controller/static load fail.
2017-12-27 15:01:03
59.51.81.141

/index.php
/controller/static load fail.
2017-12-27 15:01:03
59.51.81.172

/index.php
/controller/static load fail.
2017-12-27 15:01:35
59.51.81.166

/index.php
/controller/static load fail.
2017-12-27 15:01:35
59.51.81.141

/index.php
/controller/static load fail.
2017-12-27 15:01:35
59.51.81.172

/index.php
/controller/static load fail.
2017-12-27 15:15:23
59.51.81.166

/index.php
/controller/static load fail.
2017-12-27 15:15:23
59.51.81.141

/index.php
/controller/static load fail.
2017-12-27 15:15:23
59.51.81.172

/index.php
/controller/static load fail.
2017-12-27 15:21:07
117.34.13.72

/index.php
/controller/static load fail.
2017-12-27 15:21:07
117.34.13.24

/index.php
/controller/static load fail.
2017-12-27 15:21:07
117.34.13.42

/index.php
/controller/static load fail.
2017-12-27 15:21:10
117.34.13.72

/index.php
/controller/static load fail.
2017-12-27 15:21:10
117.34.13.24

/index.php
/controller/static load fail.
2017-12-27 15:21:10
117.34.13.42

/index.php
/controller/static load fail.
2017-12-27 15:23:15
117.34.13.72

/index.php
/controller/static load fail.
2017-12-27 15:23:15
117.34.13.24

/index.php
/controller/static load fail.
2017-12-27 15:23:15
117.34.13.42

/index.php
/controller/static load fail.
2017-12-27 15:24:54
59.51.81.166

/index.php
/controller/static load fail.
2017-12-27 15:24:54
59.51.81.141

/index.php
/controller/static load fail.
2017-12-27 15:24:54
59.51.81.172

/index.php
/controller/static load fail.
2017-12-27 15:25:37
117.34.13.72

/index.php
/controller/static load fail.
2017-12-27 15:25:37
117.34.13.24

/index.php
/controller/static load fail.
2017-12-27 15:25:37
117.34.13.42

/index.php
/controller/static load fail.
2017-12-27 15:26:05
59.51.81.166

/index.php
/controller/static load fail.
2017-12-27 15:26:05
59.51.81.141

/index.php
/controller/static load fail.
2017-12-27 15:26:05
59.51.81.172

/index.php
/controller/static load fail.
2017-12-27 15:28:03
59.51.81.166

/index.php
/controller/static load fail.
2017-12-27 15:28:04
59.51.81.141

/index.php
/controller/static load fail.
2017-12-27 15:28:04
59.51.81.172

/index.php
/controller/static load fail.
2017-12-27 15:30:22
117.34.13.12

/index.php
/controller/static load fail.
2017-12-27 15:30:22
117.34.13.30

/index.php
/controller/static load fail.
2017-12-27 15:30:22
117.34.13.30

/index.php
/controller/static load fail.
2017-12-27 15:35:44
117.34.13.72

/index.php
/controller/static load fail.
2017-12-27 15:35:44
117.34.13.24

/index.php
/controller/static load fail.
2017-12-27 15:35:44
117.34.13.42

/index.php
/controller/static load fail.
2017-12-27 15:35:48
117.34.13.72

/index.php
/controller/static load fail.
2017-12-27 15:35:48
117.34.13.24

/index.php
/controller/static load fail.
2017-12-27 15:35:48
117.34.13.42

/index.php
/controller/static load fail.
2017-12-27 15:40:13
117.34.13.72

/index.php
/controller/static load fail.
2017-12-27 15:40:13
117.34.13.24

/index.php
/controller/static load fail.
2017-12-27 15:40:13
117.34.13.42

/index.php
/controller/static load fail.
2017-12-27 15:40:43
117.34.13.72

/index.php
/controller/static load fail.
2017-12-27 15:40:43
117.34.13.24

/index.php
/controller/static load fail.
2017-12-27 15:40:43
117.34.13.42

/index.php
/controller/static load fail.
2017-12-27 15:40:44
117.34.13.72

/index.php
/controller/static load fail.
2017-12-27 15:40:45
117.34.13.24

/index.php
/controller/static load fail.
2017-12-27 15:40:45
117.34.13.42

/index.php
/controller/static load fail.
2017-12-27 15:44:46
117.34.13.72

/index.php
/controller/static load fail.
2017-12-27 15:44:46
117.34.13.24

/index.php
/controller/static load fail.
2017-12-27 15:44:46
117.34.13.42

/index.php
/controller/static load fail.
2017-12-27 15:48:44
117.34.13.72

/index.php
/controller/static load fail.
2017-12-27 15:48:45
117.34.13.24

/index.php
/controller/static load fail.
2017-12-27 15:48:45
117.34.13.42

/index.php
/controller/static load fail.
2017-12-27 15:49:43
117.34.13.72

/index.php
/controller/static load fail.
2017-12-27 15:49:44
117.34.13.24

/index.php
/controller/static load fail.
2017-12-27 15:49:44
117.34.13.42

/index.php
/controller/static load fail.
2017-12-27 15:50:41
117.34.13.72

/index.php
/controller/static load fail.
2017-12-27 15:50:41
117.34.13.24

/index.php
/controller/static load fail.
2017-12-27 15:50:41
117.34.13.42

/index.php
/controller/static load fail.
2017-12-27 15:50:42
117.34.13.72

/index.php
/controller/static load fail.
2017-12-27 15:50:42
117.34.13.24

/index.php
/controller/static load fail.
2017-12-27 15:50:42
117.34.13.42

/index.php
/controller/static load fail.
2017-12-27 15:50:43
117.34.13.72

/index.php
/controller/static load fail.
2017-12-27 15:50:43
117.34.13.24

/index.php
/controller/static load fail.
2017-12-27 15:50:43
117.34.13.42

/index.php
/controller/static load fail.
2017-12-27 15:50:51
117.34.13.72

/index.php
/controller/static load fail.
2017-12-27 15:50:51
117.34.13.24

/index.php
/controller/static load fail.
2017-12-27 15:50:51
117.34.13.42

/index.php
/controller/static load fail.
2017-12-27 15:51:09
117.34.13.72

/index.php
/controller/static load fail.
2017-12-27 15:51:09
117.34.13.24

/index.php
/controller/static load fail.
2017-12-27 15:51:09
117.34.13.42

/index.php
/controller/static load fail.
2017-12-27 15:51:17
117.34.13.72

/index.php
/controller/static load fail.
2017-12-27 15:51:17
117.34.13.24

/index.php
/controller/static load fail.
2017-12-27 15:51:17
117.34.13.42

/index.php
/controller/static load fail.
2017-12-27 15:51:20
117.34.13.72

/index.php
/controller/static load fail.
2017-12-27 15:51:20
117.34.13.24

/index.php
/controller/static load fail.
2017-12-27 15:51:20
117.34.13.42

/index.php
/controller/static load fail.
2017-12-27 15:51:21
117.34.13.72

/index.php
/controller/static load fail.
2017-12-27 15:51:21
117.34.13.24

/index.php
/controller/static load fail.
2017-12-27 15:51:21
117.34.13.42

/index.php
/controller/static load fail.
2017-12-27 15:51:37
117.34.13.72

/index.php
/controller/static load fail.
2017-12-27 15:51:37
117.34.13.24

/index.php
/controller/static load fail.
2017-12-27 15:51:37
117.34.13.42

/index.php
/controller/static load fail.
2017-12-27 15:51:38
117.34.13.72

/index.php
/controller/static load fail.
2017-12-27 15:51:38
117.34.13.24

/index.php
/controller/static load fail.
2017-12-27 15:51:38
117.34.13.42

/index.php
/controller/static load fail.
2017-12-27 15:51:45
117.34.13.72

/index.php
/controller/static load fail.
2017-12-27 15:51:46
117.34.13.24

/index.php
/controller/static load fail.
2017-12-27 15:51:46
117.34.13.42

/index.php
/controller/static load fail.
2017-12-27 15:51:49
117.34.13.72

/index.php
/controller/static load fail.
2017-12-27 15:51:49
117.34.13.24

/index.php
/controller/static load fail.
2017-12-27 15:51:49
117.34.13.42

/index.php
/controller/static load fail.
2017-12-27 15:52:15
117.34.13.72

/index.php
/controller/static load fail.
2017-12-27 15:52:15
117.34.13.24

/index.php
/controller/static load fail.
2017-12-27 15:52:16
117.34.13.42

/index.php
/controller/static load fail.
2017-12-27 15:52:18
117.34.13.72

/index.php
/controller/static load fail.
2017-12-27 15:52:18
117.34.13.24

/index.php
/controller/static load fail.
2017-12-27 15:52:18
117.34.13.42

/index.php
/controller/static load fail.
2017-12-27 15:52:20
117.34.13.72

/index.php
/controller/static load fail.
2017-12-27 15:52:20
117.34.13.24

/index.php
/controller/static load fail.
2017-12-27 15:52:20
117.34.13.42

/index.php
/controller/static load fail.
2017-12-27 15:52:59
117.34.13.72

/index.php
/controller/static load fail.
2017-12-27 15:52:59
117.34.13.24

/index.php
/controller/static load fail.
2017-12-27 15:52:59
117.34.13.42

/index.php
/controller/static load fail.
2017-12-27 15:53:00
117.34.13.72

/index.php
/controller/static load fail.
2017-12-27 15:53:00
117.34.13.24

/index.php
/controller/static load fail.
2017-12-27 15:53:00
117.34.13.42

/index.php
/controller/static load fail.
2017-12-27 15:53:01
117.34.13.72

/index.php
/controller/static load fail.
2017-12-27 15:53:01
117.34.13.24

/index.php
/controller/static load fail.
2017-12-27 15:53:01
117.34.13.42

/index.php
/controller/static load fail.
2017-12-27 15:53:06
117.34.13.72

/index.php
/controller/static load fail.
2017-12-27 15:53:06
117.34.13.24

/index.php
/controller/static load fail.
2017-12-27 15:53:06
117.34.13.42

/index.php
/controller/static load fail.
2017-12-27 15:53:11
117.34.13.72

/index.php
/controller/static load fail.
2017-12-27 15:53:11
117.34.13.24

/index.php
/controller/static load fail.
2017-12-27 15:53:11
117.34.13.42

/index.php
/controller/static load fail.
2017-12-27 15:53:14
117.34.13.72

/index.php
/controller/static load fail.
2017-12-27 15:53:14
117.34.13.24

/index.php
/controller/static load fail.
2017-12-27 15:53:14
117.34.13.42

/index.php
/controller/static load fail.
2017-12-27 15:53:14
117.34.13.72

/index.php
/controller/static load fail.
2017-12-27 15:53:14
117.34.13.24

/index.php
/controller/static load fail.
2017-12-27 15:53:15
117.34.13.42

/index.php
/controller/static load fail.
2017-12-27 15:53:18
117.34.13.72

/index.php
/controller/static load fail.
2017-12-27 15:53:18
117.34.13.24

/index.php
/controller/static load fail.
2017-12-27 15:53:18
117.34.13.42

/index.php
/controller/static load fail.
2017-12-27 15:53:20
117.34.13.72

/index.php
/controller/static load fail.
2017-12-27 15:53:20
117.34.13.24

/index.php
/controller/static load fail.
2017-12-27 15:53:20
117.34.13.42

/index.php
/controller/static load fail.
2017-12-27 15:53:22
117.34.13.72

/index.php
/controller/static load fail.
2017-12-27 15:53:22
117.34.13.24

/index.php
/controller/static load fail.
2017-12-27 15:53:22
117.34.13.42

/index.php
/controller/static load fail.
2017-12-27 15:54:35
117.34.13.72

/index.php
/controller/static load fail.
2017-12-27 15:54:35
117.34.13.24

/index.php
/controller/static load fail.
2017-12-27 15:54:35
117.34.13.42

/index.php
/controller/static load fail.
2017-12-27 15:54:47
117.34.13.72

/index.php
/controller/static load fail.
2017-12-27 15:54:47
117.34.13.24

/index.php
/controller/static load fail.
2017-12-27 15:54:48
117.34.13.42

/index.php
/controller/static load fail.
2017-12-27 15:55:06
117.34.13.72

/index.php
/controller/static load fail.
2017-12-27 15:55:06
117.34.13.24

/index.php
/controller/static load fail.
2017-12-27 15:55:06
117.34.13.42

/index.php
/controller/static load fail.
2017-12-27 15:55:07
117.34.13.72

/index.php
/controller/static load fail.
2017-12-27 15:55:07
117.34.13.24

/index.php
/controller/static load fail.
2017-12-27 15:55:07
117.34.13.42

/index.php
/controller/static load fail.
2017-12-27 15:55:54
117.34.13.72

/index.php
/controller/static load fail.
2017-12-27 15:55:54
117.34.13.24

/index.php
/controller/static load fail.
2017-12-27 15:55:55
117.34.13.42

/index.php
/controller/static load fail.
2017-12-27 15:55:56
117.34.13.72

/index.php
/controller/static load fail.
2017-12-27 15:55:56
117.34.13.24

/index.php
/controller/static load fail.
2017-12-27 15:55:56
117.34.13.42

/index.php
/controller/static load fail.
2017-12-27 15:55:57
117.34.13.72

/index.php
/controller/static load fail.
2017-12-27 15:55:57
117.34.13.24

/index.php
/controller/static load fail.
2017-12-27 15:55:58
117.34.13.42

/index.php
/controller/static load fail.
2017-12-27 15:59:13
59.51.81.166

/index.php
/controller/static load fail.
2017-12-27 15:59:13
59.51.81.141

/index.php
/controller/static load fail.
2017-12-27 15:59:13
59.51.81.172

/index.php
/controller/static load fail.
2017-12-27 15:59:24
59.51.81.166

/index.php
/controller/static load fail.
2017-12-27 15:59:24
59.51.81.141

/index.php
/controller/static load fail.
2017-12-27 15:59:24
59.51.81.172

/index.php
/controller/static load fail.
2017-12-27 15:59:28
59.51.81.166

/index.php
/controller/static load fail.
2017-12-27 15:59:28
59.51.81.141

/index.php
/controller/static load fail.
2017-12-27 15:59:28
59.51.81.172

/index.php
/controller/static load fail.
2017-12-27 15:59:50
59.51.81.166

/index.php
/controller/static load fail.
2017-12-27 15:59:50
59.51.81.141

/index.php
/controller/static load fail.
2017-12-27 15:59:50
59.51.81.172

/index.php
/controller/static load fail.
2017-12-27 15:59:51
59.51.81.166

/index.php
/controller/static load fail.
2017-12-27 15:59:51
59.51.81.141

/index.php
/controller/static load fail.
2017-12-27 15:59:51
59.51.81.172

/index.php
/controller/static load fail.
2017-12-27 15:59:55
59.51.81.166

/index.php
/controller/static load fail.
2017-12-27 15:59:55
59.51.81.141

/index.php
/controller/static load fail.
2017-12-27 15:59:55
59.51.81.172

/index.php
/controller/static load fail.
2017-12-27 15:59:57
59.51.81.166

/index.php
/controller/static load fail.
2017-12-27 15:59:57
59.51.81.141

/index.php
/controller/static load fail.
2017-12-27 15:59:57
59.51.81.172

/index.php
/controller/static load fail.
2017-12-27 16:00:01
59.51.81.166

/index.php
/controller/static load fail.
2017-12-27 16:00:01
59.51.81.141

/index.php
/controller/static load fail.
2017-12-27 16:00:01
59.51.81.172

/index.php
/controller/static load fail.
2017-12-27 16:00:03
59.51.81.166

/index.php
/controller/static load fail.
2017-12-27 16:00:03
59.51.81.141

/index.php
/controller/static load fail.
2017-12-27 16:00:04
59.51.81.172

/index.php
/controller/static load fail.
2017-12-27 16:00:05
59.51.81.166

/index.php
/controller/static load fail.
2017-12-27 16:00:06
59.51.81.141

/index.php
/controller/static load fail.
2017-12-27 16:00:06
59.51.81.172

/index.php
/controller/static load fail.
2017-12-27 16:00:07
59.51.81.166

/index.php
/controller/static load fail.
2017-12-27 16:00:08
59.51.81.141

/index.php
/controller/static load fail.
2017-12-27 16:00:08
59.51.81.172

/index.php
/controller/static load fail.
2017-12-27 16:01:56
59.51.81.166

/index.php
/controller/static load fail.
2017-12-27 16:01:56
59.51.81.141

/index.php
/controller/static load fail.
2017-12-27 16:01:56
59.51.81.172

/index.php
/controller/static load fail.
2017-12-27 16:01:57
59.51.81.166

/index.php
/controller/static load fail.
2017-12-27 16:01:57
59.51.81.141

/index.php
/controller/static load fail.
2017-12-27 16:01:57
59.51.81.172

/index.php
/controller/static load fail.
2017-12-27 16:05:16
117.34.13.72

/index.php
/controller/static load fail.
2017-12-27 16:05:16
117.34.13.24

/index.php
/controller/static load fail.
2017-12-27 16:05:16
117.34.13.42

/index.php
/controller/static load fail.
2017-12-27 16:05:17
117.34.13.72

/index.php
/controller/static load fail.
2017-12-27 16:05:17
117.34.13.24

/index.php
/controller/static load fail.
2017-12-27 16:05:17
117.34.13.42

/index.php
/controller/static load fail.
2017-12-27 16:05:18
117.34.13.72

/index.php
/controller/static load fail.
2017-12-27 16:05:18
117.34.13.24

/index.php
/controller/static load fail.
2017-12-27 16:05:18
117.34.13.42

/index.php
/controller/static load fail.
2017-12-27 16:05:19
117.34.13.72

/index.php
/controller/static load fail.
2017-12-27 16:05:19
117.34.13.24

/index.php
/controller/static load fail.
2017-12-27 16:05:19
117.34.13.42

/index.php
/controller/static load fail.
2017-12-27 16:05:27
117.34.13.72

/index.php
/controller/static load fail.
2017-12-27 16:05:27
117.34.13.24

/index.php
/controller/static load fail.
2017-12-27 16:05:27
117.34.13.42

/index.php
/controller/static load fail.
2017-12-27 16:06:14
59.51.81.166

/index.php
/controller/static load fail.
2017-12-27 16:06:14
59.51.81.141

/index.php
/controller/static load fail.
2017-12-27 16:06:14
59.51.81.172

/index.php
/controller/static load fail.
2017-12-27 16:11:04
117.34.13.72

/index.php
/controller/static load fail.
2017-12-27 16:11:04
117.34.13.24

/index.php
/controller/static load fail.
2017-12-27 16:11:04
117.34.13.42

/index.php
/controller/static load fail.
2017-12-27 16:11:06
117.34.13.72

/index.php
/controller/static load fail.
2017-12-27 16:11:06
117.34.13.24

/index.php
/controller/static load fail.
2017-12-27 16:11:06
117.34.13.42

/index.php
/controller/static load fail.
2017-12-27 16:11:20
117.34.13.72

/index.php
/controller/static load fail.
2017-12-27 16:11:20
117.34.13.24

/index.php
/controller/static load fail.
2017-12-27 16:11:20
117.34.13.42

/index.php
/controller/static load fail.
2017-12-27 16:11:21
117.34.13.72

/index.php
/controller/static load fail.
2017-12-27 16:11:21
117.34.13.24

/index.php
/controller/static load fail.
2017-12-27 16:11:21
117.34.13.42

/index.php
/controller/static load fail.
2017-12-27 16:11:22
117.34.13.72

/index.php
/controller/static load fail.
2017-12-27 16:11:23
117.34.13.24

/index.php
/controller/static load fail.
2017-12-27 16:11:23
117.34.13.42

/index.php
/controller/static load fail.
2017-12-27 16:11:24
117.34.13.72

/index.php
/controller/static load fail.
2017-12-27 16:11:24
117.34.13.24

/index.php
/controller/static load fail.
2017-12-27 16:11:24
117.34.13.42

/index.php
/controller/static load fail.
2017-12-27 16:11:25
117.34.13.72

/index.php
/controller/static load fail.
2017-12-27 16:11:25
117.34.13.24

/index.php
/controller/static load fail.
2017-12-27 16:11:25
117.34.13.42

/index.php
/controller/static load fail.
2017-12-27 16:17:09
117.34.13.72

/index.php
/controller/static load fail.
2017-12-27 16:17:09
117.34.13.24

/index.php
/controller/static load fail.
2017-12-27 16:17:09
117.34.13.42

/index.php
/controller/static load fail.
2017-12-27 16:20:24
59.51.81.166

/index.php
/controller/static load fail.
2017-12-27 16:20:24
59.51.81.141

/index.php
/controller/static load fail.
2017-12-27 16:20:24
59.51.81.172

/index.php
/controller/static load fail.
2017-12-27 16:20:25
59.51.81.166

/index.php
/controller/static load fail.
2017-12-27 16:20:25
59.51.81.141

/index.php
/controller/static load fail.
2017-12-27 16:20:25
59.51.81.172

/index.php
/controller/static load fail.
2017-12-27 16:21:05
59.51.81.166

/index.php
/controller/static load fail.
2017-12-27 16:21:05
59.51.81.141

/index.php
/controller/static load fail.
2017-12-27 16:21:05
59.51.81.172

/index.php
/controller/static load fail.
2017-12-27 16:21:25
59.51.81.166

/index.php
/controller/static load fail.
2017-12-27 16:21:26
59.51.81.141

/index.php
/controller/static load fail.
2017-12-27 16:21:26
59.51.81.172

/index.php
/controller/static load fail.
2017-12-27 16:21:37
59.51.81.166

/index.php
/controller/static load fail.
2017-12-27 16:21:37
59.51.81.141

/index.php
/controller/static load fail.
2017-12-27 16:21:37
59.51.81.172

/index.php
/controller/static load fail.
2017-12-27 16:21:55
59.51.81.166

/index.php
/controller/static load fail.
2017-12-27 16:21:55
59.51.81.141

/index.php
/controller/static load fail.
2017-12-27 16:21:55
59.51.81.172

/index.php
/controller/static load fail.
2017-12-27 16:22:35
59.51.81.166

/index.php
/controller/static load fail.
2017-12-27 16:22:36
59.51.81.141

/index.php
/controller/static load fail.
2017-12-27 16:22:36
59.51.81.172

/index.php
/controller/static load fail.
2017-12-27 16:22:46
59.51.81.166

/index.php
/controller/static load fail.
2017-12-27 16:22:46
59.51.81.141

/index.php
/controller/static load fail.
2017-12-27 16:22:46
59.51.81.172

/index.php
/controller/static load fail.
2017-12-27 16:23:38
59.51.81.166

/index.php
/controller/static load fail.
2017-12-27 16:23:38
59.51.81.141

/index.php
/controller/static load fail.
2017-12-27 16:23:38
59.51.81.172

/index.php
/controller/static load fail.
2017-12-27 16:38:37
59.51.81.166

/index.php
/controller/static load fail.
2017-12-27 16:38:37
59.51.81.141

/index.php
/controller/static load fail.
2017-12-27 16:38:37
59.51.81.172

/index.php
/controller/static load fail.
2017-12-27 16:41:13
59.51.81.166

/index.php
/controller/static load fail.
2017-12-27 16:41:13
59.51.81.141

/index.php
/controller/static load fail.
2017-12-27 16:41:13
59.51.81.172

/index.php
/controller/static load fail.
2017-12-27 16:41:26
59.51.81.166

/index.php
/controller/static load fail.
2017-12-27 16:41:26
59.51.81.141

/index.php
/controller/static load fail.
2017-12-27 16:41:26
59.51.81.172

/index.php
/controller/static load fail.
2017-12-27 16:41:33
59.51.81.166

/index.php
/controller/static load fail.
2017-12-27 16:41:33
59.51.81.141

/index.php
/controller/static load fail.
2017-12-27 16:41:33
59.51.81.172

/index.php
/controller/static load fail.
2017-12-27 16:43:10
59.51.81.166

/index.php
/controller/static load fail.
2017-12-27 16:43:10
59.51.81.141

/index.php
/controller/static load fail.
2017-12-27 16:43:11
59.51.81.172

/index.php
/controller/static load fail.
2017-12-27 16:43:16
59.51.81.166

/index.php
/controller/static load fail.
2017-12-27 16:43:16
59.51.81.141

/index.php
/controller/static load fail.
2017-12-27 16:43:16
59.51.81.172

/index.php
/controller/static load fail.
2017-12-27 16:43:22
59.51.81.166

/index.php
/controller/static load fail.
2017-12-27 16:43:22
59.51.81.141

/index.php
/controller/static load fail.
2017-12-27 16:43:22
59.51.81.172

/index.php
/controller/css load fail.
2017-12-27 16:52:55
58.211.2.66

/index.php
/controller/static load fail.
2017-12-27 17:10:21
117.34.13.72

/index.php
/controller/static load fail.
2017-12-27 17:10:21
117.34.13.24

/index.php
/controller/static load fail.
2017-12-27 17:10:21
117.34.13.42

/index.php
/controller/static load fail.
2017-12-27 17:10:22
117.34.13.72

/index.php
/controller/static load fail.
2017-12-27 17:10:22
117.34.13.24

/index.php
/controller/static load fail.
2017-12-27 17:10:22
117.34.13.42

/index.php
/controller/static load fail.
2017-12-27 17:33:21
117.34.13.72

/index.php
/controller/static load fail.
2017-12-27 17:33:21
117.34.13.24

/index.php
/controller/static load fail.
2017-12-27 17:33:21
117.34.13.42

/index.php
/controller/static load fail.
2017-12-27 17:33:23
117.34.13.72

/index.php
/controller/static load fail.
2017-12-27 17:33:23
117.34.13.24

/index.php
/controller/static load fail.
2017-12-27 17:33:23
117.34.13.42

/index.php
/controller/static load fail.
2017-12-27 17:33:36
117.34.13.72

/index.php
/controller/static load fail.
2017-12-27 17:33:36
117.34.13.24

/index.php
/controller/static load fail.
2017-12-27 17:33:36
117.34.13.42

/index.php
/controller/static load fail.
2017-12-27 17:33:49
117.34.13.72

/index.php
/controller/static load fail.
2017-12-27 17:33:49
117.34.13.24

/index.php
/controller/static load fail.
2017-12-27 17:33:50
117.34.13.42

/index.php
/controller/static load fail.
2017-12-27 17:34:06
117.34.13.72

/index.php
/controller/static load fail.
2017-12-27 17:34:06
117.34.13.24

/index.php
/controller/static load fail.
2017-12-27 17:34:06
117.34.13.42

/index.php
/controller/static load fail.
2017-12-27 17:36:05
117.34.13.12

/index.php
/controller/static load fail.
2017-12-27 17:36:05
117.34.13.30

/index.php
/controller/static load fail.
2017-12-27 17:36:06
117.34.13.30

/index.php
/controller/static load fail.
2017-12-27 17:36:08
117.34.13.12

/index.php
/controller/static load fail.
2017-12-27 17:36:09
117.34.13.30

/index.php
/controller/static load fail.
2017-12-27 17:36:09
117.34.13.30

/index.php
/controller/static load fail.
2017-12-27 17:36:11
117.34.13.12

/index.php
/controller/static load fail.
2017-12-27 17:36:11
117.34.13.30

/index.php
/controller/static load fail.
2017-12-27 17:36:11
117.34.13.30

/index.php
/controller/static load fail.
2017-12-27 18:33:41
59.51.81.166

/index.php
/controller/static load fail.
2017-12-27 18:33:41
59.51.81.141

/index.php
/controller/static load fail.
2017-12-27 18:33:41
59.51.81.172

/index.php
/controller/static load fail.
2017-12-27 18:33:56
59.51.81.166

/index.php
/controller/static load fail.
2017-12-27 18:33:56
59.51.81.141

/index.php
/controller/static load fail.
2017-12-27 18:33:56
59.51.81.172

/index.php
/controller/static load fail.
2017-12-27 22:34:41
117.34.13.72

/index.php
/controller/static load fail.
2017-12-27 22:34:42
117.34.13.24

/index.php
/controller/static load fail.
2017-12-27 22:34:42
117.34.13.42

/index.php
/controller/static load fail.
2017-12-27 22:34:44
117.34.13.72

/index.php
/controller/static load fail.
2017-12-27 22:34:44
117.34.13.24

/index.php
/controller/static load fail.
2017-12-27 22:34:44
117.34.13.42

/index.php
/controller/static load fail.
2017-12-27 22:35:00
117.34.13.72

/index.php
/controller/static load fail.
2017-12-27 22:35:00
117.34.13.24

/index.php
/controller/static load fail.
2017-12-27 22:35:00
117.34.13.42

/index.php
/controller/css load fail.
2017-12-27 22:38:32
59.51.81.166

/index.php
/controller/static load fail.
2017-12-27 23:09:16
117.34.13.12

/index.php
/controller/static load fail.
2017-12-27 23:09:17
117.34.13.30

/index.php
/controller/static load fail.
2017-12-27 23:09:17
117.34.13.30

/index.php
/controller/static load fail.
2017-12-27 23:16:24
59.51.81.141

/index.php
/controller/static load fail.
2017-12-27 23:16:25
59.51.81.172

/index.php
/controller/static load fail.
2017-12-27 23:17:18
59.51.81.141

/index.php
/controller/static load fail.
2017-12-27 23:17:18
59.51.81.172

