/index.php
/controller/script load fail.
2017-12-19 21:22:44
120.239.98.241

/index.php
/controller/supportbox load fail.
2017-12-19 21:22:45
120.239.98.241

/index.php
/controller/script load fail.
2017-12-19 21:22:53
120.239.98.241

/index.php
/controller/supportbox load fail.
2017-12-19 21:22:53
120.239.98.241

/index.php
/controller/demo load fail.
2017-12-19 21:22:57
120.239.98.241

/index.php
/controller/script load fail.
2017-12-19 21:23:39
110.182.130.182

/index.php
/controller/supportbox load fail.
2017-12-19 21:23:39
110.182.130.182

/index.php
/controller/script load fail.
2017-12-19 21:23:48
110.182.130.182

/index.php
/controller/supportbox load fail.
2017-12-19 21:23:48
110.182.130.182

/index.php
/controller/script load fail.
2017-12-19 21:25:08
120.239.98.241

/index.php
/controller/supportbox load fail.
2017-12-19 21:25:08
120.239.98.241

/index.php
/controller/demo load fail.
2017-12-19 21:25:11
110.182.130.182

/index.php
/controller/demo load fail.
2017-12-19 21:25:13
110.182.130.182

/index.php
/controller/script load fail.
2017-12-19 21:25:16
110.182.130.182

/index.php
/controller/supportbox load fail.
2017-12-19 21:25:16
110.182.130.182

/index.php
/controller/script load fail.
2017-12-19 21:31:14
183.21.190.53

/index.php
/controller/supportbox load fail.
2017-12-19 21:31:14
183.21.190.53

/index.php
/controller/script load fail.
2017-12-19 21:31:31
183.21.190.53

/index.php
/controller/supportbox load fail.
2017-12-19 21:31:31
183.21.190.53

/index.php
/controller/script load fail.
2017-12-19 21:34:35
183.21.190.53

/index.php
/controller/supportbox load fail.
2017-12-19 21:34:35
183.21.190.53

/index.php
/controller/script load fail.
2017-12-19 21:36:14
183.21.190.53

/index.php
/controller/supportbox load fail.
2017-12-19 21:36:14
183.21.190.53

/index.php
/controller/demo load fail.
2017-12-19 21:36:42
183.21.190.53

/index.php
/controller/demo load fail.
2017-12-19 21:36:44
183.21.190.53

/index.php
/controller/demo load fail.
2017-12-19 21:36:46
183.21.190.53

/index.php
/controller/demo load fail.
2017-12-19 21:36:47
183.21.190.53

/index.php
/controller/demo load fail.
2017-12-19 21:36:47
183.21.190.53

/index.php
/controller/script load fail.
2017-12-19 21:36:51
183.21.190.53

/index.php
/controller/supportbox load fail.
2017-12-19 21:36:51
183.21.190.53

/index.php
/controller/script load fail.
2017-12-19 21:37:10
110.182.130.182

/index.php
/controller/supportbox load fail.
2017-12-19 21:37:10
110.182.130.182

/index.php
/controller/home1 load fail.
2017-12-19 21:37:36
183.21.190.53

/index.php
/controller/script load fail.
2017-12-19 21:37:48
183.21.190.53

/index.php
/controller/supportbox load fail.
2017-12-19 21:37:48
183.21.190.53

/index.php
/controller/home1 load fail.
2017-12-19 21:38:36
101.226.33.224

/index.php
/controller/script load fail.
2017-12-19 21:39:31
183.21.190.53

/index.php
/controller/supportbox load fail.
2017-12-19 21:39:31
183.21.190.53

/index.php
/controller/script load fail.
2017-12-19 21:40:13
183.21.190.53

/index.php
/controller/supportbox load fail.
2017-12-19 21:40:13
183.21.190.53

/index.php
/controller/demo load fail.
2017-12-19 21:40:16
183.21.190.53

/index.php
/controller/demo load fail.
2017-12-19 21:40:23
183.21.190.53

/index.php
/controller/demo load fail.
2017-12-19 21:40:24
183.21.190.53

/index.php
/controller/demo load fail.
2017-12-19 21:40:26
183.21.190.53

/index.php
/controller/script load fail.
2017-12-19 21:40:30
110.182.130.182

/index.php
/controller/supportbox load fail.
2017-12-19 21:40:30
110.182.130.182

/index.php
/controller/script load fail.
2017-12-19 21:40:35
183.21.190.53

/index.php
/controller/supportbox load fail.
2017-12-19 21:40:35
183.21.190.53

/index.php
/controller/script load fail.
2017-12-19 21:40:44
183.21.190.53

/index.php
/controller/supportbox load fail.
2017-12-19 21:40:44
183.21.190.53

/index.php
/controller/demo load fail.
2017-12-19 21:40:49
183.21.190.53

/index.php
/controller/script load fail.
2017-12-19 21:41:41
183.21.190.53

/index.php
/controller/supportbox load fail.
2017-12-19 21:41:41
183.21.190.53

/index.php
/controller/script load fail.
2017-12-19 21:41:44
183.21.190.53

/index.php
/controller/supportbox load fail.
2017-12-19 21:41:44
183.21.190.53

/index.php
/controller/index load fail.
2017-12-19 21:41:50
183.21.190.53

/index.php
/controller/script load fail.
2017-12-19 21:42:11
183.21.190.53

/index.php
/controller/index load fail.
2017-12-19 21:42:50
101.226.33.208

/index.php
/controller/script load fail.
2017-12-19 21:43:04
110.182.130.182

/index.php
/controller/script load fail.
2017-12-19 21:43:08
110.182.130.182

/index.php
/controller/script load fail.
2017-12-19 21:43:12
110.182.130.182

/index.php
/controller/script load fail.
2017-12-19 21:43:23
183.21.190.53

/index.php
/controller/index load fail.
2017-12-19 21:43:25
183.21.190.53

/index.php
/controller/script load fail.
2017-12-19 21:44:21
183.21.190.53

/index.php
/controller/demo load fail.
2017-12-19 21:44:32
183.21.190.53

/index.php
/controller/script load fail.
2017-12-19 21:44:43
110.182.130.182

/index.php
/controller/script load fail.
2017-12-19 21:45:03
110.182.130.182

/index.php
/controller/css load fail.
2017-12-19 21:48:11
183.21.190.53

/index.php
/controller/css load fail.
2017-12-19 21:48:11
183.21.190.53

/index.php
/controller/css load fail.
2017-12-19 21:48:18
110.182.130.182

/index.php
/controller/css load fail.
2017-12-19 21:48:18
110.182.130.182

/index.php
/controller/css load fail.
2017-12-19 21:48:23
110.182.130.182

/index.php
/controller/css load fail.
2017-12-19 21:48:23
110.182.130.182

/index.php
/controller/css load fail.
2017-12-19 21:48:35
183.21.190.53

/index.php
/controller/css load fail.
2017-12-19 21:48:35
183.21.190.53

/index.php
/controller/js load fail.
2017-12-19 21:48:35
183.21.190.53

/index.php
/controller/js load fail.
2017-12-19 21:48:35
183.21.190.53

/index.php
/controller/images load fail.
2017-12-19 21:48:35
183.21.190.53

/index.php
/controller/img load fail.
2017-12-19 21:48:35
183.21.190.53

/index.php
/controller/img load fail.
2017-12-19 21:48:35
183.21.190.53

/index.php
/controller/img load fail.
2017-12-19 21:48:35
183.21.190.53

/index.php
/controller/img load fail.
2017-12-19 21:48:35
183.21.190.53

/index.php
/controller/images load fail.
2017-12-19 21:48:35
183.21.190.53

/index.php
/controller/images load fail.
2017-12-19 21:48:35
183.21.190.53

/index.php
/controller/images load fail.
2017-12-19 21:48:35
183.21.190.53

/index.php
/controller/images load fail.
2017-12-19 21:48:35
183.21.190.53

/index.php
/controller/images load fail.
2017-12-19 21:48:35
183.21.190.53

/index.php
/controller/images load fail.
2017-12-19 21:48:35
183.21.190.53

/index.php
/controller/images load fail.
2017-12-19 21:48:35
183.21.190.53

/index.php
/controller/images load fail.
2017-12-19 21:48:35
183.21.190.53

/index.php
/controller/img load fail.
2017-12-19 21:48:35
183.21.190.53

/index.php
/controller/img load fail.
2017-12-19 21:48:35
183.21.190.53

/index.php
/controller/img load fail.
2017-12-19 21:48:35
183.21.190.53

/index.php
/controller/img load fail.
2017-12-19 21:48:35
183.21.190.53

/index.php
/controller/images load fail.
2017-12-19 21:48:35
183.21.190.53

/index.php
/controller/img load fail.
2017-12-19 21:48:35
183.21.190.53

/index.php
/controller/img load fail.
2017-12-19 21:48:35
183.21.190.53

/index.php
/controller/img load fail.
2017-12-19 21:48:35
183.21.190.53

/index.php
/controller/img load fail.
2017-12-19 21:48:35
183.21.190.53

/index.php
/controller/img load fail.
2017-12-19 21:48:35
183.21.190.53

/index.php
/controller/img load fail.
2017-12-19 21:48:35
183.21.190.53

/index.php
/controller/img load fail.
2017-12-19 21:48:35
183.21.190.53

/index.php
/controller/img load fail.
2017-12-19 21:48:35
183.21.190.53

/index.php
/controller/img load fail.
2017-12-19 21:48:35
183.21.190.53

/index.php
/controller/img load fail.
2017-12-19 21:48:35
183.21.190.53

/index.php
/controller/img load fail.
2017-12-19 21:48:35
183.21.190.53

/index.php
/controller/img load fail.
2017-12-19 21:48:35
183.21.190.53

/index.php
/controller/img load fail.
2017-12-19 21:48:35
183.21.190.53

/index.php
/controller/img load fail.
2017-12-19 21:48:37
183.21.190.53

/index.php
/controller/img load fail.
2017-12-19 21:48:37
183.21.190.53

/index.php
/controller/img load fail.
2017-12-19 21:48:37
183.21.190.53

/index.php
/controller/img load fail.
2017-12-19 21:48:37
183.21.190.53

/index.php
/controller/img load fail.
2017-12-19 21:48:37
183.21.190.53

/index.php
/controller/img load fail.
2017-12-19 21:48:37
183.21.190.53

/index.php
/controller/img load fail.
2017-12-19 21:48:37
183.21.190.53

/index.php
/controller/img load fail.
2017-12-19 21:48:37
183.21.190.53

/index.php
/controller/images load fail.
2017-12-19 21:48:37
183.21.190.53

/index.php
/controller/images load fail.
2017-12-19 21:48:37
183.21.190.53

/index.php
/controller/images load fail.
2017-12-19 21:48:37
183.21.190.53

/index.php
/controller/img load fail.
2017-12-19 21:48:37
183.21.190.53

/index.php
/controller/img load fail.
2017-12-19 21:48:38
183.21.190.53

/index.php
/controller/img load fail.
2017-12-19 21:48:38
183.21.190.53

/index.php
/controller/img load fail.
2017-12-19 21:48:38
183.21.190.53

/index.php
/controller/css load fail.
2017-12-19 21:48:43
183.21.190.53

/index.php
/controller/css load fail.
2017-12-19 21:48:43
183.21.190.53

/index.php
/controller/script load fail.
2017-12-19 21:49:15
183.21.190.53

/index.php
/controller/js load fail.
2017-12-19 21:49:25
61.151.178.173

/index.php
/controller/js load fail.
2017-12-19 21:49:25
61.151.178.173

/index.php
/controller/js load fail.
2017-12-19 21:49:32
110.182.130.182

/index.php
/controller/css load fail.
2017-12-19 21:49:32
110.182.130.182

/index.php
/controller/css load fail.
2017-12-19 21:49:32
110.182.130.182

/index.php
/controller/img load fail.
2017-12-19 21:49:32
110.182.130.182

/index.php
/controller/img load fail.
2017-12-19 21:49:32
110.182.130.182

/index.php
/controller/js load fail.
2017-12-19 21:49:32
110.182.130.182

/index.php
/controller/img load fail.
2017-12-19 21:49:32
110.182.130.182

/index.php
/controller/img load fail.
2017-12-19 21:49:32
110.182.130.182

/index.php
/controller/images load fail.
2017-12-19 21:49:32
110.182.130.182

/index.php
/controller/img load fail.
2017-12-19 21:49:32
110.182.130.182

/index.php
/controller/img load fail.
2017-12-19 21:49:32
110.182.130.182

/index.php
/controller/images load fail.
2017-12-19 21:49:32
110.182.130.182

/index.php
/controller/images load fail.
2017-12-19 21:49:32
110.182.130.182

/index.php
/controller/img load fail.
2017-12-19 21:49:32
110.182.130.182

/index.php
/controller/img load fail.
2017-12-19 21:49:32
110.182.130.182

/index.php
/controller/images load fail.
2017-12-19 21:49:32
110.182.130.182

/index.php
/controller/images load fail.
2017-12-19 21:49:32
110.182.130.182

/index.php
/controller/images load fail.
2017-12-19 21:49:32
110.182.130.182

/index.php
/controller/images load fail.
2017-12-19 21:49:32
110.182.130.182

/index.php
/controller/images load fail.
2017-12-19 21:49:32
110.182.130.182

/index.php
/controller/images load fail.
2017-12-19 21:49:32
110.182.130.182

/index.php
/controller/img load fail.
2017-12-19 21:49:32
110.182.130.182

/index.php
/controller/img load fail.
2017-12-19 21:49:32
110.182.130.182

/index.php
/controller/img load fail.
2017-12-19 21:49:32
110.182.130.182

/index.php
/controller/img load fail.
2017-12-19 21:49:32
110.182.130.182

/index.php
/controller/img load fail.
2017-12-19 21:49:32
110.182.130.182

/index.php
/controller/img load fail.
2017-12-19 21:49:32
110.182.130.182

/index.php
/controller/img load fail.
2017-12-19 21:49:32
110.182.130.182

/index.php
/controller/img load fail.
2017-12-19 21:49:32
110.182.130.182

/index.php
/controller/img load fail.
2017-12-19 21:49:32
110.182.130.182

/index.php
/controller/img load fail.
2017-12-19 21:49:32
110.182.130.182

/index.php
/controller/images load fail.
2017-12-19 21:49:32
110.182.130.182

/index.php
/controller/img load fail.
2017-12-19 21:49:32
110.182.130.182

/index.php
/controller/img load fail.
2017-12-19 21:49:32
110.182.130.182

/index.php
/controller/img load fail.
2017-12-19 21:49:32
110.182.130.182

/index.php
/controller/img load fail.
2017-12-19 21:49:32
110.182.130.182

/index.php
/controller/img load fail.
2017-12-19 21:49:32
110.182.130.182

/index.php
/controller/img load fail.
2017-12-19 21:49:32
110.182.130.182

/index.php
/controller/img load fail.
2017-12-19 21:49:32
110.182.130.182

/index.php
/controller/img load fail.
2017-12-19 21:49:32
110.182.130.182

/index.php
/controller/img load fail.
2017-12-19 21:49:32
110.182.130.182

/index.php
/controller/img load fail.
2017-12-19 21:49:32
110.182.130.182

/index.php
/controller/img load fail.
2017-12-19 21:49:32
110.182.130.182

/index.php
/controller/img load fail.
2017-12-19 21:49:32
110.182.130.182

/index.php
/controller/img load fail.
2017-12-19 21:49:32
110.182.130.182

/index.php
/controller/img load fail.
2017-12-19 21:49:32
110.182.130.182

/index.php
/controller/img load fail.
2017-12-19 21:49:32
110.182.130.182

/index.php
/controller/images load fail.
2017-12-19 21:49:32
110.182.130.182

/index.php
/controller/images load fail.
2017-12-19 21:49:32
110.182.130.182

/index.php
/controller/images load fail.
2017-12-19 21:49:32
110.182.130.182

/index.php
/controller/img load fail.
2017-12-19 21:49:35
61.151.178.172

/index.php
/controller/css load fail.
2017-12-19 21:49:39
183.21.190.53

/index.php
/controller/css load fail.
2017-12-19 21:49:39
183.21.190.53

/index.php
/controller/js load fail.
2017-12-19 21:49:39
183.21.190.53

/index.php
/controller/img load fail.
2017-12-19 21:49:39
183.21.190.53

/index.php
/controller/js load fail.
2017-12-19 21:49:39
183.21.190.53

/index.php
/controller/img load fail.
2017-12-19 21:49:39
183.21.190.53

/index.php
/controller/images load fail.
2017-12-19 21:49:39
183.21.190.53

/index.php
/controller/img load fail.
2017-12-19 21:49:39
183.21.190.53

/index.php
/controller/img load fail.
2017-12-19 21:49:39
183.21.190.53

/index.php
/controller/img load fail.
2017-12-19 21:49:39
183.21.190.53

/index.php
/controller/img load fail.
2017-12-19 21:49:39
183.21.190.53

/index.php
/controller/img load fail.
2017-12-19 21:49:39
183.21.190.53

/index.php
/controller/img load fail.
2017-12-19 21:49:39
183.21.190.53

/index.php
/controller/images load fail.
2017-12-19 21:49:39
183.21.190.53

/index.php
/controller/images load fail.
2017-12-19 21:49:39
183.21.190.53

/index.php
/controller/images load fail.
2017-12-19 21:49:39
183.21.190.53

/index.php
/controller/images load fail.
2017-12-19 21:49:39
183.21.190.53

/index.php
/controller/images load fail.
2017-12-19 21:49:39
183.21.190.53

/index.php
/controller/images load fail.
2017-12-19 21:49:39
183.21.190.53

/index.php
/controller/images load fail.
2017-12-19 21:49:39
183.21.190.53

/index.php
/controller/images load fail.
2017-12-19 21:49:39
183.21.190.53

/index.php
/controller/img load fail.
2017-12-19 21:49:39
183.21.190.53

/index.php
/controller/img load fail.
2017-12-19 21:49:39
183.21.190.53

/index.php
/controller/img load fail.
2017-12-19 21:49:39
183.21.190.53

/index.php
/controller/img load fail.
2017-12-19 21:49:39
183.21.190.53

/index.php
/controller/img load fail.
2017-12-19 21:49:39
183.21.190.53

/index.php
/controller/img load fail.
2017-12-19 21:49:39
183.21.190.53

/index.php
/controller/img load fail.
2017-12-19 21:49:39
183.21.190.53

/index.php
/controller/img load fail.
2017-12-19 21:49:39
183.21.190.53

/index.php
/controller/img load fail.
2017-12-19 21:49:39
183.21.190.53

/index.php
/controller/img load fail.
2017-12-19 21:49:39
183.21.190.53

/index.php
/controller/img load fail.
2017-12-19 21:49:39
183.21.190.53

/index.php
/controller/img load fail.
2017-12-19 21:49:39
183.21.190.53

/index.php
/controller/img load fail.
2017-12-19 21:49:39
183.21.190.53

/index.php
/controller/img load fail.
2017-12-19 21:49:39
183.21.190.53

/index.php
/controller/img load fail.
2017-12-19 21:49:39
183.21.190.53

/index.php
/controller/img load fail.
2017-12-19 21:49:39
183.21.190.53

/index.php
/controller/img load fail.
2017-12-19 21:49:39
183.21.190.53

/index.php
/controller/img load fail.
2017-12-19 21:49:39
183.21.190.53

/index.php
/controller/img load fail.
2017-12-19 21:49:39
183.21.190.53

/index.php
/controller/img load fail.
2017-12-19 21:49:39
183.21.190.53

/index.php
/controller/img load fail.
2017-12-19 21:49:39
183.21.190.53

/index.php
/controller/img load fail.
2017-12-19 21:49:39
183.21.190.53

/index.php
/controller/img load fail.
2017-12-19 21:49:39
183.21.190.53

/index.php
/controller/img load fail.
2017-12-19 21:49:39
183.21.190.53

/index.php
/controller/images load fail.
2017-12-19 21:49:39
183.21.190.53

/index.php
/controller/images load fail.
2017-12-19 21:49:39
183.21.190.53

/index.php
/controller/images load fail.
2017-12-19 21:49:39
183.21.190.53

/index.php
/controller/images load fail.
2017-12-19 21:49:40
183.21.190.53

/index.php
/controller/img load fail.
2017-12-19 21:49:40
183.21.190.53

/index.php
/controller/script load fail.
2017-12-19 21:49:52
183.21.190.53

/index.php
/controller/js load fail.
2017-12-19 21:51:09
110.182.130.182

/index.php
/controller/css load fail.
2017-12-19 21:51:09
110.182.130.182

/index.php
/controller/css load fail.
2017-12-19 21:51:09
110.182.130.182

/index.php
/controller/img load fail.
2017-12-19 21:51:09
110.182.130.182

/index.php
/controller/images load fail.
2017-12-19 21:51:09
110.182.130.182

/index.php
/controller/img load fail.
2017-12-19 21:51:09
110.182.130.182

/index.php
/controller/js load fail.
2017-12-19 21:51:09
110.182.130.182

/index.php
/controller/img load fail.
2017-12-19 21:51:09
110.182.130.182

/index.php
/controller/img load fail.
2017-12-19 21:51:09
110.182.130.182

/index.php
/controller/images load fail.
2017-12-19 21:51:09
110.182.130.182

/index.php
/controller/img load fail.
2017-12-19 21:51:09
110.182.130.182

/index.php
/controller/img load fail.
2017-12-19 21:51:09
110.182.130.182

/index.php
/controller/img load fail.
2017-12-19 21:51:09
110.182.130.182

/index.php
/controller/img load fail.
2017-12-19 21:51:09
110.182.130.182

/index.php
/controller/images load fail.
2017-12-19 21:51:09
110.182.130.182

/index.php
/controller/images load fail.
2017-12-19 21:51:09
110.182.130.182

/index.php
/controller/images load fail.
2017-12-19 21:51:09
110.182.130.182

/index.php
/controller/images load fail.
2017-12-19 21:51:09
110.182.130.182

/index.php
/controller/images load fail.
2017-12-19 21:51:09
110.182.130.182

/index.php
/controller/images load fail.
2017-12-19 21:51:09
110.182.130.182

/index.php
/controller/images load fail.
2017-12-19 21:51:09
110.182.130.182

/index.php
/controller/images load fail.
2017-12-19 21:51:09
110.182.130.182

/index.php
/controller/img load fail.
2017-12-19 21:51:09
110.182.130.182

/index.php
/controller/img load fail.
2017-12-19 21:51:09
110.182.130.182

/index.php
/controller/img load fail.
2017-12-19 21:51:09
110.182.130.182

/index.php
/controller/img load fail.
2017-12-19 21:51:09
110.182.130.182

/index.php
/controller/img load fail.
2017-12-19 21:51:09
110.182.130.182

/index.php
/controller/img load fail.
2017-12-19 21:51:09
110.182.130.182

/index.php
/controller/img load fail.
2017-12-19 21:51:09
110.182.130.182

/index.php
/controller/img load fail.
2017-12-19 21:51:09
110.182.130.182

/index.php
/controller/img load fail.
2017-12-19 21:51:09
110.182.130.182

/index.php
/controller/img load fail.
2017-12-19 21:51:09
110.182.130.182

/index.php
/controller/img load fail.
2017-12-19 21:51:09
110.182.130.182

/index.php
/controller/img load fail.
2017-12-19 21:51:09
110.182.130.182

/index.php
/controller/img load fail.
2017-12-19 21:51:09
110.182.130.182

/index.php
/controller/img load fail.
2017-12-19 21:51:09
110.182.130.182

/index.php
/controller/img load fail.
2017-12-19 21:51:09
110.182.130.182

/index.php
/controller/img load fail.
2017-12-19 21:51:10
110.182.130.182

/index.php
/controller/img load fail.
2017-12-19 21:51:10
110.182.130.182

/index.php
/controller/img load fail.
2017-12-19 21:51:10
110.182.130.182

/index.php
/controller/img load fail.
2017-12-19 21:51:10
110.182.130.182

/index.php
/controller/img load fail.
2017-12-19 21:51:10
110.182.130.182

/index.php
/controller/img load fail.
2017-12-19 21:51:10
110.182.130.182

/index.php
/controller/img load fail.
2017-12-19 21:51:10
110.182.130.182

/index.php
/controller/img load fail.
2017-12-19 21:51:10
110.182.130.182

/index.php
/controller/img load fail.
2017-12-19 21:51:10
110.182.130.182

/index.php
/controller/img load fail.
2017-12-19 21:51:10
110.182.130.182

/index.php
/controller/images load fail.
2017-12-19 21:51:10
110.182.130.182

/index.php
/controller/images load fail.
2017-12-19 21:51:10
110.182.130.182

/index.php
/controller/images load fail.
2017-12-19 21:51:10
110.182.130.182

/index.php
/controller/css load fail.
2017-12-19 21:51:13
110.182.130.182

/index.php
/controller/css load fail.
2017-12-19 21:51:13
110.182.130.182

/index.php
/controller/js load fail.
2017-12-19 21:51:13
110.182.130.182

/index.php
/controller/js load fail.
2017-12-19 21:51:13
110.182.130.182

/index.php
/controller/img load fail.
2017-12-19 21:51:13
110.182.130.182

/index.php
/controller/img load fail.
2017-12-19 21:51:13
110.182.130.182

/index.php
/controller/img load fail.
2017-12-19 21:51:13
110.182.130.182

/index.php
/controller/img load fail.
2017-12-19 21:51:13
110.182.130.182

/index.php
/controller/images load fail.
2017-12-19 21:51:13
110.182.130.182

/index.php
/controller/img load fail.
2017-12-19 21:51:13
110.182.130.182

/index.php
/controller/img load fail.
2017-12-19 21:51:13
110.182.130.182

/index.php
/controller/images load fail.
2017-12-19 21:51:13
110.182.130.182

/index.php
/controller/images load fail.
2017-12-19 21:51:13
110.182.130.182

/index.php
/controller/img load fail.
2017-12-19 21:51:13
110.182.130.182

/index.php
/controller/images load fail.
2017-12-19 21:51:13
110.182.130.182

/index.php
/controller/img load fail.
2017-12-19 21:51:13
110.182.130.182

/index.php
/controller/images load fail.
2017-12-19 21:51:13
110.182.130.182

/index.php
/controller/images load fail.
2017-12-19 21:51:13
110.182.130.182

/index.php
/controller/images load fail.
2017-12-19 21:51:13
110.182.130.182

/index.php
/controller/images load fail.
2017-12-19 21:51:13
110.182.130.182

/index.php
/controller/images load fail.
2017-12-19 21:51:13
110.182.130.182

/index.php
/controller/images load fail.
2017-12-19 21:51:13
110.182.130.182

/index.php
/controller/img load fail.
2017-12-19 21:51:13
110.182.130.182

/index.php
/controller/img load fail.
2017-12-19 21:51:13
110.182.130.182

/index.php
/controller/img load fail.
2017-12-19 21:51:13
110.182.130.182

/index.php
/controller/img load fail.
2017-12-19 21:51:13
110.182.130.182

/index.php
/controller/img load fail.
2017-12-19 21:51:13
110.182.130.182

/index.php
/controller/img load fail.
2017-12-19 21:51:13
110.182.130.182

/index.php
/controller/img load fail.
2017-12-19 21:51:13
110.182.130.182

/index.php
/controller/img load fail.
2017-12-19 21:51:13
110.182.130.182

/index.php
/controller/img load fail.
2017-12-19 21:51:13
110.182.130.182

/index.php
/controller/img load fail.
2017-12-19 21:51:13
110.182.130.182

/index.php
/controller/img load fail.
2017-12-19 21:51:13
110.182.130.182

/index.php
/controller/img load fail.
2017-12-19 21:51:13
110.182.130.182

/index.php
/controller/img load fail.
2017-12-19 21:51:13
110.182.130.182

/index.php
/controller/img load fail.
2017-12-19 21:51:13
110.182.130.182

/index.php
/controller/img load fail.
2017-12-19 21:51:13
110.182.130.182

/index.php
/controller/img load fail.
2017-12-19 21:51:13
110.182.130.182

/index.php
/controller/img load fail.
2017-12-19 21:51:13
110.182.130.182

/index.php
/controller/img load fail.
2017-12-19 21:51:13
110.182.130.182

/index.php
/controller/img load fail.
2017-12-19 21:51:13
110.182.130.182

/index.php
/controller/img load fail.
2017-12-19 21:51:13
110.182.130.182

/index.php
/controller/img load fail.
2017-12-19 21:51:13
110.182.130.182

/index.php
/controller/img load fail.
2017-12-19 21:51:13
110.182.130.182

/index.php
/controller/img load fail.
2017-12-19 21:51:13
110.182.130.182

/index.php
/controller/img load fail.
2017-12-19 21:51:13
110.182.130.182

/index.php
/controller/img load fail.
2017-12-19 21:51:13
110.182.130.182

/index.php
/controller/images load fail.
2017-12-19 21:51:13
110.182.130.182

/index.php
/controller/images load fail.
2017-12-19 21:51:13
110.182.130.182

/index.php
/controller/images load fail.
2017-12-19 21:51:13
110.182.130.182

/index.php
/controller/js load fail.
2017-12-19 21:52:28
183.21.190.53

/index.php
/controller/js load fail.
2017-12-19 21:52:28
183.21.190.53

/index.php
/controller/img load fail.
2017-12-19 21:52:28
183.21.190.53

/index.php
/controller/images load fail.
2017-12-19 21:52:28
183.21.190.53

/index.php
/controller/img load fail.
2017-12-19 21:52:28
183.21.190.53

/index.php
/controller/img load fail.
2017-12-19 21:52:28
183.21.190.53

/index.php
/controller/img load fail.
2017-12-19 21:52:28
183.21.190.53

/index.php
/controller/img load fail.
2017-12-19 21:52:28
183.21.190.53

/index.php
/controller/img load fail.
2017-12-19 21:52:28
183.21.190.53

/index.php
/controller/img load fail.
2017-12-19 21:52:28
183.21.190.53

/index.php
/controller/img load fail.
2017-12-19 21:52:28
183.21.190.53

/index.php
/controller/images load fail.
2017-12-19 21:52:28
183.21.190.53

/index.php
/controller/images load fail.
2017-12-19 21:52:28
183.21.190.53

/index.php
/controller/images load fail.
2017-12-19 21:52:28
183.21.190.53

/index.php
/controller/images load fail.
2017-12-19 21:52:28
183.21.190.53

/index.php
/controller/images load fail.
2017-12-19 21:52:29
183.21.190.53

/index.php
/controller/images load fail.
2017-12-19 21:52:29
183.21.190.53

/index.php
/controller/images load fail.
2017-12-19 21:52:29
183.21.190.53

/index.php
/controller/images load fail.
2017-12-19 21:52:29
183.21.190.53

/index.php
/controller/img load fail.
2017-12-19 21:52:29
183.21.190.53

/index.php
/controller/img load fail.
2017-12-19 21:52:29
183.21.190.53

/index.php
/controller/img load fail.
2017-12-19 21:52:29
183.21.190.53

/index.php
/controller/img load fail.
2017-12-19 21:52:29
183.21.190.53

/index.php
/controller/img load fail.
2017-12-19 21:52:29
183.21.190.53

/index.php
/controller/img load fail.
2017-12-19 21:52:29
183.21.190.53

/index.php
/controller/img load fail.
2017-12-19 21:52:29
183.21.190.53

/index.php
/controller/img load fail.
2017-12-19 21:52:29
183.21.190.53

/index.php
/controller/img load fail.
2017-12-19 21:52:29
183.21.190.53

/index.php
/controller/img load fail.
2017-12-19 21:52:29
183.21.190.53

/index.php
/controller/img load fail.
2017-12-19 21:52:29
183.21.190.53

/index.php
/controller/img load fail.
2017-12-19 21:52:29
183.21.190.53

/index.php
/controller/img load fail.
2017-12-19 21:52:29
183.21.190.53

/index.php
/controller/img load fail.
2017-12-19 21:52:29
183.21.190.53

/index.php
/controller/img load fail.
2017-12-19 21:52:29
183.21.190.53

/index.php
/controller/img load fail.
2017-12-19 21:52:29
183.21.190.53

/index.php
/controller/img load fail.
2017-12-19 21:52:29
183.21.190.53

/index.php
/controller/img load fail.
2017-12-19 21:52:29
183.21.190.53

/index.php
/controller/img load fail.
2017-12-19 21:52:29
183.21.190.53

/index.php
/controller/img load fail.
2017-12-19 21:52:29
183.21.190.53

/index.php
/controller/img load fail.
2017-12-19 21:52:29
183.21.190.53

/index.php
/controller/images load fail.
2017-12-19 21:52:29
183.21.190.53

/index.php
/controller/images load fail.
2017-12-19 21:52:29
183.21.190.53

/index.php
/controller/css load fail.
2017-12-19 21:52:29
183.21.190.53

/index.php
/controller/images load fail.
2017-12-19 21:52:29
183.21.190.53

/index.php
/controller/images load fail.
2017-12-19 21:52:29
183.21.190.53

/index.php
/controller/img load fail.
2017-12-19 21:52:29
183.21.190.53

/index.php
/controller/img load fail.
2017-12-19 21:52:29
183.21.190.53

/index.php
/controller/img load fail.
2017-12-19 21:52:29
183.21.190.53

/index.php
/controller/img load fail.
2017-12-19 21:52:29
183.21.190.53

/index.php
/controller/js load fail.
2017-12-19 21:53:34
110.182.130.182

/index.php
/controller/js load fail.
2017-12-19 21:53:34
110.182.130.182

/index.php
/controller/img load fail.
2017-12-19 21:53:34
110.182.130.182

/index.php
/controller/img load fail.
2017-12-19 21:53:34
110.182.130.182

/index.php
/controller/img load fail.
2017-12-19 21:53:34
110.182.130.182

/index.php
/controller/img load fail.
2017-12-19 21:53:34
110.182.130.182

/index.php
/controller/img load fail.
2017-12-19 21:53:34
110.182.130.182

/index.php
/controller/images load fail.
2017-12-19 21:53:34
110.182.130.182

/index.php
/controller/img load fail.
2017-12-19 21:53:34
110.182.130.182

/index.php
/controller/images load fail.
2017-12-19 21:53:34
110.182.130.182

/index.php
/controller/images load fail.
2017-12-19 21:53:34
110.182.130.182

/index.php
/controller/img load fail.
2017-12-19 21:53:34
110.182.130.182

/index.php
/controller/img load fail.
2017-12-19 21:53:34
110.182.130.182

/index.php
/controller/images load fail.
2017-12-19 21:53:34
110.182.130.182

/index.php
/controller/images load fail.
2017-12-19 21:53:34
110.182.130.182

/index.php
/controller/images load fail.
2017-12-19 21:53:34
110.182.130.182

/index.php
/controller/img load fail.
2017-12-19 21:53:34
110.182.130.182

/index.php
/controller/images load fail.
2017-12-19 21:53:34
110.182.130.182

/index.php
/controller/images load fail.
2017-12-19 21:53:34
110.182.130.182

/index.php
/controller/images load fail.
2017-12-19 21:53:34
110.182.130.182

/index.php
/controller/img load fail.
2017-12-19 21:53:34
110.182.130.182

/index.php
/controller/img load fail.
2017-12-19 21:53:34
110.182.130.182

/index.php
/controller/img load fail.
2017-12-19 21:53:34
110.182.130.182

/index.php
/controller/css load fail.
2017-12-19 21:53:34
110.182.130.182

/index.php
/controller/img load fail.
2017-12-19 21:53:34
110.182.130.182

/index.php
/controller/img load fail.
2017-12-19 21:53:34
110.182.130.182

/index.php
/controller/images load fail.
2017-12-19 21:53:34
110.182.130.182

/index.php
/controller/img load fail.
2017-12-19 21:53:34
110.182.130.182

/index.php
/controller/img load fail.
2017-12-19 21:53:34
110.182.130.182

/index.php
/controller/img load fail.
2017-12-19 21:53:34
110.182.130.182

/index.php
/controller/img load fail.
2017-12-19 21:53:34
110.182.130.182

/index.php
/controller/img load fail.
2017-12-19 21:53:34
110.182.130.182

/index.php
/controller/img load fail.
2017-12-19 21:53:34
110.182.130.182

/index.php
/controller/img load fail.
2017-12-19 21:53:34
110.182.130.182

/index.php
/controller/img load fail.
2017-12-19 21:53:34
110.182.130.182

/index.php
/controller/img load fail.
2017-12-19 21:53:34
110.182.130.182

/index.php
/controller/img load fail.
2017-12-19 21:53:34
110.182.130.182

/index.php
/controller/img load fail.
2017-12-19 21:53:34
110.182.130.182

/index.php
/controller/img load fail.
2017-12-19 21:53:34
110.182.130.182

/index.php
/controller/img load fail.
2017-12-19 21:53:34
110.182.130.182

/index.php
/controller/img load fail.
2017-12-19 21:53:34
110.182.130.182

/index.php
/controller/img load fail.
2017-12-19 21:53:34
110.182.130.182

/index.php
/controller/img load fail.
2017-12-19 21:53:34
110.182.130.182

/index.php
/controller/img load fail.
2017-12-19 21:53:34
110.182.130.182

/index.php
/controller/img load fail.
2017-12-19 21:53:34
110.182.130.182

/index.php
/controller/img load fail.
2017-12-19 21:53:34
110.182.130.182

/index.php
/controller/images load fail.
2017-12-19 21:53:35
110.182.130.182

/index.php
/controller/images load fail.
2017-12-19 21:53:35
110.182.130.182

/index.php
/controller/images load fail.
2017-12-19 21:53:35
110.182.130.182

/index.php
/controller/lo load fail.
2017-12-19 21:53:54
110.182.130.182

/index.php
/controller/img load fail.
2017-12-19 21:53:58
110.182.130.182

/index.php
/controller/css load fail.
2017-12-19 21:53:58
110.182.130.182

/index.php
/controller/images load fail.
2017-12-19 21:53:58
110.182.130.182

/index.php
/controller/images load fail.
2017-12-19 21:53:58
110.182.130.182

/index.php
/controller/img load fail.
2017-12-19 21:53:58
110.182.130.182

/index.php
/controller/img load fail.
2017-12-19 21:53:58
110.182.130.182

/index.php
/controller/img load fail.
2017-12-19 21:53:58
110.182.130.182

/index.php
/controller/img load fail.
2017-12-19 21:53:58
110.182.130.182

/index.php
/controller/img load fail.
2017-12-19 21:53:58
110.182.130.182

/index.php
/controller/img load fail.
2017-12-19 21:53:58
110.182.130.182

/index.php
/controller/images load fail.
2017-12-19 21:53:58
110.182.130.182

/index.php
/controller/images load fail.
2017-12-19 21:53:58
110.182.130.182

/index.php
/controller/img load fail.
2017-12-19 21:53:58
110.182.130.182

/index.php
/controller/images load fail.
2017-12-19 21:53:58
110.182.130.182

/index.php
/controller/images load fail.
2017-12-19 21:53:58
110.182.130.182

/index.php
/controller/images load fail.
2017-12-19 21:53:58
110.182.130.182

/index.php
/controller/images load fail.
2017-12-19 21:53:58
110.182.130.182

/index.php
/controller/images load fail.
2017-12-19 21:53:58
110.182.130.182

/index.php
/controller/images load fail.
2017-12-19 21:53:58
110.182.130.182

/index.php
/controller/img load fail.
2017-12-19 21:53:58
110.182.130.182

/index.php
/controller/img load fail.
2017-12-19 21:53:58
110.182.130.182

/index.php
/controller/img load fail.
2017-12-19 21:53:58
110.182.130.182

/index.php
/controller/img load fail.
2017-12-19 21:53:58
110.182.130.182

/index.php
/controller/img load fail.
2017-12-19 21:53:58
110.182.130.182

/index.php
/controller/img load fail.
2017-12-19 21:53:58
110.182.130.182

/index.php
/controller/img load fail.
2017-12-19 21:53:58
110.182.130.182

/index.php
/controller/img load fail.
2017-12-19 21:53:58
110.182.130.182

/index.php
/controller/img load fail.
2017-12-19 21:53:58
110.182.130.182

/index.php
/controller/img load fail.
2017-12-19 21:53:58
110.182.130.182

/index.php
/controller/img load fail.
2017-12-19 21:53:58
110.182.130.182

/index.php
/controller/img load fail.
2017-12-19 21:53:58
110.182.130.182

/index.php
/controller/img load fail.
2017-12-19 21:53:58
110.182.130.182

/index.php
/controller/img load fail.
2017-12-19 21:53:58
110.182.130.182

/index.php
/controller/img load fail.
2017-12-19 21:53:58
110.182.130.182

/index.php
/controller/img load fail.
2017-12-19 21:53:58
110.182.130.182

/index.php
/controller/img load fail.
2017-12-19 21:53:58
110.182.130.182

/index.php
/controller/img load fail.
2017-12-19 21:53:58
110.182.130.182

/index.php
/controller/img load fail.
2017-12-19 21:53:58
110.182.130.182

/index.php
/controller/img load fail.
2017-12-19 21:53:58
110.182.130.182

/index.php
/controller/img load fail.
2017-12-19 21:53:58
110.182.130.182

/index.php
/controller/img load fail.
2017-12-19 21:53:58
110.182.130.182

/index.php
/controller/img load fail.
2017-12-19 21:53:58
110.182.130.182

/index.php
/controller/img load fail.
2017-12-19 21:53:59
110.182.130.182

/index.php
/controller/img load fail.
2017-12-19 21:53:59
110.182.130.182

/index.php
/controller/images load fail.
2017-12-19 21:53:59
110.182.130.182

/index.php
/controller/images load fail.
2017-12-19 21:53:59
110.182.130.182

/index.php
/controller/images load fail.
2017-12-19 21:53:59
110.182.130.182

/index.php
/controller/images load fail.
2017-12-19 21:54:17
110.182.130.182

/index.php
/controller/img load fail.
2017-12-19 21:54:17
110.182.130.182

/index.php
/controller/img load fail.
2017-12-19 21:54:17
110.182.130.182

/index.php
/controller/img load fail.
2017-12-19 21:54:17
110.182.130.182

/index.php
/controller/img load fail.
2017-12-19 21:54:17
110.182.130.182

/index.php
/controller/css load fail.
2017-12-19 21:54:17
110.182.130.182

/index.php
/controller/images load fail.
2017-12-19 21:54:17
110.182.130.182

/index.php
/controller/img load fail.
2017-12-19 21:54:17
110.182.130.182

/index.php
/controller/img load fail.
2017-12-19 21:54:17
110.182.130.182

/index.php
/controller/img load fail.
2017-12-19 21:54:17
110.182.130.182

/index.php
/controller/img load fail.
2017-12-19 21:54:17
110.182.130.182

/index.php
/controller/images load fail.
2017-12-19 21:54:17
110.182.130.182

/index.php
/controller/images load fail.
2017-12-19 21:54:17
110.182.130.182

/index.php
/controller/images load fail.
2017-12-19 21:54:17
110.182.130.182

/index.php
/controller/images load fail.
2017-12-19 21:54:17
110.182.130.182

/index.php
/controller/images load fail.
2017-12-19 21:54:17
110.182.130.182

/index.php
/controller/images load fail.
2017-12-19 21:54:17
110.182.130.182

/index.php
/controller/images load fail.
2017-12-19 21:54:17
110.182.130.182

/index.php
/controller/images load fail.
2017-12-19 21:54:17
110.182.130.182

/index.php
/controller/img load fail.
2017-12-19 21:54:17
110.182.130.182

/index.php
/controller/img load fail.
2017-12-19 21:54:17
110.182.130.182

/index.php
/controller/img load fail.
2017-12-19 21:54:17
110.182.130.182

/index.php
/controller/img load fail.
2017-12-19 21:54:17
110.182.130.182

/index.php
/controller/img load fail.
2017-12-19 21:54:17
110.182.130.182

/index.php
/controller/img load fail.
2017-12-19 21:54:17
110.182.130.182

/index.php
/controller/img load fail.
2017-12-19 21:54:17
110.182.130.182

/index.php
/controller/img load fail.
2017-12-19 21:54:17
110.182.130.182

/index.php
/controller/img load fail.
2017-12-19 21:54:17
110.182.130.182

/index.php
/controller/img load fail.
2017-12-19 21:54:17
110.182.130.182

/index.php
/controller/img load fail.
2017-12-19 21:54:17
110.182.130.182

/index.php
/controller/img load fail.
2017-12-19 21:54:17
110.182.130.182

/index.php
/controller/img load fail.
2017-12-19 21:54:17
110.182.130.182

/index.php
/controller/img load fail.
2017-12-19 21:54:17
110.182.130.182

/index.php
/controller/img load fail.
2017-12-19 21:54:17
110.182.130.182

/index.php
/controller/img load fail.
2017-12-19 21:54:17
110.182.130.182

/index.php
/controller/img load fail.
2017-12-19 21:54:17
110.182.130.182

/index.php
/controller/img load fail.
2017-12-19 21:54:17
110.182.130.182

/index.php
/controller/img load fail.
2017-12-19 21:54:17
110.182.130.182

/index.php
/controller/img load fail.
2017-12-19 21:54:17
110.182.130.182

/index.php
/controller/img load fail.
2017-12-19 21:54:17
110.182.130.182

/index.php
/controller/img load fail.
2017-12-19 21:54:17
110.182.130.182

/index.php
/controller/img load fail.
2017-12-19 21:54:17
110.182.130.182

/index.php
/controller/img load fail.
2017-12-19 21:54:17
110.182.130.182

/index.php
/controller/img load fail.
2017-12-19 21:54:17
110.182.130.182

/index.php
/controller/images load fail.
2017-12-19 21:54:17
110.182.130.182

/index.php
/controller/images load fail.
2017-12-19 21:54:17
110.182.130.182

/index.php
/controller/images load fail.
2017-12-19 21:54:17
110.182.130.182

/index.php
/controller/img load fail.
2017-12-19 21:54:31
110.182.130.182

/index.php
/controller/images load fail.
2017-12-19 21:54:31
110.182.130.182

/index.php
/controller/css load fail.
2017-12-19 21:54:31
110.182.130.182

/index.php
/controller/img load fail.
2017-12-19 21:54:31
110.182.130.182

/index.php
/controller/images load fail.
2017-12-19 21:54:31
110.182.130.182

/index.php
/controller/img load fail.
2017-12-19 21:54:31
110.182.130.182

/index.php
/controller/img load fail.
2017-12-19 21:54:31
110.182.130.182

/index.php
/controller/img load fail.
2017-12-19 21:54:31
110.182.130.182

/index.php
/controller/img load fail.
2017-12-19 21:54:31
110.182.130.182

/index.php
/controller/images load fail.
2017-12-19 21:54:31
110.182.130.182

/index.php
/controller/img load fail.
2017-12-19 21:54:31
110.182.130.182

/index.php
/controller/img load fail.
2017-12-19 21:54:31
110.182.130.182

/index.php
/controller/images load fail.
2017-12-19 21:54:31
110.182.130.182

/index.php
/controller/images load fail.
2017-12-19 21:54:31
110.182.130.182

/index.php
/controller/images load fail.
2017-12-19 21:54:31
110.182.130.182

/index.php
/controller/images load fail.
2017-12-19 21:54:31
110.182.130.182

/index.php
/controller/images load fail.
2017-12-19 21:54:31
110.182.130.182

/index.php
/controller/images load fail.
2017-12-19 21:54:31
110.182.130.182

/index.php
/controller/images load fail.
2017-12-19 21:54:31
110.182.130.182

/index.php
/controller/img load fail.
2017-12-19 21:54:31
110.182.130.182

/index.php
/controller/img load fail.
2017-12-19 21:54:31
110.182.130.182

/index.php
/controller/img load fail.
2017-12-19 21:54:31
110.182.130.182

/index.php
/controller/img load fail.
2017-12-19 21:54:31
110.182.130.182

/index.php
/controller/img load fail.
2017-12-19 21:54:31
110.182.130.182

/index.php
/controller/img load fail.
2017-12-19 21:54:31
110.182.130.182

/index.php
/controller/img load fail.
2017-12-19 21:54:31
110.182.130.182

/index.php
/controller/img load fail.
2017-12-19 21:54:31
110.182.130.182

/index.php
/controller/img load fail.
2017-12-19 21:54:31
110.182.130.182

/index.php
/controller/img load fail.
2017-12-19 21:54:31
110.182.130.182

/index.php
/controller/img load fail.
2017-12-19 21:54:31
110.182.130.182

/index.php
/controller/img load fail.
2017-12-19 21:54:31
110.182.130.182

/index.php
/controller/img load fail.
2017-12-19 21:54:31
110.182.130.182

/index.php
/controller/img load fail.
2017-12-19 21:54:31
110.182.130.182

/index.php
/controller/img load fail.
2017-12-19 21:54:31
110.182.130.182

/index.php
/controller/img load fail.
2017-12-19 21:54:31
110.182.130.182

/index.php
/controller/img load fail.
2017-12-19 21:54:31
110.182.130.182

/index.php
/controller/img load fail.
2017-12-19 21:54:31
110.182.130.182

/index.php
/controller/img load fail.
2017-12-19 21:54:31
110.182.130.182

/index.php
/controller/img load fail.
2017-12-19 21:54:31
110.182.130.182

/index.php
/controller/img load fail.
2017-12-19 21:54:31
110.182.130.182

/index.php
/controller/img load fail.
2017-12-19 21:54:31
110.182.130.182

/index.php
/controller/img load fail.
2017-12-19 21:54:31
110.182.130.182

/index.php
/controller/img load fail.
2017-12-19 21:54:31
110.182.130.182

/index.php
/controller/images load fail.
2017-12-19 21:54:31
110.182.130.182

/index.php
/controller/img load fail.
2017-12-19 21:54:31
110.182.130.182

/index.php
/controller/images load fail.
2017-12-19 21:54:32
110.182.130.182

/index.php
/controller/images load fail.
2017-12-19 21:54:32
110.182.130.182

/index.php
/controller/lo load fail.
2017-12-19 21:54:54
61.151.178.172

/index.php
/controller/lo load fail.
2017-12-19 21:54:54
61.129.10.43

/index.php
/controller/img load fail.
2017-12-19 21:54:55
110.182.130.182

/index.php
/controller/img load fail.
2017-12-19 21:54:55
110.182.130.182

/index.php
/controller/img load fail.
2017-12-19 21:54:55
110.182.130.182

/index.php
/controller/images load fail.
2017-12-19 21:54:55
110.182.130.182

/index.php
/controller/img load fail.
2017-12-19 21:54:55
110.182.130.182

/index.php
/controller/css load fail.
2017-12-19 21:54:55
110.182.130.182

/index.php
/controller/images load fail.
2017-12-19 21:54:55
110.182.130.182

/index.php
/controller/img load fail.
2017-12-19 21:54:55
110.182.130.182

/index.php
/controller/img load fail.
2017-12-19 21:54:55
110.182.130.182

/index.php
/controller/img load fail.
2017-12-19 21:54:55
110.182.130.182

/index.php
/controller/img load fail.
2017-12-19 21:54:55
110.182.130.182

/index.php
/controller/images load fail.
2017-12-19 21:54:55
110.182.130.182

/index.php
/controller/images load fail.
2017-12-19 21:54:55
110.182.130.182

/index.php
/controller/images load fail.
2017-12-19 21:54:55
110.182.130.182

/index.php
/controller/images load fail.
2017-12-19 21:54:55
110.182.130.182

/index.php
/controller/images load fail.
2017-12-19 21:54:55
110.182.130.182

/index.php
/controller/images load fail.
2017-12-19 21:54:55
110.182.130.182

/index.php
/controller/images load fail.
2017-12-19 21:54:55
110.182.130.182

/index.php
/controller/img load fail.
2017-12-19 21:54:55
110.182.130.182

/index.php
/controller/images load fail.
2017-12-19 21:54:55
110.182.130.182

/index.php
/controller/img load fail.
2017-12-19 21:54:55
110.182.130.182

/index.php
/controller/img load fail.
2017-12-19 21:54:55
110.182.130.182

/index.php
/controller/img load fail.
2017-12-19 21:54:55
110.182.130.182

/index.php
/controller/img load fail.
2017-12-19 21:54:55
110.182.130.182

/index.php
/controller/img load fail.
2017-12-19 21:54:55
110.182.130.182

/index.php
/controller/img load fail.
2017-12-19 21:54:55
110.182.130.182

/index.php
/controller/img load fail.
2017-12-19 21:54:55
110.182.130.182

/index.php
/controller/img load fail.
2017-12-19 21:54:55
110.182.130.182

/index.php
/controller/img load fail.
2017-12-19 21:54:55
110.182.130.182

/index.php
/controller/img load fail.
2017-12-19 21:54:55
110.182.130.182

/index.php
/controller/img load fail.
2017-12-19 21:54:55
110.182.130.182

/index.php
/controller/img load fail.
2017-12-19 21:54:55
110.182.130.182

/index.php
/controller/img load fail.
2017-12-19 21:54:55
110.182.130.182

/index.php
/controller/img load fail.
2017-12-19 21:54:55
110.182.130.182

/index.php
/controller/img load fail.
2017-12-19 21:54:55
110.182.130.182

/index.php
/controller/img load fail.
2017-12-19 21:54:55
110.182.130.182

/index.php
/controller/img load fail.
2017-12-19 21:54:55
110.182.130.182

/index.php
/controller/img load fail.
2017-12-19 21:54:55
110.182.130.182

/index.php
/controller/img load fail.
2017-12-19 21:54:55
110.182.130.182

/index.php
/controller/img load fail.
2017-12-19 21:54:55
110.182.130.182

/index.php
/controller/img load fail.
2017-12-19 21:54:55
110.182.130.182

/index.php
/controller/img load fail.
2017-12-19 21:54:55
110.182.130.182

/index.php
/controller/img load fail.
2017-12-19 21:54:55
110.182.130.182

/index.php
/controller/images load fail.
2017-12-19 21:54:55
110.182.130.182

/index.php
/controller/img load fail.
2017-12-19 21:54:55
110.182.130.182

/index.php
/controller/images load fail.
2017-12-19 21:54:55
110.182.130.182

/index.php
/controller/images load fail.
2017-12-19 21:54:55
110.182.130.182

/index.php
/controller/img load fail.
2017-12-19 21:54:59
183.21.190.53

/index.php
/controller/img load fail.
2017-12-19 21:54:59
183.21.190.53

/index.php
/controller/img load fail.
2017-12-19 21:54:59
183.21.190.53

/index.php
/controller/img load fail.
2017-12-19 21:54:59
183.21.190.53

/index.php
/controller/img load fail.
2017-12-19 21:54:59
183.21.190.53

/index.php
/controller/img load fail.
2017-12-19 21:54:59
183.21.190.53

/index.php
/controller/images load fail.
2017-12-19 21:54:59
183.21.190.53

/index.php
/controller/css load fail.
2017-12-19 21:54:59
183.21.190.53

/index.php
/controller/img load fail.
2017-12-19 21:54:59
183.21.190.53

/index.php
/controller/images load fail.
2017-12-19 21:54:59
183.21.190.53

/index.php
/controller/images load fail.
2017-12-19 21:54:59
183.21.190.53

/index.php
/controller/images load fail.
2017-12-19 21:54:59
183.21.190.53

/index.php
/controller/images load fail.
2017-12-19 21:54:59
183.21.190.53

/index.php
/controller/images load fail.
2017-12-19 21:54:59
183.21.190.53

/index.php
/controller/images load fail.
2017-12-19 21:54:59
183.21.190.53

/index.php
/controller/img load fail.
2017-12-19 21:54:59
183.21.190.53

/index.php
/controller/img load fail.
2017-12-19 21:54:59
183.21.190.53

/index.php
/controller/img load fail.
2017-12-19 21:54:59
183.21.190.53

/index.php
/controller/img load fail.
2017-12-19 21:54:59
183.21.190.53

/index.php
/controller/img load fail.
2017-12-19 21:54:59
183.21.190.53

/index.php
/controller/img load fail.
2017-12-19 21:54:59
183.21.190.53

/index.php
/controller/img load fail.
2017-12-19 21:54:59
183.21.190.53

/index.php
/controller/img load fail.
2017-12-19 21:54:59
183.21.190.53

/index.php
/controller/img load fail.
2017-12-19 21:54:59
183.21.190.53

/index.php
/controller/images load fail.
2017-12-19 21:54:59
183.21.190.53

/index.php
/controller/img load fail.
2017-12-19 21:54:59
183.21.190.53

/index.php
/controller/img load fail.
2017-12-19 21:54:59
183.21.190.53

/index.php
/controller/images load fail.
2017-12-19 21:54:59
183.21.190.53

/index.php
/controller/images load fail.
2017-12-19 21:54:59
183.21.190.53

/index.php
/controller/img load fail.
2017-12-19 21:54:59
183.21.190.53

/index.php
/controller/img load fail.
2017-12-19 21:54:59
183.21.190.53

/index.php
/controller/img load fail.
2017-12-19 21:54:59
183.21.190.53

/index.php
/controller/img load fail.
2017-12-19 21:54:59
183.21.190.53

/index.php
/controller/img load fail.
2017-12-19 21:54:59
183.21.190.53

/index.php
/controller/img load fail.
2017-12-19 21:54:59
183.21.190.53

/index.php
/controller/img load fail.
2017-12-19 21:54:59
183.21.190.53

/index.php
/controller/img load fail.
2017-12-19 21:54:59
183.21.190.53

/index.php
/controller/img load fail.
2017-12-19 21:54:59
183.21.190.53

/index.php
/controller/img load fail.
2017-12-19 21:54:59
183.21.190.53

/index.php
/controller/img load fail.
2017-12-19 21:54:59
183.21.190.53

/index.php
/controller/img load fail.
2017-12-19 21:54:59
183.21.190.53

/index.php
/controller/img load fail.
2017-12-19 21:54:59
183.21.190.53

/index.php
/controller/img load fail.
2017-12-19 21:54:59
183.21.190.53

/index.php
/controller/images load fail.
2017-12-19 21:54:59
183.21.190.53

/index.php
/controller/images load fail.
2017-12-19 21:54:59
183.21.190.53

/index.php
/controller/images load fail.
2017-12-19 21:54:59
183.21.190.53

/index.php
/controller/img load fail.
2017-12-19 21:54:59
183.21.190.53

/index.php
/controller/img load fail.
2017-12-19 21:56:01
183.21.190.53

/index.php
/controller/img load fail.
2017-12-19 21:56:01
183.21.190.53

/index.php
/controller/img load fail.
2017-12-19 21:56:01
183.21.190.53

/index.php
/controller/css load fail.
2017-12-19 21:56:01
183.21.190.53

/index.php
/controller/img load fail.
2017-12-19 21:56:01
183.21.190.53

/index.php
/controller/img load fail.
2017-12-19 21:56:01
183.21.190.53

/index.php
/controller/img load fail.
2017-12-19 21:56:01
183.21.190.53

/index.php
/controller/img load fail.
2017-12-19 21:56:01
183.21.190.53

/index.php
/controller/img load fail.
2017-12-19 21:56:01
183.21.190.53

/index.php
/controller/img load fail.
2017-12-19 21:56:01
183.21.190.53

/index.php
/controller/img load fail.
2017-12-19 21:56:01
183.21.190.53

/index.php
/controller/img load fail.
2017-12-19 21:56:01
183.21.190.53

/index.php
/controller/img load fail.
2017-12-19 21:56:01
183.21.190.53

/index.php
/controller/img load fail.
2017-12-19 21:56:01
183.21.190.53

/index.php
/controller/img load fail.
2017-12-19 21:56:01
183.21.190.53

/index.php
/controller/img load fail.
2017-12-19 21:56:01
183.21.190.53

/index.php
/controller/img load fail.
2017-12-19 21:56:01
183.21.190.53

/index.php
/controller/img load fail.
2017-12-19 21:56:01
183.21.190.53

/index.php
/controller/img load fail.
2017-12-19 21:56:01
183.21.190.53

/index.php
/controller/img load fail.
2017-12-19 21:56:01
183.21.190.53

/index.php
/controller/img load fail.
2017-12-19 21:56:01
183.21.190.53

/index.php
/controller/img load fail.
2017-12-19 21:56:01
183.21.190.53

/index.php
/controller/img load fail.
2017-12-19 21:56:01
183.21.190.53

/index.php
/controller/img load fail.
2017-12-19 21:56:01
183.21.190.53

/index.php
/controller/img load fail.
2017-12-19 21:56:01
183.21.190.53

/index.php
/controller/img load fail.
2017-12-19 21:56:01
183.21.190.53

/index.php
/controller/img load fail.
2017-12-19 21:56:01
183.21.190.53

/index.php
/controller/img load fail.
2017-12-19 21:56:01
183.21.190.53

/index.php
/controller/img load fail.
2017-12-19 21:56:02
183.21.190.53

/index.php
/controller/img load fail.
2017-12-19 21:56:02
183.21.190.53

/index.php
/controller/img load fail.
2017-12-19 21:56:02
183.21.190.53

/index.php
/controller/img load fail.
2017-12-19 21:56:02
183.21.190.53

/index.php
/controller/img load fail.
2017-12-19 21:56:02
183.21.190.53

/index.php
/controller/img load fail.
2017-12-19 21:56:02
183.21.190.53

/index.php
/controller/css load fail.
2017-12-19 21:56:38
183.21.190.53

/index.php
/controller/css load fail.
2017-12-19 21:58:17
183.21.190.53

/index.php
/controller/css load fail.
2017-12-19 21:59:44
183.21.190.53

/index.php
/controller/css load fail.
2017-12-19 22:00:29
183.21.190.53

/index.php
/controller/script load fail.
2017-12-19 22:00:36
183.21.190.53

/index.php
/controller/css load fail.
2017-12-19 22:00:42
183.21.190.53

/index.php
/controller/script load fail.
2017-12-19 22:00:46
183.21.190.53

/index.php
/controller/script load fail.
2017-12-19 22:01:30
183.21.190.53

/index.php
/controller/css load fail.
2017-12-19 22:01:33
183.21.190.53

/index.php
/controller/css load fail.
2017-12-19 22:01:55
110.182.130.182

/index.php
/controller/css load fail.
2017-12-19 22:02:14
183.21.190.53

/index.php
/controller/css load fail.
2017-12-19 22:02:35
183.21.190.53

/index.php
/controller/css load fail.
2017-12-19 22:02:39
183.21.190.53

/index.php
/controller/css load fail.
2017-12-19 22:03:02
120.239.98.241

/index.php
/controller/css load fail.
2017-12-19 22:03:42
183.21.190.53

/index.php
/controller/css load fail.
2017-12-19 22:04:06
183.21.190.53

/index.php
/controller/css load fail.
2017-12-19 22:05:17
183.21.190.53

/index.php
/controller/css load fail.
2017-12-19 22:05:45
183.21.190.53

/index.php
/controller/index load fail.
2017-12-19 22:05:45
110.182.130.182

/index.php
/controller/index load fail.
2017-12-19 22:05:47
110.182.130.182

/index.php
/controller/index load fail.
2017-12-19 22:05:49
183.21.190.53

/index.php
/controller/css load fail.
2017-12-19 22:05:53
110.182.130.182

/index.php
/controller/css load fail.
2017-12-19 22:06:08
183.21.190.53

/index.php
/controller/css load fail.
2017-12-19 22:06:12
183.21.190.53

/index.php
/controller/css load fail.
2017-12-19 22:06:16
183.21.190.53

/index.php
/controller/script load fail.
2017-12-19 22:06:19
183.21.190.53

/index.php
/controller/css load fail.
2017-12-19 22:06:25
183.21.190.53

/index.php
/controller/script load fail.
2017-12-19 22:06:30
183.21.190.53

/index.php
/controller/css load fail.
2017-12-19 22:06:39
183.21.190.53

/index.php
/controller/css load fail.
2017-12-19 22:06:48
183.21.190.53

/index.php
/controller/css load fail.
2017-12-19 22:07:26
183.21.190.53

/index.php
/controller/css load fail.
2017-12-19 22:08:44
183.21.190.53

/index.php
/controller/script load fail.
2017-12-19 22:08:53
183.21.190.53

/index.php
/controller/css load fail.
2017-12-19 22:08:56
183.21.190.53

/index.php
/controller/css load fail.
2017-12-19 22:09:01
183.21.190.53

/index.php
/controller/demo load fail.
2017-12-19 22:09:04
183.21.190.53

/index.php
/controller/demo load fail.
2017-12-19 22:09:25
183.21.190.53

/index.php
/controller/demo load fail.
2017-12-19 22:13:28
120.239.98.241

/index.php
/controller/css load fail.
2017-12-19 22:13:35
110.182.130.182

/index.php
/controller/demo load fail.
2017-12-19 22:13:54
183.21.190.53

/index.php
/controller/demo load fail.
2017-12-19 22:13:58
120.239.98.241

/index.php
/controller/demo load fail.
2017-12-19 22:14:03
183.21.190.53

/index.php
/controller/demo load fail.
2017-12-19 22:14:14
183.21.190.53

/index.php
/controller/demo load fail.
2017-12-19 22:14:17
183.21.190.53

/index.php
/controller/script load fail.
2017-12-19 22:14:21
183.21.190.53

/index.php
/controller/css load fail.
2017-12-19 22:14:24
183.21.190.53

/index.php
/controller/demo load fail.
2017-12-19 22:14:26
183.21.190.53

/index.php
/controller/script load fail.
2017-12-19 22:14:41
183.21.190.53

/index.php
/controller/css load fail.
2017-12-19 22:14:44
183.21.190.53

/index.php
/controller/css load fail.
2017-12-19 22:16:37
183.21.190.53

/index.php
/controller/script load fail.
2017-12-19 22:16:41
183.21.190.53

/index.php
/controller/css load fail.
2017-12-19 22:17:09
183.21.190.53

/index.php
/controller/css load fail.
2017-12-19 22:17:18
183.21.190.53

/index.php
/controller/script load fail.
2017-12-19 22:17:25
183.21.190.53

/index.php
/controller/script load fail.
2017-12-19 22:17:36
183.21.190.53

/index.php
/controller/css load fail.
2017-12-19 22:18:37
183.21.190.53

/index.php
/controller/demo load fail.
2017-12-19 22:18:44
183.21.190.53

/index.php
/controller/css load fail.
2017-12-19 22:18:48
183.21.190.53

/index.php
/controller/css load fail.
2017-12-19 22:18:56
183.21.190.53

/index.php
/controller/css load fail.
2017-12-19 22:19:53
183.21.190.53

/index.php
/controller/css load fail.
2017-12-19 22:19:58
120.239.98.241

/index.php
/controller/demo load fail.
2017-12-19 22:20:36
183.21.190.53

/index.php
/controller/css load fail.
2017-12-19 22:21:19
120.239.98.241

/index.php
/controller/css load fail.
2017-12-19 22:22:39
183.21.190.53

/index.php
/controller/demo load fail.
2017-12-19 22:22:40
120.239.98.241

/index.php
/controller/developer load fail.
2017-12-19 22:22:42
183.21.190.53

/index.php
/controller/css load fail.
2017-12-19 22:22:45
183.21.190.53

/index.php
/controller/demo load fail.
2017-12-19 22:22:48
183.21.190.53

/index.php
/controller/developer load fail.
2017-12-19 22:22:52
101.226.33.224

/index.php
/controller/script load fail.
2017-12-19 22:22:54
183.21.190.53

/index.php
/controller/demo load fail.
2017-12-19 22:22:56
183.21.190.53

/index.php
/controller/script load fail.
2017-12-19 22:23:36
183.21.190.53

/index.php
/controller/demo load fail.
2017-12-19 22:23:37
183.21.190.53

/index.php
/controller/css load fail.
2017-12-19 22:23:40
183.21.190.53

/index.php
/controller/developer load fail.
2017-12-19 22:23:42
101.226.33.204

/index.php
/controller/script load fail.
2017-12-19 22:23:43
183.21.190.53

/index.php
/controller/demo load fail.
2017-12-19 22:23:44
183.21.190.53

/index.php
/controller/css load fail.
2017-12-19 22:23:47
183.21.190.53

/index.php
/controller/script load fail.
2017-12-19 22:26:03
183.21.190.53

/index.php
/controller/css load fail.
2017-12-19 22:26:17
120.239.98.241

/index.php
/controller/script load fail.
2017-12-19 22:26:23
120.239.98.241

/index.php
/controller/script load fail.
2017-12-19 22:26:48
183.21.190.53

/index.php
/controller/demo load fail.
2017-12-19 22:26:49
120.239.98.241

/index.php
/controller/demo load fail.
2017-12-19 22:26:54
120.239.98.241

/index.php
/controller/demo load fail.
2017-12-19 22:27:00
120.239.98.241

/index.php
/controller/demo load fail.
2017-12-19 22:27:01
120.239.98.241

/index.php
/controller/css load fail.
2017-12-19 22:27:01
183.21.190.53

/index.php
/controller/demo load fail.
2017-12-19 22:27:01
120.239.98.241

/index.php
/controller/script load fail.
2017-12-19 22:27:04
183.21.190.53

/index.php
/controller/demo load fail.
2017-12-19 22:27:11
120.239.98.241

/index.php
/controller/demo load fail.
2017-12-19 22:27:12
120.239.98.241

/index.php
/controller/css load fail.
2017-12-19 22:27:13
183.21.190.53

/index.php
/controller/script load fail.
2017-12-19 22:27:17
183.21.190.53

/index.php
/controller/demo load fail.
2017-12-19 22:27:22
183.21.190.53

/index.php
/controller/script load fail.
2017-12-19 22:27:25
183.21.190.53

/index.php
/controller/script load fail.
2017-12-19 22:27:28
183.21.190.53

/index.php
/controller/css load fail.
2017-12-19 22:27:31
183.21.190.53

/index.php
/controller/demo load fail.
2017-12-19 22:28:07
120.239.98.241

/index.php
/controller/demo load fail.
2017-12-19 22:28:35
120.239.98.241

/index.php
/controller/demo load fail.
2017-12-19 22:29:18
183.21.190.53

/index.php
/controller/css load fail.
2017-12-19 22:29:21
183.21.190.53

/index.php
/controller/script load fail.
2017-12-19 22:29:25
183.21.190.53

/index.php
/controller/demo load fail.
2017-12-19 22:33:08
120.239.98.241

/index.php
/controller/demo load fail.
2017-12-19 22:41:13
120.239.98.241

/index.php
/controller/demo load fail.
2017-12-19 22:41:14
120.239.98.241

/index.php
/controller/pay load fail.
2017-12-19 22:41:26
120.239.98.241

/index.php
/controller/script load fail.
2017-12-19 22:41:54
183.21.190.53

/index.php
/controller/script load fail.
2017-12-19 22:42:06
183.21.190.53

/index.php
/controller/images load fail.
2017-12-19 22:43:16
183.21.190.53

/index.php
/controller/images load fail.
2017-12-19 22:43:16
183.21.190.53

/index.php
/controller/script load fail.
2017-12-19 22:43:17
183.21.190.53

/index.php
/controller/images load fail.
2017-12-19 22:44:16
101.226.33.205

/index.php
/controller/images load fail.
2017-12-19 22:44:16
101.226.33.205

/index.php
/controller/images load fail.
2017-12-19 22:44:59
120.239.98.241

/index.php
/controller/images load fail.
2017-12-19 22:44:59
120.239.98.241

/index.php
/controller/script load fail.
2017-12-19 22:44:59
120.239.98.241

/index.php
/controller/css load fail.
2017-12-19 22:45:08
120.239.98.241

/index.php
/controller/images load fail.
2017-12-19 22:45:17
183.21.190.53

/index.php
/controller/images load fail.
2017-12-19 22:45:17
183.21.190.53

/index.php
/controller/script load fail.
2017-12-19 22:45:17
183.21.190.53

/index.php
/controller/demo load fail.
2017-12-19 22:45:24
120.239.98.241

/index.php
/controller/script load fail.
2017-12-19 22:45:30
120.239.98.241

/index.php
/controller/css load fail.
2017-12-19 22:45:36
120.239.98.241

/index.php
/controller/script load fail.
2017-12-19 22:45:40
120.239.98.241

/index.php
/controller/images load fail.
2017-12-19 22:45:42
183.21.190.53

/index.php
/controller/images load fail.
2017-12-19 22:45:42
183.21.190.53

/index.php
/controller/script load fail.
2017-12-19 22:45:42
183.21.190.53

/index.php
/controller/images load fail.
2017-12-19 22:45:55
183.21.190.53

/index.php
/controller/script load fail.
2017-12-19 22:45:55
183.21.190.53

/index.php
/controller/images load fail.
2017-12-19 22:45:55
183.21.190.53

/index.php
/controller/images load fail.
2017-12-19 22:45:58
120.239.98.241

/index.php
/controller/images load fail.
2017-12-19 22:45:58
120.239.98.241

/index.php
/controller/script load fail.
2017-12-19 22:45:58
120.239.98.241

/index.php
/controller/css load fail.
2017-12-19 22:46:08
120.239.98.241

/index.php
/controller/js load fail.
2017-12-19 22:49:10
183.21.190.53

/index.php
/controller/script load fail.
2017-12-19 22:49:10
183.21.190.53

/index.php
/controller/css load fail.
2017-12-19 22:49:16
183.21.190.53

/index.php
/controller/script load fail.
2017-12-19 22:49:45
183.21.190.53

/index.php
/controller/script load fail.
2017-12-19 22:50:04
183.21.190.53

/index.php
/controller/css load fail.
2017-12-19 22:50:18
183.21.190.53

/index.php
/controller/script load fail.
2017-12-19 22:50:23
183.21.190.53

/index.php
/controller/script load fail.
2017-12-19 22:51:36
183.21.190.53

/index.php
/controller/script load fail.
2017-12-19 22:51:40
120.239.98.241

/index.php
/controller/script load fail.
2017-12-19 22:53:54
183.21.190.53

/index.php
/controller/script load fail.
2017-12-19 22:54:29
183.21.190.53

/index.php
/controller/css load fail.
2017-12-19 22:54:41
110.182.130.182

/index.php
/controller/script load fail.
2017-12-19 22:54:54
183.21.190.53

/index.php
/controller/script load fail.
2017-12-19 22:54:57
183.21.190.53

/index.php
/controller/script load fail.
2017-12-19 22:55:13
183.21.190.53

/index.php
/controller/css load fail.
2017-12-19 22:55:17
183.21.190.53

/index.php
/controller/demo load fail.
2017-12-19 22:55:18
183.21.190.53

/index.php
/controller/script load fail.
2017-12-19 22:55:23
183.21.190.53

/index.php
/controller/script load fail.
2017-12-19 22:55:38
183.21.190.53

/index.php
/controller/script load fail.
2017-12-19 22:55:52
183.21.190.53

/index.php
/controller/css load fail.
2017-12-19 22:55:56
183.21.190.53

/index.php
/controller/script load fail.
2017-12-19 22:56:11
183.21.190.53

/index.php
/controller/demo load fail.
2017-12-19 23:00:33
120.239.98.241

/index.php
/controller/demo load fail.
2017-12-19 23:00:49
120.239.98.241

/index.php
/controller/script load fail.
2017-12-19 23:01:42
183.21.190.53

/index.php
/controller/releasepackage load fail.
2017-12-19 23:01:47
183.21.190.53

/index.php
/controller/releasepackage load fail.
2017-12-19 23:01:48
182.140.168.140

/index.php
/controller/script load fail.
2017-12-19 23:01:52
183.21.190.53

/index.php
/controller/script load fail.
2017-12-19 23:02:38
183.21.190.53

/index.php
/controller/releasepackage load fail.
2017-12-19 23:02:47
61.151.178.176

/index.php
/controller/css load fail.
2017-12-19 23:02:58
110.182.130.182

/index.php
/controller/script load fail.
2017-12-19 23:03:02
183.21.190.53

/index.php
/controller/css load fail.
2017-12-19 23:03:02
110.182.130.182

/index.php
/controller/script load fail.
2017-12-19 23:03:05
110.182.130.182

/index.php
/controller/demo load fail.
2017-12-19 23:03:08
110.182.130.182

/index.php
/controller/script load fail.
2017-12-19 23:03:14
110.182.130.182

/index.php
/controller/script load fail.
2017-12-19 23:03:17
110.182.130.182

/index.php
/controller/css load fail.
2017-12-19 23:04:02
110.182.130.182

/index.php
/controller/demo load fail.
2017-12-19 23:04:14
120.239.98.241

/index.php
/controller/script load fail.
2017-12-19 23:04:34
183.21.190.53

/index.php
/controller/css load fail.
2017-12-19 23:05:02
183.21.190.53

/index.php
/controller/css load fail.
2017-12-19 23:05:11
183.21.190.53

/index.php
/controller/css load fail.
2017-12-19 23:05:32
183.21.190.53

/index.php
/controller/script load fail.
2017-12-19 23:05:35
183.21.190.53

/index.php
/controller/demo load fail.
2017-12-19 23:05:36
183.21.190.53

/index.php
/controller/demo load fail.
2017-12-19 23:06:02
183.21.190.53

/index.php
/controller/script load fail.
2017-12-19 23:06:06
183.21.190.53

/index.php
/controller/demo load fail.
2017-12-19 23:06:06
183.21.190.53

/index.php
/controller/script load fail.
2017-12-19 23:06:09
183.21.190.53

/index.php
/controller/css load fail.
2017-12-19 23:06:12
183.21.190.53

/index.php
/controller/script load fail.
2017-12-19 23:06:14
183.21.190.53

/index.php
/controller/pay load fail.
2017-12-19 23:07:02
107.150.126.108

/index.php
/controller/css load fail.
2017-12-19 23:07:05
120.239.98.241

/index.php
/controller/pay load fail.
2017-12-19 23:07:11
107.150.126.108

/index.php
/controller/pay load fail.
2017-12-19 23:07:21
107.150.126.108

/index.php
/controller/pay load fail.
2017-12-19 23:07:31
107.150.126.108

/index.php
/controller/pay load fail.
2017-12-19 23:07:41
107.150.126.108

/index.php
/controller/css load fail.
2017-12-19 23:07:58
110.182.130.182

/index.php
/controller/script load fail.
2017-12-19 23:08:03
110.182.130.182

/index.php
/controller/css load fail.
2017-12-19 23:10:38
183.21.190.53

/index.php
/controller/css load fail.
2017-12-19 23:10:52
183.21.190.53

/index.php
/controller/css load fail.
2017-12-19 23:11:26
183.21.190.53

/index.php
/controller/css load fail.
2017-12-19 23:13:30
183.21.190.53

/index.php
/controller/css load fail.
2017-12-19 23:13:39
183.21.190.53

/index.php
/controller/css load fail.
2017-12-19 23:13:59
183.21.190.53

/index.php
/controller/css load fail.
2017-12-19 23:15:06
110.182.130.182

/index.php
/controller/script load fail.
2017-12-19 23:15:14
183.21.190.53

/index.php
/controller/css load fail.
2017-12-19 23:15:15
110.182.130.182

/index.php
/controller/script load fail.
2017-12-19 23:15:23
110.182.130.182

/index.php
/controller/script load fail.
2017-12-19 23:15:43
110.182.130.182

/index.php
/controller/css load fail.
2017-12-19 23:15:57
110.182.130.182

/index.php
/controller/demo load fail.
2017-12-19 23:16:42
120.239.98.241

/index.php
/controller/script load fail.
2017-12-19 23:16:53
183.21.190.53

/index.php
/controller/script load fail.
2017-12-19 23:17:54
183.21.190.53

/index.php
/controller/script load fail.
2017-12-19 23:24:00
120.239.98.241

/index.php
/controller/script load fail.
2017-12-19 23:24:28
183.21.190.53

/index.php
/controller/css load fail.
2017-12-19 23:24:31
183.21.190.53

/index.php
/controller/css load fail.
2017-12-19 23:24:43
183.21.190.53

/index.php
/controller/script load fail.
2017-12-19 23:29:35
110.182.130.182

/index.php
/controller/demo load fail.
2017-12-19 23:36:41
120.239.98.241

/index.php
/controller/pay load fail.
2017-12-19 23:37:41
107.150.126.108

/index.php
/controller/css load fail.
2017-12-19 23:37:44
120.239.98.241

/index.php
/controller/pay load fail.
2017-12-19 23:37:51
107.150.126.108

/index.php
/controller/pay load fail.
2017-12-19 23:38:01
107.150.126.108

/index.php
/controller/pay load fail.
2017-12-19 23:38:11
107.150.126.108

/index.php
/controller/pay load fail.
2017-12-19 23:38:21
107.150.126.108

