/index.php
/controller/script load fail.
2017-09-17 11:19:19
222.214.88.251

/index.php
/controller/supportbox load fail.
2017-09-17 11:19:19
222.214.88.251

/index.php
/controller/script load fail.
2017-09-17 11:21:01
222.214.88.251

/index.php
/controller/supportbox load fail.
2017-09-17 11:21:01
222.214.88.251

/index.php
/controller/script load fail.
2017-09-17 11:21:03
222.214.88.251

/index.php
/controller/supportbox load fail.
2017-09-17 11:21:03
222.214.88.251

/index.php
/controller/script load fail.
2017-09-17 11:22:01
14.152.69.147

/index.php
/controller/script load fail.
2017-09-17 11:24:08
222.214.88.251

/index.php
/controller/supportbox load fail.
2017-09-17 11:24:09
222.214.88.251

/index.php
/controller/sitima load fail.
2017-09-17 11:24:16
222.214.88.251

/index.php
/controller/script load fail.
2017-09-17 11:27:01
211.148.102.175

/index.php
/controller/supportbox load fail.
2017-09-17 11:27:01
211.148.102.175

/index.php
/controller/static load fail.
2017-09-17 11:27:11
211.148.102.175

/index.php
/controller/static load fail.
2017-09-17 11:27:11
211.148.102.175

/index.php
/controller/static load fail.
2017-09-17 11:27:11
211.148.102.175

/index.php
/controller/static load fail.
2017-09-17 11:27:20
61.151.217.45

/index.php
/controller/static load fail.
2017-09-17 11:27:22
101.226.125.103

/index.php
/controller/script load fail.
2017-09-17 11:27:31
60.162.53.238

/index.php
/controller/demo load fail.
2017-09-17 11:27:38
60.162.53.238

/index.php
/controller/script load fail.
2017-09-17 11:28:14
60.162.53.238

/index.php
/controller/supportbox load fail.
2017-09-17 11:28:17
60.162.53.238

/index.php
/controller/static load fail.
2017-09-17 11:28:42
211.148.102.175

/index.php
/controller/static load fail.
2017-09-17 11:28:42
211.148.102.175

/index.php
/controller/static load fail.
2017-09-17 11:28:42
211.148.102.175

/index.php
/controller/script load fail.
2017-09-17 11:32:16
115.44.0.49

/index.php
/controller/supportbox load fail.
2017-09-17 11:32:18
115.44.0.49

/index.php
/controller/demo load fail.
2017-09-17 11:32:27
115.44.0.49

/index.php
/controller/T load fail.
2017-09-17 11:33:08
114.224.174.22

/index.php
/controller/script load fail.
2017-09-17 11:33:15
115.44.0.49

/index.php
/controller/supportbox load fail.
2017-09-17 11:33:16
115.44.0.49

/index.php
/controller/T load fail.
2017-09-17 11:33:18
117.185.27.114

/index.php
/controller/script load fail.
2017-09-17 11:33:47
14.17.44.216

/index.php
/controller/supportbox load fail.
2017-09-17 11:33:52
183.61.51.191

/index.php
/controller/demo load fail.
2017-09-17 11:34:02
220.202.152.10

/index.php
/controller/demo load fail.
2017-09-17 11:34:02
220.202.152.10

/index.php
/controller/demo load fail.
2017-09-17 11:34:05
115.44.0.49

/index.php
/controller/register1001用户注册 load fail.
2017-09-17 11:34:47
220.202.152.10

/index.php
/controller/script load fail.
2017-09-17 11:38:40
180.157.61.5

/index.php
/controller/demo load fail.
2017-09-17 11:38:47
180.157.61.5

/index.php
/controller/script load fail.
2017-09-17 11:39:56
117.136.94.65

/index.php
/controller/script load fail.
2017-09-17 11:42:18
101.226.66.177

/index.php
/controller/script load fail.
2017-09-17 11:42:18
101.226.66.177

/index.php
/controller/script load fail.
2017-09-17 11:43:35
182.43.64.209

/index.php
/controller/l load fail.
2017-09-17 11:43:55
42.236.99.130

/index.php
/controller/v load fail.
2017-09-17 11:43:55
180.153.236.101

/index.php
/controller/static load fail.
2017-09-17 11:59:31
119.123.23.220

/index.php
/controller/static load fail.
2017-09-17 11:59:31
119.123.23.220

/index.php
/controller/static load fail.
2017-09-17 11:59:31
119.123.23.220

/index.php
/controller/static load fail.
2017-09-17 11:59:31
119.123.23.220

/index.php
/controller/static load fail.
2017-09-17 11:59:31
119.123.23.220

/index.php
/controller/static load fail.
2017-09-17 11:59:31
119.123.23.220

/index.php
/controller/static load fail.
2017-09-17 11:59:31
119.123.23.220

/index.php
/controller/static load fail.
2017-09-17 11:59:31
119.123.23.220

/index.php
/controller/static load fail.
2017-09-17 11:59:31
119.123.23.220

/index.php
/controller/static load fail.
2017-09-17 11:59:31
119.123.23.220

/index.php
/controller/static load fail.
2017-09-17 11:59:31
119.123.23.220

/index.php
/controller/static load fail.
2017-09-17 11:59:31
119.123.23.220

/index.php
/controller/static load fail.
2017-09-17 11:59:31
119.123.23.220

/index.php
/controller/static load fail.
2017-09-17 11:59:31
119.123.23.220

/index.php
/controller/static load fail.
2017-09-17 11:59:31
119.123.23.220

/index.php
/controller/static load fail.
2017-09-17 11:59:31
119.123.23.220

/index.php
/controller/static load fail.
2017-09-17 11:59:31
119.123.23.220

/index.php
/controller/static load fail.
2017-09-17 11:59:31
119.123.23.220

/index.php
/controller/static load fail.
2017-09-17 11:59:31
119.123.23.220

/index.php
/controller/static load fail.
2017-09-17 11:59:31
119.123.23.220

/index.php
/controller/static load fail.
2017-09-17 11:59:46
119.123.23.220

/index.php
/controller/static load fail.
2017-09-17 11:59:46
119.123.23.220

/index.php
/controller/static load fail.
2017-09-17 11:59:46
119.123.23.220

/index.php
/controller/static load fail.
2017-09-17 11:59:46
119.123.23.220

/index.php
/controller/static load fail.
2017-09-17 11:59:46
119.123.23.220

/index.php
/controller/static load fail.
2017-09-17 11:59:46
119.123.23.220

/index.php
/controller/static load fail.
2017-09-17 11:59:46
119.123.23.220

/index.php
/controller/static load fail.
2017-09-17 11:59:46
119.123.23.220

/index.php
/controller/static load fail.
2017-09-17 11:59:46
119.123.23.220

/index.php
/controller/static load fail.
2017-09-17 11:59:46
119.123.23.220

/index.php
/controller/static load fail.
2017-09-17 11:59:46
119.123.23.220

/index.php
/controller/static load fail.
2017-09-17 11:59:46
119.123.23.220

/index.php
/controller/static load fail.
2017-09-17 11:59:46
119.123.23.220

/index.php
/controller/static load fail.
2017-09-17 11:59:46
119.123.23.220

/index.php
/controller/static load fail.
2017-09-17 11:59:46
119.123.23.220

/index.php
/controller/static load fail.
2017-09-17 11:59:46
119.123.23.220

/index.php
/controller/static load fail.
2017-09-17 11:59:46
119.123.23.220

/index.php
/controller/static load fail.
2017-09-17 11:59:46
119.123.23.220

/index.php
/controller/static load fail.
2017-09-17 11:59:46
119.123.23.220

/index.php
/controller/static load fail.
2017-09-17 11:59:46
119.123.23.220

/index.php
/controller/script load fail.
2017-09-17 11:59:48
119.123.23.220

/index.php
/controller/supportbox load fail.
2017-09-17 11:59:50
119.123.23.220

/index.php
/controller/demo load fail.
2017-09-17 12:00:07
119.123.23.220

/index.php
/controller/demo load fail.
2017-09-17 12:00:40
119.123.23.220

/index.php
/controller/demo load fail.
2017-09-17 12:00:41
119.123.23.220

/index.php
/controller/demo load fail.
2017-09-17 12:00:46
119.123.23.220

/index.php
/controller/T load fail.
2017-09-17 12:04:52
117.136.41.109

/index.php
/controller/script load fail.
2017-09-17 12:06:58
113.89.52.12

/index.php
/controller/supportbox load fail.
2017-09-17 12:07:00
113.89.52.12

/index.php
/controller/T load fail.
2017-09-17 12:07:52
182.131.10.215

/index.php
/controller/static load fail.
2017-09-17 12:16:01
112.114.114.130

/index.php
/controller/static load fail.
2017-09-17 12:16:02
112.114.114.130

/index.php
/controller/static load fail.
2017-09-17 12:16:02
112.114.114.130

/index.php
/controller/s load fail.
2017-09-17 12:17:00
101.226.33.219

/index.php
/controller/s load fail.
2017-09-17 12:17:00
101.226.65.107

/index.php
/controller/static load fail.
2017-09-17 12:17:06
112.114.114.130

/index.php
/controller/static load fail.
2017-09-17 12:17:06
112.114.114.130

/index.php
/controller/static load fail.
2017-09-17 12:17:06
112.114.114.130

/index.php
/controller/static load fail.
2017-09-17 12:17:12
112.114.114.130

/index.php
/controller/static load fail.
2017-09-17 12:17:12
112.114.114.130

/index.php
/controller/static load fail.
2017-09-17 12:17:12
112.114.114.130

/index.php
/controller/static load fail.
2017-09-17 12:17:19
112.114.114.130

/index.php
/controller/static load fail.
2017-09-17 12:17:19
112.114.114.130

/index.php
/controller/static load fail.
2017-09-17 12:17:19
112.114.114.130

/index.php
/controller/static load fail.
2017-09-17 12:17:30
112.114.114.130

/index.php
/controller/static load fail.
2017-09-17 12:17:31
112.114.114.130

/index.php
/controller/static load fail.
2017-09-17 12:17:31
112.114.114.130

/index.php
/controller/static load fail.
2017-09-17 12:17:39
112.114.114.130

/index.php
/controller/static load fail.
2017-09-17 12:17:39
112.114.114.130

/index.php
/controller/static load fail.
2017-09-17 12:17:39
112.114.114.130

/index.php
/controller/T load fail.
2017-09-17 12:17:58
183.61.52.70

/index.php
/controller/T load fail.
2017-09-17 12:18:04
183.61.52.70

/index.php
/controller/static load fail.
2017-09-17 12:18:05
112.114.114.130

/index.php
/controller/static load fail.
2017-09-17 12:18:05
112.114.114.130

/index.php
/controller/static load fail.
2017-09-17 12:18:06
112.114.114.130

/index.php
/controller/static load fail.
2017-09-17 12:18:21
112.114.114.130

/index.php
/controller/static load fail.
2017-09-17 12:18:21
112.114.114.130

/index.php
/controller/static load fail.
2017-09-17 12:18:22
112.114.114.130

/index.php
/controller/static load fail.
2017-09-17 12:18:39
112.114.114.130

/index.php
/controller/static load fail.
2017-09-17 12:18:39
112.114.114.130

/index.php
/controller/static load fail.
2017-09-17 12:18:39
112.114.114.130

/index.php
/controller/static load fail.
2017-09-17 12:18:47
112.114.114.130

/index.php
/controller/static load fail.
2017-09-17 12:18:47
112.114.114.130

/index.php
/controller/static load fail.
2017-09-17 12:18:47
112.114.114.130

/index.php
/controller/static load fail.
2017-09-17 12:18:56
112.114.114.130

/index.php
/controller/static load fail.
2017-09-17 12:18:56
112.114.114.130

/index.php
/controller/static load fail.
2017-09-17 12:18:56
112.114.114.130

/index.php
/controller/static load fail.
2017-09-17 12:19:07
112.114.114.130

/index.php
/controller/static load fail.
2017-09-17 12:19:07
112.114.114.130

/index.php
/controller/static load fail.
2017-09-17 12:19:08
112.114.114.130

/index.php
/controller/static load fail.
2017-09-17 12:19:20
112.114.114.130

/index.php
/controller/static load fail.
2017-09-17 12:19:20
112.114.114.130

/index.php
/controller/static load fail.
2017-09-17 12:19:20
112.114.114.130

/index.php
/controller/static load fail.
2017-09-17 12:20:41
112.114.114.130

/index.php
/controller/static load fail.
2017-09-17 12:20:41
112.114.114.130

/index.php
/controller/static load fail.
2017-09-17 12:20:41
112.114.114.130

/index.php
/controller/static load fail.
2017-09-17 12:20:47
112.114.114.130

/index.php
/controller/static load fail.
2017-09-17 12:20:47
112.114.114.130

/index.php
/controller/static load fail.
2017-09-17 12:20:47
112.114.114.130

/index.php
/controller/static load fail.
2017-09-17 12:20:50
112.114.114.130

/index.php
/controller/static load fail.
2017-09-17 12:20:50
112.114.114.130

/index.php
/controller/static load fail.
2017-09-17 12:20:50
112.114.114.130

/index.php
/controller/static load fail.
2017-09-17 12:20:55
112.114.114.130

/index.php
/controller/static load fail.
2017-09-17 12:20:55
112.114.114.130

/index.php
/controller/static load fail.
2017-09-17 12:20:55
112.114.114.130

/index.php
/controller/script load fail.
2017-09-17 12:26:11
223.10.91.72

/index.php
/controller/supportbox load fail.
2017-09-17 12:26:14
223.10.91.72

/index.php
/controller/demo load fail.
2017-09-17 12:26:36
223.10.91.72

/index.php
/controller/T load fail.
2017-09-17 12:30:34
14.17.37.143

/index.php
/controller/script load fail.
2017-09-17 12:31:54
114.226.187.81

/index.php
/controller/supportbox load fail.
2017-09-17 12:31:55
114.226.187.81

/index.php
/controller/static load fail.
2017-09-17 12:32:42
112.114.114.130

/index.php
/controller/static load fail.
2017-09-17 12:32:42
112.114.114.130

/index.php
/controller/static load fail.
2017-09-17 12:32:42
112.114.114.130

/index.php
/controller/static load fail.
2017-09-17 12:32:47
112.114.114.130

/index.php
/controller/static load fail.
2017-09-17 12:32:48
112.114.114.130

/index.php
/controller/static load fail.
2017-09-17 12:32:48
112.114.114.130

/index.php
/controller/static load fail.
2017-09-17 12:32:49
112.114.114.130

/index.php
/controller/static load fail.
2017-09-17 12:32:49
112.114.114.130

/index.php
/controller/static load fail.
2017-09-17 12:32:49
112.114.114.130

/index.php
/controller/T load fail.
2017-09-17 12:37:44
183.61.52.70

/index.php
/controller/script load fail.
2017-09-17 12:45:27
180.163.2.116

/index.php
/controller/script load fail.
2017-09-17 12:45:27
180.163.2.116

/index.php
/controller/script load fail.
2017-09-17 12:45:36
117.173.161.74

/index.php
/controller/T load fail.
2017-09-17 12:47:12
14.17.37.161

/index.php
/controller/T load fail.
2017-09-17 12:47:59
61.242.42.160

/index.php
/controller/T load fail.
2017-09-17 12:48:24
61.242.42.160

/index.php
/controller/T load fail.
2017-09-17 12:48:48
61.242.42.160

/index.php
/controller/T load fail.
2017-09-17 12:48:52
14.17.37.123

/index.php
/controller/T load fail.
2017-09-17 12:52:20
113.108.11.52

/index.php
/controller/T load fail.
2017-09-17 12:52:29
113.108.11.52

/index.php
/controller/T load fail.
2017-09-17 12:52:29
117.185.27.113

/index.php
/controller/script load fail.
2017-09-17 12:55:10
114.85.101.234

/index.php
/controller/supportbox load fail.
2017-09-17 12:55:11
114.85.101.234

/index.php
/controller/script load fail.
2017-09-17 13:00:30
120.207.12.180

/index.php
/controller/supportbox load fail.
2017-09-17 13:00:33
120.207.12.180

/index.php
/controller/script load fail.
2017-09-17 13:05:11
183.2.115.71

/index.php
/controller/supportbox load fail.
2017-09-17 13:05:11
183.2.115.71

/index.php
/controller/script load fail.
2017-09-17 13:11:05
175.169.94.118

/index.php
/controller/supportbox load fail.
2017-09-17 13:11:08
175.169.94.118

/index.php
/controller/script load fail.
2017-09-17 13:12:47
119.86.193.65

/index.php
/controller/supportbox load fail.
2017-09-17 13:12:47
119.86.193.65

/index.php
/controller/script load fail.
2017-09-17 13:13:45
222.214.88.251

/index.php
/controller/supportbox load fail.
2017-09-17 13:13:45
222.214.88.251

/index.php
/controller/static load fail.
2017-09-17 13:16:40
119.86.193.65

/index.php
/controller/static load fail.
2017-09-17 13:16:40
119.86.193.65

/index.php
/controller/static load fail.
2017-09-17 13:16:40
119.86.193.65

/index.php
/controller/static load fail.
2017-09-17 13:17:03
119.86.193.65

/index.php
/controller/static load fail.
2017-09-17 13:17:03
119.86.193.65

/index.php
/controller/static load fail.
2017-09-17 13:17:04
119.86.193.65

/index.php
/controller/member/truename load fail.
2017-09-17 13:17:17
119.86.193.65

/index.php
/controller/member/truename load fail.
2017-09-17 13:17:22
119.86.193.65

/index.php
/controller/static load fail.
2017-09-17 13:17:25
119.86.193.65

/index.php
/controller/static load fail.
2017-09-17 13:17:25
119.86.193.65

/index.php
/controller/static load fail.
2017-09-17 13:17:25
119.86.193.65

/index.php
/controller/static load fail.
2017-09-17 13:17:26
119.86.193.65

/index.php
/controller/static load fail.
2017-09-17 13:17:26
119.86.193.65

/index.php
/controller/static load fail.
2017-09-17 13:17:26
119.86.193.65

/index.php
/controller/static load fail.
2017-09-17 13:17:28
119.86.193.65

/index.php
/controller/static load fail.
2017-09-17 13:17:28
119.86.193.65

/index.php
/controller/static load fail.
2017-09-17 13:17:28
119.86.193.65

/index.php
/controller/Template load fail.
2017-09-17 13:17:30
123.125.71.50

/index.php
/controller/script load fail.
2017-09-17 13:17:39
119.86.193.65

/index.php
/controller/supportbox load fail.
2017-09-17 13:17:40
119.86.193.65

/index.php
/controller/static load fail.
2017-09-17 13:17:59
119.86.193.65

/index.php
/controller/static load fail.
2017-09-17 13:17:59
119.86.193.65

/index.php
/controller/static load fail.
2017-09-17 13:17:59
119.86.193.65

/index.php
/controller/static load fail.
2017-09-17 13:18:19
119.86.193.65

/index.php
/controller/static load fail.
2017-09-17 13:18:19
119.86.193.65

/index.php
/controller/static load fail.
2017-09-17 13:18:19
119.86.193.65

/index.php
/controller/static load fail.
2017-09-17 13:18:22
119.86.193.65

/index.php
/controller/static load fail.
2017-09-17 13:18:22
119.86.193.65

/index.php
/controller/static load fail.
2017-09-17 13:18:22
119.86.193.65

/index.php
/controller/static load fail.
2017-09-17 13:18:23
119.86.193.65

/index.php
/controller/static load fail.
2017-09-17 13:18:23
119.86.193.65

/index.php
/controller/static load fail.
2017-09-17 13:18:23
119.86.193.65

/index.php
/controller/static load fail.
2017-09-17 13:21:06
119.86.193.65

/index.php
/controller/static load fail.
2017-09-17 13:21:06
119.86.193.65

/index.php
/controller/static load fail.
2017-09-17 13:21:06
119.86.193.65

/index.php
/controller/static load fail.
2017-09-17 13:21:09
119.86.193.65

/index.php
/controller/static load fail.
2017-09-17 13:21:09
119.86.193.65

/index.php
/controller/static load fail.
2017-09-17 13:21:09
119.86.193.65

/index.php
/controller/static load fail.
2017-09-17 13:27:04
112.96.124.230

/index.php
/controller/static load fail.
2017-09-17 13:27:05
112.96.124.230

/index.php
/controller/static load fail.
2017-09-17 13:27:05
112.96.124.230

/index.php
/controller/T load fail.
2017-09-17 13:27:08
101.226.102.139

/index.php
/controller/static load fail.
2017-09-17 13:27:08
112.96.124.230

/index.php
/controller/static load fail.
2017-09-17 13:27:08
112.96.124.230

/index.php
/controller/static load fail.
2017-09-17 13:27:08
112.96.124.230

/index.php
/controller/static load fail.
2017-09-17 13:27:09
112.96.124.230

/index.php
/controller/static load fail.
2017-09-17 13:27:09
112.96.124.230

/index.php
/controller/static load fail.
2017-09-17 13:27:09
112.96.124.230

/index.php
/controller/static load fail.
2017-09-17 13:27:17
112.96.124.230

/index.php
/controller/static load fail.
2017-09-17 13:27:17
112.96.124.230

/index.php
/controller/static load fail.
2017-09-17 13:27:17
112.96.124.230

/index.php
/controller/static load fail.
2017-09-17 13:27:18
112.96.124.230

/index.php
/controller/static load fail.
2017-09-17 13:27:18
112.96.124.230

/index.php
/controller/static load fail.
2017-09-17 13:27:18
112.96.124.230

/index.php
/controller/static load fail.
2017-09-17 13:27:20
112.96.124.230

/index.php
/controller/static load fail.
2017-09-17 13:27:20
112.96.124.230

/index.php
/controller/static load fail.
2017-09-17 13:27:20
112.96.124.230

/index.php
/controller/static load fail.
2017-09-17 13:27:21
112.96.124.230

/index.php
/controller/static load fail.
2017-09-17 13:27:21
112.96.124.230

/index.php
/controller/static load fail.
2017-09-17 13:27:21
112.96.124.230

/index.php
/controller/static load fail.
2017-09-17 13:27:22
112.96.124.230

/index.php
/controller/static load fail.
2017-09-17 13:27:22
112.96.124.230

/index.php
/controller/static load fail.
2017-09-17 13:27:22
112.96.124.230

/index.php
/controller/css load fail.
2017-09-17 13:33:39
222.214.88.251

/index.php
/controller/script load fail.
2017-09-17 13:34:00
115.34.207.120

/index.php
/controller/css load fail.
2017-09-17 13:34:00
115.34.207.120

/index.php
/controller/supportbox load fail.
2017-09-17 13:34:03
115.34.207.120

/index.php
/controller/static load fail.
2017-09-17 13:34:08
115.34.207.120

/index.php
/controller/static load fail.
2017-09-17 13:34:08
115.34.207.120

/index.php
/controller/static load fail.
2017-09-17 13:34:09
115.34.207.120

/index.php
/controller/static load fail.
2017-09-17 13:34:09
115.34.207.120

/index.php
/controller/static load fail.
2017-09-17 13:34:23
115.34.207.120

/index.php
/controller/static load fail.
2017-09-17 13:34:23
115.34.207.120

/index.php
/controller/static load fail.
2017-09-17 13:34:24
115.34.207.120

/index.php
/controller/static load fail.
2017-09-17 13:34:24
115.34.207.120

/index.php
/controller/static load fail.
2017-09-17 13:34:31
115.34.207.120

/index.php
/controller/static load fail.
2017-09-17 13:34:31
115.34.207.120

/index.php
/controller/static load fail.
2017-09-17 13:34:31
115.34.207.120

/index.php
/controller/static load fail.
2017-09-17 13:34:31
115.34.207.120

/index.php
/controller/script load fail.
2017-09-17 13:34:53
222.240.227.22

/index.php
/controller/supportbox load fail.
2017-09-17 13:34:55
222.240.227.22

/index.php
/controller/script load fail.
2017-09-17 13:38:10
111.58.45.153

/index.php
/controller/supportbox load fail.
2017-09-17 13:38:14
111.58.45.153

/index.php
/controller/static load fail.
2017-09-17 13:42:10
140.205.201.38

/index.php
/controller/static load fail.
2017-09-17 13:42:23
140.205.201.38

/index.php
/controller/static load fail.
2017-09-17 13:42:50
140.205.201.38

/index.php
/controller/static load fail.
2017-09-17 13:43:26
140.205.201.38

/index.php
/controller/phpmyadmin load fail.
2017-09-17 13:43:38
140.205.201.38

/index.php
/controller/phpmyadmin load fail.
2017-09-17 13:43:38
140.205.201.38

/index.php
/controller/phpmyadmin load fail.
2017-09-17 13:43:38
140.205.201.38

/index.php
/controller/phpmyadmin load fail.
2017-09-17 13:43:38
140.205.201.38

/index.php
/controller/phpmyadmin load fail.
2017-09-17 13:43:39
140.205.201.38

/index.php
/controller/phpmyadmin load fail.
2017-09-17 13:43:39
140.205.201.38

/index.php
/controller/phpmyadmin load fail.
2017-09-17 13:43:39
140.205.201.38

/index.php
/controller/phpmyadmin load fail.
2017-09-17 13:43:39
140.205.201.38

/index.php
/controller/phpmyadmin load fail.
2017-09-17 13:43:40
140.205.201.38

/index.php
/controller/phpmyadmin load fail.
2017-09-17 13:43:40
140.205.201.38

/index.php
/controller/phpmyadmin load fail.
2017-09-17 13:43:41
140.205.201.38

/index.php
/controller/phpmyadmin load fail.
2017-09-17 13:43:41
140.205.201.38

/index.php
/controller/phpmyadmin load fail.
2017-09-17 13:43:42
140.205.201.38

/index.php
/controller/phpmyadmin load fail.
2017-09-17 13:43:42
140.205.201.38

/index.php
/controller/phpmyadmin load fail.
2017-09-17 13:43:42
140.205.201.38

/index.php
/controller/phpmyadmin load fail.
2017-09-17 13:43:42
140.205.201.38

/index.php
/controller/static load fail.
2017-09-17 13:43:43
140.205.201.38

/index.php
/controller/phpmyadmin load fail.
2017-09-17 13:43:43
140.205.201.38

/index.php
/controller/phpmyadmin load fail.
2017-09-17 13:43:43
140.205.201.38

/index.php
/controller/phpmyadmin load fail.
2017-09-17 13:43:43
140.205.201.38

/index.php
/controller/phpmyadmin load fail.
2017-09-17 13:43:43
140.205.201.38

/index.php
/controller/phpmyadmin load fail.
2017-09-17 13:43:44
140.205.201.38

/index.php
/controller/phpmyadmin load fail.
2017-09-17 13:43:44
140.205.201.38

/index.php
/controller/phpmyadmin load fail.
2017-09-17 13:43:45
140.205.201.38

/index.php
/controller/phpmyadmin load fail.
2017-09-17 13:43:45
140.205.201.38

/index.php
/controller/phpmyadmin load fail.
2017-09-17 13:43:46
140.205.201.38

/index.php
/controller/phpmyadmin load fail.
2017-09-17 13:43:46
140.205.201.38

/index.php
/controller/phpmyadmin load fail.
2017-09-17 13:43:46
140.205.201.38

/index.php
/controller/phpmyadmin load fail.
2017-09-17 13:43:46
140.205.201.38

/index.php
/controller/phpmyadmin load fail.
2017-09-17 13:43:47
140.205.201.38

/index.php
/controller/phpmyadmin load fail.
2017-09-17 13:43:47
140.205.201.38

/index.php
/controller/phpmyadmin load fail.
2017-09-17 13:43:47
140.205.201.38

/index.php
/controller/phpmyadmin load fail.
2017-09-17 13:43:47
140.205.201.38

/index.php
/controller/phpmyadmin load fail.
2017-09-17 13:43:48
140.205.201.38

/index.php
/controller/phpmyadmin load fail.
2017-09-17 13:43:49
140.205.201.38

/index.php
/controller/phpmyadmin load fail.
2017-09-17 13:43:49
140.205.201.38

/index.php
/controller/phpmyadmin load fail.
2017-09-17 13:43:49
140.205.201.38

/index.php
/controller/phpmyadmin load fail.
2017-09-17 13:43:50
140.205.201.38

/index.php
/controller/phpmyadmin load fail.
2017-09-17 13:43:50
140.205.201.38

/index.php
/controller/phpmyadmin load fail.
2017-09-17 13:43:50
140.205.201.38

/index.php
/controller/phpmyadmin load fail.
2017-09-17 13:43:50
140.205.201.38

/index.php
/controller/static load fail.
2017-09-17 13:43:51
140.205.201.38

/index.php
/controller/static load fail.
2017-09-17 13:44:52
140.205.201.38

/index.php
/controller/static load fail.
2017-09-17 13:45:07
140.205.201.38

/index.php
/controller/static load fail.
2017-09-17 13:45:18
140.205.201.38

/index.php
/controller/hwi load fail.
2017-09-17 13:45:55
140.205.201.38

/index.php
/controller/static load fail.
2017-09-17 13:45:57
140.205.201.38

/index.php
/controller/hwi load fail.
2017-09-17 13:46:16
140.205.201.38

/index.php
/controller/static load fail.
2017-09-17 13:46:56
140.205.201.38

/index.php
/controller/static load fail.
2017-09-17 13:47:21
140.205.201.38

/index.php
/controller/static load fail.
2017-09-17 13:47:27
140.205.201.38

/index.php
/controller/static load fail.
2017-09-17 13:47:32
140.205.201.38

/index.php
/controller/static load fail.
2017-09-17 13:47:42
140.205.201.38

/index.php
/controller/install load fail.
2017-09-17 13:48:03
140.205.201.38

/index.php
/controller/uddiexplorer load fail.
2017-09-17 13:48:05
140.205.201.38

/index.php
/controller/install load fail.
2017-09-17 13:48:07
140.205.201.38

/index.php
/controller/uddiexplorer load fail.
2017-09-17 13:48:08
140.205.201.38

/index.php
/controller/ganglia load fail.
2017-09-17 13:48:09
140.205.201.38

/index.php
/controller/plugins load fail.
2017-09-17 13:48:13
140.205.201.38

/index.php
/controller/ganglia load fail.
2017-09-17 13:48:15
140.205.201.38

/index.php
/controller/plugins load fail.
2017-09-17 13:48:20
140.205.201.38

/index.php
/controller/pzghjyelcaow load fail.
2017-09-17 13:48:29
140.205.201.38

/index.php
/controller/nzdshugcmvbt load fail.
2017-09-17 13:48:30
140.205.201.38

/index.php
/controller/hadoop load fail.
2017-09-17 13:50:11
140.205.201.38

/index.php
/controller/hadoop load fail.
2017-09-17 13:50:51
140.205.201.38

/index.php
/controller/script load fail.
2017-09-17 13:50:51
140.205.201.8

/index.php
/controller/supportbox load fail.
2017-09-17 13:50:51
140.205.201.8

/index.php
/controller/static load fail.
2017-09-17 13:51:27
140.205.201.38

/index.php
/controller/appcenter load fail.
2017-09-17 13:52:44
220.181.108.167

/index.php
/controller/static load fail.
2017-09-17 13:54:13
140.205.201.38

/index.php
/controller/T load fail.
2017-09-17 13:59:22
183.44.162.77

/index.php
/controller/T load fail.
2017-09-17 13:59:49
183.44.162.77

/index.php
/controller/script load fail.
2017-09-17 14:01:29
183.44.162.77

/index.php
/controller/supportbox load fail.
2017-09-17 14:01:30
183.44.162.77

/index.php
/controller/static load fail.
2017-09-17 14:01:52
183.44.162.77

/index.php
/controller/static load fail.
2017-09-17 14:01:52
183.44.162.77

/index.php
/controller/static load fail.
2017-09-17 14:01:52
183.44.162.77

/index.php
/controller/static load fail.
2017-09-17 14:02:11
183.44.162.77

/index.php
/controller/static load fail.
2017-09-17 14:02:11
183.44.162.77

/index.php
/controller/static load fail.
2017-09-17 14:02:11
183.44.162.77

/index.php
/controller/script load fail.
2017-09-17 14:02:12
120.33.109.5

/index.php
/controller/supportbox load fail.
2017-09-17 14:02:12
120.33.109.5

/index.php
/controller/script load fail.
2017-09-17 14:02:13
42.156.251.194

/index.php
/controller/static load fail.
2017-09-17 14:02:41
183.44.162.77

/index.php
/controller/static load fail.
2017-09-17 14:02:41
183.44.162.77

/index.php
/controller/static load fail.
2017-09-17 14:02:41
183.44.162.77

/index.php
/controller/static load fail.
2017-09-17 14:02:50
183.44.162.77

/index.php
/controller/static load fail.
2017-09-17 14:02:50
183.44.162.77

/index.php
/controller/static load fail.
2017-09-17 14:02:50
183.44.162.77

/index.php
/controller/static load fail.
2017-09-17 14:02:55
183.44.162.77

/index.php
/controller/static load fail.
2017-09-17 14:02:55
183.44.162.77

/index.php
/controller/static load fail.
2017-09-17 14:02:55
183.44.162.77

/index.php
/controller/script load fail.
2017-09-17 14:03:22
120.33.109.5

/index.php
/controller/supportbox load fail.
2017-09-17 14:03:22
120.33.109.5

/index.php
/controller/static load fail.
2017-09-17 14:03:23
183.44.162.77

/index.php
/controller/static load fail.
2017-09-17 14:03:23
183.44.162.77

/index.php
/controller/static load fail.
2017-09-17 14:03:23
183.44.162.77

/index.php
/controller/static load fail.
2017-09-17 14:03:25
183.44.162.77

/index.php
/controller/static load fail.
2017-09-17 14:03:25
183.44.162.77

/index.php
/controller/static load fail.
2017-09-17 14:03:25
183.44.162.77

/index.php
/controller/static load fail.
2017-09-17 14:03:45
183.44.162.77

/index.php
/controller/static load fail.
2017-09-17 14:03:45
183.44.162.77

/index.php
/controller/static load fail.
2017-09-17 14:03:45
183.44.162.77

/index.php
/controller/static load fail.
2017-09-17 14:03:52
183.44.162.77

/index.php
/controller/static load fail.
2017-09-17 14:03:52
183.44.162.77

/index.php
/controller/static load fail.
2017-09-17 14:03:52
183.44.162.77

/index.php
/controller/script load fail.
2017-09-17 14:05:40
120.33.109.5

/index.php
/controller/supportbox load fail.
2017-09-17 14:05:40
120.33.109.5

/index.php
/controller/script load fail.
2017-09-17 14:05:44
120.33.109.5

/index.php
/controller/supportbox load fail.
2017-09-17 14:05:44
120.33.109.5

/index.php
/controller/demo load fail.
2017-09-17 14:08:44
222.214.88.251

/index.php
/controller/demo load fail.
2017-09-17 14:08:46
222.214.88.251

/index.php
/controller/T load fail.
2017-09-17 14:08:55
222.214.88.251

/index.php
/controller/demo load fail.
2017-09-17 14:09:17
222.214.88.251

/index.php
/controller/T load fail.
2017-09-17 14:09:24
222.214.88.251

/index.php
/controller/static load fail.
2017-09-17 14:09:53
183.44.162.77

/index.php
/controller/static load fail.
2017-09-17 14:09:53
183.44.162.77

/index.php
/controller/static load fail.
2017-09-17 14:09:54
183.44.162.77

/index.php
/controller/script load fail.
2017-09-17 14:10:26
120.239.126.4

/index.php
/controller/phpmyadmin load fail.
2017-09-17 14:10:27
140.205.225.189

/index.php
/controller/phpmyadmin load fail.
2017-09-17 14:10:27
140.205.225.189

/index.php
/controller/phpmyadmin load fail.
2017-09-17 14:10:28
140.205.225.189

/index.php
/controller/phpmyadmin load fail.
2017-09-17 14:10:29
140.205.225.189

/index.php
/controller/supportbox load fail.
2017-09-17 14:10:29
120.239.126.4

/index.php
/controller/phpmyadmin load fail.
2017-09-17 14:10:30
140.205.225.189

/index.php
/controller/phpmyadmin load fail.
2017-09-17 14:10:30
140.205.225.189

/index.php
/controller/phpmyadmin load fail.
2017-09-17 14:10:31
140.205.225.189

/index.php
/controller/phpmyadmin load fail.
2017-09-17 14:10:31
140.205.225.189

/index.php
/controller/phpmyadmin load fail.
2017-09-17 14:10:32
140.205.225.189

/index.php
/controller/phpmyadmin load fail.
2017-09-17 14:10:33
140.205.225.189

/index.php
/controller/phpmyadmin load fail.
2017-09-17 14:10:34
140.205.225.189

/index.php
/controller/phpmyadmin load fail.
2017-09-17 14:10:34
140.205.225.189

/index.php
/controller/phpmyadmin load fail.
2017-09-17 14:10:35
140.205.225.189

/index.php
/controller/phpmyadmin load fail.
2017-09-17 14:10:35
140.205.225.189

/index.php
/controller/phpmyadmin load fail.
2017-09-17 14:10:36
140.205.225.189

/index.php
/controller/phpmyadmin load fail.
2017-09-17 14:10:37
140.205.225.189

/index.php
/controller/phpmyadmin load fail.
2017-09-17 14:10:38
140.205.225.189

/index.php
/controller/phpmyadmin load fail.
2017-09-17 14:10:38
140.205.225.189

/index.php
/controller/phpmyadmin load fail.
2017-09-17 14:10:39
140.205.225.189

/index.php
/controller/phpmyadmin load fail.
2017-09-17 14:10:39
140.205.225.189

/index.php
/controller/static load fail.
2017-09-17 14:10:56
183.44.162.77

/index.php
/controller/static load fail.
2017-09-17 14:10:56
183.44.162.77

/index.php
/controller/static load fail.
2017-09-17 14:10:56
183.44.162.77

/index.php
/controller/demo load fail.
2017-09-17 14:10:56
120.239.126.4

/index.php
/controller/script load fail.
2017-09-17 14:12:41
101.226.125.14

/index.php
/controller/script load fail.
2017-09-17 14:13:43
118.81.251.104

/index.php
/controller/supportbox load fail.
2017-09-17 14:13:45
118.81.251.104

/index.php
/controller/script load fail.
2017-09-17 14:14:21
183.44.162.77

/index.php
/controller/supportbox load fail.
2017-09-17 14:14:21
183.44.162.77

/index.php
/controller/static load fail.
2017-09-17 14:14:23
183.44.162.77

/index.php
/controller/static load fail.
2017-09-17 14:14:23
183.44.162.77

/index.php
/controller/static load fail.
2017-09-17 14:14:23
183.44.162.77

/index.php
/controller/member/truename load fail.
2017-09-17 14:14:26
183.44.162.77

/index.php
/controller/static load fail.
2017-09-17 14:14:29
183.44.162.77

/index.php
/controller/static load fail.
2017-09-17 14:14:29
183.44.162.77

/index.php
/controller/static load fail.
2017-09-17 14:14:29
183.44.162.77

/index.php
/controller/member/truename load fail.
2017-09-17 14:14:31
183.44.162.77

/index.php
/controller/static load fail.
2017-09-17 14:14:33
183.44.162.77

/index.php
/controller/static load fail.
2017-09-17 14:14:33
183.44.162.77

/index.php
/controller/static load fail.
2017-09-17 14:14:33
183.44.162.77

/index.php
/controller/static load fail.
2017-09-17 14:14:35
183.44.162.77

/index.php
/controller/static load fail.
2017-09-17 14:14:35
183.44.162.77

/index.php
/controller/static load fail.
2017-09-17 14:14:35
183.44.162.77

/index.php
/controller/static load fail.
2017-09-17 14:14:41
183.44.162.77

/index.php
/controller/static load fail.
2017-09-17 14:14:41
183.44.162.77

/index.php
/controller/static load fail.
2017-09-17 14:14:41
183.44.162.77

/index.php
/controller/static load fail.
2017-09-17 14:14:47
183.44.162.77

/index.php
/controller/static load fail.
2017-09-17 14:14:47
183.44.162.77

/index.php
/controller/static load fail.
2017-09-17 14:14:47
183.44.162.77

/index.php
/controller/static load fail.
2017-09-17 14:15:17
183.44.162.77

/index.php
/controller/static load fail.
2017-09-17 14:15:17
183.44.162.77

/index.php
/controller/static load fail.
2017-09-17 14:15:17
183.44.162.77

/index.php
/controller/supportbox load fail.
2017-09-17 14:15:27
118.81.251.104

/index.php
/controller/static load fail.
2017-09-17 14:15:34
183.44.162.77

/index.php
/controller/static load fail.
2017-09-17 14:15:34
183.44.162.77

/index.php
/controller/static load fail.
2017-09-17 14:15:34
183.44.162.77

/index.php
/controller/script load fail.
2017-09-17 14:17:35
222.214.88.251

/index.php
/controller/supportbox load fail.
2017-09-17 14:17:36
222.214.88.251

/index.php
/controller/demo load fail.
2017-09-17 14:17:40
222.214.88.251

/index.php
/controller/T load fail.
2017-09-17 14:17:49
222.214.88.251

/index.php
/controller/script load fail.
2017-09-17 14:18:06
61.190.162.237

/index.php
/controller/supportbox load fail.
2017-09-17 14:18:07
61.190.162.237

/index.php
/controller/showcase load fail.
2017-09-17 14:23:10
140.205.225.189

/index.php
/controller/integration load fail.
2017-09-17 14:23:10
140.205.225.189

/index.php
/controller/T load fail.
2017-09-17 14:25:17
101.226.102.145

/index.php
/controller/T load fail.
2017-09-17 14:25:27
101.226.102.145

/index.php
/controller/script load fail.
2017-09-17 14:25:57
222.214.88.251

/index.php
/controller/supportbox load fail.
2017-09-17 14:25:57
222.214.88.251

/index.php
/controller/static load fail.
2017-09-17 14:27:42
119.86.193.65

/index.php
/controller/static load fail.
2017-09-17 14:27:42
119.86.193.65

/index.php
/controller/static load fail.
2017-09-17 14:27:42
119.86.193.65

/index.php
/controller/static load fail.
2017-09-17 14:27:45
119.86.193.65

/index.php
/controller/static load fail.
2017-09-17 14:27:45
119.86.193.65

/index.php
/controller/static load fail.
2017-09-17 14:27:45
119.86.193.65

/index.php
/controller/static load fail.
2017-09-17 14:27:54
119.86.193.65

/index.php
/controller/static load fail.
2017-09-17 14:27:55
119.86.193.65

/index.php
/controller/static load fail.
2017-09-17 14:27:55
119.86.193.65

/index.php
/controller/static load fail.
2017-09-17 14:27:56
119.86.193.65

/index.php
/controller/static load fail.
2017-09-17 14:27:56
119.86.193.65

/index.php
/controller/static load fail.
2017-09-17 14:27:57
119.86.193.65

/index.php
/controller/static load fail.
2017-09-17 14:27:58
119.86.193.65

/index.php
/controller/static load fail.
2017-09-17 14:27:58
119.86.193.65

/index.php
/controller/static load fail.
2017-09-17 14:27:58
119.86.193.65

/index.php
/controller/static load fail.
2017-09-17 14:27:59
119.86.193.65

/index.php
/controller/static load fail.
2017-09-17 14:27:59
119.86.193.65

/index.php
/controller/static load fail.
2017-09-17 14:27:59
119.86.193.65

/index.php
/controller/static load fail.
2017-09-17 14:28:00
119.86.193.65

/index.php
/controller/static load fail.
2017-09-17 14:28:00
119.86.193.65

/index.php
/controller/static load fail.
2017-09-17 14:28:00
119.86.193.65

/index.php
/controller/static load fail.
2017-09-17 14:28:01
119.86.193.65

/index.php
/controller/static load fail.
2017-09-17 14:28:01
119.86.193.65

/index.php
/controller/static load fail.
2017-09-17 14:28:01
119.86.193.65

/index.php
/controller/member/truename load fail.
2017-09-17 14:28:02
119.86.193.65

/index.php
/controller/script load fail.
2017-09-17 14:33:11
60.222.167.30

/index.php
/controller/supportbox load fail.
2017-09-17 14:33:12
60.222.167.30

/index.php
/controller/ganglia load fail.
2017-09-17 14:36:49
140.205.225.189

/index.php
/controller/script load fail.
2017-09-17 14:41:12
219.133.40.15

/index.php
/controller/script load fail.
2017-09-17 14:42:37
58.100.205.192

/index.php
/controller/supportbox load fail.
2017-09-17 14:42:38
58.100.205.192

/index.php
/controller/static load fail.
2017-09-17 14:47:59
117.136.79.29

/index.php
/controller/static load fail.
2017-09-17 14:47:59
117.136.79.29

/index.php
/controller/static load fail.
2017-09-17 14:47:59
117.136.79.29

/index.php
/controller/static load fail.
2017-09-17 14:48:30
117.136.79.29

/index.php
/controller/static load fail.
2017-09-17 14:48:30
117.136.79.29

/index.php
/controller/static load fail.
2017-09-17 14:48:30
117.136.79.29

/index.php
/controller/script load fail.
2017-09-17 14:48:32
183.232.90.143

/index.php
/controller/static load fail.
2017-09-17 14:48:52
117.136.79.29

/index.php
/controller/static load fail.
2017-09-17 14:48:52
117.136.79.29

/index.php
/controller/static load fail.
2017-09-17 14:48:52
117.136.79.29

/index.php
/controller/T load fail.
2017-09-17 14:49:35
61.242.42.160

/index.php
/controller/perjlcnfxovw load fail.
2017-09-17 14:52:22
140.205.225.189

/index.php
/controller/script load fail.
2017-09-17 14:52:35
183.44.162.77

/index.php
/controller/supportbox load fail.
2017-09-17 14:52:35
183.44.162.77

/index.php
/controller/static load fail.
2017-09-17 14:52:38
183.44.162.77

/index.php
/controller/static load fail.
2017-09-17 14:52:38
183.44.162.77

/index.php
/controller/static load fail.
2017-09-17 14:52:38
183.44.162.77

/index.php
/controller/static load fail.
2017-09-17 14:52:48
183.44.162.77

/index.php
/controller/static load fail.
2017-09-17 14:52:48
183.44.162.77

/index.php
/controller/static load fail.
2017-09-17 14:52:48
183.44.162.77

/index.php
/controller/static load fail.
2017-09-17 14:52:49
183.44.162.77

/index.php
/controller/static load fail.
2017-09-17 14:52:49
183.44.162.77

/index.php
/controller/static load fail.
2017-09-17 14:52:49
183.44.162.77

/index.php
/controller/T load fail.
2017-09-17 14:53:54
183.44.162.77

/index.php
/controller/static load fail.
2017-09-17 14:54:14
183.44.162.77

/index.php
/controller/static load fail.
2017-09-17 14:54:14
183.44.162.77

/index.php
/controller/static load fail.
2017-09-17 14:54:14
183.44.162.77

/index.php
/controller/static load fail.
2017-09-17 14:56:15
61.242.42.129

/index.php
/controller/static load fail.
2017-09-17 14:56:20
61.242.42.129

/index.php
/controller/static load fail.
2017-09-17 14:56:23
61.242.42.129

/index.php
/controller/phpmyadmin load fail.
2017-09-17 14:56:39
140.205.201.41

/index.php
/controller/phpmyadmin load fail.
2017-09-17 14:56:39
140.205.201.41

/index.php
/controller/phpmyadmin load fail.
2017-09-17 14:56:40
140.205.201.41

/index.php
/controller/phpmyadmin load fail.
2017-09-17 14:56:41
140.205.201.41

/index.php
/controller/phpmyadmin load fail.
2017-09-17 14:56:42
140.205.201.41

/index.php
/controller/phpmyadmin load fail.
2017-09-17 14:56:42
140.205.201.41

/index.php
/controller/phpmyadmin load fail.
2017-09-17 14:56:43
140.205.201.41

/index.php
/controller/phpmyadmin load fail.
2017-09-17 14:56:43
140.205.201.41

/index.php
/controller/phpmyadmin load fail.
2017-09-17 14:56:44
140.205.201.41

/index.php
/controller/phpmyadmin load fail.
2017-09-17 14:56:45
140.205.201.41

/index.php
/controller/phpmyadmin load fail.
2017-09-17 14:56:46
140.205.201.41

/index.php
/controller/phpmyadmin load fail.
2017-09-17 14:56:46
140.205.201.41

/index.php
/controller/phpmyadmin load fail.
2017-09-17 14:56:47
140.205.201.41

/index.php
/controller/phpmyadmin load fail.
2017-09-17 14:56:47
140.205.201.41

/index.php
/controller/phpmyadmin load fail.
2017-09-17 14:56:48
140.205.201.41

/index.php
/controller/phpmyadmin load fail.
2017-09-17 14:56:49
140.205.201.41

/index.php
/controller/phpmyadmin load fail.
2017-09-17 14:56:50
140.205.201.41

/index.php
/controller/phpmyadmin load fail.
2017-09-17 14:56:50
140.205.201.41

/index.php
/controller/phpmyadmin load fail.
2017-09-17 14:56:51
140.205.201.41

/index.php
/controller/phpmyadmin load fail.
2017-09-17 14:56:51
140.205.201.41

/index.php
/controller/static load fail.
2017-09-17 14:57:11
61.242.42.129

/index.php
/controller/static load fail.
2017-09-17 14:57:14
61.242.42.129

/index.php
/controller/static load fail.
2017-09-17 14:57:26
61.242.42.129

/index.php
/controller/script load fail.
2017-09-17 14:57:44
183.44.162.77

/index.php
/controller/supportbox load fail.
2017-09-17 14:57:44
183.44.162.77

/index.php
/controller/static load fail.
2017-09-17 14:58:27
183.44.162.77

/index.php
/controller/static load fail.
2017-09-17 14:58:27
183.44.162.77

/index.php
/controller/static load fail.
2017-09-17 14:58:28
183.44.162.77

/index.php
/controller/showcase load fail.
2017-09-17 14:58:57
140.205.201.41

/index.php
/controller/integration load fail.
2017-09-17 14:58:57
140.205.201.41

/index.php
/controller/static load fail.
2017-09-17 14:59:21
61.242.42.129

/index.php
/controller/hwi load fail.
2017-09-17 14:59:31
140.205.225.189

/index.php
/controller/static load fail.
2017-09-17 14:59:40
61.242.42.129

/index.php
/controller/static load fail.
2017-09-17 14:59:43
61.242.42.129

/index.php
/controller/static load fail.
2017-09-17 14:59:56
61.242.42.129

/index.php
/controller/static load fail.
2017-09-17 15:00:00
61.242.42.129

/index.php
/controller/static load fail.
2017-09-17 15:00:04
61.242.42.129

/index.php
/controller/static load fail.
2017-09-17 15:00:08
61.242.42.129

/index.php
/controller/ganglia load fail.
2017-09-17 15:02:16
140.205.201.41

/index.php
/controller/static load fail.
2017-09-17 15:03:44
61.242.42.129

/index.php
/controller/demo load fail.
2017-09-17 15:04:20
222.214.88.251

/index.php
/controller/demo load fail.
2017-09-17 15:04:20
222.214.88.251

/index.php
/controller/demo load fail.
2017-09-17 15:04:21
222.214.88.251

/index.php
/controller/demo load fail.
2017-09-17 15:04:24
222.214.88.251

/index.php
/controller/script load fail.
2017-09-17 15:04:26
222.214.88.251

/index.php
/controller/supportbox load fail.
2017-09-17 15:04:26
222.214.88.251

/index.php
/controller/demo load fail.
2017-09-17 15:04:27
222.214.88.251

/index.php
/controller/demo load fail.
2017-09-17 15:04:28
222.214.88.251

/index.php
/controller/static load fail.
2017-09-17 15:04:35
61.242.42.129

/index.php
/controller/static load fail.
2017-09-17 15:04:35
61.242.42.129

/index.php
/controller/static load fail.
2017-09-17 15:04:36
61.242.42.129

/index.php
/controller/T load fail.
2017-09-17 15:05:13
219.133.40.16

/index.php
/controller/info load fail.
2017-09-17 15:08:45
140.205.225.189

/index.php
/controller/static load fail.
2017-09-17 15:09:00
61.242.42.129

/index.php
/controller/static load fail.
2017-09-17 15:09:36
61.242.42.129

/index.php
/controller/static load fail.
2017-09-17 15:14:06
61.242.42.129

/index.php
/controller/static load fail.
2017-09-17 15:14:08
61.242.42.129

/index.php
/controller/static load fail.
2017-09-17 15:14:09
61.242.42.129

/index.php
/controller/static load fail.
2017-09-17 15:14:10
61.242.42.129

/index.php
/controller/static load fail.
2017-09-17 15:14:11
61.242.42.129

/index.php
/controller/static load fail.
2017-09-17 15:14:11
61.242.42.129

/index.php
/controller/static load fail.
2017-09-17 15:14:32
61.242.42.129

/index.php
/controller/static load fail.
2017-09-17 15:14:52
61.242.42.129

/index.php
/controller/static load fail.
2017-09-17 15:14:56
61.242.42.129

/index.php
/controller/static load fail.
2017-09-17 15:15:01
61.242.42.129

/index.php
/controller/static load fail.
2017-09-17 15:15:57
61.242.42.129

/index.php
/controller/static load fail.
2017-09-17 15:16:00
61.242.42.129

/index.php
/controller/static load fail.
2017-09-17 15:16:01
61.242.42.129

/index.php
/controller/static load fail.
2017-09-17 15:16:03
61.242.42.129

/index.php
/controller/static load fail.
2017-09-17 15:16:04
61.242.42.129

/index.php
/controller/static load fail.
2017-09-17 15:16:05
61.242.42.129

/index.php
/controller/static load fail.
2017-09-17 15:16:09
61.242.42.129

/index.php
/controller/static load fail.
2017-09-17 15:16:17
61.242.42.129

/index.php
/controller/config load fail.
2017-09-17 15:17:15
66.249.64.134

/index.php
/controller/jscripts load fail.
2017-09-17 15:17:16
66.249.64.134

/index.php
/controller/Template load fail.
2017-09-17 15:17:16
66.249.64.134

/index.php
/controller/jscripts load fail.
2017-09-17 15:17:17
66.249.64.138

/index.php
/controller/demo load fail.
2017-09-17 15:21:37
223.104.108.207

/index.php
/controller/script load fail.
2017-09-17 15:21:37
223.104.108.207

/index.php
/controller/supportbox load fail.
2017-09-17 15:21:40
223.104.108.207

/index.php
/controller/demo load fail.
2017-09-17 15:21:40
223.104.108.207

/index.php
/controller/T load fail.
2017-09-17 15:22:44
182.131.10.215

/index.php
/controller/T load fail.
2017-09-17 15:22:53
182.131.10.215

/index.php
/controller/template load fail.
2017-09-17 15:28:01
66.249.64.134

/index.php
/controller/jenkins load fail.
2017-09-17 15:31:44
140.205.225.189

/index.php
/controller/zabbix load fail.
2017-09-17 15:33:26
140.205.225.189

/index.php
/controller/solr load fail.
2017-09-17 15:35:32
140.205.225.189

/index.php
/controller/ycufkwlbrgno load fail.
2017-09-17 15:36:20
140.205.201.41

/index.php
/controller/static load fail.
2017-09-17 15:39:29
61.242.42.129

/index.php
/controller/static load fail.
2017-09-17 15:39:29
61.242.42.129

/index.php
/controller/static load fail.
2017-09-17 15:39:29
61.242.42.129

/index.php
/controller/static load fail.
2017-09-17 15:39:30
61.242.42.129

/index.php
/controller/static load fail.
2017-09-17 15:39:31
61.242.42.129

/index.php
/controller/static load fail.
2017-09-17 15:39:31
61.242.42.129

/index.php
/controller/static load fail.
2017-09-17 15:39:32
61.242.42.129

/index.php
/controller/static load fail.
2017-09-17 15:39:59
61.242.42.129

/index.php
/controller/static load fail.
2017-09-17 15:40:00
61.242.42.129

/index.php
/controller/static load fail.
2017-09-17 15:40:01
61.242.42.129

/index.php
/controller/static load fail.
2017-09-17 15:40:02
61.242.42.129

/index.php
/controller/static load fail.
2017-09-17 15:40:03
61.242.42.129

/index.php
/controller/static load fail.
2017-09-17 15:40:05
61.242.42.129

/index.php
/controller/static load fail.
2017-09-17 15:40:23
61.242.42.129

/index.php
/controller/static load fail.
2017-09-17 15:40:26
61.242.42.129

/index.php
/controller/static load fail.
2017-09-17 15:40:30
61.242.42.129

/index.php
/controller/static load fail.
2017-09-17 15:40:37
61.242.42.129

/index.php
/controller/script load fail.
2017-09-17 15:47:06
125.69.126.248

/index.php
/controller/supportbox load fail.
2017-09-17 15:47:08
125.69.126.248

/index.php
/controller/demo load fail.
2017-09-17 15:47:14
125.69.126.248

/index.php
/controller/static load fail.
2017-09-17 15:47:26
61.242.42.129

/index.php
/controller/static load fail.
2017-09-17 15:47:27
61.242.42.129

/index.php
/controller/static load fail.
2017-09-17 15:47:28
61.242.42.129

/index.php
/controller/static load fail.
2017-09-17 15:47:28
61.242.42.129

/index.php
/controller/static load fail.
2017-09-17 15:47:30
61.242.42.129

/index.php
/controller/static load fail.
2017-09-17 15:47:31
61.242.42.129

/index.php
/controller/static load fail.
2017-09-17 15:47:32
61.242.42.129

/index.php
/controller/static load fail.
2017-09-17 15:47:33
61.242.42.129

/index.php
/controller/static load fail.
2017-09-17 15:47:35
61.242.42.129

/index.php
/controller/static load fail.
2017-09-17 15:47:38
61.242.42.129

/index.php
/controller/static load fail.
2017-09-17 15:47:39
61.242.42.129

/index.php
/controller/static load fail.
2017-09-17 15:47:46
61.242.42.129

/index.php
/controller/demo load fail.
2017-09-17 15:50:08
125.69.126.248

/index.php
/controller/T load fail.
2017-09-17 15:50:38
182.131.11.251

/index.php
/controller/demo load fail.
2017-09-17 15:51:28
125.69.126.248

/index.php
/controller/T load fail.
2017-09-17 15:51:44
182.131.11.251

/index.php
/controller/warning load fail.
2017-09-17 15:54:42
140.205.225.189

/index.php
/controller/static load fail.
2017-09-17 15:58:59
61.242.42.129

/index.php
/controller/static load fail.
2017-09-17 15:59:03
61.242.42.129

/index.php
/controller/static load fail.
2017-09-17 15:59:05
61.242.42.129

/index.php
/controller/pleasereadthis load fail.
2017-09-17 16:02:45
140.205.225.189

/index.php
/controller/script load fail.
2017-09-17 16:04:41
125.73.132.165

/index.php
/controller/supportbox load fail.
2017-09-17 16:04:41
125.73.132.165

/index.php
/controller/script load fail.
2017-09-17 16:05:34
125.73.132.165

/index.php
/controller/please_read load fail.
2017-09-17 16:06:30
140.205.225.189

/index.php
/controller/script load fail.
2017-09-17 16:06:44
124.227.217.205

/index.php
/controller/supportbox load fail.
2017-09-17 16:06:45
124.227.217.205

/index.php
/controller/script load fail.
2017-09-17 16:06:55
158.69.228.56

/index.php
/controller/supportbox load fail.
2017-09-17 16:06:58
158.69.228.56

/index.php
/controller/script load fail.
2017-09-17 16:07:22
158.69.228.56

/index.php
/controller/supportbox load fail.
2017-09-17 16:07:24
158.69.228.56

/index.php
/controller/static load fail.
2017-09-17 16:08:01
61.242.42.129

/index.php
/controller/appcenter load fail.
2017-09-17 16:08:22
158.69.228.56

/index.php
/controller/hadoop load fail.
2017-09-17 16:08:45
140.205.225.189

/index.php
/controller/appcenter load fail.
2017-09-17 16:08:54
158.69.228.56

/index.php
/controller/hwi load fail.
2017-09-17 16:11:33
140.205.201.41

/index.php
/controller/script load fail.
2017-09-17 16:23:16
115.51.238.54

/index.php
/controller/supportbox load fail.
2017-09-17 16:23:18
115.51.238.54

/index.php
/controller/T load fail.
2017-09-17 16:33:12
61.242.42.129

/index.php
/controller/T load fail.
2017-09-17 16:33:43
61.242.42.129

/index.php
/controller/script load fail.
2017-09-17 16:33:53
115.51.238.54

/index.php
/controller/supportbox load fail.
2017-09-17 16:33:55
115.51.238.54

/index.php
/controller/css load fail.
2017-09-17 16:33:56
115.51.238.54

/index.php
/controller/demo load fail.
2017-09-17 16:34:00
115.51.238.54

/index.php
/controller/script load fail.
2017-09-17 16:34:04
115.51.238.54

/index.php
/controller/supportbox load fail.
2017-09-17 16:34:04
115.51.238.54

/index.php
/controller/script load fail.
2017-09-17 16:36:27
61.242.42.129

/index.php
/controller/supportbox load fail.
2017-09-17 16:36:28
61.242.42.129

/index.php
/controller/static load fail.
2017-09-17 16:37:38
61.242.42.129

/index.php
/controller/static load fail.
2017-09-17 16:37:46
61.242.42.129

/index.php
/controller/static load fail.
2017-09-17 16:37:49
61.242.42.129

/index.php
/controller/static load fail.
2017-09-17 16:37:52
61.242.42.129

/index.php
/controller/script load fail.
2017-09-17 16:38:09
112.114.12.146

/index.php
/controller/supportbox load fail.
2017-09-17 16:38:11
112.114.12.146

/index.php
/controller/static load fail.
2017-09-17 16:38:41
61.242.42.129

/index.php
/controller/static load fail.
2017-09-17 16:38:47
61.242.42.129

/index.php
/controller/static load fail.
2017-09-17 16:39:20
61.242.42.129

/index.php
/controller/static load fail.
2017-09-17 16:41:47
61.242.42.129

/index.php
/controller/static load fail.
2017-09-17 16:42:06
61.242.42.129

/index.php
/controller/static load fail.
2017-09-17 16:42:11
61.242.42.129

/index.php
/controller/static load fail.
2017-09-17 16:42:13
61.242.42.129

/index.php
/controller/static load fail.
2017-09-17 16:42:14
61.242.42.129

/index.php
/controller/static load fail.
2017-09-17 16:42:14
61.242.42.129

/index.php
/controller/static load fail.
2017-09-17 16:42:14
61.242.42.129

/index.php
/controller/static load fail.
2017-09-17 16:42:15
61.242.42.129

/index.php
/controller/static load fail.
2017-09-17 16:42:15
61.242.42.129

/index.php
/controller/static load fail.
2017-09-17 16:42:15
61.242.42.129

/index.php
/controller/static load fail.
2017-09-17 16:42:16
61.242.42.129

/index.php
/controller/static load fail.
2017-09-17 16:42:17
61.242.42.129

/index.php
/controller/static load fail.
2017-09-17 16:42:18
61.242.42.129

/index.php
/controller/static load fail.
2017-09-17 16:42:19
61.242.42.129

/index.php
/controller/static load fail.
2017-09-17 16:42:19
61.242.42.129

/index.php
/controller/static load fail.
2017-09-17 16:42:20
61.242.42.129

/index.php
/controller/static load fail.
2017-09-17 16:42:20
61.242.42.129

/index.php
/controller/static load fail.
2017-09-17 16:42:21
61.242.42.129

/index.php
/controller/static load fail.
2017-09-17 16:42:21
61.242.42.129

/index.php
/controller/static load fail.
2017-09-17 16:42:21
61.242.42.129

/index.php
/controller/static load fail.
2017-09-17 16:42:22
61.242.42.129

/index.php
/controller/static load fail.
2017-09-17 16:42:22
61.242.42.129

/index.php
/controller/static load fail.
2017-09-17 16:42:31
61.242.42.129

/index.php
/controller/static load fail.
2017-09-17 16:42:34
61.242.42.129

/index.php
/controller/static load fail.
2017-09-17 16:42:35
61.242.42.129

/index.php
/controller/static load fail.
2017-09-17 16:46:27
61.242.42.129

/index.php
/controller/static load fail.
2017-09-17 16:46:58
61.242.42.129

/index.php
/controller/static load fail.
2017-09-17 16:46:58
61.242.42.129

/index.php
/controller/static load fail.
2017-09-17 16:47:01
61.242.42.129

/index.php
/controller/static load fail.
2017-09-17 16:47:08
61.242.42.129

/index.php
/controller/static load fail.
2017-09-17 16:47:11
61.242.42.129

/index.php
/controller/static load fail.
2017-09-17 16:47:13
61.242.42.129

/index.php
/controller/script load fail.
2017-09-17 16:47:53
61.242.42.129

/index.php
/controller/supportbox load fail.
2017-09-17 16:47:55
61.242.42.129

/index.php
/controller/static load fail.
2017-09-17 16:48:15
61.242.42.129

/index.php
/controller/static load fail.
2017-09-17 16:48:16
61.242.42.129

/index.php
/controller/static load fail.
2017-09-17 16:48:16
61.242.42.129

/index.php
/controller/static load fail.
2017-09-17 16:48:42
61.242.42.129

/index.php
/controller/static load fail.
2017-09-17 16:48:42
61.242.42.129

/index.php
/controller/static load fail.
2017-09-17 16:48:42
61.242.42.129

/index.php
/controller/member/truename load fail.
2017-09-17 16:48:44
61.242.42.129

/index.php
/controller/static load fail.
2017-09-17 16:48:49
61.242.42.129

/index.php
/controller/static load fail.
2017-09-17 16:48:49
61.242.42.129

/index.php
/controller/static load fail.
2017-09-17 16:48:50
61.242.42.129

/index.php
/controller/static load fail.
2017-09-17 16:49:15
61.242.42.129

/index.php
/controller/static load fail.
2017-09-17 16:49:16
61.242.42.129

/index.php
/controller/static load fail.
2017-09-17 16:49:18
61.242.42.129

/index.php
/controller/static load fail.
2017-09-17 16:49:19
61.242.42.129

/index.php
/controller/static load fail.
2017-09-17 16:54:05
61.242.42.129

/index.php
/controller/T load fail.
2017-09-17 16:54:58
61.242.42.129

/index.php
/controller/static load fail.
2017-09-17 16:55:05
61.242.42.129

/index.php
/controller/static load fail.
2017-09-17 16:55:07
61.242.42.129

/index.php
/controller/static load fail.
2017-09-17 16:55:10
61.242.42.129

/index.php
/controller/static load fail.
2017-09-17 16:55:12
61.242.42.129

/index.php
/controller/static load fail.
2017-09-17 16:55:19
61.242.42.129

/index.php
/controller/static load fail.
2017-09-17 16:55:23
61.242.42.129

/index.php
/controller/static load fail.
2017-09-17 16:55:30
61.242.42.129

/index.php
/controller/static load fail.
2017-09-17 16:55:33
61.242.42.129

/index.php
/controller/static load fail.
2017-09-17 16:55:41
61.242.42.129

/index.php
/controller/static load fail.
2017-09-17 17:01:54
61.242.42.129

/index.php
/controller/static load fail.
2017-09-17 17:01:54
61.242.42.129

/index.php
/controller/static load fail.
2017-09-17 17:04:03
61.242.42.129

/index.php
/controller/static load fail.
2017-09-17 17:04:10
61.242.42.129

/index.php
/controller/static load fail.
2017-09-17 17:04:10
61.242.42.129

/index.php
/controller/static load fail.
2017-09-17 17:04:10
61.242.42.129

/index.php
/controller/static load fail.
2017-09-17 17:06:33
111.11.6.61

/index.php
/controller/static load fail.
2017-09-17 17:06:33
111.11.6.61

/index.php
/controller/static load fail.
2017-09-17 17:06:33
111.11.6.61

/index.php
/controller/static load fail.
2017-09-17 17:06:56
111.11.6.61

/index.php
/controller/static load fail.
2017-09-17 17:06:56
111.11.6.61

/index.php
/controller/static load fail.
2017-09-17 17:06:57
111.11.6.61

/index.php
/controller/static load fail.
2017-09-17 17:06:57
61.242.42.129

/index.php
/controller/static load fail.
2017-09-17 17:06:57
61.242.42.129

/index.php
/controller/static load fail.
2017-09-17 17:06:57
61.242.42.129

/index.php
/controller/static load fail.
2017-09-17 17:06:58
111.11.6.61

/index.php
/controller/static load fail.
2017-09-17 17:06:58
111.11.6.61

/index.php
/controller/static load fail.
2017-09-17 17:06:58
111.11.6.61

/index.php
/controller/static load fail.
2017-09-17 17:07:00
61.242.42.129

/index.php
/controller/static load fail.
2017-09-17 17:07:00
61.242.42.129

/index.php
/controller/static load fail.
2017-09-17 17:07:00
61.242.42.129

/index.php
/controller/static load fail.
2017-09-17 17:07:02
111.11.6.61

/index.php
/controller/static load fail.
2017-09-17 17:07:03
111.11.6.61

/index.php
/controller/static load fail.
2017-09-17 17:07:03
111.11.6.61

/index.php
/controller/T load fail.
2017-09-17 17:07:20
61.242.42.129

/index.php
/controller/static load fail.
2017-09-17 17:07:35
61.242.42.129

/index.php
/controller/static load fail.
2017-09-17 17:07:35
61.242.42.129

/index.php
/controller/static load fail.
2017-09-17 17:07:35
61.242.42.129

/index.php
/controller/static load fail.
2017-09-17 17:07:37
61.242.42.129

/index.php
/controller/static load fail.
2017-09-17 17:07:37
61.242.42.129

/index.php
/controller/static load fail.
2017-09-17 17:07:37
61.242.42.129

/index.php
/controller/static load fail.
2017-09-17 17:07:39
61.242.42.129

/index.php
/controller/static load fail.
2017-09-17 17:07:39
61.242.42.129

/index.php
/controller/static load fail.
2017-09-17 17:07:39
61.242.42.129

/index.php
/controller/static load fail.
2017-09-17 17:07:47
61.242.42.129

/index.php
/controller/static load fail.
2017-09-17 17:07:47
61.242.42.129

/index.php
/controller/static load fail.
2017-09-17 17:07:47
61.242.42.129

/index.php
/controller/member/truename load fail.
2017-09-17 17:07:48
61.242.42.129

/index.php
/controller/static load fail.
2017-09-17 17:08:45
61.242.42.129

/index.php
/controller/static load fail.
2017-09-17 17:08:45
61.242.42.129

/index.php
/controller/static load fail.
2017-09-17 17:08:45
61.242.42.129

/index.php
/controller/static load fail.
2017-09-17 17:08:56
61.242.42.129

/index.php
/controller/static load fail.
2017-09-17 17:08:56
61.242.42.129

/index.php
/controller/static load fail.
2017-09-17 17:08:57
61.242.42.129

/index.php
/controller/static load fail.
2017-09-17 17:09:48
61.242.42.129

/index.php
/controller/static load fail.
2017-09-17 17:09:48
61.242.42.129

/index.php
/controller/static load fail.
2017-09-17 17:09:49
61.242.42.129

/index.php
/controller/static load fail.
2017-09-17 17:10:06
61.242.42.129

/index.php
/controller/static load fail.
2017-09-17 17:10:06
61.242.42.129

/index.php
/controller/static load fail.
2017-09-17 17:10:06
61.242.42.129

/index.php
/controller/static load fail.
2017-09-17 17:10:49
61.242.42.129

/index.php
/controller/static load fail.
2017-09-17 17:10:49
61.242.42.129

/index.php
/controller/static load fail.
2017-09-17 17:10:49
61.242.42.129

/index.php
/controller/T load fail.
2017-09-17 17:12:02
115.34.207.120

/index.php
/controller/static load fail.
2017-09-17 17:12:48
61.242.42.129

/index.php
/controller/static load fail.
2017-09-17 17:12:48
61.242.42.129

/index.php
/controller/static load fail.
2017-09-17 17:12:48
61.242.42.129

/index.php
/controller/static load fail.
2017-09-17 17:13:07
61.242.42.129

/index.php
/controller/static load fail.
2017-09-17 17:13:07
61.242.42.129

/index.php
/controller/static load fail.
2017-09-17 17:13:07
61.242.42.129

/index.php
/controller/static load fail.
2017-09-17 17:13:09
61.242.42.129

/index.php
/controller/static load fail.
2017-09-17 17:13:09
61.242.42.129

/index.php
/controller/static load fail.
2017-09-17 17:13:09
61.242.42.129

/index.php
/controller/static load fail.
2017-09-17 17:13:14
61.242.42.129

/index.php
/controller/static load fail.
2017-09-17 17:13:14
61.242.42.129

/index.php
/controller/static load fail.
2017-09-17 17:13:14
61.242.42.129

/index.php
/controller/info load fail.
2017-09-17 17:13:46
140.205.201.41

/index.php
/controller/static load fail.
2017-09-17 17:14:18
61.242.42.129

/index.php
/controller/static load fail.
2017-09-17 17:14:21
61.242.42.129

/index.php
/controller/T load fail.
2017-09-17 17:32:36
101.226.102.79

/index.php
/controller/T load fail.
2017-09-17 17:36:50
117.136.97.49

/index.php
/controller/T load fail.
2017-09-17 17:37:38
14.17.37.123

/index.php
/controller/T load fail.
2017-09-17 17:38:01
101.226.125.116

/index.php
/controller/T load fail.
2017-09-17 17:38:03
223.104.6.2

/index.php
/controller/script load fail.
2017-09-17 17:39:04
221.235.207.82

/index.php
/controller/supportbox load fail.
2017-09-17 17:39:05
221.235.207.82

/index.php
/controller/T load fail.
2017-09-17 17:39:08
183.61.51.208

/index.php
/controller/T load fail.
2017-09-17 17:39:23
183.61.51.208

/index.php
/controller/jenkins load fail.
2017-09-17 17:47:35
140.205.201.41

/index.php
/controller/script load fail.
2017-09-17 17:50:17
124.104.205.189

/index.php
/controller/supportbox load fail.
2017-09-17 17:50:18
124.104.205.189

/index.php
/controller/static load fail.
2017-09-17 17:50:44
124.104.205.189

/index.php
/controller/static load fail.
2017-09-17 17:50:47
124.104.205.189

/index.php
/controller/T load fail.
2017-09-17 17:52:07
113.200.85.180

/index.php
/controller/T load fail.
2017-09-17 17:53:54
113.200.85.180

/index.php
/controller/phpmyadmin load fail.
2017-09-17 17:55:34
140.205.225.203

/index.php
/controller/phpmyadmin load fail.
2017-09-17 17:55:34
140.205.225.203

/index.php
/controller/phpmyadmin load fail.
2017-09-17 17:55:35
140.205.225.203

/index.php
/controller/phpmyadmin load fail.
2017-09-17 17:55:35
140.205.225.203

/index.php
/controller/phpmyadmin load fail.
2017-09-17 17:55:36
140.205.225.203

/index.php
/controller/phpmyadmin load fail.
2017-09-17 17:55:37
140.205.225.203

/index.php
/controller/phpmyadmin load fail.
2017-09-17 17:55:38
140.205.225.203

/index.php
/controller/phpmyadmin load fail.
2017-09-17 17:55:38
140.205.225.203

/index.php
/controller/phpmyadmin load fail.
2017-09-17 17:55:39
140.205.225.203

/index.php
/controller/phpmyadmin load fail.
2017-09-17 17:55:39
140.205.225.203

/index.php
/controller/phpmyadmin load fail.
2017-09-17 17:55:41
140.205.225.203

/index.php
/controller/phpmyadmin load fail.
2017-09-17 17:55:41
140.205.225.203

/index.php
/controller/phpmyadmin load fail.
2017-09-17 17:55:42
140.205.225.203

/index.php
/controller/phpmyadmin load fail.
2017-09-17 17:55:42
140.205.225.203

/index.php
/controller/phpmyadmin load fail.
2017-09-17 17:55:43
140.205.225.203

/index.php
/controller/phpmyadmin load fail.
2017-09-17 17:55:44
140.205.225.203

/index.php
/controller/phpmyadmin load fail.
2017-09-17 17:55:45
140.205.225.203

/index.php
/controller/phpmyadmin load fail.
2017-09-17 17:55:45
140.205.225.203

/index.php
/controller/phpmyadmin load fail.
2017-09-17 17:55:46
140.205.225.203

/index.php
/controller/phpmyadmin load fail.
2017-09-17 17:55:46
140.205.225.203

/index.php
/controller/zabbix load fail.
2017-09-17 17:56:32
140.205.201.41

/index.php
/controller/T load fail.
2017-09-17 17:57:08
120.239.146.55

/index.php
/controller/solr load fail.
2017-09-17 17:59:49
140.205.201.41

/index.php
/controller/warning load fail.
2017-09-17 18:00:57
140.205.201.41

/index.php
/controller/please_read load fail.
2017-09-17 18:01:14
140.205.201.41

/index.php
/controller/template load fail.
2017-09-17 18:06:02
66.249.64.136

/index.php
/controller/template load fail.
2017-09-17 18:06:03
66.249.64.138

/index.php
/controller/script load fail.
2017-09-17 18:11:33
118.251.187.26

/index.php
/controller/supportbox load fail.
2017-09-17 18:11:38
118.251.187.26

/index.php
/controller/static load fail.
2017-09-17 18:12:40
183.163.48.186

/index.php
/controller/static load fail.
2017-09-17 18:12:40
183.163.48.186

/index.php
/controller/static load fail.
2017-09-17 18:12:40
183.163.48.186

/index.php
/controller/member/truename load fail.
2017-09-17 18:12:44
183.163.48.186

/index.php
/controller/static load fail.
2017-09-17 18:12:48
183.163.48.186

/index.php
/controller/static load fail.
2017-09-17 18:12:48
183.163.48.186

/index.php
/controller/static load fail.
2017-09-17 18:12:48
183.163.48.186

/index.php
/controller/static load fail.
2017-09-17 18:12:50
101.226.33.240

/index.php
/controller/static load fail.
2017-09-17 18:12:50
183.163.48.186

/index.php
/controller/static load fail.
2017-09-17 18:12:50
183.163.48.186

/index.php
/controller/static load fail.
2017-09-17 18:12:50
183.163.48.186

/index.php
/controller/static load fail.
2017-09-17 18:12:52
183.163.48.186

/index.php
/controller/static load fail.
2017-09-17 18:12:52
183.163.48.186

/index.php
/controller/static load fail.
2017-09-17 18:12:52
183.163.48.186

/index.php
/controller/static load fail.
2017-09-17 18:12:58
183.163.48.186

/index.php
/controller/static load fail.
2017-09-17 18:12:58
183.163.48.186

/index.php
/controller/static load fail.
2017-09-17 18:12:58
183.163.48.186

/index.php
/controller/static load fail.
2017-09-17 18:12:59
183.163.48.186

/index.php
/controller/static load fail.
2017-09-17 18:12:59
183.163.48.186

/index.php
/controller/static load fail.
2017-09-17 18:12:59
183.163.48.186

/index.php
/controller/static load fail.
2017-09-17 18:13:02
183.163.48.186

/index.php
/controller/static load fail.
2017-09-17 18:13:02
183.163.48.186

/index.php
/controller/static load fail.
2017-09-17 18:13:02
183.163.48.186

/index.php
/controller/static load fail.
2017-09-17 18:13:04
183.163.48.186

/index.php
/controller/static load fail.
2017-09-17 18:13:04
183.163.48.186

/index.php
/controller/static load fail.
2017-09-17 18:13:04
183.163.48.186

/index.php
/controller/showcase load fail.
2017-09-17 18:15:12
140.205.225.203

/index.php
/controller/integration load fail.
2017-09-17 18:15:12
140.205.225.203

/index.php
/controller/script load fail.
2017-09-17 18:19:01
112.12.254.105

/index.php
/controller/static load fail.
2017-09-17 18:19:31
112.12.254.105

/index.php
/controller/static load fail.
2017-09-17 18:19:31
112.12.254.105

/index.php
/controller/static load fail.
2017-09-17 18:19:31
112.12.254.105

/index.php
/controller/T load fail.
2017-09-17 18:26:15
123.151.152.186

/index.php
/controller/app load fail.
2017-09-17 18:28:39
103.27.223.254

/index.php
/controller/app load fail.
2017-09-17 18:28:42
103.27.223.254

/index.php
/controller/ganglia load fail.
2017-09-17 18:31:31
140.205.225.203

/index.php
/controller/script load fail.
2017-09-17 18:33:23
59.48.250.138

/index.php
/controller/supportbox load fail.
2017-09-17 18:33:35
59.48.250.138

/index.php
/controller/demo load fail.
2017-09-17 18:34:15
59.48.250.138

/index.php
/controller/script load fail.
2017-09-17 18:46:49
124.104.205.189

/index.php
/controller/supportbox load fail.
2017-09-17 18:46:50
124.104.205.189

/index.php
/controller/cwtkhpeyaxvz load fail.
2017-09-17 18:50:09
140.205.225.203

/index.php
/controller/demo load fail.
2017-09-17 18:51:49
36.47.159.160

/index.php
/controller/demo load fail.
2017-09-17 18:51:50
36.47.159.160

/index.php
/controller/T load fail.
2017-09-17 18:53:08
123.151.152.186

/index.php
/controller/static load fail.
2017-09-17 18:56:34
61.242.42.129

/index.php
/controller/static load fail.
2017-09-17 18:56:38
61.242.42.129

/index.php
/controller/static load fail.
2017-09-17 18:56:47
61.242.42.129

/index.php
/controller/static load fail.
2017-09-17 18:56:49
61.242.42.129

/index.php
/controller/static load fail.
2017-09-17 18:57:27
61.242.42.129

/index.php
/controller/static load fail.
2017-09-17 18:57:29
61.242.42.129

/index.php
/controller/static load fail.
2017-09-17 18:57:35
61.242.42.129

/index.php
/controller/static load fail.
2017-09-17 18:57:37
61.242.42.129

/index.php
/controller/static load fail.
2017-09-17 18:57:45
61.242.42.129

/index.php
/controller/static load fail.
2017-09-17 18:57:47
61.242.42.129

/index.php
/controller/s load fail.
2017-09-17 18:58:03
61.160.207.19

/index.php
/controller/static load fail.
2017-09-17 18:58:07
61.242.42.129

/index.php
/controller/static load fail.
2017-09-17 18:58:09
61.242.42.129

/index.php
/controller/static load fail.
2017-09-17 18:58:37
61.242.42.129

/index.php
/controller/static load fail.
2017-09-17 18:58:40
61.242.42.129

/index.php
/controller/static load fail.
2017-09-17 19:00:49
61.242.42.129

/index.php
/controller/demo load fail.
2017-09-17 19:02:39
223.21.15.221

/index.php
/controller/static load fail.
2017-09-17 19:03:02
61.242.42.129

/index.php
/controller/static load fail.
2017-09-17 19:03:05
61.242.42.129

/index.php
/controller/static load fail.
2017-09-17 19:03:11
61.242.42.129

/index.php
/controller/static load fail.
2017-09-17 19:03:13
61.242.42.129

/index.php
/controller/static load fail.
2017-09-17 19:03:14
61.242.42.129

/index.php
/controller/static load fail.
2017-09-17 19:03:16
61.242.42.129

/index.php
/controller/static load fail.
2017-09-17 19:03:17
61.242.42.129

/index.php
/controller/static load fail.
2017-09-17 19:03:24
61.242.42.129

/index.php
/controller/static load fail.
2017-09-17 19:03:34
61.242.42.129

/index.php
/controller/static load fail.
2017-09-17 19:03:50
61.242.42.129

/index.php
/controller/static load fail.
2017-09-17 19:03:51
61.242.42.129

/index.php
/controller/static load fail.
2017-09-17 19:03:52
61.242.42.129

/index.php
/controller/static load fail.
2017-09-17 19:03:54
61.242.42.129

/index.php
/controller/static load fail.
2017-09-17 19:03:56
61.242.42.129

/index.php
/controller/static load fail.
2017-09-17 19:03:57
61.242.42.129

/index.php
/controller/script load fail.
2017-09-17 19:08:27
180.110.162.148

/index.php
/controller/supportbox load fail.
2017-09-17 19:08:30
180.110.162.148

/index.php
/controller/demo load fail.
2017-09-17 19:08:32
180.110.162.148

/index.php
/controller/demo load fail.
2017-09-17 19:08:40
180.110.162.148

/index.php
/controller/script load fail.
2017-09-17 19:12:01
111.206.36.19

/index.php
/controller/supportbox load fail.
2017-09-17 19:12:02
111.206.36.19

/index.php
/controller/static load fail.
2017-09-17 19:14:05
61.242.42.129

/index.php
/controller/static load fail.
2017-09-17 19:14:06
61.242.42.129

/index.php
/controller/static load fail.
2017-09-17 19:14:07
61.242.42.129

/index.php
/controller/static load fail.
2017-09-17 19:14:08
61.242.42.129

/index.php
/controller/static load fail.
2017-09-17 19:14:10
61.242.42.129

/index.php
/controller/static load fail.
2017-09-17 19:14:10
61.242.42.129

/index.php
/controller/static load fail.
2017-09-17 19:14:18
61.242.42.129

/index.php
/controller/static load fail.
2017-09-17 19:14:21
61.242.42.129

/index.php
/controller/static load fail.
2017-09-17 19:14:32
61.242.42.129

/index.php
/controller/script load fail.
2017-09-17 19:17:34
218.85.218.184

/index.php
/controller/supportbox load fail.
2017-09-17 19:17:35
218.85.218.184

/index.php
/controller/T load fail.
2017-09-17 19:31:56
43.246.231.179

/index.php
/controller/app load fail.
2017-09-17 19:36:50
27.18.84.176

/index.php
/controller/app load fail.
2017-09-17 19:36:50
27.18.84.176

/index.php
/controller/script load fail.
2017-09-17 19:47:39
222.214.88.251

/index.php
/controller/supportbox load fail.
2017-09-17 19:47:39
222.214.88.251

/index.php
/controller/T load fail.
2017-09-17 19:49:57
43.246.231.179

/index.php
/controller/hwi load fail.
2017-09-17 20:00:42
140.205.225.203

/index.php
/controller/script load fail.
2017-09-17 20:09:00
218.11.219.217

/index.php
/controller/supportbox load fail.
2017-09-17 20:09:01
218.11.219.217

/index.php
/controller/script load fail.
2017-09-17 20:09:50
120.92.32.177

/index.php
/controller/info load fail.
2017-09-17 20:35:58
140.205.225.203

/index.php
/controller/script load fail.
2017-09-17 20:40:59
42.156.251.205

/index.php
/controller/script load fail.
2017-09-17 20:42:12
223.73.44.200

/index.php
/controller/script load fail.
2017-09-17 20:43:23
49.220.164.190

/index.php
/controller/supportbox load fail.
2017-09-17 20:43:25
49.220.164.190

/index.php
/controller/script load fail.
2017-09-17 20:52:53
122.243.72.59

/index.php
/controller/supportbox load fail.
2017-09-17 20:52:55
122.243.72.59

/index.php
/controller/static load fail.
2017-09-17 20:53:21
112.96.112.232

/index.php
/controller/static load fail.
2017-09-17 20:53:23
112.96.112.232

/index.php
/controller/static load fail.
2017-09-17 20:53:23
112.96.112.232

/index.php
/controller/jenkins load fail.
2017-09-17 20:54:25
140.205.225.203

/index.php
/controller/zabbix load fail.
2017-09-17 20:54:40
140.205.225.203

/index.php
/controller/solr load fail.
2017-09-17 20:54:45
140.205.225.203

/index.php
/controller/warning load fail.
2017-09-17 20:55:36
140.205.225.203

/index.php
/controller/pleasereadthis load fail.
2017-09-17 20:57:45
140.205.225.203

/index.php
/controller/l load fail.
2017-09-17 20:57:46
14.17.37.161

/index.php
/controller/static load fail.
2017-09-17 20:58:07
37.110.66.106

/index.php
/controller/script load fail.
2017-09-17 20:58:09
128.68.34.73

/index.php
/controller/static load fail.
2017-09-17 20:59:38
101.107.64.70

/index.php
/controller/static load fail.
2017-09-17 20:59:43
101.107.64.70

/index.php
/controller/static load fail.
2017-09-17 20:59:44
101.107.64.70

/index.php
/controller/static load fail.
2017-09-17 21:00:20
101.107.64.70

/index.php
/controller/static load fail.
2017-09-17 21:00:21
101.107.64.70

/index.php
/controller/static load fail.
2017-09-17 21:00:21
101.107.64.70

/index.php
/controller/please_read load fail.
2017-09-17 21:00:58
140.205.225.203

/index.php
/controller/static load fail.
2017-09-17 21:01:20
123.125.71.54

/index.php
/controller/script load fail.
2017-09-17 21:03:16
221.182.228.130

/index.php
/controller/static load fail.
2017-09-17 21:03:21
221.182.228.130

/index.php
/controller/static load fail.
2017-09-17 21:03:33
221.182.228.130

/index.php
/controller/static load fail.
2017-09-17 21:03:33
221.182.228.130

/index.php
/controller/static load fail.
2017-09-17 21:03:33
221.182.228.130

/index.php
/controller/static load fail.
2017-09-17 21:03:33
221.182.228.130

/index.php
/controller/static load fail.
2017-09-17 21:03:36
221.182.228.130

/index.php
/controller/static load fail.
2017-09-17 21:03:36
221.182.228.130

/index.php
/controller/static load fail.
2017-09-17 21:03:36
221.182.228.130

/index.php
/controller/static load fail.
2017-09-17 21:03:36
221.182.228.130

/index.php
/controller/static load fail.
2017-09-17 21:03:37
221.182.228.130

/index.php
/controller/static load fail.
2017-09-17 21:03:37
221.182.228.130

/index.php
/controller/static load fail.
2017-09-17 21:03:38
221.182.228.130

/index.php
/controller/static load fail.
2017-09-17 21:03:38
221.182.228.130

/index.php
/controller/static load fail.
2017-09-17 21:03:41
221.182.228.130

/index.php
/controller/static load fail.
2017-09-17 21:03:42
221.182.228.130

/index.php
/controller/static load fail.
2017-09-17 21:03:42
221.182.228.130

/index.php
/controller/static load fail.
2017-09-17 21:03:43
221.182.228.130

/index.php
/controller/static load fail.
2017-09-17 21:03:43
221.182.228.130

/index.php
/controller/static load fail.
2017-09-17 21:03:43
221.182.228.130

/index.php
/controller/static load fail.
2017-09-17 21:03:44
221.182.228.130

/index.php
/controller/static load fail.
2017-09-17 21:03:44
221.182.228.130

/index.php
/controller/static load fail.
2017-09-17 21:03:44
221.182.228.130

/index.php
/controller/static load fail.
2017-09-17 21:03:44
221.182.228.130

/index.php
/controller/static load fail.
2017-09-17 21:03:47
221.182.228.130

/index.php
/controller/static load fail.
2017-09-17 21:03:47
221.182.228.130

/index.php
/controller/static load fail.
2017-09-17 21:03:47
221.182.228.130

/index.php
/controller/static load fail.
2017-09-17 21:03:47
221.182.228.130

/index.php
/controller/l load fail.
2017-09-17 21:04:25
101.226.66.181

/index.php
/controller/script load fail.
2017-09-17 21:04:33
59.36.182.218

/index.php
/controller/supportbox load fail.
2017-09-17 21:04:35
59.36.182.218

/index.php
/controller/static load fail.
2017-09-17 21:05:04
101.107.64.70

/index.php
/controller/static load fail.
2017-09-17 21:05:05
101.107.64.70

/index.php
/controller/static load fail.
2017-09-17 21:05:05
101.107.64.70

/index.php
/controller/static load fail.
2017-09-17 21:05:15
101.107.64.70

/index.php
/controller/static load fail.
2017-09-17 21:05:15
101.107.64.70

/index.php
/controller/static load fail.
2017-09-17 21:05:16
101.107.64.70

/index.php
/controller/script load fail.
2017-09-17 21:11:10
101.226.66.173

/index.php
/controller/script load fail.
2017-09-17 21:11:10
101.226.66.173

/index.php
/controller/script load fail.
2017-09-17 21:11:11
117.136.94.65

/index.php
/controller/script load fail.
2017-09-17 21:12:13
101.247.154.133

/index.php
/controller/script load fail.
2017-09-17 21:13:32
171.42.141.61

/index.php
/controller/supportbox load fail.
2017-09-17 21:13:35
171.42.141.61

/index.php
/controller/script load fail.
2017-09-17 21:13:44
171.42.141.61

/index.php
/controller/supportbox load fail.
2017-09-17 21:13:44
171.42.141.61

/index.php
/controller/script load fail.
2017-09-17 21:14:19
183.61.38.55

/index.php
/controller/register1001用户注册 load fail.
2017-09-17 21:14:54
220.202.152.45

/index.php
/controller/hadoop load fail.
2017-09-17 21:25:03
140.205.225.203

/index.php
/controller/script load fail.
2017-09-17 21:27:09
39.130.101.160

/index.php
/controller/supportbox load fail.
2017-09-17 21:27:12
39.130.101.160

/index.php
/controller/phpmyadmin load fail.
2017-09-17 21:38:12
140.205.201.32

/index.php
/controller/phpmyadmin load fail.
2017-09-17 21:38:12
140.205.201.32

/index.php
/controller/phpmyadmin load fail.
2017-09-17 21:38:13
140.205.201.32

/index.php
/controller/phpmyadmin load fail.
2017-09-17 21:38:13
140.205.201.32

/index.php
/controller/phpmyadmin load fail.
2017-09-17 21:38:14
140.205.201.32

/index.php
/controller/phpmyadmin load fail.
2017-09-17 21:38:15
140.205.201.32

/index.php
/controller/phpmyadmin load fail.
2017-09-17 21:38:16
140.205.201.32

/index.php
/controller/phpmyadmin load fail.
2017-09-17 21:38:16
140.205.201.32

/index.php
/controller/phpmyadmin load fail.
2017-09-17 21:38:17
140.205.201.32

/index.php
/controller/phpmyadmin load fail.
2017-09-17 21:38:17
140.205.201.32

/index.php
/controller/phpmyadmin load fail.
2017-09-17 21:38:18
140.205.201.32

/index.php
/controller/phpmyadmin load fail.
2017-09-17 21:38:19
140.205.201.32

/index.php
/controller/phpmyadmin load fail.
2017-09-17 21:38:20
140.205.201.32

/index.php
/controller/phpmyadmin load fail.
2017-09-17 21:38:20
140.205.201.32

/index.php
/controller/phpmyadmin load fail.
2017-09-17 21:38:21
140.205.201.32

/index.php
/controller/phpmyadmin load fail.
2017-09-17 21:38:21
140.205.201.32

/index.php
/controller/phpmyadmin load fail.
2017-09-17 21:38:22
140.205.201.32

/index.php
/controller/phpmyadmin load fail.
2017-09-17 21:38:23
140.205.201.32

/index.php
/controller/phpmyadmin load fail.
2017-09-17 21:38:24
140.205.201.32

/index.php
/controller/phpmyadmin load fail.
2017-09-17 21:38:24
140.205.201.32

/index.php
/controller/showcase load fail.
2017-09-17 21:50:16
140.205.201.32

/index.php
/controller/integration load fail.
2017-09-17 21:50:17
140.205.201.32

/index.php
/controller/ganglia load fail.
2017-09-17 21:56:25
140.205.201.32

/index.php
/controller/iafuyonxqhsd load fail.
2017-09-17 22:22:31
140.205.201.32

/index.php
/controller/hwi load fail.
2017-09-17 22:35:50
140.205.201.32

/index.php
/controller/phpmyadmin load fail.
2017-09-17 22:55:46
140.205.225.189

/index.php
/controller/phpmyadmin load fail.
2017-09-17 22:55:46
140.205.225.189

/index.php
/controller/phpmyadmin load fail.
2017-09-17 22:55:47
140.205.225.189

/index.php
/controller/phpmyadmin load fail.
2017-09-17 22:55:48
140.205.225.189

/index.php
/controller/phpmyadmin load fail.
2017-09-17 22:55:49
140.205.225.189

/index.php
/controller/phpmyadmin load fail.
2017-09-17 22:55:49
140.205.225.189

/index.php
/controller/phpmyadmin load fail.
2017-09-17 22:55:50
140.205.225.189

/index.php
/controller/phpmyadmin load fail.
2017-09-17 22:55:50
140.205.225.189

/index.php
/controller/phpmyadmin load fail.
2017-09-17 22:55:51
140.205.225.189

/index.php
/controller/phpmyadmin load fail.
2017-09-17 22:55:52
140.205.225.189

/index.php
/controller/phpmyadmin load fail.
2017-09-17 22:55:53
140.205.225.189

/index.php
/controller/phpmyadmin load fail.
2017-09-17 22:55:53
140.205.225.189

/index.php
/controller/phpmyadmin load fail.
2017-09-17 22:55:54
140.205.225.189

/index.php
/controller/phpmyadmin load fail.
2017-09-17 22:55:54
140.205.225.189

/index.php
/controller/phpmyadmin load fail.
2017-09-17 22:55:55
140.205.225.189

/index.php
/controller/phpmyadmin load fail.
2017-09-17 22:55:56
140.205.225.189

/index.php
/controller/phpmyadmin load fail.
2017-09-17 22:55:57
140.205.225.189

/index.php
/controller/phpmyadmin load fail.
2017-09-17 22:55:57
140.205.225.189

/index.php
/controller/phpmyadmin load fail.
2017-09-17 22:55:58
140.205.225.189

/index.php
/controller/phpmyadmin load fail.
2017-09-17 22:55:58
140.205.225.189

/index.php
/controller/showcase load fail.
2017-09-17 23:05:32
140.205.225.189

/index.php
/controller/integration load fail.
2017-09-17 23:05:32
140.205.225.189

/index.php
/controller/ganglia load fail.
2017-09-17 23:11:51
140.205.225.189

/index.php
/controller/epzmiwkctnqo load fail.
2017-09-17 23:15:23
140.205.225.189

/index.php
/controller/hwi load fail.
2017-09-17 23:20:48
140.205.225.189

/index.php
/controller/info load fail.
2017-09-17 23:36:10
140.205.201.32

/index.php
/controller/jenkins load fail.
2017-09-17 23:42:46
140.205.201.32

/index.php
/controller/zabbix load fail.
2017-09-17 23:49:08
140.205.201.32

/index.php
/controller/info load fail.
2017-09-17 23:51:47
140.205.225.189

