/index.php
SQLSTATE[HY000] [1045] Access denied for user 'root'@'localhost' (using password: YES)
2017-08-14 22:08:42
::1

/index.php
SQLSTATE[HY000] [1045] Access denied for user 'root'@'localhost' (using password: YES)
2017-08-23 15:03:57
111.73.93.193

/index.php
SQLSTATE[HY000] [1045] Access denied for user 'root'@'localhost' (using password: YES)
2017-08-23 15:04:35
111.73.93.193

/index.php
SQLSTATE[HY000] [1045] Access denied for user 'root'@'localhost' (using password: YES)
2017-08-23 15:04:37
106.120.160.119

/index.php
SQLSTATE[HY000] [1045] Access denied for user 'root'@'localhost' (using password: YES)
2017-08-23 15:04:58
101.199.112.53

/index.php
SQLSTATE[HY000] [1045] Access denied for user 'root'@'localhost' (using password: YES)
2017-08-23 15:05:01
106.120.160.119

/index.php
SQLSTATE[HY000] [1045] Access denied for user 'root'@'localhost' (using password: YES)
2017-08-23 15:05:33
182.118.20.144

/index.php
SQLSTATE[HY000] [1049] Unknown database 'wyapi2'
2017-09-02 13:49:45
175.42.86.212

/index.php
could not find driver
2017-09-03 14:16:27
117.173.171.74

/index.php
could not find driver
2017-09-03 14:16:28
117.173.171.74

/index.php
could not find driver
2017-09-03 14:16:28
117.173.171.74

/index.php
could not find driver
2017-09-03 14:16:28
117.173.171.74

/index.php
could not find driver
2017-09-03 14:16:43
117.173.171.74

/index.php
could not find driver
2017-09-03 14:16:43
117.173.171.74

/index.php
could not find driver
2017-09-03 14:16:43
117.173.171.74

/index.php
could not find driver
2017-09-03 14:16:43
117.173.171.74

/index.php
could not find driver
2017-09-03 14:16:44
117.173.171.74

/index.php
could not find driver
2017-09-03 14:16:44
117.173.171.74

/index.php
could not find driver
2017-09-03 14:16:44
117.173.171.74

/index.php
could not find driver
2017-09-03 14:16:44
117.173.171.74

/index.php
could not find driver
2017-09-03 14:16:44
117.173.171.74

/index.php
could not find driver
2017-09-03 14:16:44
117.173.171.74

/index.php
could not find driver
2017-09-03 14:17:23
117.173.171.74

/index.php
could not find driver
2017-09-03 14:17:24
117.173.171.74

/index.php
could not find driver
2017-09-03 14:17:24
117.173.171.74

/index.php
could not find driver
2017-09-03 14:17:24
117.173.171.74

/index.php
could not find driver
2017-09-03 14:17:25
117.173.171.74

/index.php
could not find driver
2017-09-03 14:17:25
117.173.171.74

/index.php
could not find driver
2017-09-03 14:17:36
117.173.171.74

/index.php
could not find driver
2017-09-03 14:17:36
117.173.171.74

/index.php
could not find driver
2017-09-03 14:17:37
117.173.171.74

/index.php
could not find driver
2017-09-03 14:17:37
117.173.171.74

/index.php
could not find driver
2017-09-03 14:17:37
117.173.171.74

/index.php
could not find driver
2017-09-03 14:17:37
117.173.171.74

/index.php
could not find driver
2017-09-03 14:17:38
117.173.171.74

/index.php
could not find driver
2017-09-03 14:17:43
::1

/index.php
could not find driver
2017-09-03 14:17:44
::1

/index.php
could not find driver
2017-09-03 14:17:45
::1

/index.php
could not find driver
2017-09-03 14:18:16
117.173.171.74

/index.php
could not find driver
2017-09-03 14:18:17
117.173.171.74

/index.php
could not find driver
2017-09-03 14:18:17
117.173.171.74

/index.php
could not find driver
2017-09-03 14:18:17
117.173.171.74

/index.php
could not find driver
2017-09-03 15:40:55
117.173.171.74

/pay/pa_zfb/returnUrl.php
SQLSTATE[HY000] [1045] Access denied for user 'root'@'localhost' (using password: YES)
2017-09-04 18:29:09
123.191.51.112

/pay/pa_zfb/returnUrl.php
SQLSTATE[HY000] [1045] Access denied for user 'root'@'localhost' (using password: YES)
2017-09-04 18:29:12
123.191.51.112

/pay/pa_zfb/returnUrl.php
SQLSTATE[HY000] [1045] Access denied for user 'root'@'localhost' (using password: YES)
2017-09-04 18:29:15
123.191.51.112

/pay/pa_zfb/returnUrl.php
SQLSTATE[HY000] [1045] Access denied for user 'root'@'localhost' (using password: YES)
2017-09-04 18:29:18
123.191.51.112

/pay/pa_zfb/returnUrl.php
SQLSTATE[HY000] [1045] Access denied for user 'root'@'localhost' (using password: YES)
2017-09-04 18:29:21
123.191.51.112

/pay/pa_zfb/returnUrl.php
SQLSTATE[HY000] [1045] Access denied for user 'root'@'localhost' (using password: YES)
2017-09-04 18:29:24
123.191.51.112

/pay/pa_zfb/returnUrl.php
SQLSTATE[HY000] [1045] Access denied for user 'root'@'localhost' (using password: YES)
2017-09-04 18:29:27
123.191.51.112

/index.php
SQLSTATE[HY000] [1045] Access denied for user 'root'@'localhost' (using password: YES)
2017-09-04 18:29:28
222.84.39.59

/pay/pa_zfb/returnUrl.php
SQLSTATE[HY000] [1045] Access denied for user 'root'@'localhost' (using password: YES)
2017-09-04 18:29:30
123.191.51.112

/index.php
SQLSTATE[HY000] [1045] Access denied for user 'root'@'localhost' (using password: YES)
2017-09-04 18:29:31
222.84.39.59

/pay/pa_zfb/returnUrl.php
SQLSTATE[HY000] [1045] Access denied for user 'root'@'localhost' (using password: YES)
2017-09-04 18:29:33
123.191.51.112

/index.php
SQLSTATE[HY000] [1045] Access denied for user 'root'@'localhost' (using password: YES)
2017-09-04 18:29:33
222.84.39.59

/pay/pa_zfb/returnUrl.php
SQLSTATE[HY000] [1045] Access denied for user 'root'@'localhost' (using password: YES)
2017-09-04 18:29:36
123.191.51.112

/pay/pa_zfb/returnUrl.php
SQLSTATE[HY000] [1045] Access denied for user 'root'@'localhost' (using password: YES)
2017-09-04 18:29:39
123.191.51.112

/pay/pa_zfb/returnUrl.php
SQLSTATE[HY000] [1045] Access denied for user 'root'@'localhost' (using password: YES)
2017-09-04 18:29:42
123.191.51.112

/pay/pa_zfb/returnUrl.php
SQLSTATE[HY000] [1045] Access denied for user 'root'@'localhost' (using password: YES)
2017-09-04 18:29:45
123.191.51.112

/pay/pa_zfb/returnUrl.php
SQLSTATE[HY000] [1045] Access denied for user 'root'@'localhost' (using password: YES)
2017-09-04 18:29:48
123.191.51.112

/pay/pa_zfb/returnUrl.php
SQLSTATE[HY000] [1045] Access denied for user 'root'@'localhost' (using password: YES)
2017-09-04 18:29:51
123.191.51.112

/pay/pa_zfb/returnUrl.php
SQLSTATE[HY000] [1045] Access denied for user 'root'@'localhost' (using password: YES)
2017-09-04 18:29:54
123.191.51.112

/index.php
SQLSTATE[HY000] [1045] Access denied for user 'root'@'localhost' (using password: YES)
2017-09-04 18:29:55
123.151.152.240

/index.php
SQLSTATE[HY000] [1045] Access denied for user 'root'@'localhost' (using password: YES)
2017-09-04 18:29:55
123.151.64.143

/index.php
SQLSTATE[HY000] [1045] Access denied for user 'root'@'localhost' (using password: YES)
2017-09-04 18:29:55
111.161.57.163

/pay/pa_zfb/returnUrl.php
SQLSTATE[HY000] [1045] Access denied for user 'root'@'localhost' (using password: YES)
2017-09-04 18:29:57
123.191.51.112

/index.php
SQLSTATE[HY000] [1045] Access denied for user 'root'@'localhost' (using password: YES)
2017-09-04 18:29:58
123.151.152.240

/pay/pa_zfb/returnUrl.php
SQLSTATE[HY000] [1045] Access denied for user 'root'@'localhost' (using password: YES)
2017-09-04 18:30:00
123.191.51.112

/index.php
SQLSTATE[HY000] [2002] 由于目标计算机积极拒绝，无法连接。

2017-09-16 01:04:41
106.36.216.9

/index.php
SQLSTATE[HY000] [1044] Access denied for user 'zhifu'@'localhost' to database 'zhifu'
2018-01-28 12:44:29
122.190.2.36

/index.php
SQLSTATE[HY000] [1044] Access denied for user 'zhifu'@'localhost' to database 'zhifu'
2018-01-28 12:44:30
122.190.2.36

/index.php
SQLSTATE[HY000] [1045] Access denied for user 'zhifu'@'localhost' (using password: YES)
2018-12-10 14:25:54
183.159.124.180

